[0.072s] Invoking command in '/home/smr/workspaces/amrROS2_ws/build/bringup': CMAKE_PREFIX_PATH=/home/smr/workspaces/amrROS2_ws/install/micro_ros_agent:/home/smr/workspaces/amrROS2_ws/install/micro_ros_msgs:/home/smr/workspaces/amrROS2_ws/install/sllidar_ros2:/home/smr/workspaces/amrROS2_ws/install/robot_hardware_interface:/home/smr/workspaces/amrROS2_ws/install/navigation:/home/smr/workspaces/amrROS2_ws/install/micro_ros_setup:/home/smr/workspaces/amrROS2_ws/install/bringup:/home/smr/workspaces/amrROS2_ws/install/example:/home/smr/workspaces/amrROS2_ws/install/dock_lidar:/home/smr/workspaces/amrROS2_ws/install/description:/home/smr/workspaces/amrROS2_ws/install/custom_interface:/home/smr/workspaces/amrROS2_ws/install/robot_nav_tool:/home/smr/workspaces/amrROS2_ws/install/robot_data_tool:/home/smr/workspaces/amrROS2_ws/install/python_pkg:/home/smr/workspaces/amrROS2_ws/install/action_autodock:/opt/ros/humble /usr/bin/cmake --build /home/smr/workspaces/amrROS2_ws/build/bringup -- -j8 -l8
[0.384s] Invoked command in '/home/smr/workspaces/amrROS2_ws/build/bringup' returned '0': CMAKE_PREFIX_PATH=/home/smr/workspaces/amrROS2_ws/install/micro_ros_agent:/home/smr/workspaces/amrROS2_ws/install/micro_ros_msgs:/home/smr/workspaces/amrROS2_ws/install/sllidar_ros2:/home/smr/workspaces/amrROS2_ws/install/robot_hardware_interface:/home/smr/workspaces/amrROS2_ws/install/navigation:/home/smr/workspaces/amrROS2_ws/install/micro_ros_setup:/home/smr/workspaces/amrROS2_ws/install/bringup:/home/smr/workspaces/amrROS2_ws/install/example:/home/smr/workspaces/amrROS2_ws/install/dock_lidar:/home/smr/workspaces/amrROS2_ws/install/description:/home/smr/workspaces/amrROS2_ws/install/custom_interface:/home/smr/workspaces/amrROS2_ws/install/robot_nav_tool:/home/smr/workspaces/amrROS2_ws/install/robot_data_tool:/home/smr/workspaces/amrROS2_ws/install/python_pkg:/home/smr/workspaces/amrROS2_ws/install/action_autodock:/opt/ros/humble /usr/bin/cmake --build /home/smr/workspaces/amrROS2_ws/build/bringup -- -j8 -l8
[0.452s] Invoking command in '/home/smr/workspaces/amrROS2_ws/build/bringup': CMAKE_PREFIX_PATH=/home/smr/workspaces/amrROS2_ws/install/micro_ros_agent:/home/smr/workspaces/amrROS2_ws/install/micro_ros_msgs:/home/smr/workspaces/amrROS2_ws/install/sllidar_ros2:/home/smr/workspaces/amrROS2_ws/install/robot_hardware_interface:/home/smr/workspaces/amrROS2_ws/install/navigation:/home/smr/workspaces/amrROS2_ws/install/micro_ros_setup:/home/smr/workspaces/amrROS2_ws/install/bringup:/home/smr/workspaces/amrROS2_ws/install/example:/home/smr/workspaces/amrROS2_ws/install/dock_lidar:/home/smr/workspaces/amrROS2_ws/install/description:/home/smr/workspaces/amrROS2_ws/install/custom_interface:/home/smr/workspaces/amrROS2_ws/install/robot_nav_tool:/home/smr/workspaces/amrROS2_ws/install/robot_data_tool:/home/smr/workspaces/amrROS2_ws/install/python_pkg:/home/smr/workspaces/amrROS2_ws/install/action_autodock:/opt/ros/humble /usr/bin/cmake --install /home/smr/workspaces/amrROS2_ws/build/bringup
[0.479s] -- Install configuration: ""
[0.479s] -- Up-to-date: /home/smr/workspaces/amrROS2_ws/install/bringup/share/bringup/launch
[0.480s] -- Up-to-date: /home/smr/workspaces/amrROS2_ws/install/bringup/share/bringup/launch/bringup.launch.py
[0.480s] -- Up-to-date: /home/smr/workspaces/amrROS2_ws/install/bringup/share/bringup/launch/camera.launch.py
[0.481s] -- Up-to-date: /home/smr/workspaces/amrROS2_ws/install/bringup/share/bringup/config
[0.481s] -- Up-to-date: /home/smr/workspaces/amrROS2_ws/install/bringup/share/bringup/config/ekf.yaml
[0.482s] -- Up-to-date: /home/smr/workspaces/amrROS2_ws/install/bringup/share/bringup/config/usbcam.yaml
[0.483s] -- Up-to-date: /home/smr/workspaces/amrROS2_ws/install/bringup/share/ament_index/resource_index/package_run_dependencies/bringup
[0.483s] -- Up-to-date: /home/smr/workspaces/amrROS2_ws/install/bringup/share/ament_index/resource_index/parent_prefix_path/bringup
[0.484s] -- Up-to-date: /home/smr/workspaces/amrROS2_ws/install/bringup/share/bringup/environment/ament_prefix_path.sh
[0.484s] -- Up-to-date: /home/smr/workspaces/amrROS2_ws/install/bringup/share/bringup/environment/ament_prefix_path.dsv
[0.484s] -- Up-to-date: /home/smr/workspaces/amrROS2_ws/install/bringup/share/bringup/environment/path.sh
[0.484s] -- Up-to-date: /home/smr/workspaces/amrROS2_ws/install/bringup/share/bringup/environment/path.dsv
[0.487s] -- Up-to-date: /home/smr/workspaces/amrROS2_ws/install/bringup/share/bringup/local_setup.bash
[0.487s] -- Up-to-date: /home/smr/workspaces/amrROS2_ws/install/bringup/share/bringup/local_setup.sh
[0.487s] -- Up-to-date: /home/smr/workspaces/amrROS2_ws/install/bringup/share/bringup/local_setup.zsh
[0.488s] -- Up-to-date: /home/smr/workspaces/amrROS2_ws/install/bringup/share/bringup/local_setup.dsv
[0.488s] -- Installing: /home/smr/workspaces/amrROS2_ws/install/bringup/share/bringup/package.dsv
[0.488s] -- Up-to-date: /home/smr/workspaces/amrROS2_ws/install/bringup/share/ament_index/resource_index/packages/bringup
[0.488s] -- Up-to-date: /home/smr/workspaces/amrROS2_ws/install/bringup/share/bringup/cmake/bringupConfig.cmake
[0.488s] -- Up-to-date: /home/smr/workspaces/amrROS2_ws/install/bringup/share/bringup/cmake/bringupConfig-version.cmake
[0.488s] -- Up-to-date: /home/smr/workspaces/amrROS2_ws/install/bringup/share/bringup/package.xml
[0.488s] Invoked command in '/home/smr/workspaces/amrROS2_ws/build/bringup' returned '0': CMAKE_PREFIX_PATH=/home/smr/workspaces/amrROS2_ws/install/micro_ros_agent:/home/smr/workspaces/amrROS2_ws/install/micro_ros_msgs:/home/smr/workspaces/amrROS2_ws/install/sllidar_ros2:/home/smr/workspaces/amrROS2_ws/install/robot_hardware_interface:/home/smr/workspaces/amrROS2_ws/install/navigation:/home/smr/workspaces/amrROS2_ws/install/micro_ros_setup:/home/smr/workspaces/amrROS2_ws/install/bringup:/home/smr/workspaces/amrROS2_ws/install/example:/home/smr/workspaces/amrROS2_ws/install/dock_lidar:/home/smr/workspaces/amrROS2_ws/install/description:/home/smr/workspaces/amrROS2_ws/install/custom_interface:/home/smr/workspaces/amrROS2_ws/install/robot_nav_tool:/home/smr/workspaces/amrROS2_ws/install/robot_data_tool:/home/smr/workspaces/amrROS2_ws/install/python_pkg:/home/smr/workspaces/amrROS2_ws/install/action_autodock:/opt/ros/humble /usr/bin/cmake --install /home/smr/workspaces/amrROS2_ws/build/bringup
