[0.118s] Invoking command in '/home/smr/workspaces/amrROS2_ws/src/build/custom_interface': CMAKE_PREFIX_PATH=${CMAKE_PREFIX_PATH}:/home/smr/workspaces/amrROS2_ws/install/python_pkg:/opt/ros/humble /usr/bin/cmake --build /home/smr/workspaces/amrROS2_ws/src/build/custom_interface -- -j8 -l8
[0.799s] [  2%] Built target custom_interface__cpp
[0.800s] [35m[1mConsolidate compiler generated dependencies of target custom_interface__rosidl_generator_c[0m
[0.800s] [  2%] Built target ament_cmake_python_copy_custom_interface
[0.801s] [35m[1mConsolidate compiler generated dependencies of target custom_interface__rosidl_typesupport_fastrtps_cpp[0m
[0.801s] [ 12%] Built target custom_interface__rosidl_generator_c
[0.801s] [35m[1mConsolidate compiler generated dependencies of target custom_interface__rosidl_typesupport_cpp[0m
[0.801s] [35m[1mConsolidate compiler generated dependencies of target custom_interface__rosidl_typesupport_introspection_cpp[0m
[0.801s] [35m[1mConsolidate compiler generated dependencies of target custom_interface__rosidl_typesupport_introspection_c[0m
[0.801s] [35m[1mConsolidate compiler generated dependencies of target custom_interface__rosidl_typesupport_fastrtps_c[0m
[0.801s] [ 23%] Built target custom_interface__rosidl_typesupport_cpp
[0.801s] [ 33%] Built target custom_interface__rosidl_typesupport_introspection_cpp
[0.801s] [ 43%] Built target custom_interface__rosidl_typesupport_fastrtps_cpp
[0.819s] [ 53%] Built target custom_interface__rosidl_typesupport_introspection_c
[0.884s] [ 64%] Built target custom_interface__rosidl_typesupport_fastrtps_c
[1.234s] running egg_info
[1.235s] writing custom_interface.egg-info/PKG-INFO
[1.244s] writing dependency_links to custom_interface.egg-info/dependency_links.txt
[1.244s] writing top-level names to custom_interface.egg-info/top_level.txt
[1.250s] reading manifest file 'custom_interface.egg-info/SOURCES.txt'
[1.252s] writing manifest file 'custom_interface.egg-info/SOURCES.txt'
[1.363s] [ 64%] Built target ament_cmake_python_build_custom_interface_egg
[1.438s] [35m[1mConsolidate compiler generated dependencies of target custom_interface__rosidl_typesupport_c[0m
[1.521s] [ 74%] Built target custom_interface__rosidl_typesupport_c
[1.603s] [ 74%] Built target custom_interface
[1.692s] [ 76%] Built target custom_interface__py
[1.753s] [35m[1mConsolidate compiler generated dependencies of target custom_interface__rosidl_generator_py[0m
[1.859s] [ 84%] Built target custom_interface__rosidl_generator_py
[1.927s] [35m[1mConsolidate compiler generated dependencies of target custom_interface__rosidl_typesupport_fastrtps_c__pyext[0m
[1.995s] [ 89%] Built target custom_interface__rosidl_typesupport_fastrtps_c__pyext
[2.103s] [35m[1mConsolidate compiler generated dependencies of target custom_interface__rosidl_typesupport_c__pyext[0m
[2.200s] [ 94%] Built target custom_interface__rosidl_typesupport_c__pyext
[2.257s] [35m[1mConsolidate compiler generated dependencies of target custom_interface__rosidl_typesupport_introspection_c__pyext[0m
[2.394s] [100%] Built target custom_interface__rosidl_typesupport_introspection_c__pyext
[2.423s] Invoked command in '/home/smr/workspaces/amrROS2_ws/src/build/custom_interface' returned '0': CMAKE_PREFIX_PATH=${CMAKE_PREFIX_PATH}:/home/smr/workspaces/amrROS2_ws/install/python_pkg:/opt/ros/humble /usr/bin/cmake --build /home/smr/workspaces/amrROS2_ws/src/build/custom_interface -- -j8 -l8
[3.023s] Invoking command in '/home/smr/workspaces/amrROS2_ws/src/build/custom_interface': CMAKE_PREFIX_PATH=${CMAKE_PREFIX_PATH}:/home/smr/workspaces/amrROS2_ws/install/python_pkg:/opt/ros/humble /usr/bin/cmake --install /home/smr/workspaces/amrROS2_ws/src/build/custom_interface
[3.075s] -- Install configuration: ""
[3.084s] -- Up-to-date: /home/smr/workspaces/amrROS2_ws/src/install/custom_interface/share/ament_index/resource_index/rosidl_interfaces/custom_interface
[3.086s] -- Up-to-date: /home/smr/workspaces/amrROS2_ws/src/install/custom_interface/include/custom_interface/custom_interface
[3.088s] -- Up-to-date: /home/smr/workspaces/amrROS2_ws/src/install/custom_interface/include/custom_interface/custom_interface/msg
[3.089s] -- Up-to-date: /home/smr/workspaces/amrROS2_ws/src/install/custom_interface/include/custom_interface/custom_interface/msg/detail
[3.090s] -- Up-to-date: /home/smr/workspaces/amrROS2_ws/src/install/custom_interface/include/custom_interface/custom_interface/msg/detail/initdock__type_support.h
[3.091s] -- Up-to-date: /home/smr/workspaces/amrROS2_ws/src/install/custom_interface/include/custom_interface/custom_interface/msg/detail/initdock__functions.h
[3.092s] -- Up-to-date: /home/smr/workspaces/amrROS2_ws/src/install/custom_interface/include/custom_interface/custom_interface/msg/detail/initdock__functions.c
[3.093s] -- Up-to-date: /home/smr/workspaces/amrROS2_ws/src/install/custom_interface/include/custom_interface/custom_interface/msg/detail/initdock__struct.h
[3.096s] -- Up-to-date: /home/smr/workspaces/amrROS2_ws/src/install/custom_interface/include/custom_interface/custom_interface/msg/rosidl_generator_c__visibility_control.h
[3.097s] -- Up-to-date: /home/smr/workspaces/amrROS2_ws/src/install/custom_interface/include/custom_interface/custom_interface/msg/initdock.h
[3.097s] -- Up-to-date: /home/smr/workspaces/amrROS2_ws/src/install/custom_interface/include/custom_interface/custom_interface/action
[3.098s] -- Up-to-date: /home/smr/workspaces/amrROS2_ws/src/install/custom_interface/include/custom_interface/custom_interface/action/detail
[3.099s] -- Up-to-date: /home/smr/workspaces/amrROS2_ws/src/install/custom_interface/include/custom_interface/custom_interface/action/detail/autodock__functions.c
[3.099s] -- Up-to-date: /home/smr/workspaces/amrROS2_ws/src/install/custom_interface/include/custom_interface/custom_interface/action/detail/autodock__type_support.h
[3.100s] -- Up-to-date: /home/smr/workspaces/amrROS2_ws/src/install/custom_interface/include/custom_interface/custom_interface/action/detail/autodock__functions.h
[3.101s] -- Up-to-date: /home/smr/workspaces/amrROS2_ws/src/install/custom_interface/include/custom_interface/custom_interface/action/detail/autodock__struct.h
[3.102s] -- Up-to-date: /home/smr/workspaces/amrROS2_ws/src/install/custom_interface/include/custom_interface/custom_interface/action/autodock.h
[3.119s] -- Up-to-date: /home/smr/workspaces/amrROS2_ws/src/install/custom_interface/share/custom_interface/environment/library_path.sh
[3.120s] -- Up-to-date: /home/smr/workspaces/amrROS2_ws/src/install/custom_interface/share/custom_interface/environment/library_path.dsv
[3.124s] -- Up-to-date: /home/smr/workspaces/amrROS2_ws/src/install/custom_interface/lib/libcustom_interface__rosidl_generator_c.so
[3.126s] -- Up-to-date: /home/smr/workspaces/amrROS2_ws/src/install/custom_interface/include/custom_interface/custom_interface
[3.127s] -- Up-to-date: /home/smr/workspaces/amrROS2_ws/src/install/custom_interface/include/custom_interface/custom_interface/msg
[3.127s] -- Up-to-date: /home/smr/workspaces/amrROS2_ws/src/install/custom_interface/include/custom_interface/custom_interface/msg/detail
[3.128s] -- Up-to-date: /home/smr/workspaces/amrROS2_ws/src/install/custom_interface/include/custom_interface/custom_interface/msg/detail/initdock__rosidl_typesupport_fastrtps_c.h
[3.128s] -- Up-to-date: /home/smr/workspaces/amrROS2_ws/src/install/custom_interface/include/custom_interface/custom_interface/msg/rosidl_typesupport_fastrtps_c__visibility_control.h
[3.129s] -- Up-to-date: /home/smr/workspaces/amrROS2_ws/src/install/custom_interface/include/custom_interface/custom_interface/action
[3.130s] -- Up-to-date: /home/smr/workspaces/amrROS2_ws/src/install/custom_interface/include/custom_interface/custom_interface/action/detail
[3.130s] -- Up-to-date: /home/smr/workspaces/amrROS2_ws/src/install/custom_interface/include/custom_interface/custom_interface/action/detail/autodock__rosidl_typesupport_fastrtps_c.h
[3.133s] -- Up-to-date: /home/smr/workspaces/amrROS2_ws/src/install/custom_interface/lib/libcustom_interface__rosidl_typesupport_fastrtps_c.so
[3.133s] -- Up-to-date: /home/smr/workspaces/amrROS2_ws/src/install/custom_interface/include/custom_interface/custom_interface
[3.134s] -- Up-to-date: /home/smr/workspaces/amrROS2_ws/src/install/custom_interface/include/custom_interface/custom_interface/msg
[3.134s] -- Up-to-date: /home/smr/workspaces/amrROS2_ws/src/install/custom_interface/include/custom_interface/custom_interface/msg/detail
[3.134s] -- Up-to-date: /home/smr/workspaces/amrROS2_ws/src/install/custom_interface/include/custom_interface/custom_interface/msg/detail/initdock__rosidl_typesupport_introspection_c.h
[3.134s] -- Up-to-date: /home/smr/workspaces/amrROS2_ws/src/install/custom_interface/include/custom_interface/custom_interface/msg/detail/initdock__type_support.c
[3.134s] -- Up-to-date: /home/smr/workspaces/amrROS2_ws/src/install/custom_interface/include/custom_interface/custom_interface/msg/rosidl_typesupport_introspection_c__visibility_control.h
[3.134s] -- Up-to-date: /home/smr/workspaces/amrROS2_ws/src/install/custom_interface/include/custom_interface/custom_interface/action
[3.134s] -- Up-to-date: /home/smr/workspaces/amrROS2_ws/src/install/custom_interface/include/custom_interface/custom_interface/action/detail
[3.134s] -- Up-to-date: /home/smr/workspaces/amrROS2_ws/src/install/custom_interface/include/custom_interface/custom_interface/action/detail/autodock__rosidl_typesupport_introspection_c.h
[3.135s] -- Up-to-date: /home/smr/workspaces/amrROS2_ws/src/install/custom_interface/include/custom_interface/custom_interface/action/detail/autodock__type_support.c
[3.138s] -- Up-to-date: /home/smr/workspaces/amrROS2_ws/src/install/custom_interface/lib/libcustom_interface__rosidl_typesupport_introspection_c.so
[3.141s] -- Up-to-date: /home/smr/workspaces/amrROS2_ws/src/install/custom_interface/lib/libcustom_interface__rosidl_typesupport_c.so
[3.141s] -- Up-to-date: /home/smr/workspaces/amrROS2_ws/src/install/custom_interface/include/custom_interface/custom_interface
[3.142s] -- Up-to-date: /home/smr/workspaces/amrROS2_ws/src/install/custom_interface/include/custom_interface/custom_interface/msg
[3.142s] -- Up-to-date: /home/smr/workspaces/amrROS2_ws/src/install/custom_interface/include/custom_interface/custom_interface/msg/detail
[3.155s] -- Up-to-date: /home/smr/workspaces/amrROS2_ws/src/install/custom_interface/include/custom_interface/custom_interface/msg/detail/initdock__struct.hpp
[3.156s] -- Up-to-date: /home/smr/workspaces/amrROS2_ws/src/install/custom_interface/include/custom_interface/custom_interface/msg/detail/initdock__traits.hpp
[3.156s] -- Up-to-date: /home/smr/workspaces/amrROS2_ws/src/install/custom_interface/include/custom_interface/custom_interface/msg/detail/initdock__builder.hpp
[3.157s] -- Up-to-date: /home/smr/workspaces/amrROS2_ws/src/install/custom_interface/include/custom_interface/custom_interface/msg/initdock.hpp
[3.157s] -- Up-to-date: /home/smr/workspaces/amrROS2_ws/src/install/custom_interface/include/custom_interface/custom_interface/action
[3.158s] -- Up-to-date: /home/smr/workspaces/amrROS2_ws/src/install/custom_interface/include/custom_interface/custom_interface/action/detail
[3.158s] -- Up-to-date: /home/smr/workspaces/amrROS2_ws/src/install/custom_interface/include/custom_interface/custom_interface/action/detail/autodock__builder.hpp
[3.159s] -- Up-to-date: /home/smr/workspaces/amrROS2_ws/src/install/custom_interface/include/custom_interface/custom_interface/action/detail/autodock__struct.hpp
[3.159s] -- Up-to-date: /home/smr/workspaces/amrROS2_ws/src/install/custom_interface/include/custom_interface/custom_interface/action/detail/autodock__traits.hpp
[3.160s] -- Up-to-date: /home/smr/workspaces/amrROS2_ws/src/install/custom_interface/include/custom_interface/custom_interface/action/autodock.hpp
[3.160s] -- Up-to-date: /home/smr/workspaces/amrROS2_ws/src/install/custom_interface/include/custom_interface/custom_interface
[3.160s] -- Up-to-date: /home/smr/workspaces/amrROS2_ws/src/install/custom_interface/include/custom_interface/custom_interface/msg
[3.161s] -- Up-to-date: /home/smr/workspaces/amrROS2_ws/src/install/custom_interface/include/custom_interface/custom_interface/msg/detail
[3.161s] -- Up-to-date: /home/smr/workspaces/amrROS2_ws/src/install/custom_interface/include/custom_interface/custom_interface/msg/detail/dds_fastrtps
[3.162s] -- Up-to-date: /home/smr/workspaces/amrROS2_ws/src/install/custom_interface/include/custom_interface/custom_interface/msg/detail/initdock__rosidl_typesupport_fastrtps_cpp.hpp
[3.163s] -- Up-to-date: /home/smr/workspaces/amrROS2_ws/src/install/custom_interface/include/custom_interface/custom_interface/msg/rosidl_typesupport_fastrtps_cpp__visibility_control.h
[3.163s] -- Up-to-date: /home/smr/workspaces/amrROS2_ws/src/install/custom_interface/include/custom_interface/custom_interface/action
[3.164s] -- Up-to-date: /home/smr/workspaces/amrROS2_ws/src/install/custom_interface/include/custom_interface/custom_interface/action/detail
[3.164s] -- Up-to-date: /home/smr/workspaces/amrROS2_ws/src/install/custom_interface/include/custom_interface/custom_interface/action/detail/autodock__rosidl_typesupport_fastrtps_cpp.hpp
[3.165s] -- Up-to-date: /home/smr/workspaces/amrROS2_ws/src/install/custom_interface/include/custom_interface/custom_interface/action/detail/dds_fastrtps
[3.165s] -- Up-to-date: /home/smr/workspaces/amrROS2_ws/src/install/custom_interface/lib/libcustom_interface__rosidl_typesupport_fastrtps_cpp.so
[3.166s] -- Up-to-date: /home/smr/workspaces/amrROS2_ws/src/install/custom_interface/include/custom_interface/custom_interface
[3.166s] -- Up-to-date: /home/smr/workspaces/amrROS2_ws/src/install/custom_interface/include/custom_interface/custom_interface/msg
[3.166s] -- Up-to-date: /home/smr/workspaces/amrROS2_ws/src/install/custom_interface/include/custom_interface/custom_interface/msg/detail
[3.167s] -- Up-to-date: /home/smr/workspaces/amrROS2_ws/src/install/custom_interface/include/custom_interface/custom_interface/msg/detail/initdock__rosidl_typesupport_introspection_cpp.hpp
[3.167s] -- Up-to-date: /home/smr/workspaces/amrROS2_ws/src/install/custom_interface/include/custom_interface/custom_interface/msg/detail/initdock__type_support.cpp
[3.168s] -- Up-to-date: /home/smr/workspaces/amrROS2_ws/src/install/custom_interface/include/custom_interface/custom_interface/action
[3.169s] -- Up-to-date: /home/smr/workspaces/amrROS2_ws/src/install/custom_interface/include/custom_interface/custom_interface/action/detail
[3.169s] -- Up-to-date: /home/smr/workspaces/amrROS2_ws/src/install/custom_interface/include/custom_interface/custom_interface/action/detail/autodock__type_support.cpp
[3.170s] -- Up-to-date: /home/smr/workspaces/amrROS2_ws/src/install/custom_interface/include/custom_interface/custom_interface/action/detail/autodock__rosidl_typesupport_introspection_cpp.hpp
[3.171s] -- Up-to-date: /home/smr/workspaces/amrROS2_ws/src/install/custom_interface/lib/libcustom_interface__rosidl_typesupport_introspection_cpp.so
[3.171s] -- Up-to-date: /home/smr/workspaces/amrROS2_ws/src/install/custom_interface/lib/libcustom_interface__rosidl_typesupport_cpp.so
[3.172s] -- Up-to-date: /home/smr/workspaces/amrROS2_ws/src/install/custom_interface/share/custom_interface/environment/pythonpath.sh
[3.177s] -- Up-to-date: /home/smr/workspaces/amrROS2_ws/src/install/custom_interface/share/custom_interface/environment/pythonpath.dsv
[3.192s] -- Up-to-date: /home/smr/workspaces/amrROS2_ws/src/install/custom_interface/local/lib/python3.10/dist-packages/custom_interface-0.0.0-py3.10.egg-info
[3.192s] -- Installing: /home/smr/workspaces/amrROS2_ws/src/install/custom_interface/local/lib/python3.10/dist-packages/custom_interface-0.0.0-py3.10.egg-info/dependency_links.txt
[3.193s] -- Installing: /home/smr/workspaces/amrROS2_ws/src/install/custom_interface/local/lib/python3.10/dist-packages/custom_interface-0.0.0-py3.10.egg-info/top_level.txt
[3.193s] -- Installing: /home/smr/workspaces/amrROS2_ws/src/install/custom_interface/local/lib/python3.10/dist-packages/custom_interface-0.0.0-py3.10.egg-info/SOURCES.txt
[3.193s] -- Installing: /home/smr/workspaces/amrROS2_ws/src/install/custom_interface/local/lib/python3.10/dist-packages/custom_interface-0.0.0-py3.10.egg-info/PKG-INFO
[3.193s] -- Up-to-date: /home/smr/workspaces/amrROS2_ws/src/install/custom_interface/local/lib/python3.10/dist-packages/custom_interface
[3.193s] -- Up-to-date: /home/smr/workspaces/amrROS2_ws/src/install/custom_interface/local/lib/python3.10/dist-packages/custom_interface/custom_interface_s__rosidl_typesupport_introspection_c.cpython-310-aarch64-linux-gnu.so
[3.193s] -- Up-to-date: /home/smr/workspaces/amrROS2_ws/src/install/custom_interface/local/lib/python3.10/dist-packages/custom_interface/_custom_interface_s.ep.rosidl_typesupport_introspection_c.c
[3.193s] -- Up-to-date: /home/smr/workspaces/amrROS2_ws/src/install/custom_interface/local/lib/python3.10/dist-packages/custom_interface/_custom_interface_s.ep.rosidl_typesupport_c.c
[3.193s] -- Up-to-date: /home/smr/workspaces/amrROS2_ws/src/install/custom_interface/local/lib/python3.10/dist-packages/custom_interface/libcustom_interface__rosidl_generator_py.so
[3.193s] -- Up-to-date: /home/smr/workspaces/amrROS2_ws/src/install/custom_interface/local/lib/python3.10/dist-packages/custom_interface/msg
[3.193s] -- Up-to-date: /home/smr/workspaces/amrROS2_ws/src/install/custom_interface/local/lib/python3.10/dist-packages/custom_interface/msg/_initdock.py
[3.194s] -- Up-to-date: /home/smr/workspaces/amrROS2_ws/src/install/custom_interface/local/lib/python3.10/dist-packages/custom_interface/msg/__init__.py
[3.194s] -- Up-to-date: /home/smr/workspaces/amrROS2_ws/src/install/custom_interface/local/lib/python3.10/dist-packages/custom_interface/msg/_initdock_s.c
[3.194s] -- Up-to-date: /home/smr/workspaces/amrROS2_ws/src/install/custom_interface/local/lib/python3.10/dist-packages/custom_interface/custom_interface_s__rosidl_typesupport_fastrtps_c.cpython-310-aarch64-linux-gnu.so
[3.194s] -- Up-to-date: /home/smr/workspaces/amrROS2_ws/src/install/custom_interface/local/lib/python3.10/dist-packages/custom_interface/__init__.py
[3.194s] -- Up-to-date: /home/smr/workspaces/amrROS2_ws/src/install/custom_interface/local/lib/python3.10/dist-packages/custom_interface/_custom_interface_s.ep.rosidl_typesupport_fastrtps_c.c
[3.194s] -- Up-to-date: /home/smr/workspaces/amrROS2_ws/src/install/custom_interface/local/lib/python3.10/dist-packages/custom_interface/custom_interface_s__rosidl_typesupport_c.cpython-310-aarch64-linux-gnu.so
[3.194s] -- Up-to-date: /home/smr/workspaces/amrROS2_ws/src/install/custom_interface/local/lib/python3.10/dist-packages/custom_interface/action
[3.194s] -- Up-to-date: /home/smr/workspaces/amrROS2_ws/src/install/custom_interface/local/lib/python3.10/dist-packages/custom_interface/action/_autodock.py
[3.194s] -- Up-to-date: /home/smr/workspaces/amrROS2_ws/src/install/custom_interface/local/lib/python3.10/dist-packages/custom_interface/action/__init__.py
[3.194s] -- Up-to-date: /home/smr/workspaces/amrROS2_ws/src/install/custom_interface/local/lib/python3.10/dist-packages/custom_interface/action/_autodock_s.c
[3.333s] Listing '/home/smr/workspaces/amrROS2_ws/src/install/custom_interface/local/lib/python3.10/dist-packages/custom_interface'...
[3.333s] Listing '/home/smr/workspaces/amrROS2_ws/src/install/custom_interface/local/lib/python3.10/dist-packages/custom_interface/action'...
[3.334s] Listing '/home/smr/workspaces/amrROS2_ws/src/install/custom_interface/local/lib/python3.10/dist-packages/custom_interface/msg'...
[3.380s] -- Up-to-date: /home/smr/workspaces/amrROS2_ws/src/install/custom_interface/local/lib/python3.10/dist-packages/custom_interface/custom_interface_s__rosidl_typesupport_fastrtps_c.cpython-310-aarch64-linux-gnu.so
[3.381s] -- Up-to-date: /home/smr/workspaces/amrROS2_ws/src/install/custom_interface/local/lib/python3.10/dist-packages/custom_interface/custom_interface_s__rosidl_typesupport_introspection_c.cpython-310-aarch64-linux-gnu.so
[3.382s] -- Up-to-date: /home/smr/workspaces/amrROS2_ws/src/install/custom_interface/local/lib/python3.10/dist-packages/custom_interface/custom_interface_s__rosidl_typesupport_c.cpython-310-aarch64-linux-gnu.so
[3.382s] -- Up-to-date: /home/smr/workspaces/amrROS2_ws/src/install/custom_interface/lib/libcustom_interface__rosidl_generator_py.so
[3.383s] -- Up-to-date: /home/smr/workspaces/amrROS2_ws/src/install/custom_interface/share/custom_interface/action/Autodock.idl
[3.383s] -- Up-to-date: /home/smr/workspaces/amrROS2_ws/src/install/custom_interface/share/custom_interface/msg/Initdock.idl
[3.384s] -- Up-to-date: /home/smr/workspaces/amrROS2_ws/src/install/custom_interface/share/custom_interface/action/Autodock.action
[3.384s] -- Up-to-date: /home/smr/workspaces/amrROS2_ws/src/install/custom_interface/share/custom_interface/msg/Initdock.msg
[3.386s] -- Up-to-date: /home/smr/workspaces/amrROS2_ws/src/install/custom_interface/share/ament_index/resource_index/package_run_dependencies/custom_interface
[3.386s] -- Up-to-date: /home/smr/workspaces/amrROS2_ws/src/install/custom_interface/share/ament_index/resource_index/parent_prefix_path/custom_interface
[3.387s] -- Up-to-date: /home/smr/workspaces/amrROS2_ws/src/install/custom_interface/share/custom_interface/environment/ament_prefix_path.sh
[3.388s] -- Up-to-date: /home/smr/workspaces/amrROS2_ws/src/install/custom_interface/share/custom_interface/environment/ament_prefix_path.dsv
[3.388s] -- Up-to-date: /home/smr/workspaces/amrROS2_ws/src/install/custom_interface/share/custom_interface/environment/path.sh
[3.388s] -- Up-to-date: /home/smr/workspaces/amrROS2_ws/src/install/custom_interface/share/custom_interface/environment/path.dsv
[3.389s] -- Up-to-date: /home/smr/workspaces/amrROS2_ws/src/install/custom_interface/share/custom_interface/local_setup.bash
[3.389s] -- Up-to-date: /home/smr/workspaces/amrROS2_ws/src/install/custom_interface/share/custom_interface/local_setup.sh
[3.390s] -- Up-to-date: /home/smr/workspaces/amrROS2_ws/src/install/custom_interface/share/custom_interface/local_setup.zsh
[3.391s] -- Up-to-date: /home/smr/workspaces/amrROS2_ws/src/install/custom_interface/share/custom_interface/local_setup.dsv
[3.414s] -- Installing: /home/smr/workspaces/amrROS2_ws/src/install/custom_interface/share/custom_interface/package.dsv
[3.415s] -- Up-to-date: /home/smr/workspaces/amrROS2_ws/src/install/custom_interface/share/ament_index/resource_index/packages/custom_interface
[3.416s] -- Up-to-date: /home/smr/workspaces/amrROS2_ws/src/install/custom_interface/share/custom_interface/cmake/export_custom_interface__rosidl_generator_cExport.cmake
[3.417s] -- Up-to-date: /home/smr/workspaces/amrROS2_ws/src/install/custom_interface/share/custom_interface/cmake/export_custom_interface__rosidl_generator_cExport-noconfig.cmake
[3.417s] -- Up-to-date: /home/smr/workspaces/amrROS2_ws/src/install/custom_interface/share/custom_interface/cmake/export_custom_interface__rosidl_typesupport_fastrtps_cExport.cmake
[3.418s] -- Up-to-date: /home/smr/workspaces/amrROS2_ws/src/install/custom_interface/share/custom_interface/cmake/export_custom_interface__rosidl_typesupport_fastrtps_cExport-noconfig.cmake
[3.419s] -- Up-to-date: /home/smr/workspaces/amrROS2_ws/src/install/custom_interface/share/custom_interface/cmake/custom_interface__rosidl_typesupport_introspection_cExport.cmake
[3.425s] -- Up-to-date: /home/smr/workspaces/amrROS2_ws/src/install/custom_interface/share/custom_interface/cmake/custom_interface__rosidl_typesupport_introspection_cExport-noconfig.cmake
[3.426s] -- Up-to-date: /home/smr/workspaces/amrROS2_ws/src/install/custom_interface/share/custom_interface/cmake/custom_interface__rosidl_typesupport_cExport.cmake
[3.427s] -- Up-to-date: /home/smr/workspaces/amrROS2_ws/src/install/custom_interface/share/custom_interface/cmake/custom_interface__rosidl_typesupport_cExport-noconfig.cmake
[3.428s] -- Up-to-date: /home/smr/workspaces/amrROS2_ws/src/install/custom_interface/share/custom_interface/cmake/export_custom_interface__rosidl_generator_cppExport.cmake
[3.430s] -- Up-to-date: /home/smr/workspaces/amrROS2_ws/src/install/custom_interface/share/custom_interface/cmake/export_custom_interface__rosidl_typesupport_fastrtps_cppExport.cmake
[3.431s] -- Up-to-date: /home/smr/workspaces/amrROS2_ws/src/install/custom_interface/share/custom_interface/cmake/export_custom_interface__rosidl_typesupport_fastrtps_cppExport-noconfig.cmake
[3.431s] -- Up-to-date: /home/smr/workspaces/amrROS2_ws/src/install/custom_interface/share/custom_interface/cmake/custom_interface__rosidl_typesupport_introspection_cppExport.cmake
[3.433s] -- Up-to-date: /home/smr/workspaces/amrROS2_ws/src/install/custom_interface/share/custom_interface/cmake/custom_interface__rosidl_typesupport_introspection_cppExport-noconfig.cmake
[3.455s] -- Up-to-date: /home/smr/workspaces/amrROS2_ws/src/install/custom_interface/share/custom_interface/cmake/custom_interface__rosidl_typesupport_cppExport.cmake
[3.455s] -- Up-to-date: /home/smr/workspaces/amrROS2_ws/src/install/custom_interface/share/custom_interface/cmake/custom_interface__rosidl_typesupport_cppExport-noconfig.cmake
[3.457s] -- Up-to-date: /home/smr/workspaces/amrROS2_ws/src/install/custom_interface/share/custom_interface/cmake/export_custom_interface__rosidl_generator_pyExport.cmake
[3.457s] -- Up-to-date: /home/smr/workspaces/amrROS2_ws/src/install/custom_interface/share/custom_interface/cmake/export_custom_interface__rosidl_generator_pyExport-noconfig.cmake
[3.458s] -- Up-to-date: /home/smr/workspaces/amrROS2_ws/src/install/custom_interface/share/custom_interface/cmake/rosidl_cmake-extras.cmake
[3.458s] -- Up-to-date: /home/smr/workspaces/amrROS2_ws/src/install/custom_interface/share/custom_interface/cmake/ament_cmake_export_dependencies-extras.cmake
[3.459s] -- Up-to-date: /home/smr/workspaces/amrROS2_ws/src/install/custom_interface/share/custom_interface/cmake/ament_cmake_export_include_directories-extras.cmake
[3.460s] -- Up-to-date: /home/smr/workspaces/amrROS2_ws/src/install/custom_interface/share/custom_interface/cmake/ament_cmake_export_libraries-extras.cmake
[3.460s] -- Up-to-date: /home/smr/workspaces/amrROS2_ws/src/install/custom_interface/share/custom_interface/cmake/ament_cmake_export_targets-extras.cmake
[3.461s] -- Up-to-date: /home/smr/workspaces/amrROS2_ws/src/install/custom_interface/share/custom_interface/cmake/rosidl_cmake_export_typesupport_targets-extras.cmake
[3.461s] -- Up-to-date: /home/smr/workspaces/amrROS2_ws/src/install/custom_interface/share/custom_interface/cmake/rosidl_cmake_export_typesupport_libraries-extras.cmake
[3.462s] -- Up-to-date: /home/smr/workspaces/amrROS2_ws/src/install/custom_interface/share/custom_interface/cmake/custom_interfaceConfig.cmake
[3.462s] -- Up-to-date: /home/smr/workspaces/amrROS2_ws/src/install/custom_interface/share/custom_interface/cmake/custom_interfaceConfig-version.cmake
[3.463s] -- Up-to-date: /home/smr/workspaces/amrROS2_ws/src/install/custom_interface/share/custom_interface/package.xml
[3.514s] Invoked command in '/home/smr/workspaces/amrROS2_ws/src/build/custom_interface' returned '0': CMAKE_PREFIX_PATH=${CMAKE_PREFIX_PATH}:/home/smr/workspaces/amrROS2_ws/install/python_pkg:/opt/ros/humble /usr/bin/cmake --install /home/smr/workspaces/amrROS2_ws/src/build/custom_interface
