[0.323s] DEBUG:colcon:Command line arguments: ['/usr/bin/colcon', 'build']
[0.323s] DEBUG:colcon:Parsed command line arguments: Namespace(log_base=None, log_level=None, verb_name='build', build_base='build', install_base='install', merge_install=False, symlink_install=False, test_result_base=None, continue_on_error=False, executor='parallel', parallel_workers=8, event_handlers=None, ignore_user_meta=False, metas=['./colcon.meta'], base_paths=['.'], packages_ignore=None, packages_ignore_regex=None, paths=None, packages_up_to=None, packages_up_to_regex=None, packages_above=None, packages_above_and_dependencies=None, packages_above_depth=None, packages_select_by_dep=None, packages_skip_by_dep=None, packages_skip_up_to=None, packages_select_build_failed=False, packages_skip_build_finished=False, packages_select_test_failures=False, packages_skip_test_passed=False, packages_select=None, packages_skip=None, packages_select_regex=None, packages_skip_regex=None, packages_start=None, packages_end=None, allow_overriding=[], cmake_args=None, cmake_target=None, cmake_target_skip_unavailable=False, cmake_clean_cache=False, cmake_clean_first=False, cmake_force_configure=False, ament_cmake_args=None, catkin_cmake_args=None, catkin_skip_building_tests=False, verb_parser=<colcon_defaults.argument_parser.defaults.DefaultArgumentsDecorator object at 0xffffac4108e0>, verb_extension=<colcon_core.verb.build.BuildVerb object at 0xffffac5bc6d0>, main=<bound method BuildVerb.main of <colcon_core.verb.build.BuildVerb object at 0xffffac5bc6d0>>)
[0.887s] Level 1:colcon.colcon_core.package_discovery:discover_packages(colcon_meta) check parameters
[0.888s] Level 1:colcon.colcon_core.package_discovery:discover_packages(recursive) check parameters
[0.888s] Level 1:colcon.colcon_core.package_discovery:discover_packages(ignore) check parameters
[0.888s] Level 1:colcon.colcon_core.package_discovery:discover_packages(path) check parameters
[0.888s] Level 1:colcon.colcon_core.package_discovery:discover_packages(colcon_meta) discover
[0.888s] Level 1:colcon.colcon_core.package_discovery:discover_packages(recursive) discover
[0.888s] INFO:colcon.colcon_core.package_discovery:Crawling recursively for packages in '/home/smr/workspaces/amrROS2_ws'
[0.888s] Level 1:colcon.colcon_core.package_identification:_identify(.) by extensions ['ignore', 'ignore_ament_install']
[0.888s] Level 1:colcon.colcon_core.package_identification:_identify(.) by extension 'ignore'
[0.888s] Level 1:colcon.colcon_core.package_identification:_identify(.) by extension 'ignore_ament_install'
[0.888s] Level 1:colcon.colcon_core.package_identification:_identify(.) by extensions ['colcon_pkg']
[0.888s] Level 1:colcon.colcon_core.package_identification:_identify(.) by extension 'colcon_pkg'
[0.888s] Level 1:colcon.colcon_core.package_identification:_identify(.) by extensions ['colcon_meta']
[0.888s] Level 1:colcon.colcon_core.package_identification:_identify(.) by extension 'colcon_meta'
[0.889s] Level 1:colcon.colcon_core.package_identification:_identify(.) by extensions ['ros']
[0.889s] Level 1:colcon.colcon_core.package_identification:_identify(.) by extension 'ros'
[0.909s] Level 1:colcon.colcon_core.package_identification:_identify(.) by extensions ['cmake', 'python']
[0.909s] Level 1:colcon.colcon_core.package_identification:_identify(.) by extension 'cmake'
[0.909s] Level 1:colcon.colcon_core.package_identification:_identify(.) by extension 'python'
[0.909s] Level 1:colcon.colcon_core.package_identification:_identify(.) by extensions ['python_setup_py']
[0.909s] Level 1:colcon.colcon_core.package_identification:_identify(.) by extension 'python_setup_py'
[0.910s] Level 1:colcon.colcon_core.package_identification:_identify(build) by extensions ['ignore', 'ignore_ament_install']
[0.910s] Level 1:colcon.colcon_core.package_identification:_identify(build) by extension 'ignore'
[0.910s] Level 1:colcon.colcon_core.package_identification:_identify(build) ignored
[0.910s] Level 1:colcon.colcon_core.package_identification:_identify(install) by extensions ['ignore', 'ignore_ament_install']
[0.910s] Level 1:colcon.colcon_core.package_identification:_identify(install) by extension 'ignore'
[0.910s] Level 1:colcon.colcon_core.package_identification:_identify(install) ignored
[0.910s] Level 1:colcon.colcon_core.package_identification:_identify(log) by extensions ['ignore', 'ignore_ament_install']
[0.911s] Level 1:colcon.colcon_core.package_identification:_identify(log) by extension 'ignore'
[0.911s] Level 1:colcon.colcon_core.package_identification:_identify(log) ignored
[0.911s] Level 1:colcon.colcon_core.package_identification:_identify(src) by extensions ['ignore', 'ignore_ament_install']
[0.911s] Level 1:colcon.colcon_core.package_identification:_identify(src) by extension 'ignore'
[0.911s] Level 1:colcon.colcon_core.package_identification:_identify(src) by extension 'ignore_ament_install'
[0.911s] Level 1:colcon.colcon_core.package_identification:_identify(src) by extensions ['colcon_pkg']
[0.911s] Level 1:colcon.colcon_core.package_identification:_identify(src) by extension 'colcon_pkg'
[0.911s] Level 1:colcon.colcon_core.package_identification:_identify(src) by extensions ['colcon_meta']
[0.911s] Level 1:colcon.colcon_core.package_identification:_identify(src) by extension 'colcon_meta'
[0.911s] Level 1:colcon.colcon_core.package_identification:_identify(src) by extensions ['ros']
[0.911s] Level 1:colcon.colcon_core.package_identification:_identify(src) by extension 'ros'
[0.919s] DEBUG:colcon.colcon_core.package_identification:Package 'src' with type 'ros.ament_python' and name 'action_autodock'
[0.919s] Level 1:colcon.colcon_core.package_identification:_identify(temp) by extensions ['ignore', 'ignore_ament_install']
[0.919s] Level 1:colcon.colcon_core.package_identification:_identify(temp) by extension 'ignore'
[0.919s] Level 1:colcon.colcon_core.package_identification:_identify(temp) by extension 'ignore_ament_install'
[0.920s] Level 1:colcon.colcon_core.package_identification:_identify(temp) by extensions ['colcon_pkg']
[0.920s] Level 1:colcon.colcon_core.package_identification:_identify(temp) by extension 'colcon_pkg'
[0.920s] Level 1:colcon.colcon_core.package_identification:_identify(temp) by extensions ['colcon_meta']
[0.920s] Level 1:colcon.colcon_core.package_identification:_identify(temp) by extension 'colcon_meta'
[0.920s] Level 1:colcon.colcon_core.package_identification:_identify(temp) by extensions ['ros']
[0.920s] Level 1:colcon.colcon_core.package_identification:_identify(temp) by extension 'ros'
[0.920s] Level 1:colcon.colcon_core.package_identification:_identify(temp) by extensions ['cmake', 'python']
[0.920s] Level 1:colcon.colcon_core.package_identification:_identify(temp) by extension 'cmake'
[0.920s] Level 1:colcon.colcon_core.package_identification:_identify(temp) by extension 'python'
[0.920s] Level 1:colcon.colcon_core.package_identification:_identify(temp) by extensions ['python_setup_py']
[0.920s] Level 1:colcon.colcon_core.package_identification:_identify(temp) by extension 'python_setup_py'
[0.921s] Level 1:colcon.colcon_core.package_identification:_identify(temp/build) by extensions ['ignore', 'ignore_ament_install']
[0.921s] Level 1:colcon.colcon_core.package_identification:_identify(temp/build) by extension 'ignore'
[0.921s] Level 1:colcon.colcon_core.package_identification:_identify(temp/build) ignored
[0.922s] Level 1:colcon.colcon_core.package_identification:_identify(temp/install) by extensions ['ignore', 'ignore_ament_install']
[0.922s] Level 1:colcon.colcon_core.package_identification:_identify(temp/install) by extension 'ignore'
[0.922s] Level 1:colcon.colcon_core.package_identification:_identify(temp/install) ignored
[0.925s] Level 1:colcon.colcon_core.package_identification:_identify(temp/log) by extensions ['ignore', 'ignore_ament_install']
[0.926s] Level 1:colcon.colcon_core.package_identification:_identify(temp/log) by extension 'ignore'
[0.926s] Level 1:colcon.colcon_core.package_identification:_identify(temp/log) ignored
[0.926s] Level 1:colcon.colcon_core.package_identification:_identify(temp2) by extensions ['ignore', 'ignore_ament_install']
[0.926s] Level 1:colcon.colcon_core.package_identification:_identify(temp2) by extension 'ignore'
[0.926s] Level 1:colcon.colcon_core.package_identification:_identify(temp2) by extension 'ignore_ament_install'
[0.926s] Level 1:colcon.colcon_core.package_identification:_identify(temp2) by extensions ['colcon_pkg']
[0.926s] Level 1:colcon.colcon_core.package_identification:_identify(temp2) by extension 'colcon_pkg'
[0.926s] Level 1:colcon.colcon_core.package_identification:_identify(temp2) by extensions ['colcon_meta']
[0.926s] Level 1:colcon.colcon_core.package_identification:_identify(temp2) by extension 'colcon_meta'
[0.926s] Level 1:colcon.colcon_core.package_identification:_identify(temp2) by extensions ['ros']
[0.926s] Level 1:colcon.colcon_core.package_identification:_identify(temp2) by extension 'ros'
[0.926s] Level 1:colcon.colcon_core.package_identification:_identify(temp2) by extensions ['cmake', 'python']
[0.926s] Level 1:colcon.colcon_core.package_identification:_identify(temp2) by extension 'cmake'
[0.926s] Level 1:colcon.colcon_core.package_identification:_identify(temp2) by extension 'python'
[0.927s] Level 1:colcon.colcon_core.package_identification:_identify(temp2) by extensions ['python_setup_py']
[0.927s] Level 1:colcon.colcon_core.package_identification:_identify(temp2) by extension 'python_setup_py'
[0.927s] Level 1:colcon.colcon_core.package_identification:_identify(temp2/install) by extensions ['ignore', 'ignore_ament_install']
[0.927s] Level 1:colcon.colcon_core.package_identification:_identify(temp2/install) by extension 'ignore'
[0.927s] Level 1:colcon.colcon_core.package_identification:_identify(temp2/install) ignored
[0.927s] Level 1:colcon.colcon_core.package_discovery:discover_packages(recursive) using defaults
[0.928s] Level 1:colcon.colcon_core.package_discovery:discover_packages(ignore) discover
[0.928s] Level 1:colcon.colcon_core.package_discovery:discover_packages(ignore) using defaults
[0.928s] Level 1:colcon.colcon_core.package_discovery:discover_packages(path) discover
[0.928s] Level 1:colcon.colcon_core.package_discovery:discover_packages(path) using defaults
[0.980s] Level 1:colcon.colcon_core.package_discovery:discover_packages(prefix_path) check parameters
[0.980s] Level 1:colcon.colcon_core.package_discovery:discover_packages(prefix_path) discover
[0.988s] DEBUG:colcon.colcon_installed_package_information.package_discovery:Found 12 installed packages in /home/smr/workspaces/amrROS2_ws/install
[0.991s] DEBUG:colcon.colcon_installed_package_information.package_discovery:Found 336 installed packages in /opt/ros/humble
[0.995s] Level 1:colcon.colcon_core.package_discovery:discover_packages(prefix_path) using defaults
[1.110s] Level 5:colcon.colcon_core.verb:set package 'action_autodock' build argument 'cmake_args' from command line to 'None'
[1.110s] Level 5:colcon.colcon_core.verb:set package 'action_autodock' build argument 'cmake_target' from command line to 'None'
[1.110s] Level 5:colcon.colcon_core.verb:set package 'action_autodock' build argument 'cmake_target_skip_unavailable' from command line to 'False'
[1.110s] Level 5:colcon.colcon_core.verb:set package 'action_autodock' build argument 'cmake_clean_cache' from command line to 'False'
[1.110s] Level 5:colcon.colcon_core.verb:set package 'action_autodock' build argument 'cmake_clean_first' from command line to 'False'
[1.110s] Level 5:colcon.colcon_core.verb:set package 'action_autodock' build argument 'cmake_force_configure' from command line to 'False'
[1.110s] Level 5:colcon.colcon_core.verb:set package 'action_autodock' build argument 'ament_cmake_args' from command line to 'None'
[1.110s] Level 5:colcon.colcon_core.verb:set package 'action_autodock' build argument 'catkin_cmake_args' from command line to 'None'
[1.110s] Level 5:colcon.colcon_core.verb:set package 'action_autodock' build argument 'catkin_skip_building_tests' from command line to 'False'
[1.110s] DEBUG:colcon.colcon_core.verb:Building package 'action_autodock' with the following arguments: {'ament_cmake_args': None, 'build_base': '/home/smr/workspaces/amrROS2_ws/build/action_autodock', 'catkin_cmake_args': None, 'catkin_skip_building_tests': False, 'cmake_args': None, 'cmake_clean_cache': False, 'cmake_clean_first': False, 'cmake_force_configure': False, 'cmake_target': None, 'cmake_target_skip_unavailable': False, 'install_base': '/home/smr/workspaces/amrROS2_ws/install/action_autodock', 'merge_install': False, 'path': '/home/smr/workspaces/amrROS2_ws/src', 'symlink_install': False, 'test_result_base': None}
[1.111s] INFO:colcon.colcon_core.executor:Executing jobs using 'parallel' executor
[1.112s] DEBUG:colcon.colcon_parallel_executor.executor.parallel:run_until_complete
[1.113s] INFO:colcon.colcon_ros.task.ament_python.build:Building ROS package in '/home/smr/workspaces/amrROS2_ws/src' with build type 'ament_python'
[1.113s] Level 1:colcon.colcon_core.shell:create_environment_hook('action_autodock', 'ament_prefix_path')
[1.125s] INFO:colcon.colcon_core.plugin_system:Skipping extension 'colcon_core.shell.bat': Not used on non-Windows systems
[1.126s] INFO:colcon.colcon_core.shell:Creating environment hook '/home/smr/workspaces/amrROS2_ws/install/action_autodock/share/action_autodock/hook/ament_prefix_path.ps1'
[1.128s] INFO:colcon.colcon_core.shell:Creating environment descriptor '/home/smr/workspaces/amrROS2_ws/install/action_autodock/share/action_autodock/hook/ament_prefix_path.dsv'
[1.162s] INFO:colcon.colcon_core.shell:Creating environment hook '/home/smr/workspaces/amrROS2_ws/install/action_autodock/share/action_autodock/hook/ament_prefix_path.sh'
[1.164s] INFO:colcon.colcon_core.shell:Skip shell extension 'powershell' for command environment: Not usable outside of PowerShell
[1.164s] DEBUG:colcon.colcon_core.shell:Skip shell extension 'dsv' for command environment
[1.183s] WARNING:colcon.colcon_ros.task.ament_python.build:Package 'action_autodock' doesn't explicitly install a marker in the package index (colcon-ros currently does it implicitly but that fallback will be removed in the future)
[1.183s] WARNING:colcon.colcon_ros.task.ament_python.build:Package 'action_autodock' doesn't explicitly install the 'package.xml' file (colcon-ros currently does it implicitly but that fallback will be removed in the future)
[1.184s] INFO:colcon.colcon_core.task.python.build:Building Python package in '/home/smr/workspaces/amrROS2_ws/src'
[1.184s] INFO:colcon.colcon_core.shell:Skip shell extension 'powershell' for command environment: Not usable outside of PowerShell
[1.184s] DEBUG:colcon.colcon_core.shell:Skip shell extension 'dsv' for command environment
[1.313s] DEBUG:colcon.colcon_parallel_executor.executor.parallel:closing loop
[1.313s] DEBUG:colcon.colcon_parallel_executor.executor.parallel:loop closed
[1.313s] DEBUG:colcon.colcon_parallel_executor.executor.parallel:run_until_complete finished with 'Expected ['/usr/bin/python3', '-W', 'ignore:setup.py install is deprecated', 'setup.py', '--help-commands'] to pass: /usr/bin/python3: can't open file '/home/smr/workspaces/amrROS2_ws/src/setup.py': [Errno 2] No such file or directory
'
[1.313s] DEBUG:colcon.colcon_core.event_reactor:joining thread
[1.356s] INFO:colcon.colcon_core.plugin_system:Skipping extension 'colcon_notification.desktop_notification.terminal_notifier': Not used on non-Darwin systems
[1.357s] INFO:colcon.colcon_core.plugin_system:Skipping extension 'colcon_notification.desktop_notification.win32': Not used on non-Windows systems
[1.358s] INFO:colcon.colcon_notification.desktop_notification:Sending desktop notification using 'notify2'
[1.416s] DEBUG:colcon.colcon_core.event_reactor:joined thread
[1.417s] INFO:colcon.colcon_core.shell:Creating prefix script '/home/smr/workspaces/amrROS2_ws/install/local_setup.ps1'
[1.419s] INFO:colcon.colcon_core.shell:Creating prefix util module '/home/smr/workspaces/amrROS2_ws/install/_local_setup_util_ps1.py'
[1.425s] INFO:colcon.colcon_core.shell:Creating prefix chain script '/home/smr/workspaces/amrROS2_ws/install/setup.ps1'
[1.462s] INFO:colcon.colcon_core.shell:Creating prefix script '/home/smr/workspaces/amrROS2_ws/install/local_setup.sh'
[1.467s] INFO:colcon.colcon_core.shell:Creating prefix util module '/home/smr/workspaces/amrROS2_ws/install/_local_setup_util_sh.py'
[1.471s] INFO:colcon.colcon_core.shell:Creating prefix chain script '/home/smr/workspaces/amrROS2_ws/install/setup.sh'
[1.482s] INFO:colcon.colcon_core.shell:Creating prefix script '/home/smr/workspaces/amrROS2_ws/install/local_setup.bash'
[1.487s] INFO:colcon.colcon_core.shell:Creating prefix chain script '/home/smr/workspaces/amrROS2_ws/install/setup.bash'
[1.500s] INFO:colcon.colcon_core.shell:Creating prefix script '/home/smr/workspaces/amrROS2_ws/install/local_setup.zsh'
[1.505s] INFO:colcon.colcon_core.shell:Creating prefix chain script '/home/smr/workspaces/amrROS2_ws/install/setup.zsh'
