[0.064s] Invoking command in '/home/smr/workspaces/amrROS2_ws/build/dock_lidar': CMAKE_PREFIX_PATH=/home/smr/workspaces/amrROS2_ws/install/custom_interface:/home/smr/workspaces/amrROS2_ws/install/sllidar_ros2:/home/smr/workspaces/amrROS2_ws/install/navigation:/home/smr/workspaces/amrROS2_ws/install/micro_ros_setup:/home/smr/workspaces/amrROS2_ws/install/bringup:/home/smr/workspaces/amrROS2_ws/install/micro_ros_agent:/home/smr/workspaces/amrROS2_ws/install/micro_ros_msgs:/home/smr/workspaces/amrROS2_ws/install/example:/home/smr/workspaces/amrROS2_ws/install/dock_lidar:/home/smr/workspaces/amrROS2_ws/install/description:/home/smr/workspaces/amrROS2_ws/install/robot_nav_tool:/home/smr/workspaces/amrROS2_ws/install/robot_data_tool:/home/smr/workspaces/amrROS2_ws/install/python_pkg:/home/smr/workspaces/amrROS2_ws/install/action_autodock:/opt/ros/humble LD_LIBRARY_PATH=/home/smr/workspaces/amrROS2_ws/install/custom_interface/lib:/home/smr/workspaces/amrROS2_ws/install/micro_ros_agent/lib:/home/smr/workspaces/amrROS2_ws/install/micro_ros_msgs/lib:/opt/ros/humble/opt/rviz_ogre_vendor/lib:/opt/ros/humble/lib/aarch64-linux-gnu:/opt/ros/humble/lib /usr/bin/cmake --build /home/smr/workspaces/amrROS2_ws/build/dock_lidar -- -j8 -l8
[0.502s] [100%] Built target dock_coordinates
[0.596s] Invoked command in '/home/smr/workspaces/amrROS2_ws/build/dock_lidar' returned '0': CMAKE_PREFIX_PATH=/home/smr/workspaces/amrROS2_ws/install/custom_interface:/home/smr/workspaces/amrROS2_ws/install/sllidar_ros2:/home/smr/workspaces/amrROS2_ws/install/navigation:/home/smr/workspaces/amrROS2_ws/install/micro_ros_setup:/home/smr/workspaces/amrROS2_ws/install/bringup:/home/smr/workspaces/amrROS2_ws/install/micro_ros_agent:/home/smr/workspaces/amrROS2_ws/install/micro_ros_msgs:/home/smr/workspaces/amrROS2_ws/install/example:/home/smr/workspaces/amrROS2_ws/install/dock_lidar:/home/smr/workspaces/amrROS2_ws/install/description:/home/smr/workspaces/amrROS2_ws/install/robot_nav_tool:/home/smr/workspaces/amrROS2_ws/install/robot_data_tool:/home/smr/workspaces/amrROS2_ws/install/python_pkg:/home/smr/workspaces/amrROS2_ws/install/action_autodock:/opt/ros/humble LD_LIBRARY_PATH=/home/smr/workspaces/amrROS2_ws/install/custom_interface/lib:/home/smr/workspaces/amrROS2_ws/install/micro_ros_agent/lib:/home/smr/workspaces/amrROS2_ws/install/micro_ros_msgs/lib:/opt/ros/humble/opt/rviz_ogre_vendor/lib:/opt/ros/humble/lib/aarch64-linux-gnu:/opt/ros/humble/lib /usr/bin/cmake --build /home/smr/workspaces/amrROS2_ws/build/dock_lidar -- -j8 -l8
[0.723s] Invoking command in '/home/smr/workspaces/amrROS2_ws/build/dock_lidar': CMAKE_PREFIX_PATH=/home/smr/workspaces/amrROS2_ws/install/custom_interface:/home/smr/workspaces/amrROS2_ws/install/sllidar_ros2:/home/smr/workspaces/amrROS2_ws/install/navigation:/home/smr/workspaces/amrROS2_ws/install/micro_ros_setup:/home/smr/workspaces/amrROS2_ws/install/bringup:/home/smr/workspaces/amrROS2_ws/install/micro_ros_agent:/home/smr/workspaces/amrROS2_ws/install/micro_ros_msgs:/home/smr/workspaces/amrROS2_ws/install/example:/home/smr/workspaces/amrROS2_ws/install/dock_lidar:/home/smr/workspaces/amrROS2_ws/install/description:/home/smr/workspaces/amrROS2_ws/install/robot_nav_tool:/home/smr/workspaces/amrROS2_ws/install/robot_data_tool:/home/smr/workspaces/amrROS2_ws/install/python_pkg:/home/smr/workspaces/amrROS2_ws/install/action_autodock:/opt/ros/humble LD_LIBRARY_PATH=/home/smr/workspaces/amrROS2_ws/install/custom_interface/lib:/home/smr/workspaces/amrROS2_ws/install/micro_ros_agent/lib:/home/smr/workspaces/amrROS2_ws/install/micro_ros_msgs/lib:/opt/ros/humble/opt/rviz_ogre_vendor/lib:/opt/ros/humble/lib/aarch64-linux-gnu:/opt/ros/humble/lib /usr/bin/cmake --install /home/smr/workspaces/amrROS2_ws/build/dock_lidar
[0.752s] -- Install configuration: ""
[0.753s] -- Up-to-date: /home/smr/workspaces/amrROS2_ws/install/dock_lidar/include
[0.753s] -- Up-to-date: /home/smr/workspaces/amrROS2_ws/install/dock_lidar/include/dock_lidar
[0.753s] -- Up-to-date: /home/smr/workspaces/amrROS2_ws/install/dock_lidar/include/dock_lidar/linear_pose_filter_2d.h
[0.754s] -- Up-to-date: /home/smr/workspaces/amrROS2_ws/install/dock_lidar/include/dock_lidar/laser_processor.h
[0.754s] -- Up-to-date: /home/smr/workspaces/amrROS2_ws/install/dock_lidar/include/dock_lidar/icp_2d.h
[0.755s] -- Up-to-date: /home/smr/workspaces/amrROS2_ws/install/dock_lidar/include/dock_lidar/dock_candidate.h
[0.756s] -- Up-to-date: /home/smr/workspaces/amrROS2_ws/install/dock_lidar/include/dock_lidar/perception.h
[0.757s] -- Up-to-date: /home/smr/workspaces/amrROS2_ws/install/dock_lidar/include/dock_lidar/tf2listener.h
[0.757s] -- Up-to-date: /home/smr/workspaces/amrROS2_ws/install/dock_lidar/share/dock_lidar/config
[0.757s] -- Up-to-date: /home/smr/workspaces/amrROS2_ws/install/dock_lidar/share/dock_lidar/config/dock_config.yaml
[0.758s] -- Up-to-date: /home/smr/workspaces/amrROS2_ws/install/dock_lidar/lib/dock_lidar/dock_coordinates
[0.758s] -- Up-to-date: /home/smr/workspaces/amrROS2_ws/install/dock_lidar/share/ament_index/resource_index/package_run_dependencies/dock_lidar
[0.758s] -- Up-to-date: /home/smr/workspaces/amrROS2_ws/install/dock_lidar/share/ament_index/resource_index/parent_prefix_path/dock_lidar
[0.759s] -- Up-to-date: /home/smr/workspaces/amrROS2_ws/install/dock_lidar/share/dock_lidar/environment/ament_prefix_path.sh
[0.759s] -- Up-to-date: /home/smr/workspaces/amrROS2_ws/install/dock_lidar/share/dock_lidar/environment/ament_prefix_path.dsv
[0.759s] -- Up-to-date: /home/smr/workspaces/amrROS2_ws/install/dock_lidar/share/dock_lidar/environment/path.sh
[0.760s] -- Up-to-date: /home/smr/workspaces/amrROS2_ws/install/dock_lidar/share/dock_lidar/environment/path.dsv
[0.760s] -- Up-to-date: /home/smr/workspaces/amrROS2_ws/install/dock_lidar/share/dock_lidar/local_setup.bash
[0.760s] -- Up-to-date: /home/smr/workspaces/amrROS2_ws/install/dock_lidar/share/dock_lidar/local_setup.sh
[0.760s] -- Up-to-date: /home/smr/workspaces/amrROS2_ws/install/dock_lidar/share/dock_lidar/local_setup.zsh
[0.760s] -- Up-to-date: /home/smr/workspaces/amrROS2_ws/install/dock_lidar/share/dock_lidar/local_setup.dsv
[0.761s] -- Installing: /home/smr/workspaces/amrROS2_ws/install/dock_lidar/share/dock_lidar/package.dsv
[0.761s] -- Up-to-date: /home/smr/workspaces/amrROS2_ws/install/dock_lidar/share/ament_index/resource_index/packages/dock_lidar
[0.761s] -- Up-to-date: /home/smr/workspaces/amrROS2_ws/install/dock_lidar/share/dock_lidar/cmake/dock_lidarConfig.cmake
[0.761s] -- Up-to-date: /home/smr/workspaces/amrROS2_ws/install/dock_lidar/share/dock_lidar/cmake/dock_lidarConfig-version.cmake
[0.761s] -- Up-to-date: /home/smr/workspaces/amrROS2_ws/install/dock_lidar/share/dock_lidar/package.xml
[0.785s] Invoked command in '/home/smr/workspaces/amrROS2_ws/build/dock_lidar' returned '0': CMAKE_PREFIX_PATH=/home/smr/workspaces/amrROS2_ws/install/custom_interface:/home/smr/workspaces/amrROS2_ws/install/sllidar_ros2:/home/smr/workspaces/amrROS2_ws/install/navigation:/home/smr/workspaces/amrROS2_ws/install/micro_ros_setup:/home/smr/workspaces/amrROS2_ws/install/bringup:/home/smr/workspaces/amrROS2_ws/install/micro_ros_agent:/home/smr/workspaces/amrROS2_ws/install/micro_ros_msgs:/home/smr/workspaces/amrROS2_ws/install/example:/home/smr/workspaces/amrROS2_ws/install/dock_lidar:/home/smr/workspaces/amrROS2_ws/install/description:/home/smr/workspaces/amrROS2_ws/install/robot_nav_tool:/home/smr/workspaces/amrROS2_ws/install/robot_data_tool:/home/smr/workspaces/amrROS2_ws/install/python_pkg:/home/smr/workspaces/amrROS2_ws/install/action_autodock:/opt/ros/humble LD_LIBRARY_PATH=/home/smr/workspaces/amrROS2_ws/install/custom_interface/lib:/home/smr/workspaces/amrROS2_ws/install/micro_ros_agent/lib:/home/smr/workspaces/amrROS2_ws/install/micro_ros_msgs/lib:/opt/ros/humble/opt/rviz_ogre_vendor/lib:/opt/ros/humble/lib/aarch64-linux-gnu:/opt/ros/humble/lib /usr/bin/cmake --install /home/smr/workspaces/amrROS2_ws/build/dock_lidar
