[0.132s] Invoking command in '/home/smr/workspaces/amrROS2_ws/build/navigation': CMAKE_PREFIX_PATH=${CMAKE_PREFIX_PATH}:/home/smr/workspaces/amrROS2_ws/install/python_pkg:/opt/ros/humble /usr/bin/cmake --build /home/smr/workspaces/amrROS2_ws/build/navigation -- -j8 -l8
[0.801s] Invoked command in '/home/smr/workspaces/amrROS2_ws/build/navigation' returned '0': CMAKE_PREFIX_PATH=${CMAKE_PREFIX_PATH}:/home/smr/workspaces/amrROS2_ws/install/python_pkg:/opt/ros/humble /usr/bin/cmake --build /home/smr/workspaces/amrROS2_ws/build/navigation -- -j8 -l8
[0.954s] Invoking command in '/home/smr/workspaces/amrROS2_ws/build/navigation': CMAKE_PREFIX_PATH=${CMAKE_PREFIX_PATH}:/home/smr/workspaces/amrROS2_ws/install/python_pkg:/opt/ros/humble /usr/bin/cmake --install /home/smr/workspaces/amrROS2_ws/build/navigation
[0.969s] -- Install configuration: ""
[0.990s] -- Up-to-date: /home/smr/workspaces/amrROS2_ws/install/navigation/share/navigation/launch
[0.992s] -- Up-to-date: /home/smr/workspaces/amrROS2_ws/install/navigation/share/navigation/launch/navigation_launch.py
[0.992s] -- Up-to-date: /home/smr/workspaces/amrROS2_ws/install/navigation/share/navigation/launch/collision_monitor_node.launch.py
[0.992s] -- Up-to-date: /home/smr/workspaces/amrROS2_ws/install/navigation/share/navigation/launch/navigation.launch.py
[0.993s] -- Up-to-date: /home/smr/workspaces/amrROS2_ws/install/navigation/share/navigation/launch/slam.launch.py
[0.993s] -- Up-to-date: /home/smr/workspaces/amrROS2_ws/install/navigation/share/navigation/config
[0.993s] -- Installing: /home/smr/workspaces/amrROS2_ws/install/navigation/share/navigation/config/navigation.yaml
[0.993s] -- Up-to-date: /home/smr/workspaces/amrROS2_ws/install/navigation/share/navigation/config/slam_localization.yaml
[0.993s] -- Up-to-date: /home/smr/workspaces/amrROS2_ws/install/navigation/share/navigation/config/mapper_params_online_async.yaml
[0.994s] -- Up-to-date: /home/smr/workspaces/amrROS2_ws/install/navigation/share/navigation/config/collision_monitor_params.yaml
[0.994s] -- Up-to-date: /home/smr/workspaces/amrROS2_ws/install/navigation/share/navigation/rviz
[0.994s] -- Up-to-date: /home/smr/workspaces/amrROS2_ws/install/navigation/share/navigation/rviz/slam.rviz
[0.995s] -- Up-to-date: /home/smr/workspaces/amrROS2_ws/install/navigation/share/navigation/rviz/navigation.rviz
[0.998s] -- Up-to-date: /home/smr/workspaces/amrROS2_ws/install/navigation/share/navigation/maps
[0.998s] -- Up-to-date: /home/smr/workspaces/amrROS2_ws/install/navigation/share/navigation/maps/Turtlebot_Arena_map.yaml
[0.999s] -- Up-to-date: /home/smr/workspaces/amrROS2_ws/install/navigation/share/navigation/maps/Turtlebot_Arena_map.pgm
[0.999s] -- Up-to-date: /home/smr/workspaces/amrROS2_ws/install/navigation/share/ament_index/resource_index/package_run_dependencies/navigation
[0.999s] -- Up-to-date: /home/smr/workspaces/amrROS2_ws/install/navigation/share/ament_index/resource_index/parent_prefix_path/navigation
[0.999s] -- Up-to-date: /home/smr/workspaces/amrROS2_ws/install/navigation/share/navigation/environment/ament_prefix_path.sh
[1.000s] -- Up-to-date: /home/smr/workspaces/amrROS2_ws/install/navigation/share/navigation/environment/ament_prefix_path.dsv
[1.000s] -- Up-to-date: /home/smr/workspaces/amrROS2_ws/install/navigation/share/navigation/environment/path.sh
[1.000s] -- Up-to-date: /home/smr/workspaces/amrROS2_ws/install/navigation/share/navigation/environment/path.dsv
[1.000s] -- Up-to-date: /home/smr/workspaces/amrROS2_ws/install/navigation/share/navigation/local_setup.bash
[1.000s] -- Up-to-date: /home/smr/workspaces/amrROS2_ws/install/navigation/share/navigation/local_setup.sh
[1.000s] -- Up-to-date: /home/smr/workspaces/amrROS2_ws/install/navigation/share/navigation/local_setup.zsh
[1.000s] -- Up-to-date: /home/smr/workspaces/amrROS2_ws/install/navigation/share/navigation/local_setup.dsv
[1.000s] -- Installing: /home/smr/workspaces/amrROS2_ws/install/navigation/share/navigation/package.dsv
[1.004s] -- Up-to-date: /home/smr/workspaces/amrROS2_ws/install/navigation/share/ament_index/resource_index/packages/navigation
[1.004s] -- Up-to-date: /home/smr/workspaces/amrROS2_ws/install/navigation/share/navigation/cmake/navigationConfig.cmake
[1.004s] -- Up-to-date: /home/smr/workspaces/amrROS2_ws/install/navigation/share/navigation/cmake/navigationConfig-version.cmake
[1.004s] -- Up-to-date: /home/smr/workspaces/amrROS2_ws/install/navigation/share/navigation/package.xml
[1.065s] Invoked command in '/home/smr/workspaces/amrROS2_ws/build/navigation' returned '0': CMAKE_PREFIX_PATH=${CMAKE_PREFIX_PATH}:/home/smr/workspaces/amrROS2_ws/install/python_pkg:/opt/ros/humble /usr/bin/cmake --install /home/smr/workspaces/amrROS2_ws/build/navigation
