[1.742s] Invoking command in '/home/smr/workspaces/amrROS2_ws/build/example': CMAKE_PREFIX_PATH=${CMAKE_PREFIX_PATH}:/home/smr/workspaces/amrROS2_ws/install/python_pkg:/home/smr/workspaces/amrROS2_ws/install/action_autodock:/opt/ros/humble /usr/bin/cmake --build /home/smr/workspaces/amrROS2_ws/build/example -- -j8 -l8
[2.790s] Invoked command in '/home/smr/workspaces/amrROS2_ws/build/example' returned '0': CMAKE_PREFIX_PATH=${CMAKE_PREFIX_PATH}:/home/smr/workspaces/amrROS2_ws/install/python_pkg:/home/smr/workspaces/amrROS2_ws/install/action_autodock:/opt/ros/humble /usr/bin/cmake --build /home/smr/workspaces/amrROS2_ws/build/example -- -j8 -l8
[2.885s] Invoking command in '/home/smr/workspaces/amrROS2_ws/build/example': CMAKE_PREFIX_PATH=${CMAKE_PREFIX_PATH}:/home/smr/workspaces/amrROS2_ws/install/python_pkg:/home/smr/workspaces/amrROS2_ws/install/action_autodock:/opt/ros/humble /usr/bin/cmake --install /home/smr/workspaces/amrROS2_ws/build/example
[2.992s] -- Install configuration: ""
[2.992s] -- Up-to-date: /home/smr/workspaces/amrROS2_ws/install/example/share/example/urdf
[3.002s] -- Up-to-date: /home/smr/workspaces/amrROS2_ws/install/example/share/example/urdf/robot.urdf
[3.003s] -- Up-to-date: /home/smr/workspaces/amrROS2_ws/install/example/share/example/urdf/robotgot.urdf
[3.003s] -- Up-to-date: /home/smr/workspaces/amrROS2_ws/install/example/share/ament_index/resource_index/package_run_dependencies/example
[3.069s] -- Up-to-date: /home/smr/workspaces/amrROS2_ws/install/example/share/ament_index/resource_index/parent_prefix_path/example
[3.070s] -- Up-to-date: /home/smr/workspaces/amrROS2_ws/install/example/share/example/environment/ament_prefix_path.sh
[3.070s] -- Up-to-date: /home/smr/workspaces/amrROS2_ws/install/example/share/example/environment/ament_prefix_path.dsv
[3.071s] -- Up-to-date: /home/smr/workspaces/amrROS2_ws/install/example/share/example/environment/path.sh
[3.071s] -- Up-to-date: /home/smr/workspaces/amrROS2_ws/install/example/share/example/environment/path.dsv
[3.072s] -- Up-to-date: /home/smr/workspaces/amrROS2_ws/install/example/share/example/local_setup.bash
[3.072s] -- Up-to-date: /home/smr/workspaces/amrROS2_ws/install/example/share/example/local_setup.sh
[3.073s] -- Up-to-date: /home/smr/workspaces/amrROS2_ws/install/example/share/example/local_setup.zsh
[3.073s] -- Up-to-date: /home/smr/workspaces/amrROS2_ws/install/example/share/example/local_setup.dsv
[3.074s] -- Installing: /home/smr/workspaces/amrROS2_ws/install/example/share/example/package.dsv
[3.082s] -- Up-to-date: /home/smr/workspaces/amrROS2_ws/install/example/share/ament_index/resource_index/packages/example
[3.086s] -- Up-to-date: /home/smr/workspaces/amrROS2_ws/install/example/share/example/cmake/exampleConfig.cmake
[3.087s] -- Up-to-date: /home/smr/workspaces/amrROS2_ws/install/example/share/example/cmake/exampleConfig-version.cmake
[3.087s] -- Up-to-date: /home/smr/workspaces/amrROS2_ws/install/example/share/example/package.xml
[3.090s] Invoked command in '/home/smr/workspaces/amrROS2_ws/build/example' returned '0': CMAKE_PREFIX_PATH=${CMAKE_PREFIX_PATH}:/home/smr/workspaces/amrROS2_ws/install/python_pkg:/home/smr/workspaces/amrROS2_ws/install/action_autodock:/opt/ros/humble /usr/bin/cmake --install /home/smr/workspaces/amrROS2_ws/build/example
