[0.543s] Invoking command in '/home/smr/workspaces/amrROS2_ws/build/navigation': CMAKE_PREFIX_PATH=${CMAKE_PREFIX_PATH}:/home/smr/workspaces/amrROS2_ws/install/robot_nav_tool:/home/smr/workspaces/amrROS2_ws/install/robot_data_tool:/home/smr/workspaces/amrROS2_ws/install/python_pkg:/home/smr/workspaces/amrROS2_ws/install/action_autodock:/opt/ros/humble /usr/bin/cmake --build /home/smr/workspaces/amrROS2_ws/build/navigation -- -j8 -l8
[1.184s] Invoked command in '/home/smr/workspaces/amrROS2_ws/build/navigation' returned '0': CMAKE_PREFIX_PATH=${CMAKE_PREFIX_PATH}:/home/smr/workspaces/amrROS2_ws/install/robot_nav_tool:/home/smr/workspaces/amrROS2_ws/install/robot_data_tool:/home/smr/workspaces/amrROS2_ws/install/python_pkg:/home/smr/workspaces/amrROS2_ws/install/action_autodock:/opt/ros/humble /usr/bin/cmake --build /home/smr/workspaces/amrROS2_ws/build/navigation -- -j8 -l8
[1.300s] Invoking command in '/home/smr/workspaces/amrROS2_ws/build/navigation': CMAKE_PREFIX_PATH=${CMAKE_PREFIX_PATH}:/home/smr/workspaces/amrROS2_ws/install/robot_nav_tool:/home/smr/workspaces/amrROS2_ws/install/robot_data_tool:/home/smr/workspaces/amrROS2_ws/install/python_pkg:/home/smr/workspaces/amrROS2_ws/install/action_autodock:/opt/ros/humble /usr/bin/cmake --install /home/smr/workspaces/amrROS2_ws/build/navigation
[1.351s] -- Install configuration: ""
[1.352s] -- Up-to-date: /home/smr/workspaces/amrROS2_ws/install/navigation/share/navigation/launch
[1.376s] -- Up-to-date: /home/smr/workspaces/amrROS2_ws/install/navigation/share/navigation/launch/navigation_launch.py
[1.377s] -- Up-to-date: /home/smr/workspaces/amrROS2_ws/install/navigation/share/navigation/launch/collision_monitor_node.launch.py
[1.378s] -- Up-to-date: /home/smr/workspaces/amrROS2_ws/install/navigation/share/navigation/launch/navigation.launch.py
[1.387s] -- Up-to-date: /home/smr/workspaces/amrROS2_ws/install/navigation/share/navigation/launch/slam.launch.py
[1.388s] -- Up-to-date: /home/smr/workspaces/amrROS2_ws/install/navigation/share/navigation/config
[1.389s] -- Up-to-date: /home/smr/workspaces/amrROS2_ws/install/navigation/share/navigation/config/navigation.yaml
[1.389s] -- Up-to-date: /home/smr/workspaces/amrROS2_ws/install/navigation/share/navigation/config/slam_localization.yaml
[1.390s] -- Up-to-date: /home/smr/workspaces/amrROS2_ws/install/navigation/share/navigation/config/mapper_params_online_async.yaml
[1.390s] -- Up-to-date: /home/smr/workspaces/amrROS2_ws/install/navigation/share/navigation/config/collision_monitor_params.yaml
[1.391s] -- Up-to-date: /home/smr/workspaces/amrROS2_ws/install/navigation/share/navigation/rviz
[1.391s] -- Up-to-date: /home/smr/workspaces/amrROS2_ws/install/navigation/share/navigation/rviz/slam.rviz
[1.392s] -- Up-to-date: /home/smr/workspaces/amrROS2_ws/install/navigation/share/navigation/rviz/navigation.rviz
[1.392s] -- Up-to-date: /home/smr/workspaces/amrROS2_ws/install/navigation/share/navigation/maps
[1.392s] -- Up-to-date: /home/smr/workspaces/amrROS2_ws/install/navigation/share/navigation/maps/Turtlebot_Arena_map.yaml
[1.393s] -- Up-to-date: /home/smr/workspaces/amrROS2_ws/install/navigation/share/navigation/maps/Turtlebot_Arena_map.pgm
[1.393s] -- Up-to-date: /home/smr/workspaces/amrROS2_ws/install/navigation/share/ament_index/resource_index/package_run_dependencies/navigation
[1.393s] -- Up-to-date: /home/smr/workspaces/amrROS2_ws/install/navigation/share/ament_index/resource_index/parent_prefix_path/navigation
[1.394s] -- Up-to-date: /home/smr/workspaces/amrROS2_ws/install/navigation/share/navigation/environment/ament_prefix_path.sh
[1.394s] -- Up-to-date: /home/smr/workspaces/amrROS2_ws/install/navigation/share/navigation/environment/ament_prefix_path.dsv
[1.395s] -- Up-to-date: /home/smr/workspaces/amrROS2_ws/install/navigation/share/navigation/environment/path.sh
[1.395s] -- Up-to-date: /home/smr/workspaces/amrROS2_ws/install/navigation/share/navigation/environment/path.dsv
[1.396s] -- Up-to-date: /home/smr/workspaces/amrROS2_ws/install/navigation/share/navigation/local_setup.bash
[1.396s] -- Up-to-date: /home/smr/workspaces/amrROS2_ws/install/navigation/share/navigation/local_setup.sh
[1.396s] -- Up-to-date: /home/smr/workspaces/amrROS2_ws/install/navigation/share/navigation/local_setup.zsh
[1.397s] -- Up-to-date: /home/smr/workspaces/amrROS2_ws/install/navigation/share/navigation/local_setup.dsv
[1.397s] -- Installing: /home/smr/workspaces/amrROS2_ws/install/navigation/share/navigation/package.dsv
[1.404s] -- Up-to-date: /home/smr/workspaces/amrROS2_ws/install/navigation/share/ament_index/resource_index/packages/navigation
[1.404s] -- Up-to-date: /home/smr/workspaces/amrROS2_ws/install/navigation/share/navigation/cmake/navigationConfig.cmake
[1.404s] -- Up-to-date: /home/smr/workspaces/amrROS2_ws/install/navigation/share/navigation/cmake/navigationConfig-version.cmake
[1.404s] -- Up-to-date: /home/smr/workspaces/amrROS2_ws/install/navigation/share/navigation/package.xml
[1.512s] Invoked command in '/home/smr/workspaces/amrROS2_ws/build/navigation' returned '0': CMAKE_PREFIX_PATH=${CMAKE_PREFIX_PATH}:/home/smr/workspaces/amrROS2_ws/install/robot_nav_tool:/home/smr/workspaces/amrROS2_ws/install/robot_data_tool:/home/smr/workspaces/amrROS2_ws/install/python_pkg:/home/smr/workspaces/amrROS2_ws/install/action_autodock:/opt/ros/humble /usr/bin/cmake --install /home/smr/workspaces/amrROS2_ws/build/navigation
