[2.614s] Invoking command in '/home/smr/workspaces/amrROS2_ws/src/python_pkg': PYTHONPATH=/home/smr/workspaces/amrROS2_ws/build/python_pkg/prefix_override:/usr/lib/python3/dist-packages/colcon_core/task/python/colcon_distutils_commands:/home/smr/workspaces/amrROS2_ws/install/python_pkg/lib/python3.10/site-packages:${PYTHONPATH} /usr/bin/python3 -W ignore:setup.py install is deprecated setup.py egg_info --egg-base ../../build/python_pkg build --build-base /home/smr/workspaces/amrROS2_ws/build/python_pkg/build install --record /home/smr/workspaces/amrROS2_ws/build/python_pkg/install.log --single-version-externally-managed install_data
[3.062s] running egg_info
[3.063s] writing ../../build/python_pkg/python_pkg.egg-info/PKG-INFO
[3.064s] writing dependency_links to ../../build/python_pkg/python_pkg.egg-info/dependency_links.txt
[3.065s] writing entry points to ../../build/python_pkg/python_pkg.egg-info/entry_points.txt
[3.066s] writing requirements to ../../build/python_pkg/python_pkg.egg-info/requires.txt
[3.069s] writing top-level names to ../../build/python_pkg/python_pkg.egg-info/top_level.txt
[3.069s] reading manifest file '../../build/python_pkg/python_pkg.egg-info/SOURCES.txt'
[3.070s] adding license file 'LICENSE'
[3.071s] writing manifest file '../../build/python_pkg/python_pkg.egg-info/SOURCES.txt'
[3.071s] running build
[3.072s] running build_py
[3.072s] running install
[3.073s] running install_lib
[3.074s] running install_data
[3.075s] running install_egg_info
[3.096s] removing '/home/smr/workspaces/amrROS2_ws/install/python_pkg/lib/python3.10/site-packages/python_pkg-0.0.0-py3.10.egg-info' (and everything under it)
[3.096s] Copying ../../build/python_pkg/python_pkg.egg-info to /home/smr/workspaces/amrROS2_ws/install/python_pkg/lib/python3.10/site-packages/python_pkg-0.0.0-py3.10.egg-info
[3.104s] running install_scripts
[3.129s] Installing ip_publisher script to /home/smr/workspaces/amrROS2_ws/install/python_pkg/lib/python_pkg
[3.130s] writing list of installed files to '/home/smr/workspaces/amrROS2_ws/build/python_pkg/install.log'
[3.222s] Invoked command in '/home/smr/workspaces/amrROS2_ws/src/python_pkg' returned '0': PYTHONPATH=/home/smr/workspaces/amrROS2_ws/build/python_pkg/prefix_override:/usr/lib/python3/dist-packages/colcon_core/task/python/colcon_distutils_commands:/home/smr/workspaces/amrROS2_ws/install/python_pkg/lib/python3.10/site-packages:${PYTHONPATH} /usr/bin/python3 -W ignore:setup.py install is deprecated setup.py egg_info --egg-base ../../build/python_pkg build --build-base /home/smr/workspaces/amrROS2_ws/build/python_pkg/build install --record /home/smr/workspaces/amrROS2_ws/build/python_pkg/install.log --single-version-externally-managed install_data
