[1.219s] Invoking command in '/home/smr/workspaces/amrROS2_ws/src/python_pkg': PYTHONPATH=/home/smr/workspaces/amrROS2_ws/build/python_pkg/prefix_override:/usr/lib/python3/dist-packages/colcon_core/task/python/colcon_distutils_commands:/home/smr/workspaces/amrROS2_ws/install/python_pkg/lib/python3.10/site-packages:${PYTHONPATH} /usr/bin/python3 -W ignore:setup.py install is deprecated setup.py egg_info --egg-base ../../build/python_pkg build --build-base /home/smr/workspaces/amrROS2_ws/build/python_pkg/build install --record /home/smr/workspaces/amrROS2_ws/build/python_pkg/install.log --single-version-externally-managed install_data
[1.592s] running egg_info
[1.593s] writing ../../build/python_pkg/python_pkg.egg-info/PKG-INFO
[1.593s] writing dependency_links to ../../build/python_pkg/python_pkg.egg-info/dependency_links.txt
[1.594s] writing entry points to ../../build/python_pkg/python_pkg.egg-info/entry_points.txt
[1.594s] writing requirements to ../../build/python_pkg/python_pkg.egg-info/requires.txt
[1.595s] writing top-level names to ../../build/python_pkg/python_pkg.egg-info/top_level.txt
[1.598s] reading manifest file '../../build/python_pkg/python_pkg.egg-info/SOURCES.txt'
[1.598s] adding license file 'LICENSE'
[1.599s] writing manifest file '../../build/python_pkg/python_pkg.egg-info/SOURCES.txt'
[1.599s] running build
[1.600s] running build_py
[1.600s] running install
[1.601s] running install_lib
[1.603s] running install_data
[1.604s] running install_egg_info
[1.606s] removing '/home/smr/workspaces/amrROS2_ws/install/python_pkg/lib/python3.10/site-packages/python_pkg-0.0.0-py3.10.egg-info' (and everything under it)
[1.607s] Copying ../../build/python_pkg/python_pkg.egg-info to /home/smr/workspaces/amrROS2_ws/install/python_pkg/lib/python3.10/site-packages/python_pkg-0.0.0-py3.10.egg-info
[1.608s] running install_scripts
[1.643s] Installing ip_publisher script to /home/smr/workspaces/amrROS2_ws/install/python_pkg/lib/python_pkg
[1.644s] writing list of installed files to '/home/smr/workspaces/amrROS2_ws/build/python_pkg/install.log'
[1.712s] Invoked command in '/home/smr/workspaces/amrROS2_ws/src/python_pkg' returned '0': PYTHONPATH=/home/smr/workspaces/amrROS2_ws/build/python_pkg/prefix_override:/usr/lib/python3/dist-packages/colcon_core/task/python/colcon_distutils_commands:/home/smr/workspaces/amrROS2_ws/install/python_pkg/lib/python3.10/site-packages:${PYTHONPATH} /usr/bin/python3 -W ignore:setup.py install is deprecated setup.py egg_info --egg-base ../../build/python_pkg build --build-base /home/smr/workspaces/amrROS2_ws/build/python_pkg/build install --record /home/smr/workspaces/amrROS2_ws/build/python_pkg/install.log --single-version-externally-managed install_data
