[0.070s] Invoking command in '/home/smr/workspaces/amrROS2_ws/build/micro_ros_msgs': CMAKE_PREFIX_PATH=${CMAKE_PREFIX_PATH}:/home/smr/workspaces/amrROS2_ws/install/robot_nav_tool:/home/smr/workspaces/amrROS2_ws/install/robot_data_tool:/home/smr/workspaces/amrROS2_ws/install/python_pkg:/home/smr/workspaces/amrROS2_ws/install/action_autodock:/opt/ros/humble /usr/bin/cmake --build /home/smr/workspaces/amrROS2_ws/build/micro_ros_msgs -- -j8 -l8
[0.600s] [ 10%] Built target micro_ros_msgs__rosidl_generator_c
[0.600s] [ 12%] Built target micro_ros_msgs__cpp
[0.600s] [ 23%] Built target micro_ros_msgs__rosidl_typesupport_introspection_c
[0.600s] [ 23%] Built target ament_cmake_python_copy_micro_ros_msgs
[0.600s] [ 34%] Built target micro_ros_msgs__rosidl_typesupport_fastrtps_c
[0.600s] [ 44%] Built target micro_ros_msgs__rosidl_typesupport_cpp
[0.600s] [ 55%] Built target micro_ros_msgs__rosidl_typesupport_fastrtps_cpp
[0.600s] [ 65%] Built target micro_ros_msgs__rosidl_typesupport_c
[0.601s] [ 76%] Built target micro_ros_msgs__rosidl_typesupport_introspection_cpp
[0.601s] [ 76%] Built target micro_ros_msgs
[0.601s] [ 78%] Built target micro_ros_msgs__py
[0.690s] [ 87%] Built target micro_ros_msgs__rosidl_generator_py
[0.779s] [ 91%] Built target micro_ros_msgs__rosidl_typesupport_fastrtps_c__pyext
[0.787s] [ 95%] Built target micro_ros_msgs__rosidl_typesupport_introspection_c__pyext
[0.791s] [100%] Built target micro_ros_msgs__rosidl_typesupport_c__pyext
[0.839s] running egg_info
[0.840s] writing micro_ros_msgs.egg-info/PKG-INFO
[0.841s] writing dependency_links to micro_ros_msgs.egg-info/dependency_links.txt
[0.842s] writing top-level names to micro_ros_msgs.egg-info/top_level.txt
[0.845s] reading manifest file 'micro_ros_msgs.egg-info/SOURCES.txt'
[0.846s] writing manifest file 'micro_ros_msgs.egg-info/SOURCES.txt'
[0.914s] [100%] Built target ament_cmake_python_build_micro_ros_msgs_egg
[1.172s] Invoked command in '/home/smr/workspaces/amrROS2_ws/build/micro_ros_msgs' returned '0': CMAKE_PREFIX_PATH=${CMAKE_PREFIX_PATH}:/home/smr/workspaces/amrROS2_ws/install/robot_nav_tool:/home/smr/workspaces/amrROS2_ws/install/robot_data_tool:/home/smr/workspaces/amrROS2_ws/install/python_pkg:/home/smr/workspaces/amrROS2_ws/install/action_autodock:/opt/ros/humble /usr/bin/cmake --build /home/smr/workspaces/amrROS2_ws/build/micro_ros_msgs -- -j8 -l8
[1.558s] Invoking command in '/home/smr/workspaces/amrROS2_ws/build/micro_ros_msgs': CMAKE_PREFIX_PATH=${CMAKE_PREFIX_PATH}:/home/smr/workspaces/amrROS2_ws/install/robot_nav_tool:/home/smr/workspaces/amrROS2_ws/install/robot_data_tool:/home/smr/workspaces/amrROS2_ws/install/python_pkg:/home/smr/workspaces/amrROS2_ws/install/action_autodock:/opt/ros/humble /usr/bin/cmake --install /home/smr/workspaces/amrROS2_ws/build/micro_ros_msgs
[1.584s] -- Install configuration: ""
[1.600s] -- Up-to-date: /home/smr/workspaces/amrROS2_ws/install/micro_ros_msgs/share/ament_index/resource_index/rosidl_interfaces/micro_ros_msgs
[1.601s] -- Up-to-date: /home/smr/workspaces/amrROS2_ws/install/micro_ros_msgs/include/micro_ros_msgs/micro_ros_msgs
[1.601s] -- Up-to-date: /home/smr/workspaces/amrROS2_ws/install/micro_ros_msgs/include/micro_ros_msgs/micro_ros_msgs/msg
[1.602s] -- Up-to-date: /home/smr/workspaces/amrROS2_ws/install/micro_ros_msgs/include/micro_ros_msgs/micro_ros_msgs/msg/node.h
[1.603s] -- Up-to-date: /home/smr/workspaces/amrROS2_ws/install/micro_ros_msgs/include/micro_ros_msgs/micro_ros_msgs/msg/detail
[1.603s] -- Up-to-date: /home/smr/workspaces/amrROS2_ws/install/micro_ros_msgs/include/micro_ros_msgs/micro_ros_msgs/msg/detail/node__functions.h
[1.604s] -- Up-to-date: /home/smr/workspaces/amrROS2_ws/install/micro_ros_msgs/include/micro_ros_msgs/micro_ros_msgs/msg/detail/graph__functions.c
[1.605s] -- Up-to-date: /home/smr/workspaces/amrROS2_ws/install/micro_ros_msgs/include/micro_ros_msgs/micro_ros_msgs/msg/detail/entity__struct.h
[1.605s] -- Up-to-date: /home/smr/workspaces/amrROS2_ws/install/micro_ros_msgs/include/micro_ros_msgs/micro_ros_msgs/msg/detail/node__struct.h
[1.606s] -- Up-to-date: /home/smr/workspaces/amrROS2_ws/install/micro_ros_msgs/include/micro_ros_msgs/micro_ros_msgs/msg/detail/node__functions.c
[1.607s] -- Up-to-date: /home/smr/workspaces/amrROS2_ws/install/micro_ros_msgs/include/micro_ros_msgs/micro_ros_msgs/msg/detail/graph__functions.h
[1.607s] -- Up-to-date: /home/smr/workspaces/amrROS2_ws/install/micro_ros_msgs/include/micro_ros_msgs/micro_ros_msgs/msg/detail/entity__type_support.h
[1.608s] -- Up-to-date: /home/smr/workspaces/amrROS2_ws/install/micro_ros_msgs/include/micro_ros_msgs/micro_ros_msgs/msg/detail/entity__functions.c
[1.608s] -- Up-to-date: /home/smr/workspaces/amrROS2_ws/install/micro_ros_msgs/include/micro_ros_msgs/micro_ros_msgs/msg/detail/graph__type_support.h
[1.609s] -- Up-to-date: /home/smr/workspaces/amrROS2_ws/install/micro_ros_msgs/include/micro_ros_msgs/micro_ros_msgs/msg/detail/node__type_support.h
[1.615s] -- Up-to-date: /home/smr/workspaces/amrROS2_ws/install/micro_ros_msgs/include/micro_ros_msgs/micro_ros_msgs/msg/detail/entity__functions.h
[1.616s] -- Up-to-date: /home/smr/workspaces/amrROS2_ws/install/micro_ros_msgs/include/micro_ros_msgs/micro_ros_msgs/msg/detail/graph__struct.h
[1.617s] -- Up-to-date: /home/smr/workspaces/amrROS2_ws/install/micro_ros_msgs/include/micro_ros_msgs/micro_ros_msgs/msg/rosidl_generator_c__visibility_control.h
[1.617s] -- Up-to-date: /home/smr/workspaces/amrROS2_ws/install/micro_ros_msgs/include/micro_ros_msgs/micro_ros_msgs/msg/graph.h
[1.617s] -- Up-to-date: /home/smr/workspaces/amrROS2_ws/install/micro_ros_msgs/include/micro_ros_msgs/micro_ros_msgs/msg/entity.h
[1.618s] -- Up-to-date: /home/smr/workspaces/amrROS2_ws/install/micro_ros_msgs/share/micro_ros_msgs/environment/library_path.sh
[1.619s] -- Up-to-date: /home/smr/workspaces/amrROS2_ws/install/micro_ros_msgs/share/micro_ros_msgs/environment/library_path.dsv
[1.619s] -- Up-to-date: /home/smr/workspaces/amrROS2_ws/install/micro_ros_msgs/lib/libmicro_ros_msgs__rosidl_generator_c.so
[1.620s] -- Up-to-date: /home/smr/workspaces/amrROS2_ws/install/micro_ros_msgs/include/micro_ros_msgs/micro_ros_msgs
[1.621s] -- Up-to-date: /home/smr/workspaces/amrROS2_ws/install/micro_ros_msgs/include/micro_ros_msgs/micro_ros_msgs/msg
[1.622s] -- Up-to-date: /home/smr/workspaces/amrROS2_ws/install/micro_ros_msgs/include/micro_ros_msgs/micro_ros_msgs/msg/detail
[1.622s] -- Up-to-date: /home/smr/workspaces/amrROS2_ws/install/micro_ros_msgs/include/micro_ros_msgs/micro_ros_msgs/msg/detail/node__rosidl_typesupport_fastrtps_c.h
[1.623s] -- Up-to-date: /home/smr/workspaces/amrROS2_ws/install/micro_ros_msgs/include/micro_ros_msgs/micro_ros_msgs/msg/detail/entity__rosidl_typesupport_fastrtps_c.h
[1.623s] -- Up-to-date: /home/smr/workspaces/amrROS2_ws/install/micro_ros_msgs/include/micro_ros_msgs/micro_ros_msgs/msg/detail/graph__rosidl_typesupport_fastrtps_c.h
[1.624s] -- Up-to-date: /home/smr/workspaces/amrROS2_ws/install/micro_ros_msgs/include/micro_ros_msgs/micro_ros_msgs/msg/rosidl_typesupport_fastrtps_c__visibility_control.h
[1.629s] -- Up-to-date: /home/smr/workspaces/amrROS2_ws/install/micro_ros_msgs/lib/libmicro_ros_msgs__rosidl_typesupport_fastrtps_c.so
[1.630s] -- Up-to-date: /home/smr/workspaces/amrROS2_ws/install/micro_ros_msgs/include/micro_ros_msgs/micro_ros_msgs
[1.630s] -- Up-to-date: /home/smr/workspaces/amrROS2_ws/install/micro_ros_msgs/include/micro_ros_msgs/micro_ros_msgs/msg
[1.631s] -- Up-to-date: /home/smr/workspaces/amrROS2_ws/install/micro_ros_msgs/include/micro_ros_msgs/micro_ros_msgs/msg/detail
[1.631s] -- Up-to-date: /home/smr/workspaces/amrROS2_ws/install/micro_ros_msgs/include/micro_ros_msgs/micro_ros_msgs/msg/detail/node__type_support.c
[1.632s] -- Up-to-date: /home/smr/workspaces/amrROS2_ws/install/micro_ros_msgs/include/micro_ros_msgs/micro_ros_msgs/msg/detail/entity__rosidl_typesupport_introspection_c.h
[1.632s] -- Up-to-date: /home/smr/workspaces/amrROS2_ws/install/micro_ros_msgs/include/micro_ros_msgs/micro_ros_msgs/msg/detail/graph__type_support.c
[1.633s] -- Up-to-date: /home/smr/workspaces/amrROS2_ws/install/micro_ros_msgs/include/micro_ros_msgs/micro_ros_msgs/msg/detail/graph__rosidl_typesupport_introspection_c.h
[1.633s] -- Up-to-date: /home/smr/workspaces/amrROS2_ws/install/micro_ros_msgs/include/micro_ros_msgs/micro_ros_msgs/msg/detail/node__rosidl_typesupport_introspection_c.h
[1.633s] -- Up-to-date: /home/smr/workspaces/amrROS2_ws/install/micro_ros_msgs/include/micro_ros_msgs/micro_ros_msgs/msg/detail/entity__type_support.c
[1.634s] -- Up-to-date: /home/smr/workspaces/amrROS2_ws/install/micro_ros_msgs/include/micro_ros_msgs/micro_ros_msgs/msg/rosidl_typesupport_introspection_c__visibility_control.h
[1.634s] -- Up-to-date: /home/smr/workspaces/amrROS2_ws/install/micro_ros_msgs/lib/libmicro_ros_msgs__rosidl_typesupport_introspection_c.so
[1.635s] -- Up-to-date: /home/smr/workspaces/amrROS2_ws/install/micro_ros_msgs/lib/libmicro_ros_msgs__rosidl_typesupport_c.so
[1.635s] -- Up-to-date: /home/smr/workspaces/amrROS2_ws/install/micro_ros_msgs/include/micro_ros_msgs/micro_ros_msgs
[1.636s] -- Up-to-date: /home/smr/workspaces/amrROS2_ws/install/micro_ros_msgs/include/micro_ros_msgs/micro_ros_msgs/msg
[1.636s] -- Up-to-date: /home/smr/workspaces/amrROS2_ws/install/micro_ros_msgs/include/micro_ros_msgs/micro_ros_msgs/msg/detail
[1.636s] -- Up-to-date: /home/smr/workspaces/amrROS2_ws/install/micro_ros_msgs/include/micro_ros_msgs/micro_ros_msgs/msg/detail/entity__traits.hpp
[1.637s] -- Up-to-date: /home/smr/workspaces/amrROS2_ws/install/micro_ros_msgs/include/micro_ros_msgs/micro_ros_msgs/msg/detail/node__traits.hpp
[1.637s] -- Up-to-date: /home/smr/workspaces/amrROS2_ws/install/micro_ros_msgs/include/micro_ros_msgs/micro_ros_msgs/msg/detail/entity__struct.hpp
[1.638s] -- Up-to-date: /home/smr/workspaces/amrROS2_ws/install/micro_ros_msgs/include/micro_ros_msgs/micro_ros_msgs/msg/detail/graph__traits.hpp
[1.638s] -- Up-to-date: /home/smr/workspaces/amrROS2_ws/install/micro_ros_msgs/include/micro_ros_msgs/micro_ros_msgs/msg/detail/graph__builder.hpp
[1.639s] -- Up-to-date: /home/smr/workspaces/amrROS2_ws/install/micro_ros_msgs/include/micro_ros_msgs/micro_ros_msgs/msg/detail/node__struct.hpp
[1.639s] -- Up-to-date: /home/smr/workspaces/amrROS2_ws/install/micro_ros_msgs/include/micro_ros_msgs/micro_ros_msgs/msg/detail/graph__struct.hpp
[1.639s] -- Up-to-date: /home/smr/workspaces/amrROS2_ws/install/micro_ros_msgs/include/micro_ros_msgs/micro_ros_msgs/msg/detail/node__builder.hpp
[1.640s] -- Up-to-date: /home/smr/workspaces/amrROS2_ws/install/micro_ros_msgs/include/micro_ros_msgs/micro_ros_msgs/msg/detail/entity__builder.hpp
[1.640s] -- Up-to-date: /home/smr/workspaces/amrROS2_ws/install/micro_ros_msgs/include/micro_ros_msgs/micro_ros_msgs/msg/node.hpp
[1.641s] -- Up-to-date: /home/smr/workspaces/amrROS2_ws/install/micro_ros_msgs/include/micro_ros_msgs/micro_ros_msgs/msg/graph.hpp
[1.641s] -- Up-to-date: /home/smr/workspaces/amrROS2_ws/install/micro_ros_msgs/include/micro_ros_msgs/micro_ros_msgs/msg/entity.hpp
[1.641s] -- Up-to-date: /home/smr/workspaces/amrROS2_ws/install/micro_ros_msgs/include/micro_ros_msgs/micro_ros_msgs
[1.642s] -- Up-to-date: /home/smr/workspaces/amrROS2_ws/install/micro_ros_msgs/include/micro_ros_msgs/micro_ros_msgs/msg
[1.642s] -- Up-to-date: /home/smr/workspaces/amrROS2_ws/install/micro_ros_msgs/include/micro_ros_msgs/micro_ros_msgs/msg/detail
[1.643s] -- Up-to-date: /home/smr/workspaces/amrROS2_ws/install/micro_ros_msgs/include/micro_ros_msgs/micro_ros_msgs/msg/detail/entity__rosidl_typesupport_fastrtps_cpp.hpp
[1.643s] -- Up-to-date: /home/smr/workspaces/amrROS2_ws/install/micro_ros_msgs/include/micro_ros_msgs/micro_ros_msgs/msg/detail/graph__rosidl_typesupport_fastrtps_cpp.hpp
[1.644s] -- Up-to-date: /home/smr/workspaces/amrROS2_ws/install/micro_ros_msgs/include/micro_ros_msgs/micro_ros_msgs/msg/detail/dds_fastrtps
[1.644s] -- Up-to-date: /home/smr/workspaces/amrROS2_ws/install/micro_ros_msgs/include/micro_ros_msgs/micro_ros_msgs/msg/detail/node__rosidl_typesupport_fastrtps_cpp.hpp
[1.644s] -- Up-to-date: /home/smr/workspaces/amrROS2_ws/install/micro_ros_msgs/include/micro_ros_msgs/micro_ros_msgs/msg/rosidl_typesupport_fastrtps_cpp__visibility_control.h
[1.644s] -- Up-to-date: /home/smr/workspaces/amrROS2_ws/install/micro_ros_msgs/lib/libmicro_ros_msgs__rosidl_typesupport_fastrtps_cpp.so
[1.644s] -- Up-to-date: /home/smr/workspaces/amrROS2_ws/install/micro_ros_msgs/include/micro_ros_msgs/micro_ros_msgs
[1.644s] -- Up-to-date: /home/smr/workspaces/amrROS2_ws/install/micro_ros_msgs/include/micro_ros_msgs/micro_ros_msgs/msg
[1.645s] -- Up-to-date: /home/smr/workspaces/amrROS2_ws/install/micro_ros_msgs/include/micro_ros_msgs/micro_ros_msgs/msg/detail
[1.645s] -- Up-to-date: /home/smr/workspaces/amrROS2_ws/install/micro_ros_msgs/include/micro_ros_msgs/micro_ros_msgs/msg/detail/node__type_support.cpp
[1.645s] -- Up-to-date: /home/smr/workspaces/amrROS2_ws/install/micro_ros_msgs/include/micro_ros_msgs/micro_ros_msgs/msg/detail/node__rosidl_typesupport_introspection_cpp.hpp
[1.645s] -- Up-to-date: /home/smr/workspaces/amrROS2_ws/install/micro_ros_msgs/include/micro_ros_msgs/micro_ros_msgs/msg/detail/graph__rosidl_typesupport_introspection_cpp.hpp
[1.645s] -- Up-to-date: /home/smr/workspaces/amrROS2_ws/install/micro_ros_msgs/include/micro_ros_msgs/micro_ros_msgs/msg/detail/entity__rosidl_typesupport_introspection_cpp.hpp
[1.645s] -- Up-to-date: /home/smr/workspaces/amrROS2_ws/install/micro_ros_msgs/include/micro_ros_msgs/micro_ros_msgs/msg/detail/entity__type_support.cpp
[1.645s] -- Up-to-date: /home/smr/workspaces/amrROS2_ws/install/micro_ros_msgs/include/micro_ros_msgs/micro_ros_msgs/msg/detail/graph__type_support.cpp
[1.645s] -- Up-to-date: /home/smr/workspaces/amrROS2_ws/install/micro_ros_msgs/lib/libmicro_ros_msgs__rosidl_typesupport_introspection_cpp.so
[1.645s] -- Up-to-date: /home/smr/workspaces/amrROS2_ws/install/micro_ros_msgs/lib/libmicro_ros_msgs__rosidl_typesupport_cpp.so
[1.645s] -- Up-to-date: /home/smr/workspaces/amrROS2_ws/install/micro_ros_msgs/share/micro_ros_msgs/environment/pythonpath.sh
[1.645s] -- Up-to-date: /home/smr/workspaces/amrROS2_ws/install/micro_ros_msgs/share/micro_ros_msgs/environment/pythonpath.dsv
[1.645s] -- Up-to-date: /home/smr/workspaces/amrROS2_ws/install/micro_ros_msgs/local/lib/python3.10/dist-packages/micro_ros_msgs-3.0.1-py3.10.egg-info
[1.646s] -- Installing: /home/smr/workspaces/amrROS2_ws/install/micro_ros_msgs/local/lib/python3.10/dist-packages/micro_ros_msgs-3.0.1-py3.10.egg-info/dependency_links.txt
[1.646s] -- Installing: /home/smr/workspaces/amrROS2_ws/install/micro_ros_msgs/local/lib/python3.10/dist-packages/micro_ros_msgs-3.0.1-py3.10.egg-info/top_level.txt
[1.646s] -- Installing: /home/smr/workspaces/amrROS2_ws/install/micro_ros_msgs/local/lib/python3.10/dist-packages/micro_ros_msgs-3.0.1-py3.10.egg-info/SOURCES.txt
[1.646s] -- Installing: /home/smr/workspaces/amrROS2_ws/install/micro_ros_msgs/local/lib/python3.10/dist-packages/micro_ros_msgs-3.0.1-py3.10.egg-info/PKG-INFO
[1.646s] -- Up-to-date: /home/smr/workspaces/amrROS2_ws/install/micro_ros_msgs/local/lib/python3.10/dist-packages/micro_ros_msgs
[1.646s] -- Up-to-date: /home/smr/workspaces/amrROS2_ws/install/micro_ros_msgs/local/lib/python3.10/dist-packages/micro_ros_msgs/micro_ros_msgs_s__rosidl_typesupport_introspection_c.cpython-310-aarch64-linux-gnu.so
[1.646s] -- Up-to-date: /home/smr/workspaces/amrROS2_ws/install/micro_ros_msgs/local/lib/python3.10/dist-packages/micro_ros_msgs/_micro_ros_msgs_s.ep.rosidl_typesupport_c.c
[1.646s] -- Up-to-date: /home/smr/workspaces/amrROS2_ws/install/micro_ros_msgs/local/lib/python3.10/dist-packages/micro_ros_msgs/_micro_ros_msgs_s.ep.rosidl_typesupport_introspection_c.c
[1.646s] -- Up-to-date: /home/smr/workspaces/amrROS2_ws/install/micro_ros_msgs/local/lib/python3.10/dist-packages/micro_ros_msgs/msg
[1.646s] -- Up-to-date: /home/smr/workspaces/amrROS2_ws/install/micro_ros_msgs/local/lib/python3.10/dist-packages/micro_ros_msgs/msg/_node.py
[1.646s] -- Up-to-date: /home/smr/workspaces/amrROS2_ws/install/micro_ros_msgs/local/lib/python3.10/dist-packages/micro_ros_msgs/msg/_graph_s.c
[1.647s] -- Up-to-date: /home/smr/workspaces/amrROS2_ws/install/micro_ros_msgs/local/lib/python3.10/dist-packages/micro_ros_msgs/msg/_graph.py
[1.647s] -- Up-to-date: /home/smr/workspaces/amrROS2_ws/install/micro_ros_msgs/local/lib/python3.10/dist-packages/micro_ros_msgs/msg/_entity_s.c
[1.647s] -- Up-to-date: /home/smr/workspaces/amrROS2_ws/install/micro_ros_msgs/local/lib/python3.10/dist-packages/micro_ros_msgs/msg/_node_s.c
[1.647s] -- Up-to-date: /home/smr/workspaces/amrROS2_ws/install/micro_ros_msgs/local/lib/python3.10/dist-packages/micro_ros_msgs/msg/_entity.py
[1.647s] -- Up-to-date: /home/smr/workspaces/amrROS2_ws/install/micro_ros_msgs/local/lib/python3.10/dist-packages/micro_ros_msgs/msg/__init__.py
[1.647s] -- Up-to-date: /home/smr/workspaces/amrROS2_ws/install/micro_ros_msgs/local/lib/python3.10/dist-packages/micro_ros_msgs/libmicro_ros_msgs__rosidl_generator_py.so
[1.647s] -- Up-to-date: /home/smr/workspaces/amrROS2_ws/install/micro_ros_msgs/local/lib/python3.10/dist-packages/micro_ros_msgs/_micro_ros_msgs_s.ep.rosidl_typesupport_fastrtps_c.c
[1.647s] -- Up-to-date: /home/smr/workspaces/amrROS2_ws/install/micro_ros_msgs/local/lib/python3.10/dist-packages/micro_ros_msgs/micro_ros_msgs_s__rosidl_typesupport_fastrtps_c.cpython-310-aarch64-linux-gnu.so
[1.647s] -- Up-to-date: /home/smr/workspaces/amrROS2_ws/install/micro_ros_msgs/local/lib/python3.10/dist-packages/micro_ros_msgs/micro_ros_msgs_s__rosidl_typesupport_c.cpython-310-aarch64-linux-gnu.so
[1.647s] -- Up-to-date: /home/smr/workspaces/amrROS2_ws/install/micro_ros_msgs/local/lib/python3.10/dist-packages/micro_ros_msgs/__init__.py
[1.680s] Listing '/home/smr/workspaces/amrROS2_ws/install/micro_ros_msgs/local/lib/python3.10/dist-packages/micro_ros_msgs'...
[1.680s] Listing '/home/smr/workspaces/amrROS2_ws/install/micro_ros_msgs/local/lib/python3.10/dist-packages/micro_ros_msgs/msg'...
[1.692s] -- Up-to-date: /home/smr/workspaces/amrROS2_ws/install/micro_ros_msgs/local/lib/python3.10/dist-packages/micro_ros_msgs/micro_ros_msgs_s__rosidl_typesupport_fastrtps_c.cpython-310-aarch64-linux-gnu.so
[1.693s] -- Up-to-date: /home/smr/workspaces/amrROS2_ws/install/micro_ros_msgs/local/lib/python3.10/dist-packages/micro_ros_msgs/micro_ros_msgs_s__rosidl_typesupport_introspection_c.cpython-310-aarch64-linux-gnu.so
[1.693s] -- Up-to-date: /home/smr/workspaces/amrROS2_ws/install/micro_ros_msgs/local/lib/python3.10/dist-packages/micro_ros_msgs/micro_ros_msgs_s__rosidl_typesupport_c.cpython-310-aarch64-linux-gnu.so
[1.694s] -- Up-to-date: /home/smr/workspaces/amrROS2_ws/install/micro_ros_msgs/lib/libmicro_ros_msgs__rosidl_generator_py.so
[1.694s] -- Up-to-date: /home/smr/workspaces/amrROS2_ws/install/micro_ros_msgs/share/micro_ros_msgs/msg/Graph.idl
[1.694s] -- Up-to-date: /home/smr/workspaces/amrROS2_ws/install/micro_ros_msgs/share/micro_ros_msgs/msg/Node.idl
[1.694s] -- Up-to-date: /home/smr/workspaces/amrROS2_ws/install/micro_ros_msgs/share/micro_ros_msgs/msg/Entity.idl
[1.695s] -- Up-to-date: /home/smr/workspaces/amrROS2_ws/install/micro_ros_msgs/share/micro_ros_msgs/msg/Graph.msg
[1.695s] -- Up-to-date: /home/smr/workspaces/amrROS2_ws/install/micro_ros_msgs/share/micro_ros_msgs/msg/Node.msg
[1.695s] -- Up-to-date: /home/smr/workspaces/amrROS2_ws/install/micro_ros_msgs/share/micro_ros_msgs/msg/Entity.msg
[1.695s] -- Up-to-date: /home/smr/workspaces/amrROS2_ws/install/micro_ros_msgs/share/ament_index/resource_index/package_run_dependencies/micro_ros_msgs
[1.695s] -- Up-to-date: /home/smr/workspaces/amrROS2_ws/install/micro_ros_msgs/share/ament_index/resource_index/parent_prefix_path/micro_ros_msgs
[1.695s] -- Up-to-date: /home/smr/workspaces/amrROS2_ws/install/micro_ros_msgs/share/micro_ros_msgs/environment/ament_prefix_path.sh
[1.696s] -- Up-to-date: /home/smr/workspaces/amrROS2_ws/install/micro_ros_msgs/share/micro_ros_msgs/environment/ament_prefix_path.dsv
[1.696s] -- Up-to-date: /home/smr/workspaces/amrROS2_ws/install/micro_ros_msgs/share/micro_ros_msgs/environment/path.sh
[1.696s] -- Up-to-date: /home/smr/workspaces/amrROS2_ws/install/micro_ros_msgs/share/micro_ros_msgs/environment/path.dsv
[1.696s] -- Up-to-date: /home/smr/workspaces/amrROS2_ws/install/micro_ros_msgs/share/micro_ros_msgs/local_setup.bash
[1.696s] -- Up-to-date: /home/smr/workspaces/amrROS2_ws/install/micro_ros_msgs/share/micro_ros_msgs/local_setup.sh
[1.696s] -- Up-to-date: /home/smr/workspaces/amrROS2_ws/install/micro_ros_msgs/share/micro_ros_msgs/local_setup.zsh
[1.697s] -- Up-to-date: /home/smr/workspaces/amrROS2_ws/install/micro_ros_msgs/share/micro_ros_msgs/local_setup.dsv
[1.697s] -- Installing: /home/smr/workspaces/amrROS2_ws/install/micro_ros_msgs/share/micro_ros_msgs/package.dsv
[1.697s] -- Up-to-date: /home/smr/workspaces/amrROS2_ws/install/micro_ros_msgs/share/ament_index/resource_index/packages/micro_ros_msgs
[1.698s] -- Up-to-date: /home/smr/workspaces/amrROS2_ws/install/micro_ros_msgs/share/micro_ros_msgs/cmake/export_micro_ros_msgs__rosidl_generator_cExport.cmake
[1.698s] -- Up-to-date: /home/smr/workspaces/amrROS2_ws/install/micro_ros_msgs/share/micro_ros_msgs/cmake/export_micro_ros_msgs__rosidl_generator_cExport-noconfig.cmake
[1.698s] -- Up-to-date: /home/smr/workspaces/amrROS2_ws/install/micro_ros_msgs/share/micro_ros_msgs/cmake/export_micro_ros_msgs__rosidl_typesupport_fastrtps_cExport.cmake
[1.699s] -- Up-to-date: /home/smr/workspaces/amrROS2_ws/install/micro_ros_msgs/share/micro_ros_msgs/cmake/export_micro_ros_msgs__rosidl_typesupport_fastrtps_cExport-noconfig.cmake
[1.699s] -- Up-to-date: /home/smr/workspaces/amrROS2_ws/install/micro_ros_msgs/share/micro_ros_msgs/cmake/micro_ros_msgs__rosidl_typesupport_introspection_cExport.cmake
[1.699s] -- Up-to-date: /home/smr/workspaces/amrROS2_ws/install/micro_ros_msgs/share/micro_ros_msgs/cmake/micro_ros_msgs__rosidl_typesupport_introspection_cExport-noconfig.cmake
[1.699s] -- Up-to-date: /home/smr/workspaces/amrROS2_ws/install/micro_ros_msgs/share/micro_ros_msgs/cmake/micro_ros_msgs__rosidl_typesupport_cExport.cmake
[1.699s] -- Up-to-date: /home/smr/workspaces/amrROS2_ws/install/micro_ros_msgs/share/micro_ros_msgs/cmake/micro_ros_msgs__rosidl_typesupport_cExport-noconfig.cmake
[1.699s] -- Up-to-date: /home/smr/workspaces/amrROS2_ws/install/micro_ros_msgs/share/micro_ros_msgs/cmake/export_micro_ros_msgs__rosidl_generator_cppExport.cmake
[1.700s] -- Up-to-date: /home/smr/workspaces/amrROS2_ws/install/micro_ros_msgs/share/micro_ros_msgs/cmake/export_micro_ros_msgs__rosidl_typesupport_fastrtps_cppExport.cmake
[1.700s] -- Up-to-date: /home/smr/workspaces/amrROS2_ws/install/micro_ros_msgs/share/micro_ros_msgs/cmake/export_micro_ros_msgs__rosidl_typesupport_fastrtps_cppExport-noconfig.cmake
[1.700s] -- Up-to-date: /home/smr/workspaces/amrROS2_ws/install/micro_ros_msgs/share/micro_ros_msgs/cmake/micro_ros_msgs__rosidl_typesupport_introspection_cppExport.cmake
[1.700s] -- Up-to-date: /home/smr/workspaces/amrROS2_ws/install/micro_ros_msgs/share/micro_ros_msgs/cmake/micro_ros_msgs__rosidl_typesupport_introspection_cppExport-noconfig.cmake
[1.700s] -- Up-to-date: /home/smr/workspaces/amrROS2_ws/install/micro_ros_msgs/share/micro_ros_msgs/cmake/micro_ros_msgs__rosidl_typesupport_cppExport.cmake
[1.700s] -- Up-to-date: /home/smr/workspaces/amrROS2_ws/install/micro_ros_msgs/share/micro_ros_msgs/cmake/micro_ros_msgs__rosidl_typesupport_cppExport-noconfig.cmake
[1.701s] -- Up-to-date: /home/smr/workspaces/amrROS2_ws/install/micro_ros_msgs/share/micro_ros_msgs/cmake/export_micro_ros_msgs__rosidl_generator_pyExport.cmake
[1.701s] -- Up-to-date: /home/smr/workspaces/amrROS2_ws/install/micro_ros_msgs/share/micro_ros_msgs/cmake/export_micro_ros_msgs__rosidl_generator_pyExport-noconfig.cmake
[1.701s] -- Up-to-date: /home/smr/workspaces/amrROS2_ws/install/micro_ros_msgs/share/micro_ros_msgs/cmake/rosidl_cmake-extras.cmake
[1.701s] -- Up-to-date: /home/smr/workspaces/amrROS2_ws/install/micro_ros_msgs/share/micro_ros_msgs/cmake/ament_cmake_export_include_directories-extras.cmake
[1.701s] -- Up-to-date: /home/smr/workspaces/amrROS2_ws/install/micro_ros_msgs/share/micro_ros_msgs/cmake/ament_cmake_export_libraries-extras.cmake
[1.701s] -- Up-to-date: /home/smr/workspaces/amrROS2_ws/install/micro_ros_msgs/share/micro_ros_msgs/cmake/ament_cmake_export_targets-extras.cmake
[1.707s] -- Up-to-date: /home/smr/workspaces/amrROS2_ws/install/micro_ros_msgs/share/micro_ros_msgs/cmake/rosidl_cmake_export_typesupport_targets-extras.cmake
[1.707s] -- Up-to-date: /home/smr/workspaces/amrROS2_ws/install/micro_ros_msgs/share/micro_ros_msgs/cmake/ament_cmake_export_dependencies-extras.cmake
[1.707s] -- Up-to-date: /home/smr/workspaces/amrROS2_ws/install/micro_ros_msgs/share/micro_ros_msgs/cmake/rosidl_cmake_export_typesupport_libraries-extras.cmake
[1.707s] -- Up-to-date: /home/smr/workspaces/amrROS2_ws/install/micro_ros_msgs/share/micro_ros_msgs/cmake/micro_ros_msgsConfig.cmake
[1.707s] -- Up-to-date: /home/smr/workspaces/amrROS2_ws/install/micro_ros_msgs/share/micro_ros_msgs/cmake/micro_ros_msgsConfig-version.cmake
[1.707s] -- Up-to-date: /home/smr/workspaces/amrROS2_ws/install/micro_ros_msgs/share/micro_ros_msgs/package.xml
[2.066s] Invoked command in '/home/smr/workspaces/amrROS2_ws/build/micro_ros_msgs' returned '0': CMAKE_PREFIX_PATH=${CMAKE_PREFIX_PATH}:/home/smr/workspaces/amrROS2_ws/install/robot_nav_tool:/home/smr/workspaces/amrROS2_ws/install/robot_data_tool:/home/smr/workspaces/amrROS2_ws/install/python_pkg:/home/smr/workspaces/amrROS2_ws/install/action_autodock:/opt/ros/humble /usr/bin/cmake --install /home/smr/workspaces/amrROS2_ws/build/micro_ros_msgs
