[0.070s] Invoking command in '/home/smr/workspaces/amrROS2_ws/build/micro_ros_msgs': CMAKE_PREFIX_PATH=${CMAKE_PREFIX_PATH}:/home/smr/workspaces/amrROS2_ws/install/python_pkg:/opt/ros/humble /usr/bin/cmake --build /home/smr/workspaces/amrROS2_ws/build/micro_ros_msgs -- -j8 -l8
[0.580s] [  2%] Built target micro_ros_msgs__cpp
[0.581s] [ 12%] Built target micro_ros_msgs__rosidl_generator_c
[0.581s] [ 12%] Built target ament_cmake_python_copy_micro_ros_msgs
[0.582s] [ 31%] Built target micro_ros_msgs__rosidl_typesupport_cpp
[0.583s] [ 34%] Built target micro_ros_msgs__rosidl_typesupport_fastrtps_cpp
[0.583s] [ 44%] Built target micro_ros_msgs__rosidl_typesupport_introspection_cpp
[0.584s] [ 55%] Built target micro_ros_msgs__rosidl_typesupport_c
[0.585s] [ 65%] Built target micro_ros_msgs__rosidl_typesupport_introspection_c
[0.586s] [ 76%] Built target micro_ros_msgs__rosidl_typesupport_fastrtps_c
[0.586s] [ 76%] Built target micro_ros_msgs
[0.601s] [ 78%] Built target micro_ros_msgs__py
[0.883s] [ 87%] Built target micro_ros_msgs__rosidl_generator_py
[0.897s] [ 91%] Built target micro_ros_msgs__rosidl_typesupport_c__pyext
[0.898s] [ 95%] Built target micro_ros_msgs__rosidl_typesupport_fastrtps_c__pyext
[0.898s] running egg_info
[0.899s] writing micro_ros_msgs.egg-info/PKG-INFO
[0.899s] writing dependency_links to micro_ros_msgs.egg-info/dependency_links.txt
[0.900s] writing top-level names to micro_ros_msgs.egg-info/top_level.txt
[0.900s] [100%] Built target micro_ros_msgs__rosidl_typesupport_introspection_c__pyext
[0.901s] reading manifest file 'micro_ros_msgs.egg-info/SOURCES.txt'
[0.901s] writing manifest file 'micro_ros_msgs.egg-info/SOURCES.txt'
[0.956s] [100%] Built target ament_cmake_python_build_micro_ros_msgs_egg
[1.001s] Invoked command in '/home/smr/workspaces/amrROS2_ws/build/micro_ros_msgs' returned '0': CMAKE_PREFIX_PATH=${CMAKE_PREFIX_PATH}:/home/smr/workspaces/amrROS2_ws/install/python_pkg:/opt/ros/humble /usr/bin/cmake --build /home/smr/workspaces/amrROS2_ws/build/micro_ros_msgs -- -j8 -l8
[1.228s] Invoking command in '/home/smr/workspaces/amrROS2_ws/build/micro_ros_msgs': CMAKE_PREFIX_PATH=${CMAKE_PREFIX_PATH}:/home/smr/workspaces/amrROS2_ws/install/python_pkg:/opt/ros/humble /usr/bin/cmake --install /home/smr/workspaces/amrROS2_ws/build/micro_ros_msgs
[1.252s] -- Install configuration: ""
[1.253s] -- Up-to-date: /home/smr/workspaces/amrROS2_ws/install/micro_ros_msgs/share/ament_index/resource_index/rosidl_interfaces/micro_ros_msgs
[1.254s] -- Up-to-date: /home/smr/workspaces/amrROS2_ws/install/micro_ros_msgs/include/micro_ros_msgs/micro_ros_msgs
[1.254s] -- Up-to-date: /home/smr/workspaces/amrROS2_ws/install/micro_ros_msgs/include/micro_ros_msgs/micro_ros_msgs/msg
[1.254s] -- Up-to-date: /home/smr/workspaces/amrROS2_ws/install/micro_ros_msgs/include/micro_ros_msgs/micro_ros_msgs/msg/node.h
[1.257s] -- Up-to-date: /home/smr/workspaces/amrROS2_ws/install/micro_ros_msgs/include/micro_ros_msgs/micro_ros_msgs/msg/detail
[1.258s] -- Up-to-date: /home/smr/workspaces/amrROS2_ws/install/micro_ros_msgs/include/micro_ros_msgs/micro_ros_msgs/msg/detail/node__functions.h
[1.258s] -- Up-to-date: /home/smr/workspaces/amrROS2_ws/install/micro_ros_msgs/include/micro_ros_msgs/micro_ros_msgs/msg/detail/graph__functions.c
[1.259s] -- Up-to-date: /home/smr/workspaces/amrROS2_ws/install/micro_ros_msgs/include/micro_ros_msgs/micro_ros_msgs/msg/detail/entity__struct.h
[1.259s] -- Up-to-date: /home/smr/workspaces/amrROS2_ws/install/micro_ros_msgs/include/micro_ros_msgs/micro_ros_msgs/msg/detail/node__struct.h
[1.259s] -- Up-to-date: /home/smr/workspaces/amrROS2_ws/install/micro_ros_msgs/include/micro_ros_msgs/micro_ros_msgs/msg/detail/node__functions.c
[1.259s] -- Up-to-date: /home/smr/workspaces/amrROS2_ws/install/micro_ros_msgs/include/micro_ros_msgs/micro_ros_msgs/msg/detail/graph__functions.h
[1.259s] -- Up-to-date: /home/smr/workspaces/amrROS2_ws/install/micro_ros_msgs/include/micro_ros_msgs/micro_ros_msgs/msg/detail/entity__type_support.h
[1.259s] -- Up-to-date: /home/smr/workspaces/amrROS2_ws/install/micro_ros_msgs/include/micro_ros_msgs/micro_ros_msgs/msg/detail/entity__functions.c
[1.259s] -- Up-to-date: /home/smr/workspaces/amrROS2_ws/install/micro_ros_msgs/include/micro_ros_msgs/micro_ros_msgs/msg/detail/graph__type_support.h
[1.259s] -- Up-to-date: /home/smr/workspaces/amrROS2_ws/install/micro_ros_msgs/include/micro_ros_msgs/micro_ros_msgs/msg/detail/node__type_support.h
[1.260s] -- Up-to-date: /home/smr/workspaces/amrROS2_ws/install/micro_ros_msgs/include/micro_ros_msgs/micro_ros_msgs/msg/detail/entity__functions.h
[1.260s] -- Up-to-date: /home/smr/workspaces/amrROS2_ws/install/micro_ros_msgs/include/micro_ros_msgs/micro_ros_msgs/msg/detail/graph__struct.h
[1.260s] -- Up-to-date: /home/smr/workspaces/amrROS2_ws/install/micro_ros_msgs/include/micro_ros_msgs/micro_ros_msgs/msg/rosidl_generator_c__visibility_control.h
[1.260s] -- Up-to-date: /home/smr/workspaces/amrROS2_ws/install/micro_ros_msgs/include/micro_ros_msgs/micro_ros_msgs/msg/graph.h
[1.260s] -- Up-to-date: /home/smr/workspaces/amrROS2_ws/install/micro_ros_msgs/include/micro_ros_msgs/micro_ros_msgs/msg/entity.h
[1.260s] -- Up-to-date: /home/smr/workspaces/amrROS2_ws/install/micro_ros_msgs/share/micro_ros_msgs/environment/library_path.sh
[1.260s] -- Up-to-date: /home/smr/workspaces/amrROS2_ws/install/micro_ros_msgs/share/micro_ros_msgs/environment/library_path.dsv
[1.269s] -- Up-to-date: /home/smr/workspaces/amrROS2_ws/install/micro_ros_msgs/lib/libmicro_ros_msgs__rosidl_generator_c.so
[1.270s] -- Up-to-date: /home/smr/workspaces/amrROS2_ws/install/micro_ros_msgs/include/micro_ros_msgs/micro_ros_msgs
[1.270s] -- Up-to-date: /home/smr/workspaces/amrROS2_ws/install/micro_ros_msgs/include/micro_ros_msgs/micro_ros_msgs/msg
[1.272s] -- Up-to-date: /home/smr/workspaces/amrROS2_ws/install/micro_ros_msgs/include/micro_ros_msgs/micro_ros_msgs/msg/detail
[1.273s] -- Up-to-date: /home/smr/workspaces/amrROS2_ws/install/micro_ros_msgs/include/micro_ros_msgs/micro_ros_msgs/msg/detail/node__rosidl_typesupport_fastrtps_c.h
[1.273s] -- Up-to-date: /home/smr/workspaces/amrROS2_ws/install/micro_ros_msgs/include/micro_ros_msgs/micro_ros_msgs/msg/detail/entity__rosidl_typesupport_fastrtps_c.h
[1.273s] -- Up-to-date: /home/smr/workspaces/amrROS2_ws/install/micro_ros_msgs/include/micro_ros_msgs/micro_ros_msgs/msg/detail/graph__rosidl_typesupport_fastrtps_c.h
[1.273s] -- Up-to-date: /home/smr/workspaces/amrROS2_ws/install/micro_ros_msgs/include/micro_ros_msgs/micro_ros_msgs/msg/rosidl_typesupport_fastrtps_c__visibility_control.h
[1.273s] -- Up-to-date: /home/smr/workspaces/amrROS2_ws/install/micro_ros_msgs/lib/libmicro_ros_msgs__rosidl_typesupport_fastrtps_c.so
[1.273s] -- Up-to-date: /home/smr/workspaces/amrROS2_ws/install/micro_ros_msgs/include/micro_ros_msgs/micro_ros_msgs
[1.273s] -- Up-to-date: /home/smr/workspaces/amrROS2_ws/install/micro_ros_msgs/include/micro_ros_msgs/micro_ros_msgs/msg
[1.273s] -- Up-to-date: /home/smr/workspaces/amrROS2_ws/install/micro_ros_msgs/include/micro_ros_msgs/micro_ros_msgs/msg/detail
[1.273s] -- Up-to-date: /home/smr/workspaces/amrROS2_ws/install/micro_ros_msgs/include/micro_ros_msgs/micro_ros_msgs/msg/detail/node__type_support.c
[1.273s] -- Up-to-date: /home/smr/workspaces/amrROS2_ws/install/micro_ros_msgs/include/micro_ros_msgs/micro_ros_msgs/msg/detail/entity__rosidl_typesupport_introspection_c.h
[1.274s] -- Up-to-date: /home/smr/workspaces/amrROS2_ws/install/micro_ros_msgs/include/micro_ros_msgs/micro_ros_msgs/msg/detail/graph__type_support.c
[1.274s] -- Up-to-date: /home/smr/workspaces/amrROS2_ws/install/micro_ros_msgs/include/micro_ros_msgs/micro_ros_msgs/msg/detail/graph__rosidl_typesupport_introspection_c.h
[1.274s] -- Up-to-date: /home/smr/workspaces/amrROS2_ws/install/micro_ros_msgs/include/micro_ros_msgs/micro_ros_msgs/msg/detail/node__rosidl_typesupport_introspection_c.h
[1.274s] -- Up-to-date: /home/smr/workspaces/amrROS2_ws/install/micro_ros_msgs/include/micro_ros_msgs/micro_ros_msgs/msg/detail/entity__type_support.c
[1.274s] -- Up-to-date: /home/smr/workspaces/amrROS2_ws/install/micro_ros_msgs/include/micro_ros_msgs/micro_ros_msgs/msg/rosidl_typesupport_introspection_c__visibility_control.h
[1.274s] -- Up-to-date: /home/smr/workspaces/amrROS2_ws/install/micro_ros_msgs/lib/libmicro_ros_msgs__rosidl_typesupport_introspection_c.so
[1.274s] -- Up-to-date: /home/smr/workspaces/amrROS2_ws/install/micro_ros_msgs/lib/libmicro_ros_msgs__rosidl_typesupport_c.so
[1.275s] -- Up-to-date: /home/smr/workspaces/amrROS2_ws/install/micro_ros_msgs/include/micro_ros_msgs/micro_ros_msgs
[1.275s] -- Up-to-date: /home/smr/workspaces/amrROS2_ws/install/micro_ros_msgs/include/micro_ros_msgs/micro_ros_msgs/msg
[1.276s] -- Up-to-date: /home/smr/workspaces/amrROS2_ws/install/micro_ros_msgs/include/micro_ros_msgs/micro_ros_msgs/msg/detail
[1.276s] -- Up-to-date: /home/smr/workspaces/amrROS2_ws/install/micro_ros_msgs/include/micro_ros_msgs/micro_ros_msgs/msg/detail/entity__traits.hpp
[1.276s] -- Up-to-date: /home/smr/workspaces/amrROS2_ws/install/micro_ros_msgs/include/micro_ros_msgs/micro_ros_msgs/msg/detail/node__traits.hpp
[1.276s] -- Up-to-date: /home/smr/workspaces/amrROS2_ws/install/micro_ros_msgs/include/micro_ros_msgs/micro_ros_msgs/msg/detail/entity__struct.hpp
[1.276s] -- Up-to-date: /home/smr/workspaces/amrROS2_ws/install/micro_ros_msgs/include/micro_ros_msgs/micro_ros_msgs/msg/detail/graph__traits.hpp
[1.277s] -- Up-to-date: /home/smr/workspaces/amrROS2_ws/install/micro_ros_msgs/include/micro_ros_msgs/micro_ros_msgs/msg/detail/graph__builder.hpp
[1.277s] -- Up-to-date: /home/smr/workspaces/amrROS2_ws/install/micro_ros_msgs/include/micro_ros_msgs/micro_ros_msgs/msg/detail/node__struct.hpp
[1.277s] -- Up-to-date: /home/smr/workspaces/amrROS2_ws/install/micro_ros_msgs/include/micro_ros_msgs/micro_ros_msgs/msg/detail/graph__struct.hpp
[1.277s] -- Up-to-date: /home/smr/workspaces/amrROS2_ws/install/micro_ros_msgs/include/micro_ros_msgs/micro_ros_msgs/msg/detail/node__builder.hpp
[1.277s] -- Up-to-date: /home/smr/workspaces/amrROS2_ws/install/micro_ros_msgs/include/micro_ros_msgs/micro_ros_msgs/msg/detail/entity__builder.hpp
[1.277s] -- Up-to-date: /home/smr/workspaces/amrROS2_ws/install/micro_ros_msgs/include/micro_ros_msgs/micro_ros_msgs/msg/node.hpp
[1.277s] -- Up-to-date: /home/smr/workspaces/amrROS2_ws/install/micro_ros_msgs/include/micro_ros_msgs/micro_ros_msgs/msg/graph.hpp
[1.277s] -- Up-to-date: /home/smr/workspaces/amrROS2_ws/install/micro_ros_msgs/include/micro_ros_msgs/micro_ros_msgs/msg/entity.hpp
[1.277s] -- Up-to-date: /home/smr/workspaces/amrROS2_ws/install/micro_ros_msgs/include/micro_ros_msgs/micro_ros_msgs
[1.277s] -- Up-to-date: /home/smr/workspaces/amrROS2_ws/install/micro_ros_msgs/include/micro_ros_msgs/micro_ros_msgs/msg
[1.277s] -- Up-to-date: /home/smr/workspaces/amrROS2_ws/install/micro_ros_msgs/include/micro_ros_msgs/micro_ros_msgs/msg/detail
[1.277s] -- Up-to-date: /home/smr/workspaces/amrROS2_ws/install/micro_ros_msgs/include/micro_ros_msgs/micro_ros_msgs/msg/detail/entity__rosidl_typesupport_fastrtps_cpp.hpp
[1.278s] -- Up-to-date: /home/smr/workspaces/amrROS2_ws/install/micro_ros_msgs/include/micro_ros_msgs/micro_ros_msgs/msg/detail/graph__rosidl_typesupport_fastrtps_cpp.hpp
[1.278s] -- Up-to-date: /home/smr/workspaces/amrROS2_ws/install/micro_ros_msgs/include/micro_ros_msgs/micro_ros_msgs/msg/detail/dds_fastrtps
[1.278s] -- Up-to-date: /home/smr/workspaces/amrROS2_ws/install/micro_ros_msgs/include/micro_ros_msgs/micro_ros_msgs/msg/detail/node__rosidl_typesupport_fastrtps_cpp.hpp
[1.278s] -- Up-to-date: /home/smr/workspaces/amrROS2_ws/install/micro_ros_msgs/include/micro_ros_msgs/micro_ros_msgs/msg/rosidl_typesupport_fastrtps_cpp__visibility_control.h
[1.278s] -- Up-to-date: /home/smr/workspaces/amrROS2_ws/install/micro_ros_msgs/lib/libmicro_ros_msgs__rosidl_typesupport_fastrtps_cpp.so
[1.278s] -- Up-to-date: /home/smr/workspaces/amrROS2_ws/install/micro_ros_msgs/include/micro_ros_msgs/micro_ros_msgs
[1.278s] -- Up-to-date: /home/smr/workspaces/amrROS2_ws/install/micro_ros_msgs/include/micro_ros_msgs/micro_ros_msgs/msg
[1.278s] -- Up-to-date: /home/smr/workspaces/amrROS2_ws/install/micro_ros_msgs/include/micro_ros_msgs/micro_ros_msgs/msg/detail
[1.279s] -- Up-to-date: /home/smr/workspaces/amrROS2_ws/install/micro_ros_msgs/include/micro_ros_msgs/micro_ros_msgs/msg/detail/node__type_support.cpp
[1.279s] -- Up-to-date: /home/smr/workspaces/amrROS2_ws/install/micro_ros_msgs/include/micro_ros_msgs/micro_ros_msgs/msg/detail/node__rosidl_typesupport_introspection_cpp.hpp
[1.279s] -- Up-to-date: /home/smr/workspaces/amrROS2_ws/install/micro_ros_msgs/include/micro_ros_msgs/micro_ros_msgs/msg/detail/graph__rosidl_typesupport_introspection_cpp.hpp
[1.279s] -- Up-to-date: /home/smr/workspaces/amrROS2_ws/install/micro_ros_msgs/include/micro_ros_msgs/micro_ros_msgs/msg/detail/entity__rosidl_typesupport_introspection_cpp.hpp
[1.279s] -- Up-to-date: /home/smr/workspaces/amrROS2_ws/install/micro_ros_msgs/include/micro_ros_msgs/micro_ros_msgs/msg/detail/entity__type_support.cpp
[1.279s] -- Up-to-date: /home/smr/workspaces/amrROS2_ws/install/micro_ros_msgs/include/micro_ros_msgs/micro_ros_msgs/msg/detail/graph__type_support.cpp
[1.279s] -- Up-to-date: /home/smr/workspaces/amrROS2_ws/install/micro_ros_msgs/lib/libmicro_ros_msgs__rosidl_typesupport_introspection_cpp.so
[1.279s] -- Up-to-date: /home/smr/workspaces/amrROS2_ws/install/micro_ros_msgs/lib/libmicro_ros_msgs__rosidl_typesupport_cpp.so
[1.279s] -- Up-to-date: /home/smr/workspaces/amrROS2_ws/install/micro_ros_msgs/share/micro_ros_msgs/environment/pythonpath.sh
[1.279s] -- Up-to-date: /home/smr/workspaces/amrROS2_ws/install/micro_ros_msgs/share/micro_ros_msgs/environment/pythonpath.dsv
[1.279s] -- Up-to-date: /home/smr/workspaces/amrROS2_ws/install/micro_ros_msgs/local/lib/python3.10/dist-packages/micro_ros_msgs-3.0.1-py3.10.egg-info
[1.280s] -- Installing: /home/smr/workspaces/amrROS2_ws/install/micro_ros_msgs/local/lib/python3.10/dist-packages/micro_ros_msgs-3.0.1-py3.10.egg-info/dependency_links.txt
[1.280s] -- Installing: /home/smr/workspaces/amrROS2_ws/install/micro_ros_msgs/local/lib/python3.10/dist-packages/micro_ros_msgs-3.0.1-py3.10.egg-info/top_level.txt
[1.280s] -- Installing: /home/smr/workspaces/amrROS2_ws/install/micro_ros_msgs/local/lib/python3.10/dist-packages/micro_ros_msgs-3.0.1-py3.10.egg-info/SOURCES.txt
[1.280s] -- Installing: /home/smr/workspaces/amrROS2_ws/install/micro_ros_msgs/local/lib/python3.10/dist-packages/micro_ros_msgs-3.0.1-py3.10.egg-info/PKG-INFO
[1.280s] -- Up-to-date: /home/smr/workspaces/amrROS2_ws/install/micro_ros_msgs/local/lib/python3.10/dist-packages/micro_ros_msgs
[1.280s] -- Up-to-date: /home/smr/workspaces/amrROS2_ws/install/micro_ros_msgs/local/lib/python3.10/dist-packages/micro_ros_msgs/micro_ros_msgs_s__rosidl_typesupport_introspection_c.cpython-310-aarch64-linux-gnu.so
[1.280s] -- Up-to-date: /home/smr/workspaces/amrROS2_ws/install/micro_ros_msgs/local/lib/python3.10/dist-packages/micro_ros_msgs/_micro_ros_msgs_s.ep.rosidl_typesupport_c.c
[1.280s] -- Up-to-date: /home/smr/workspaces/amrROS2_ws/install/micro_ros_msgs/local/lib/python3.10/dist-packages/micro_ros_msgs/_micro_ros_msgs_s.ep.rosidl_typesupport_introspection_c.c
[1.280s] -- Up-to-date: /home/smr/workspaces/amrROS2_ws/install/micro_ros_msgs/local/lib/python3.10/dist-packages/micro_ros_msgs/msg
[1.280s] -- Up-to-date: /home/smr/workspaces/amrROS2_ws/install/micro_ros_msgs/local/lib/python3.10/dist-packages/micro_ros_msgs/msg/_node.py
[1.281s] -- Up-to-date: /home/smr/workspaces/amrROS2_ws/install/micro_ros_msgs/local/lib/python3.10/dist-packages/micro_ros_msgs/msg/_graph_s.c
[1.281s] -- Up-to-date: /home/smr/workspaces/amrROS2_ws/install/micro_ros_msgs/local/lib/python3.10/dist-packages/micro_ros_msgs/msg/_graph.py
[1.281s] -- Up-to-date: /home/smr/workspaces/amrROS2_ws/install/micro_ros_msgs/local/lib/python3.10/dist-packages/micro_ros_msgs/msg/_entity_s.c
[1.281s] -- Up-to-date: /home/smr/workspaces/amrROS2_ws/install/micro_ros_msgs/local/lib/python3.10/dist-packages/micro_ros_msgs/msg/_node_s.c
[1.281s] -- Up-to-date: /home/smr/workspaces/amrROS2_ws/install/micro_ros_msgs/local/lib/python3.10/dist-packages/micro_ros_msgs/msg/_entity.py
[1.281s] -- Up-to-date: /home/smr/workspaces/amrROS2_ws/install/micro_ros_msgs/local/lib/python3.10/dist-packages/micro_ros_msgs/msg/__init__.py
[1.281s] -- Up-to-date: /home/smr/workspaces/amrROS2_ws/install/micro_ros_msgs/local/lib/python3.10/dist-packages/micro_ros_msgs/libmicro_ros_msgs__rosidl_generator_py.so
[1.281s] -- Up-to-date: /home/smr/workspaces/amrROS2_ws/install/micro_ros_msgs/local/lib/python3.10/dist-packages/micro_ros_msgs/_micro_ros_msgs_s.ep.rosidl_typesupport_fastrtps_c.c
[1.281s] -- Up-to-date: /home/smr/workspaces/amrROS2_ws/install/micro_ros_msgs/local/lib/python3.10/dist-packages/micro_ros_msgs/micro_ros_msgs_s__rosidl_typesupport_fastrtps_c.cpython-310-aarch64-linux-gnu.so
[1.281s] -- Up-to-date: /home/smr/workspaces/amrROS2_ws/install/micro_ros_msgs/local/lib/python3.10/dist-packages/micro_ros_msgs/micro_ros_msgs_s__rosidl_typesupport_c.cpython-310-aarch64-linux-gnu.so
[1.281s] -- Up-to-date: /home/smr/workspaces/amrROS2_ws/install/micro_ros_msgs/local/lib/python3.10/dist-packages/micro_ros_msgs/__init__.py
[1.358s] Listing '/home/smr/workspaces/amrROS2_ws/install/micro_ros_msgs/local/lib/python3.10/dist-packages/micro_ros_msgs'...
[1.358s] Listing '/home/smr/workspaces/amrROS2_ws/install/micro_ros_msgs/local/lib/python3.10/dist-packages/micro_ros_msgs/msg'...
[1.375s] -- Up-to-date: /home/smr/workspaces/amrROS2_ws/install/micro_ros_msgs/local/lib/python3.10/dist-packages/micro_ros_msgs/micro_ros_msgs_s__rosidl_typesupport_fastrtps_c.cpython-310-aarch64-linux-gnu.so
[1.376s] -- Up-to-date: /home/smr/workspaces/amrROS2_ws/install/micro_ros_msgs/local/lib/python3.10/dist-packages/micro_ros_msgs/micro_ros_msgs_s__rosidl_typesupport_introspection_c.cpython-310-aarch64-linux-gnu.so
[1.377s] -- Up-to-date: /home/smr/workspaces/amrROS2_ws/install/micro_ros_msgs/local/lib/python3.10/dist-packages/micro_ros_msgs/micro_ros_msgs_s__rosidl_typesupport_c.cpython-310-aarch64-linux-gnu.so
[1.378s] -- Up-to-date: /home/smr/workspaces/amrROS2_ws/install/micro_ros_msgs/lib/libmicro_ros_msgs__rosidl_generator_py.so
[1.378s] -- Up-to-date: /home/smr/workspaces/amrROS2_ws/install/micro_ros_msgs/share/micro_ros_msgs/msg/Graph.idl
[1.379s] -- Up-to-date: /home/smr/workspaces/amrROS2_ws/install/micro_ros_msgs/share/micro_ros_msgs/msg/Node.idl
[1.379s] -- Up-to-date: /home/smr/workspaces/amrROS2_ws/install/micro_ros_msgs/share/micro_ros_msgs/msg/Entity.idl
[1.380s] -- Up-to-date: /home/smr/workspaces/amrROS2_ws/install/micro_ros_msgs/share/micro_ros_msgs/msg/Graph.msg
[1.380s] -- Up-to-date: /home/smr/workspaces/amrROS2_ws/install/micro_ros_msgs/share/micro_ros_msgs/msg/Node.msg
[1.382s] -- Up-to-date: /home/smr/workspaces/amrROS2_ws/install/micro_ros_msgs/share/micro_ros_msgs/msg/Entity.msg
[1.383s] -- Up-to-date: /home/smr/workspaces/amrROS2_ws/install/micro_ros_msgs/share/ament_index/resource_index/package_run_dependencies/micro_ros_msgs
[1.383s] -- Up-to-date: /home/smr/workspaces/amrROS2_ws/install/micro_ros_msgs/share/ament_index/resource_index/parent_prefix_path/micro_ros_msgs
[1.384s] -- Up-to-date: /home/smr/workspaces/amrROS2_ws/install/micro_ros_msgs/share/micro_ros_msgs/environment/ament_prefix_path.sh
[1.384s] -- Up-to-date: /home/smr/workspaces/amrROS2_ws/install/micro_ros_msgs/share/micro_ros_msgs/environment/ament_prefix_path.dsv
[1.384s] -- Up-to-date: /home/smr/workspaces/amrROS2_ws/install/micro_ros_msgs/share/micro_ros_msgs/environment/path.sh
[1.384s] -- Up-to-date: /home/smr/workspaces/amrROS2_ws/install/micro_ros_msgs/share/micro_ros_msgs/environment/path.dsv
[1.384s] -- Up-to-date: /home/smr/workspaces/amrROS2_ws/install/micro_ros_msgs/share/micro_ros_msgs/local_setup.bash
[1.384s] -- Up-to-date: /home/smr/workspaces/amrROS2_ws/install/micro_ros_msgs/share/micro_ros_msgs/local_setup.sh
[1.384s] -- Up-to-date: /home/smr/workspaces/amrROS2_ws/install/micro_ros_msgs/share/micro_ros_msgs/local_setup.zsh
[1.384s] -- Up-to-date: /home/smr/workspaces/amrROS2_ws/install/micro_ros_msgs/share/micro_ros_msgs/local_setup.dsv
[1.384s] -- Installing: /home/smr/workspaces/amrROS2_ws/install/micro_ros_msgs/share/micro_ros_msgs/package.dsv
[1.385s] -- Up-to-date: /home/smr/workspaces/amrROS2_ws/install/micro_ros_msgs/share/ament_index/resource_index/packages/micro_ros_msgs
[1.390s] -- Up-to-date: /home/smr/workspaces/amrROS2_ws/install/micro_ros_msgs/share/micro_ros_msgs/cmake/export_micro_ros_msgs__rosidl_generator_cExport.cmake
[1.396s] -- Up-to-date: /home/smr/workspaces/amrROS2_ws/install/micro_ros_msgs/share/micro_ros_msgs/cmake/export_micro_ros_msgs__rosidl_generator_cExport-noconfig.cmake
[1.397s] -- Up-to-date: /home/smr/workspaces/amrROS2_ws/install/micro_ros_msgs/share/micro_ros_msgs/cmake/export_micro_ros_msgs__rosidl_typesupport_fastrtps_cExport.cmake
[1.398s] -- Up-to-date: /home/smr/workspaces/amrROS2_ws/install/micro_ros_msgs/share/micro_ros_msgs/cmake/export_micro_ros_msgs__rosidl_typesupport_fastrtps_cExport-noconfig.cmake
[1.398s] -- Up-to-date: /home/smr/workspaces/amrROS2_ws/install/micro_ros_msgs/share/micro_ros_msgs/cmake/micro_ros_msgs__rosidl_typesupport_introspection_cExport.cmake
[1.403s] -- Up-to-date: /home/smr/workspaces/amrROS2_ws/install/micro_ros_msgs/share/micro_ros_msgs/cmake/micro_ros_msgs__rosidl_typesupport_introspection_cExport-noconfig.cmake
[1.403s] -- Up-to-date: /home/smr/workspaces/amrROS2_ws/install/micro_ros_msgs/share/micro_ros_msgs/cmake/micro_ros_msgs__rosidl_typesupport_cExport.cmake
[1.404s] -- Up-to-date: /home/smr/workspaces/amrROS2_ws/install/micro_ros_msgs/share/micro_ros_msgs/cmake/micro_ros_msgs__rosidl_typesupport_cExport-noconfig.cmake
[1.404s] -- Up-to-date: /home/smr/workspaces/amrROS2_ws/install/micro_ros_msgs/share/micro_ros_msgs/cmake/export_micro_ros_msgs__rosidl_generator_cppExport.cmake
[1.405s] -- Up-to-date: /home/smr/workspaces/amrROS2_ws/install/micro_ros_msgs/share/micro_ros_msgs/cmake/export_micro_ros_msgs__rosidl_typesupport_fastrtps_cppExport.cmake
[1.405s] -- Up-to-date: /home/smr/workspaces/amrROS2_ws/install/micro_ros_msgs/share/micro_ros_msgs/cmake/export_micro_ros_msgs__rosidl_typesupport_fastrtps_cppExport-noconfig.cmake
[1.408s] -- Up-to-date: /home/smr/workspaces/amrROS2_ws/install/micro_ros_msgs/share/micro_ros_msgs/cmake/micro_ros_msgs__rosidl_typesupport_introspection_cppExport.cmake
[1.410s] -- Up-to-date: /home/smr/workspaces/amrROS2_ws/install/micro_ros_msgs/share/micro_ros_msgs/cmake/micro_ros_msgs__rosidl_typesupport_introspection_cppExport-noconfig.cmake
[1.410s] -- Up-to-date: /home/smr/workspaces/amrROS2_ws/install/micro_ros_msgs/share/micro_ros_msgs/cmake/micro_ros_msgs__rosidl_typesupport_cppExport.cmake
[1.411s] -- Up-to-date: /home/smr/workspaces/amrROS2_ws/install/micro_ros_msgs/share/micro_ros_msgs/cmake/micro_ros_msgs__rosidl_typesupport_cppExport-noconfig.cmake
[1.411s] -- Up-to-date: /home/smr/workspaces/amrROS2_ws/install/micro_ros_msgs/share/micro_ros_msgs/cmake/export_micro_ros_msgs__rosidl_generator_pyExport.cmake
[1.411s] -- Up-to-date: /home/smr/workspaces/amrROS2_ws/install/micro_ros_msgs/share/micro_ros_msgs/cmake/export_micro_ros_msgs__rosidl_generator_pyExport-noconfig.cmake
[1.412s] -- Up-to-date: /home/smr/workspaces/amrROS2_ws/install/micro_ros_msgs/share/micro_ros_msgs/cmake/rosidl_cmake-extras.cmake
[1.412s] -- Up-to-date: /home/smr/workspaces/amrROS2_ws/install/micro_ros_msgs/share/micro_ros_msgs/cmake/ament_cmake_export_include_directories-extras.cmake
[1.412s] -- Up-to-date: /home/smr/workspaces/amrROS2_ws/install/micro_ros_msgs/share/micro_ros_msgs/cmake/ament_cmake_export_libraries-extras.cmake
[1.412s] -- Up-to-date: /home/smr/workspaces/amrROS2_ws/install/micro_ros_msgs/share/micro_ros_msgs/cmake/ament_cmake_export_targets-extras.cmake
[1.413s] -- Up-to-date: /home/smr/workspaces/amrROS2_ws/install/micro_ros_msgs/share/micro_ros_msgs/cmake/rosidl_cmake_export_typesupport_targets-extras.cmake
[1.413s] -- Up-to-date: /home/smr/workspaces/amrROS2_ws/install/micro_ros_msgs/share/micro_ros_msgs/cmake/ament_cmake_export_dependencies-extras.cmake
[1.413s] -- Up-to-date: /home/smr/workspaces/amrROS2_ws/install/micro_ros_msgs/share/micro_ros_msgs/cmake/rosidl_cmake_export_typesupport_libraries-extras.cmake
[1.413s] -- Up-to-date: /home/smr/workspaces/amrROS2_ws/install/micro_ros_msgs/share/micro_ros_msgs/cmake/micro_ros_msgsConfig.cmake
[1.414s] -- Up-to-date: /home/smr/workspaces/amrROS2_ws/install/micro_ros_msgs/share/micro_ros_msgs/cmake/micro_ros_msgsConfig-version.cmake
[1.414s] -- Up-to-date: /home/smr/workspaces/amrROS2_ws/install/micro_ros_msgs/share/micro_ros_msgs/package.xml
[1.449s] Invoked command in '/home/smr/workspaces/amrROS2_ws/build/micro_ros_msgs' returned '0': CMAKE_PREFIX_PATH=${CMAKE_PREFIX_PATH}:/home/smr/workspaces/amrROS2_ws/install/python_pkg:/opt/ros/humble /usr/bin/cmake --install /home/smr/workspaces/amrROS2_ws/build/micro_ros_msgs
