[1.578s] Invoking command in '/home/smr/workspaces/amrROS2_ws/src/python_pkg': PYTHONPATH=/home/smr/workspaces/amrROS2_ws/build/python_pkg/prefix_override:/usr/lib/python3/dist-packages/colcon_core/task/python/colcon_distutils_commands:/home/smr/workspaces/amrROS2_ws/install/python_pkg/lib/python3.10/site-packages:${PYTHONPATH} /usr/bin/python3 -W ignore:setup.py install is deprecated setup.py egg_info --egg-base ../../build/python_pkg build --build-base /home/smr/workspaces/amrROS2_ws/build/python_pkg/build install --record /home/smr/workspaces/amrROS2_ws/build/python_pkg/install.log --single-version-externally-managed install_data
[1.979s] running egg_info
[1.983s] writing ../../build/python_pkg/python_pkg.egg-info/PKG-INFO
[1.984s] writing dependency_links to ../../build/python_pkg/python_pkg.egg-info/dependency_links.txt
[1.984s] writing entry points to ../../build/python_pkg/python_pkg.egg-info/entry_points.txt
[1.984s] writing requirements to ../../build/python_pkg/python_pkg.egg-info/requires.txt
[1.985s] writing top-level names to ../../build/python_pkg/python_pkg.egg-info/top_level.txt
[1.989s] reading manifest file '../../build/python_pkg/python_pkg.egg-info/SOURCES.txt'
[1.989s] adding license file 'LICENSE'
[1.991s] writing manifest file '../../build/python_pkg/python_pkg.egg-info/SOURCES.txt'
[1.991s] running build
[1.991s] running build_py
[1.991s] running install
[1.992s] running install_lib
[1.995s] running install_data
[1.995s] running install_egg_info
[2.005s] removing '/home/smr/workspaces/amrROS2_ws/install/python_pkg/lib/python3.10/site-packages/python_pkg-0.0.0-py3.10.egg-info' (and everything under it)
[2.006s] Copying ../../build/python_pkg/python_pkg.egg-info to /home/smr/workspaces/amrROS2_ws/install/python_pkg/lib/python3.10/site-packages/python_pkg-0.0.0-py3.10.egg-info
[2.007s] running install_scripts
[2.044s] Installing ip_publisher script to /home/smr/workspaces/amrROS2_ws/install/python_pkg/lib/python_pkg
[2.045s] writing list of installed files to '/home/smr/workspaces/amrROS2_ws/build/python_pkg/install.log'
[2.130s] Invoked command in '/home/smr/workspaces/amrROS2_ws/src/python_pkg' returned '0': PYTHONPATH=/home/smr/workspaces/amrROS2_ws/build/python_pkg/prefix_override:/usr/lib/python3/dist-packages/colcon_core/task/python/colcon_distutils_commands:/home/smr/workspaces/amrROS2_ws/install/python_pkg/lib/python3.10/site-packages:${PYTHONPATH} /usr/bin/python3 -W ignore:setup.py install is deprecated setup.py egg_info --egg-base ../../build/python_pkg build --build-base /home/smr/workspaces/amrROS2_ws/build/python_pkg/build install --record /home/smr/workspaces/amrROS2_ws/build/python_pkg/install.log --single-version-externally-managed install_data
