[1.216s] Invoking command in '/home/smr/workspaces/amrROS2_ws/src/python_pkg': PYTHONPATH=/home/smr/workspaces/amrROS2_ws/build/python_pkg/prefix_override:/usr/lib/python3/dist-packages/colcon_core/task/python/colcon_distutils_commands:/home/smr/workspaces/amrROS2_ws/install/python_pkg/lib/python3.10/site-packages:${PYTHONPATH} /usr/bin/python3 -W ignore:setup.py install is deprecated setup.py egg_info --egg-base ../../build/python_pkg build --build-base /home/smr/workspaces/amrROS2_ws/build/python_pkg/build install --record /home/smr/workspaces/amrROS2_ws/build/python_pkg/install.log --single-version-externally-managed install_data
[1.610s] running egg_info
[1.612s] creating ../../build/python_pkg/python_pkg.egg-info
[1.613s] writing ../../build/python_pkg/python_pkg.egg-info/PKG-INFO
[1.614s] writing dependency_links to ../../build/python_pkg/python_pkg.egg-info/dependency_links.txt
[1.614s] writing entry points to ../../build/python_pkg/python_pkg.egg-info/entry_points.txt
[1.615s] writing requirements to ../../build/python_pkg/python_pkg.egg-info/requires.txt
[1.615s] writing top-level names to ../../build/python_pkg/python_pkg.egg-info/top_level.txt
[1.616s] writing manifest file '../../build/python_pkg/python_pkg.egg-info/SOURCES.txt'
[1.617s] reading manifest file '../../build/python_pkg/python_pkg.egg-info/SOURCES.txt'
[1.617s] adding license file 'LICENSE'
[1.619s] writing manifest file '../../build/python_pkg/python_pkg.egg-info/SOURCES.txt'
[1.619s] running build
[1.620s] running build_py
[1.620s] creating /home/smr/workspaces/amrROS2_ws/build/python_pkg/build
[1.621s] creating /home/smr/workspaces/amrROS2_ws/build/python_pkg/build/lib
[1.621s] creating /home/smr/workspaces/amrROS2_ws/build/python_pkg/build/lib/python_pkg
[1.622s] copying python_pkg/__init__.py -> /home/smr/workspaces/amrROS2_ws/build/python_pkg/build/lib/python_pkg
[1.622s] copying python_pkg/ip_address_publisher.py -> /home/smr/workspaces/amrROS2_ws/build/python_pkg/build/lib/python_pkg
[1.623s] running install
[1.623s] running install_lib
[1.624s] creating /home/smr/workspaces/amrROS2_ws/install/python_pkg/lib/python3.10/site-packages/python_pkg
[1.624s] copying /home/smr/workspaces/amrROS2_ws/build/python_pkg/build/lib/python_pkg/__init__.py -> /home/smr/workspaces/amrROS2_ws/install/python_pkg/lib/python3.10/site-packages/python_pkg
[1.625s] copying /home/smr/workspaces/amrROS2_ws/build/python_pkg/build/lib/python_pkg/ip_address_publisher.py -> /home/smr/workspaces/amrROS2_ws/install/python_pkg/lib/python3.10/site-packages/python_pkg
[1.625s] byte-compiling /home/smr/workspaces/amrROS2_ws/install/python_pkg/lib/python3.10/site-packages/python_pkg/__init__.py to __init__.cpython-310.pyc
[1.626s] byte-compiling /home/smr/workspaces/amrROS2_ws/install/python_pkg/lib/python3.10/site-packages/python_pkg/ip_address_publisher.py to ip_address_publisher.cpython-310.pyc
[1.626s] running install_data
[1.627s] creating /home/smr/workspaces/amrROS2_ws/install/python_pkg/share/ament_index
[1.627s] creating /home/smr/workspaces/amrROS2_ws/install/python_pkg/share/ament_index/resource_index
[1.628s] creating /home/smr/workspaces/amrROS2_ws/install/python_pkg/share/ament_index/resource_index/packages
[1.629s] copying resource/python_pkg -> /home/smr/workspaces/amrROS2_ws/install/python_pkg/share/ament_index/resource_index/packages
[1.629s] copying package.xml -> /home/smr/workspaces/amrROS2_ws/install/python_pkg/share/python_pkg
[1.630s] running install_egg_info
[1.630s] Copying ../../build/python_pkg/python_pkg.egg-info to /home/smr/workspaces/amrROS2_ws/install/python_pkg/lib/python3.10/site-packages/python_pkg-0.0.0-py3.10.egg-info
[1.631s] running install_scripts
[1.670s] Installing ip_publisher script to /home/smr/workspaces/amrROS2_ws/install/python_pkg/lib/python_pkg
[1.671s] writing list of installed files to '/home/smr/workspaces/amrROS2_ws/build/python_pkg/install.log'
[1.771s] Invoked command in '/home/smr/workspaces/amrROS2_ws/src/python_pkg' returned '0': PYTHONPATH=/home/smr/workspaces/amrROS2_ws/build/python_pkg/prefix_override:/usr/lib/python3/dist-packages/colcon_core/task/python/colcon_distutils_commands:/home/smr/workspaces/amrROS2_ws/install/python_pkg/lib/python3.10/site-packages:${PYTHONPATH} /usr/bin/python3 -W ignore:setup.py install is deprecated setup.py egg_info --egg-base ../../build/python_pkg build --build-base /home/smr/workspaces/amrROS2_ws/build/python_pkg/build install --record /home/smr/workspaces/amrROS2_ws/build/python_pkg/install.log --single-version-externally-managed install_data
