[2.108s] Invoking command in '/home/smr/workspaces/amrROS2_ws/src/robot_nav_tool': PYTHONPATH=/home/smr/workspaces/amrROS2_ws/build/robot_nav_tool/prefix_override:/usr/lib/python3/dist-packages/colcon_core/task/python/colcon_distutils_commands:/home/smr/workspaces/amrROS2_ws/install/robot_nav_tool/lib/python3.10/site-packages:${PYTHONPATH} /usr/bin/python3 -W ignore:setup.py install is deprecated setup.py egg_info --egg-base ../../build/robot_nav_tool build --build-base /home/smr/workspaces/amrROS2_ws/build/robot_nav_tool/build install --record /home/smr/workspaces/amrROS2_ws/build/robot_nav_tool/install.log --single-version-externally-managed install_data
[2.573s] running egg_info
[2.575s] writing ../../build/robot_nav_tool/robot_nav_tool.egg-info/PKG-INFO
[2.576s] writing dependency_links to ../../build/robot_nav_tool/robot_nav_tool.egg-info/dependency_links.txt
[2.576s] writing entry points to ../../build/robot_nav_tool/robot_nav_tool.egg-info/entry_points.txt
[2.577s] writing requirements to ../../build/robot_nav_tool/robot_nav_tool.egg-info/requires.txt
[2.577s] writing top-level names to ../../build/robot_nav_tool/robot_nav_tool.egg-info/top_level.txt
[2.581s] reading manifest file '../../build/robot_nav_tool/robot_nav_tool.egg-info/SOURCES.txt'
[2.584s] writing manifest file '../../build/robot_nav_tool/robot_nav_tool.egg-info/SOURCES.txt'
[2.584s] running build
[2.584s] running build_py
[2.585s] running install
[2.585s] running install_lib
[2.588s] running install_data
[2.589s] copying launch/nav_gui_bridge.launch.py -> /home/smr/workspaces/amrROS2_ws/install/robot_nav_tool/share/robot_nav_tool/launch
[2.590s] running install_egg_info
[2.592s] removing '/home/smr/workspaces/amrROS2_ws/install/robot_nav_tool/lib/python3.10/site-packages/robot_nav_tool-0.0.0-py3.10.egg-info' (and everything under it)
[2.593s] Copying ../../build/robot_nav_tool/robot_nav_tool.egg-info to /home/smr/workspaces/amrROS2_ws/install/robot_nav_tool/lib/python3.10/site-packages/robot_nav_tool-0.0.0-py3.10.egg-info
[2.594s] running install_scripts
[2.637s] Installing nav_gui_bridge script to /home/smr/workspaces/amrROS2_ws/install/robot_nav_tool/lib/robot_nav_tool
[2.638s] writing list of installed files to '/home/smr/workspaces/amrROS2_ws/build/robot_nav_tool/install.log'
[2.748s] Invoked command in '/home/smr/workspaces/amrROS2_ws/src/robot_nav_tool' returned '0': PYTHONPATH=/home/smr/workspaces/amrROS2_ws/build/robot_nav_tool/prefix_override:/usr/lib/python3/dist-packages/colcon_core/task/python/colcon_distutils_commands:/home/smr/workspaces/amrROS2_ws/install/robot_nav_tool/lib/python3.10/site-packages:${PYTHONPATH} /usr/bin/python3 -W ignore:setup.py install is deprecated setup.py egg_info --egg-base ../../build/robot_nav_tool build --build-base /home/smr/workspaces/amrROS2_ws/build/robot_nav_tool/build install --record /home/smr/workspaces/amrROS2_ws/build/robot_nav_tool/install.log --single-version-externally-managed install_data
