[0.058s] Invoking command in '/home/smr/workspaces/amrROS2_ws/build/bringup': CMAKE_PREFIX_PATH=/home/smr/workspaces/amrROS2_ws/install/micro_ros_agent:/home/smr/workspaces/amrROS2_ws/install/micro_ros_msgs:/home/smr/workspaces/amrROS2_ws/install/example:/home/smr/workspaces/amrROS2_ws/install/sllidar_ros2:/home/smr/workspaces/amrROS2_ws/install/navigation:/home/smr/workspaces/amrROS2_ws/install/micro_ros_setup:/home/smr/workspaces/amrROS2_ws/install/bringup:/home/smr/workspaces/amrROS2_ws/install/description:/home/smr/workspaces/amrROS2_ws/install/python_pkg:/opt/ros/humble /usr/bin/cmake --build /home/smr/workspaces/amrROS2_ws/build/bringup -- -j8 -l8
[0.125s] Invoked command in '/home/smr/workspaces/amrROS2_ws/build/bringup' returned '0': CMAKE_PREFIX_PATH=/home/smr/workspaces/amrROS2_ws/install/micro_ros_agent:/home/smr/workspaces/amrROS2_ws/install/micro_ros_msgs:/home/smr/workspaces/amrROS2_ws/install/example:/home/smr/workspaces/amrROS2_ws/install/sllidar_ros2:/home/smr/workspaces/amrROS2_ws/install/navigation:/home/smr/workspaces/amrROS2_ws/install/micro_ros_setup:/home/smr/workspaces/amrROS2_ws/install/bringup:/home/smr/workspaces/amrROS2_ws/install/description:/home/smr/workspaces/amrROS2_ws/install/python_pkg:/opt/ros/humble /usr/bin/cmake --build /home/smr/workspaces/amrROS2_ws/build/bringup -- -j8 -l8
[0.176s] Invoking command in '/home/smr/workspaces/amrROS2_ws/build/bringup': CMAKE_PREFIX_PATH=/home/smr/workspaces/amrROS2_ws/install/micro_ros_agent:/home/smr/workspaces/amrROS2_ws/install/micro_ros_msgs:/home/smr/workspaces/amrROS2_ws/install/example:/home/smr/workspaces/amrROS2_ws/install/sllidar_ros2:/home/smr/workspaces/amrROS2_ws/install/navigation:/home/smr/workspaces/amrROS2_ws/install/micro_ros_setup:/home/smr/workspaces/amrROS2_ws/install/bringup:/home/smr/workspaces/amrROS2_ws/install/description:/home/smr/workspaces/amrROS2_ws/install/python_pkg:/opt/ros/humble /usr/bin/cmake --install /home/smr/workspaces/amrROS2_ws/build/bringup
[0.187s] -- Install configuration: ""
[0.187s] -- Up-to-date: /home/smr/workspaces/amrROS2_ws/install/bringup/share/bringup/launch
[0.188s] -- Up-to-date: /home/smr/workspaces/amrROS2_ws/install/bringup/share/bringup/launch/bringup.launch.py
[0.188s] -- Up-to-date: /home/smr/workspaces/amrROS2_ws/install/bringup/share/bringup/launch/camera.launch.py
[0.189s] -- Up-to-date: /home/smr/workspaces/amrROS2_ws/install/bringup/share/bringup/config
[0.189s] -- Up-to-date: /home/smr/workspaces/amrROS2_ws/install/bringup/share/bringup/config/ekf.yaml
[0.190s] -- Up-to-date: /home/smr/workspaces/amrROS2_ws/install/bringup/share/bringup/config/usbcam.yaml
[0.190s] -- Up-to-date: /home/smr/workspaces/amrROS2_ws/install/bringup/share/ament_index/resource_index/package_run_dependencies/bringup
[0.191s] -- Up-to-date: /home/smr/workspaces/amrROS2_ws/install/bringup/share/ament_index/resource_index/parent_prefix_path/bringup
[0.191s] -- Up-to-date: /home/smr/workspaces/amrROS2_ws/install/bringup/share/bringup/environment/ament_prefix_path.sh
[0.192s] -- Up-to-date: /home/smr/workspaces/amrROS2_ws/install/bringup/share/bringup/environment/ament_prefix_path.dsv
[0.192s] -- Up-to-date: /home/smr/workspaces/amrROS2_ws/install/bringup/share/bringup/environment/path.sh
[0.193s] -- Up-to-date: /home/smr/workspaces/amrROS2_ws/install/bringup/share/bringup/environment/path.dsv
[0.193s] -- Up-to-date: /home/smr/workspaces/amrROS2_ws/install/bringup/share/bringup/local_setup.bash
[0.193s] -- Up-to-date: /home/smr/workspaces/amrROS2_ws/install/bringup/share/bringup/local_setup.sh
[0.194s] -- Up-to-date: /home/smr/workspaces/amrROS2_ws/install/bringup/share/bringup/local_setup.zsh
[0.194s] -- Up-to-date: /home/smr/workspaces/amrROS2_ws/install/bringup/share/bringup/local_setup.dsv
[0.195s] -- Installing: /home/smr/workspaces/amrROS2_ws/install/bringup/share/bringup/package.dsv
[0.195s] -- Up-to-date: /home/smr/workspaces/amrROS2_ws/install/bringup/share/ament_index/resource_index/packages/bringup
[0.196s] -- Up-to-date: /home/smr/workspaces/amrROS2_ws/install/bringup/share/bringup/cmake/bringupConfig.cmake
[0.196s] -- Up-to-date: /home/smr/workspaces/amrROS2_ws/install/bringup/share/bringup/cmake/bringupConfig-version.cmake
[0.197s] -- Up-to-date: /home/smr/workspaces/amrROS2_ws/install/bringup/share/bringup/package.xml
[0.209s] Invoked command in '/home/smr/workspaces/amrROS2_ws/build/bringup' returned '0': CMAKE_PREFIX_PATH=/home/smr/workspaces/amrROS2_ws/install/micro_ros_agent:/home/smr/workspaces/amrROS2_ws/install/micro_ros_msgs:/home/smr/workspaces/amrROS2_ws/install/example:/home/smr/workspaces/amrROS2_ws/install/sllidar_ros2:/home/smr/workspaces/amrROS2_ws/install/navigation:/home/smr/workspaces/amrROS2_ws/install/micro_ros_setup:/home/smr/workspaces/amrROS2_ws/install/bringup:/home/smr/workspaces/amrROS2_ws/install/description:/home/smr/workspaces/amrROS2_ws/install/python_pkg:/opt/ros/humble /usr/bin/cmake --install /home/smr/workspaces/amrROS2_ws/build/bringup
