[0.999s] Invoking command in '/home/smr/workspaces/amrROS2_ws/build/micro_ros_setup': CMAKE_PREFIX_PATH=${CMAKE_PREFIX_PATH}:/home/smr/workspaces/amrROS2_ws/install/python_pkg:/home/smr/workspaces/amrROS2_ws/install/action_autodock:/opt/ros/humble /usr/bin/cmake --build /home/smr/workspaces/amrROS2_ws/build/micro_ros_setup -- -j8 -l8
[1.689s] Invoked command in '/home/smr/workspaces/amrROS2_ws/build/micro_ros_setup' returned '0': CMAKE_PREFIX_PATH=${CMAKE_PREFIX_PATH}:/home/smr/workspaces/amrROS2_ws/install/python_pkg:/home/smr/workspaces/amrROS2_ws/install/action_autodock:/opt/ros/humble /usr/bin/cmake --build /home/smr/workspaces/amrROS2_ws/build/micro_ros_setup -- -j8 -l8
[1.824s] Invoking command in '/home/smr/workspaces/amrROS2_ws/build/micro_ros_setup': CMAKE_PREFIX_PATH=${CMAKE_PREFIX_PATH}:/home/smr/workspaces/amrROS2_ws/install/python_pkg:/home/smr/workspaces/amrROS2_ws/install/action_autodock:/opt/ros/humble /usr/bin/cmake --install /home/smr/workspaces/amrROS2_ws/build/micro_ros_setup
[1.861s] -- Install configuration: ""
[1.861s] -- Up-to-date: /home/smr/workspaces/amrROS2_ws/install/micro_ros_setup/share/ament_index/resource_index/package_run_dependencies/micro_ros_setup
[1.861s] -- Up-to-date: /home/smr/workspaces/amrROS2_ws/install/micro_ros_setup/share/ament_index/resource_index/parent_prefix_path/micro_ros_setup
[1.862s] -- Up-to-date: /home/smr/workspaces/amrROS2_ws/install/micro_ros_setup/share/micro_ros_setup/environment/ament_prefix_path.sh
[1.863s] -- Up-to-date: /home/smr/workspaces/amrROS2_ws/install/micro_ros_setup/share/micro_ros_setup/environment/ament_prefix_path.dsv
[1.872s] -- Up-to-date: /home/smr/workspaces/amrROS2_ws/install/micro_ros_setup/share/micro_ros_setup/environment/path.sh
[1.873s] -- Up-to-date: /home/smr/workspaces/amrROS2_ws/install/micro_ros_setup/share/micro_ros_setup/environment/path.dsv
[1.873s] -- Up-to-date: /home/smr/workspaces/amrROS2_ws/install/micro_ros_setup/share/micro_ros_setup/local_setup.bash
[1.878s] -- Up-to-date: /home/smr/workspaces/amrROS2_ws/install/micro_ros_setup/share/micro_ros_setup/local_setup.sh
[1.889s] -- Up-to-date: /home/smr/workspaces/amrROS2_ws/install/micro_ros_setup/share/micro_ros_setup/local_setup.zsh
[1.889s] -- Up-to-date: /home/smr/workspaces/amrROS2_ws/install/micro_ros_setup/share/micro_ros_setup/local_setup.dsv
[1.889s] -- Installing: /home/smr/workspaces/amrROS2_ws/install/micro_ros_setup/share/micro_ros_setup/package.dsv
[1.892s] -- Up-to-date: /home/smr/workspaces/amrROS2_ws/install/micro_ros_setup/share/ament_index/resource_index/packages/micro_ros_setup
[1.896s] -- Up-to-date: /home/smr/workspaces/amrROS2_ws/install/micro_ros_setup/share/micro_ros_setup/cmake/micro_ros_setupConfig.cmake
[1.897s] -- Up-to-date: /home/smr/workspaces/amrROS2_ws/install/micro_ros_setup/share/micro_ros_setup/cmake/micro_ros_setupConfig-version.cmake
[1.904s] -- Up-to-date: /home/smr/workspaces/amrROS2_ws/install/micro_ros_setup/share/micro_ros_setup/package.xml
[1.906s] -- Up-to-date: /home/smr/workspaces/amrROS2_ws/install/micro_ros_setup/./config
[1.907s] -- Up-to-date: /home/smr/workspaces/amrROS2_ws/install/micro_ros_setup/./config/client_ros2_packages.txt
[1.907s] -- Up-to-date: /home/smr/workspaces/amrROS2_ws/install/micro_ros_setup/./config/mbed
[1.908s] -- Up-to-date: /home/smr/workspaces/amrROS2_ws/install/micro_ros_setup/./config/mbed/generic
[1.909s] -- Up-to-date: /home/smr/workspaces/amrROS2_ws/install/micro_ros_setup/./config/mbed/generic/board.repos
[1.909s] -- Up-to-date: /home/smr/workspaces/amrROS2_ws/install/micro_ros_setup/./config/mbed/generic/client_uros_packages.repos
[1.910s] -- Up-to-date: /home/smr/workspaces/amrROS2_ws/install/micro_ros_setup/./config/mbed/generic/create.sh
[1.910s] -- Up-to-date: /home/smr/workspaces/amrROS2_ws/install/micro_ros_setup/./config/mbed/generic/supported_platforms
[1.910s] -- Up-to-date: /home/smr/workspaces/amrROS2_ws/install/micro_ros_setup/./config/mbed/generic/build.sh
[1.917s] -- Up-to-date: /home/smr/workspaces/amrROS2_ws/install/micro_ros_setup/./config/mbed/generic/flash.sh
[1.918s] -- Up-to-date: /home/smr/workspaces/amrROS2_ws/install/micro_ros_setup/./config/mbed/generic/package.xml
[1.918s] -- Up-to-date: /home/smr/workspaces/amrROS2_ws/install/micro_ros_setup/./config/mbed/dev_ros2_packages.txt
[1.919s] -- Up-to-date: /home/smr/workspaces/amrROS2_ws/install/micro_ros_setup/./config/mbed/list_apps.sh
[1.919s] -- Up-to-date: /home/smr/workspaces/amrROS2_ws/install/micro_ros_setup/./config/mbed/dev_uros_packages.repos
[1.923s] -- Up-to-date: /home/smr/workspaces/amrROS2_ws/install/micro_ros_setup/./config/freertos
[1.930s] -- Up-to-date: /home/smr/workspaces/amrROS2_ws/install/micro_ros_setup/./config/freertos/nucleo_f767zi
[1.931s] -- Up-to-date: /home/smr/workspaces/amrROS2_ws/install/micro_ros_setup/./config/freertos/nucleo_f767zi/board.repos
[1.932s] -- Up-to-date: /home/smr/workspaces/amrROS2_ws/install/micro_ros_setup/./config/freertos/nucleo_f767zi/client_uros_packages.repos
[1.933s] -- Up-to-date: /home/smr/workspaces/amrROS2_ws/install/micro_ros_setup/./config/freertos/nucleo_f767zi/create.sh
[1.933s] -- Up-to-date: /home/smr/workspaces/amrROS2_ws/install/micro_ros_setup/./config/freertos/nucleo_f767zi/build.sh
[1.934s] -- Up-to-date: /home/smr/workspaces/amrROS2_ws/install/micro_ros_setup/./config/freertos/nucleo_f767zi/flash.sh
[1.934s] -- Up-to-date: /home/smr/workspaces/amrROS2_ws/install/micro_ros_setup/./config/freertos/nucleo_f767zi/client-colcon.meta
[1.935s] -- Up-to-date: /home/smr/workspaces/amrROS2_ws/install/micro_ros_setup/./config/freertos/nucleo_f767zi/package.xml
[1.935s] -- Up-to-date: /home/smr/workspaces/amrROS2_ws/install/micro_ros_setup/./config/freertos/nucleo_f767zi/configure.sh
[1.936s] -- Up-to-date: /home/smr/workspaces/amrROS2_ws/install/micro_ros_setup/./config/freertos/dev_ros2_packages.txt
[1.940s] -- Up-to-date: /home/smr/workspaces/amrROS2_ws/install/micro_ros_setup/./config/freertos/olimex-stm32-e407
[1.941s] -- Up-to-date: /home/smr/workspaces/amrROS2_ws/install/micro_ros_setup/./config/freertos/olimex-stm32-e407/board.repos
[1.941s] -- Up-to-date: /home/smr/workspaces/amrROS2_ws/install/micro_ros_setup/./config/freertos/olimex-stm32-e407/client_uros_packages.repos
[1.942s] -- Up-to-date: /home/smr/workspaces/amrROS2_ws/install/micro_ros_setup/./config/freertos/olimex-stm32-e407/create.sh
[1.942s] -- Up-to-date: /home/smr/workspaces/amrROS2_ws/install/micro_ros_setup/./config/freertos/olimex-stm32-e407/build.sh
[1.943s] -- Up-to-date: /home/smr/workspaces/amrROS2_ws/install/micro_ros_setup/./config/freertos/olimex-stm32-e407/flash.sh
[1.943s] -- Up-to-date: /home/smr/workspaces/amrROS2_ws/install/micro_ros_setup/./config/freertos/olimex-stm32-e407/client-colcon.meta
[1.944s] -- Up-to-date: /home/smr/workspaces/amrROS2_ws/install/micro_ros_setup/./config/freertos/olimex-stm32-e407/package.xml
[1.950s] -- Up-to-date: /home/smr/workspaces/amrROS2_ws/install/micro_ros_setup/./config/freertos/olimex-stm32-e407/configure.sh
[1.951s] -- Up-to-date: /home/smr/workspaces/amrROS2_ws/install/micro_ros_setup/./config/freertos/list_apps.sh
[1.952s] -- Up-to-date: /home/smr/workspaces/amrROS2_ws/install/micro_ros_setup/./config/freertos/esp32
[1.952s] -- Up-to-date: /home/smr/workspaces/amrROS2_ws/install/micro_ros_setup/./config/freertos/esp32/board.repos
[1.952s] -- Up-to-date: /home/smr/workspaces/amrROS2_ws/install/micro_ros_setup/./config/freertos/esp32/client_uros_packages.repos
[1.952s] -- Up-to-date: /home/smr/workspaces/amrROS2_ws/install/micro_ros_setup/./config/freertos/esp32/create.sh
[1.952s] -- Up-to-date: /home/smr/workspaces/amrROS2_ws/install/micro_ros_setup/./config/freertos/esp32/README.md
[1.952s] -- Up-to-date: /home/smr/workspaces/amrROS2_ws/install/micro_ros_setup/./config/freertos/esp32/build.sh
[1.952s] -- Up-to-date: /home/smr/workspaces/amrROS2_ws/install/micro_ros_setup/./config/freertos/esp32/flash.sh
[1.952s] -- Up-to-date: /home/smr/workspaces/amrROS2_ws/install/micro_ros_setup/./config/freertos/esp32/client-colcon.meta
[1.952s] -- Up-to-date: /home/smr/workspaces/amrROS2_ws/install/micro_ros_setup/./config/freertos/esp32/package.xml
[1.952s] -- Up-to-date: /home/smr/workspaces/amrROS2_ws/install/micro_ros_setup/./config/freertos/esp32/configure.sh
[1.952s] -- Up-to-date: /home/smr/workspaces/amrROS2_ws/install/micro_ros_setup/./config/freertos/crazyflie21
[1.953s] -- Up-to-date: /home/smr/workspaces/amrROS2_ws/install/micro_ros_setup/./config/freertos/crazyflie21/board.repos
[1.954s] -- Up-to-date: /home/smr/workspaces/amrROS2_ws/install/micro_ros_setup/./config/freertos/crazyflie21/client_uros_packages.repos
[1.954s] -- Up-to-date: /home/smr/workspaces/amrROS2_ws/install/micro_ros_setup/./config/freertos/crazyflie21/create.sh
[1.954s] -- Up-to-date: /home/smr/workspaces/amrROS2_ws/install/micro_ros_setup/./config/freertos/crazyflie21/build.sh
[1.954s] -- Up-to-date: /home/smr/workspaces/amrROS2_ws/install/micro_ros_setup/./config/freertos/crazyflie21/flash.sh
[1.954s] -- Up-to-date: /home/smr/workspaces/amrROS2_ws/install/micro_ros_setup/./config/freertos/crazyflie21/client-colcon.meta
[1.954s] -- Up-to-date: /home/smr/workspaces/amrROS2_ws/install/micro_ros_setup/./config/freertos/crazyflie21/package.xml
[1.954s] -- Up-to-date: /home/smr/workspaces/amrROS2_ws/install/micro_ros_setup/./config/freertos/crazyflie21/configure.sh
[1.983s] -- Up-to-date: /home/smr/workspaces/amrROS2_ws/install/micro_ros_setup/./config/freertos/nucleo_f746zg
[1.990s] -- Up-to-date: /home/smr/workspaces/amrROS2_ws/install/micro_ros_setup/./config/freertos/nucleo_f746zg/board.repos
[1.990s] -- Up-to-date: /home/smr/workspaces/amrROS2_ws/install/micro_ros_setup/./config/freertos/nucleo_f746zg/client_uros_packages.repos
[1.991s] -- Up-to-date: /home/smr/workspaces/amrROS2_ws/install/micro_ros_setup/./config/freertos/nucleo_f746zg/create.sh
[1.991s] -- Up-to-date: /home/smr/workspaces/amrROS2_ws/install/micro_ros_setup/./config/freertos/nucleo_f746zg/build.sh
[1.992s] -- Up-to-date: /home/smr/workspaces/amrROS2_ws/install/micro_ros_setup/./config/freertos/nucleo_f746zg/flash.sh
[1.992s] -- Up-to-date: /home/smr/workspaces/amrROS2_ws/install/micro_ros_setup/./config/freertos/nucleo_f746zg/client-colcon.meta
[1.992s] -- Up-to-date: /home/smr/workspaces/amrROS2_ws/install/micro_ros_setup/./config/freertos/nucleo_f746zg/package.xml
[1.993s] -- Up-to-date: /home/smr/workspaces/amrROS2_ws/install/micro_ros_setup/./config/freertos/nucleo_f746zg/configure.sh
[1.993s] -- Up-to-date: /home/smr/workspaces/amrROS2_ws/install/micro_ros_setup/./config/freertos/nucleo_f446ze
[1.993s] -- Up-to-date: /home/smr/workspaces/amrROS2_ws/install/micro_ros_setup/./config/freertos/nucleo_f446ze/board.repos
[1.994s] -- Up-to-date: /home/smr/workspaces/amrROS2_ws/install/micro_ros_setup/./config/freertos/nucleo_f446ze/client_uros_packages.repos
[1.994s] -- Up-to-date: /home/smr/workspaces/amrROS2_ws/install/micro_ros_setup/./config/freertos/nucleo_f446ze/create.sh
[1.995s] -- Up-to-date: /home/smr/workspaces/amrROS2_ws/install/micro_ros_setup/./config/freertos/nucleo_f446ze/build.sh
[1.995s] -- Up-to-date: /home/smr/workspaces/amrROS2_ws/install/micro_ros_setup/./config/freertos/nucleo_f446ze/flash.sh
[1.996s] -- Up-to-date: /home/smr/workspaces/amrROS2_ws/install/micro_ros_setup/./config/freertos/nucleo_f446ze/client-colcon.meta
[1.996s] -- Up-to-date: /home/smr/workspaces/amrROS2_ws/install/micro_ros_setup/./config/freertos/nucleo_f446ze/package.xml
[1.999s] -- Up-to-date: /home/smr/workspaces/amrROS2_ws/install/micro_ros_setup/./config/freertos/nucleo_f446ze/configure.sh
[1.999s] -- Up-to-date: /home/smr/workspaces/amrROS2_ws/install/micro_ros_setup/./config/freertos/dev_uros_packages.repos
[2.000s] -- Up-to-date: /home/smr/workspaces/amrROS2_ws/install/micro_ros_setup/./config/freertos/nucleo_f446re
[2.000s] -- Up-to-date: /home/smr/workspaces/amrROS2_ws/install/micro_ros_setup/./config/freertos/nucleo_f446re/board.repos
[2.000s] -- Up-to-date: /home/smr/workspaces/amrROS2_ws/install/micro_ros_setup/./config/freertos/nucleo_f446re/client_uros_packages.repos
[2.000s] -- Up-to-date: /home/smr/workspaces/amrROS2_ws/install/micro_ros_setup/./config/freertos/nucleo_f446re/create.sh
[2.000s] -- Up-to-date: /home/smr/workspaces/amrROS2_ws/install/micro_ros_setup/./config/freertos/nucleo_f446re/build.sh
[2.001s] -- Up-to-date: /home/smr/workspaces/amrROS2_ws/install/micro_ros_setup/./config/freertos/nucleo_f446re/flash.sh
[2.003s] -- Up-to-date: /home/smr/workspaces/amrROS2_ws/install/micro_ros_setup/./config/freertos/nucleo_f446re/client-colcon.meta
[2.005s] -- Up-to-date: /home/smr/workspaces/amrROS2_ws/install/micro_ros_setup/./config/freertos/nucleo_f446re/package.xml
[2.005s] -- Up-to-date: /home/smr/workspaces/amrROS2_ws/install/micro_ros_setup/./config/freertos/nucleo_f446re/configure.sh
[2.005s] -- Up-to-date: /home/smr/workspaces/amrROS2_ws/install/micro_ros_setup/./config/renesas_ra
[2.005s] -- Up-to-date: /home/smr/workspaces/amrROS2_ws/install/micro_ros_setup/./config/renesas_ra/ra6m5
[2.005s] -- Up-to-date: /home/smr/workspaces/amrROS2_ws/install/micro_ros_setup/./config/renesas_ra/ra6m5/board.repos
[2.005s] -- Up-to-date: /home/smr/workspaces/amrROS2_ws/install/micro_ros_setup/./config/renesas_ra/ra6m5/client_uros_packages.repos
[2.005s] -- Up-to-date: /home/smr/workspaces/amrROS2_ws/install/micro_ros_setup/./config/renesas_ra/ra6m5/create.sh
[2.005s] -- Up-to-date: /home/smr/workspaces/amrROS2_ws/install/micro_ros_setup/./config/renesas_ra/ra6m5/build.sh
[2.006s] -- Up-to-date: /home/smr/workspaces/amrROS2_ws/install/micro_ros_setup/./config/renesas_ra/ra6m5/flash.sh
[2.006s] -- Up-to-date: /home/smr/workspaces/amrROS2_ws/install/micro_ros_setup/./config/renesas_ra/ra6m5/client-colcon.meta
[2.006s] -- Up-to-date: /home/smr/workspaces/amrROS2_ws/install/micro_ros_setup/./config/renesas_ra/ra6m5/configure.sh
[2.006s] -- Up-to-date: /home/smr/workspaces/amrROS2_ws/install/micro_ros_setup/./config/renesas_ra/dev_ros2_packages.txt
[2.007s] -- Up-to-date: /home/smr/workspaces/amrROS2_ws/install/micro_ros_setup/./config/renesas_ra/list_apps.sh
[2.007s] -- Up-to-date: /home/smr/workspaces/amrROS2_ws/install/micro_ros_setup/./config/renesas_ra/dev_uros_packages.repos
[2.007s] -- Up-to-date: /home/smr/workspaces/amrROS2_ws/install/micro_ros_setup/./config/host
[2.007s] -- Up-to-date: /home/smr/workspaces/amrROS2_ws/install/micro_ros_setup/./config/host/generic
[2.007s] -- Up-to-date: /home/smr/workspaces/amrROS2_ws/install/micro_ros_setup/./config/host/generic/client-host-colcon.meta
[2.007s] -- Up-to-date: /home/smr/workspaces/amrROS2_ws/install/micro_ros_setup/./config/host/generic/create.sh
[2.007s] -- Up-to-date: /home/smr/workspaces/amrROS2_ws/install/micro_ros_setup/./config/host/generic/client_host_packages.repos
[2.007s] -- Up-to-date: /home/smr/workspaces/amrROS2_ws/install/micro_ros_setup/./config/host/generic/build.sh
[2.007s] -- Up-to-date: /home/smr/workspaces/amrROS2_ws/install/micro_ros_setup/./config/host/generic/flash.sh
[2.007s] -- Up-to-date: /home/smr/workspaces/amrROS2_ws/install/micro_ros_setup/./config/host/generic/package.xml
[2.008s] -- Up-to-date: /home/smr/workspaces/amrROS2_ws/install/micro_ros_setup/./config/host/client_ros2_packages.txt
[2.008s] -- Up-to-date: /home/smr/workspaces/amrROS2_ws/install/micro_ros_setup/./config/host/dev_ros2_packages.txt
[2.008s] -- Up-to-date: /home/smr/workspaces/amrROS2_ws/install/micro_ros_setup/./config/host/dev_uros_packages.repos
[2.008s] -- Up-to-date: /home/smr/workspaces/amrROS2_ws/install/micro_ros_setup/./config/client_uros_packages.repos
[2.008s] -- Up-to-date: /home/smr/workspaces/amrROS2_ws/install/micro_ros_setup/./config/generate_lib
[2.008s] -- Up-to-date: /home/smr/workspaces/amrROS2_ws/install/micro_ros_setup/./config/generate_lib/generic
[2.008s] -- Up-to-date: /home/smr/workspaces/amrROS2_ws/install/micro_ros_setup/./config/generate_lib/generic/demo_toolchain.cmake
[2.008s] -- Up-to-date: /home/smr/workspaces/amrROS2_ws/install/micro_ros_setup/./config/generate_lib/generic/client_uros_packages.repos
[2.008s] -- Up-to-date: /home/smr/workspaces/amrROS2_ws/install/micro_ros_setup/./config/generate_lib/generic/create.sh
[2.008s] -- Up-to-date: /home/smr/workspaces/amrROS2_ws/install/micro_ros_setup/./config/generate_lib/generic/build.sh
[2.008s] -- Up-to-date: /home/smr/workspaces/amrROS2_ws/install/micro_ros_setup/./config/generate_lib/generic/flash.sh
[2.009s] -- Up-to-date: /home/smr/workspaces/amrROS2_ws/install/micro_ros_setup/./config/generate_lib/generic/client-colcon.meta
[2.009s] -- Up-to-date: /home/smr/workspaces/amrROS2_ws/install/micro_ros_setup/./config/generate_lib/generic/package.xml
[2.009s] -- Up-to-date: /home/smr/workspaces/amrROS2_ws/install/micro_ros_setup/./config/generate_lib/dev_ros2_packages.txt
[2.009s] -- Up-to-date: /home/smr/workspaces/amrROS2_ws/install/micro_ros_setup/./config/generate_lib/dev_uros_packages.repos
[2.009s] -- Up-to-date: /home/smr/workspaces/amrROS2_ws/install/micro_ros_setup/./config/agent_ros2_packages.txt
[2.009s] -- Up-to-date: /home/smr/workspaces/amrROS2_ws/install/micro_ros_setup/./config/zephyr
[2.009s] -- Up-to-date: /home/smr/workspaces/amrROS2_ws/install/micro_ros_setup/./config/zephyr/generic
[2.009s] -- Up-to-date: /home/smr/workspaces/amrROS2_ws/install/micro_ros_setup/./config/zephyr/generic/board.repos
[2.009s] -- Up-to-date: /home/smr/workspaces/amrROS2_ws/install/micro_ros_setup/./config/zephyr/generic/client_uros_packages.repos
[2.009s] -- Up-to-date: /home/smr/workspaces/amrROS2_ws/install/micro_ros_setup/./config/zephyr/generic/create.sh
[2.009s] -- Up-to-date: /home/smr/workspaces/amrROS2_ws/install/micro_ros_setup/./config/zephyr/generic/supported_platforms
[2.009s] -- Up-to-date: /home/smr/workspaces/amrROS2_ws/install/micro_ros_setup/./config/zephyr/generic/build.sh
[2.009s] -- Up-to-date: /home/smr/workspaces/amrROS2_ws/install/micro_ros_setup/./config/zephyr/generic/flash.sh
[2.010s] -- Up-to-date: /home/smr/workspaces/amrROS2_ws/install/micro_ros_setup/./config/zephyr/generic/client-colcon.meta
[2.010s] -- Up-to-date: /home/smr/workspaces/amrROS2_ws/install/micro_ros_setup/./config/zephyr/generic/package.xml
[2.010s] -- Up-to-date: /home/smr/workspaces/amrROS2_ws/install/micro_ros_setup/./config/zephyr/generic/configure.sh
[2.010s] -- Up-to-date: /home/smr/workspaces/amrROS2_ws/install/micro_ros_setup/./config/zephyr/dev_ros2_packages.txt
[2.010s] -- Up-to-date: /home/smr/workspaces/amrROS2_ws/install/micro_ros_setup/./config/zephyr/list_apps.sh
[2.010s] -- Up-to-date: /home/smr/workspaces/amrROS2_ws/install/micro_ros_setup/./config/zephyr/dev_uros_packages.repos
[2.010s] -- Up-to-date: /home/smr/workspaces/amrROS2_ws/install/micro_ros_setup/./config/utils.sh
[2.010s] -- Up-to-date: /home/smr/workspaces/amrROS2_ws/install/micro_ros_setup/./config/agent_uros_packages.repos
[2.010s] -- Up-to-date: /home/smr/workspaces/amrROS2_ws/install/micro_ros_setup/./config/android
[2.010s] -- Up-to-date: /home/smr/workspaces/amrROS2_ws/install/micro_ros_setup/./config/android/generic
[2.010s] -- Up-to-date: /home/smr/workspaces/amrROS2_ws/install/micro_ros_setup/./config/android/generic/client_uros_packages.repos
[2.011s] -- Up-to-date: /home/smr/workspaces/amrROS2_ws/install/micro_ros_setup/./config/android/generic/create.sh
[2.011s] -- Up-to-date: /home/smr/workspaces/amrROS2_ws/install/micro_ros_setup/./config/android/generic/build.sh
[2.011s] -- Up-to-date: /home/smr/workspaces/amrROS2_ws/install/micro_ros_setup/./config/android/generic/flash.sh
[2.011s] -- Up-to-date: /home/smr/workspaces/amrROS2_ws/install/micro_ros_setup/./config/android/generic/client-colcon.meta
[2.011s] -- Up-to-date: /home/smr/workspaces/amrROS2_ws/install/micro_ros_setup/./config/android/generic/package.xml
[2.011s] -- Up-to-date: /home/smr/workspaces/amrROS2_ws/install/micro_ros_setup/./config/android/dev_ros2_packages.txt
[2.011s] -- Up-to-date: /home/smr/workspaces/amrROS2_ws/install/micro_ros_setup/./config/android/dev_uros_packages.repos
[2.011s] -- Up-to-date: /home/smr/workspaces/amrROS2_ws/install/micro_ros_setup/./config/raspbian
[2.011s] -- Up-to-date: /home/smr/workspaces/amrROS2_ws/install/micro_ros_setup/./config/raspbian/generic
[2.012s] -- Up-to-date: /home/smr/workspaces/amrROS2_ws/install/micro_ros_setup/./config/raspbian/generic/client_uros_packages.repos
[2.017s] -- Up-to-date: /home/smr/workspaces/amrROS2_ws/install/micro_ros_setup/./config/raspbian/generic/create.sh
[2.026s] -- Up-to-date: /home/smr/workspaces/amrROS2_ws/install/micro_ros_setup/./config/raspbian/generic/supported_platforms
[2.026s] -- Up-to-date: /home/smr/workspaces/amrROS2_ws/install/micro_ros_setup/./config/raspbian/generic/build.sh
[2.026s] -- Up-to-date: /home/smr/workspaces/amrROS2_ws/install/micro_ros_setup/./config/raspbian/generic/flash.sh
[2.026s] -- Up-to-date: /home/smr/workspaces/amrROS2_ws/install/micro_ros_setup/./config/raspbian/generic/client-colcon.meta
[2.026s] -- Up-to-date: /home/smr/workspaces/amrROS2_ws/install/micro_ros_setup/./config/raspbian/generic/configure.sh
[2.026s] -- Up-to-date: /home/smr/workspaces/amrROS2_ws/install/micro_ros_setup/./config/raspbian/dev_ros2_packages.txt
[2.026s] -- Up-to-date: /home/smr/workspaces/amrROS2_ws/install/micro_ros_setup/./config/raspbian/dev_uros_packages.repos
[2.027s] -- Up-to-date: /home/smr/workspaces/amrROS2_ws/install/micro_ros_setup/lib/micro_ros_setup/create_ws.sh
[2.027s] -- Up-to-date: /home/smr/workspaces/amrROS2_ws/install/micro_ros_setup/lib/micro_ros_setup/create_agent_ws.sh
[2.027s] -- Up-to-date: /home/smr/workspaces/amrROS2_ws/install/micro_ros_setup/lib/micro_ros_setup/create_firmware_ws.sh
[2.027s] -- Up-to-date: /home/smr/workspaces/amrROS2_ws/install/micro_ros_setup/lib/micro_ros_setup/configure_firmware.sh
[2.027s] -- Up-to-date: /home/smr/workspaces/amrROS2_ws/install/micro_ros_setup/lib/micro_ros_setup/flash_firmware.sh
[2.027s] -- Up-to-date: /home/smr/workspaces/amrROS2_ws/install/micro_ros_setup/lib/micro_ros_setup/build_firmware.sh
[2.027s] -- Up-to-date: /home/smr/workspaces/amrROS2_ws/install/micro_ros_setup/lib/micro_ros_setup/build_agent.sh
[2.027s] -- Up-to-date: /home/smr/workspaces/amrROS2_ws/install/micro_ros_setup/lib/micro_ros_setup/yaml_filter.py
[2.027s] -- Up-to-date: /home/smr/workspaces/amrROS2_ws/install/micro_ros_setup/lib/micro_ros_setup/clean_env.sh
[2.027s] -- Up-to-date: /home/smr/workspaces/amrROS2_ws/install/micro_ros_setup/lib/micro_ros_setup/component
[2.109s] Invoked command in '/home/smr/workspaces/amrROS2_ws/build/micro_ros_setup' returned '0': CMAKE_PREFIX_PATH=${CMAKE_PREFIX_PATH}:/home/smr/workspaces/amrROS2_ws/install/python_pkg:/home/smr/workspaces/amrROS2_ws/install/action_autodock:/opt/ros/humble /usr/bin/cmake --install /home/smr/workspaces/amrROS2_ws/build/micro_ros_setup
