[0.050s] Invoking command in '/home/smr/workspaces/amrROS2_ws/src/build/custom_interface': CMAKE_PREFIX_PATH=${CMAKE_PREFIX_PATH}:/home/smr/workspaces/amrROS2_ws/install/python_pkg:/opt/ros/humble /usr/bin/cmake /home/smr/workspaces/amrROS2_ws/src/custom_interface -DCMAKE_INSTALL_PREFIX=/home/smr/workspaces/amrROS2_ws/src/install/custom_interface
[0.768s] -- The C compiler identification is GNU 11.4.0
[1.301s] -- The CXX compiler identification is GNU 11.4.0
[1.343s] -- Detecting C compiler ABI info
[1.585s] -- Detecting C compiler ABI info - done
[1.623s] -- Check for working C compiler: /usr/bin/cc - skipped
[1.627s] -- Detecting C compile features
[1.630s] -- Detecting C compile features - done
[1.646s] -- Detecting CXX compiler ABI info
[1.904s] -- Detecting CXX compiler ABI info - done
[1.956s] -- Check for working CXX compiler: /usr/bin/c++ - skipped
[1.957s] -- Detecting CXX compile features
[1.959s] -- Detecting CXX compile features - done
[2.006s] -- Found ament_cmake: 1.3.10 (/opt/ros/humble/share/ament_cmake/cmake)
[2.399s] -- Found Python3: /usr/bin/python3 (found version "3.10.12") found components: Interpreter 
[2.639s] -- Found rosidl_default_generators: 1.2.0 (/opt/ros/humble/share/rosidl_default_generators/cmake)
[2.655s] -- Using all available rosidl_typesupport_c: rosidl_typesupport_fastrtps_c;rosidl_typesupport_introspection_c
[2.679s] -- Found rosidl_adapter: 3.1.5 (/opt/ros/humble/share/rosidl_adapter/cmake)
[2.801s] -- Using all available rosidl_typesupport_cpp: rosidl_typesupport_fastrtps_cpp;rosidl_typesupport_introspection_cpp
[2.897s] -- Found geometry_msgs: 4.2.4 (/opt/ros/humble/share/geometry_msgs/cmake)
[3.936s] -- Found ament_cmake_ros: 0.10.0 (/opt/ros/humble/share/ament_cmake_ros/cmake)
[4.536s] -- Using all available rosidl_typesupport_c: rosidl_typesupport_fastrtps_c;rosidl_typesupport_introspection_c
[5.351s] -- Using all available rosidl_typesupport_cpp: rosidl_typesupport_fastrtps_cpp;rosidl_typesupport_introspection_cpp
[5.421s] -- Found PythonInterp: /usr/bin/python3 (found suitable version "3.10.12", minimum required is "3.6") 
[5.429s] -- Found python_cmake_module: 0.10.0 (/opt/ros/humble/share/python_cmake_module/cmake)
[5.541s] -- Found PythonLibs: /usr/lib/aarch64-linux-gnu/libpython3.10.so (found suitable version "3.10.12", minimum required is "3.5") 
[5.541s] -- Using PYTHON_EXECUTABLE: /usr/bin/python3
[5.542s] -- Using PYTHON_INCLUDE_DIRS: /usr/include/python3.10
[5.542s] -- Using PYTHON_LIBRARIES: /usr/lib/aarch64-linux-gnu/libpython3.10.so
[5.599s] -- Found PythonExtra: .so  
[5.797s] -- Configuring done
[5.864s] -- Generating done
[5.869s] -- Build files have been written to: /home/smr/workspaces/amrROS2_ws/src/build/custom_interface
[5.896s] Invoked command in '/home/smr/workspaces/amrROS2_ws/src/build/custom_interface' returned '0': CMAKE_PREFIX_PATH=${CMAKE_PREFIX_PATH}:/home/smr/workspaces/amrROS2_ws/install/python_pkg:/opt/ros/humble /usr/bin/cmake /home/smr/workspaces/amrROS2_ws/src/custom_interface -DCMAKE_INSTALL_PREFIX=/home/smr/workspaces/amrROS2_ws/src/install/custom_interface
[5.906s] Invoking command in '/home/smr/workspaces/amrROS2_ws/src/build/custom_interface': CMAKE_PREFIX_PATH=${CMAKE_PREFIX_PATH}:/home/smr/workspaces/amrROS2_ws/install/python_pkg:/opt/ros/humble /usr/bin/cmake --build /home/smr/workspaces/amrROS2_ws/src/build/custom_interface -- -j8 -l8
[6.045s] [  2%] [34m[1mGenerating C code for ROS interfaces[0m
[6.054s] [  2%] Built target ament_cmake_python_copy_custom_interface
[6.070s] [  5%] [34m[1mGenerating C++ code for ROS interfaces[0m
[6.473s] running egg_info
[6.474s] creating custom_interface.egg-info
[6.475s] writing custom_interface.egg-info/PKG-INFO
[6.475s] writing dependency_links to custom_interface.egg-info/dependency_links.txt
[6.476s] writing top-level names to custom_interface.egg-info/top_level.txt
[6.476s] writing manifest file 'custom_interface.egg-info/SOURCES.txt'
[6.482s] reading manifest file 'custom_interface.egg-info/SOURCES.txt'
[6.483s] writing manifest file 'custom_interface.egg-info/SOURCES.txt'
[6.566s] [  5%] Built target ament_cmake_python_build_custom_interface_egg
[6.913s] [  7%] [32mBuilding C object CMakeFiles/custom_interface__rosidl_generator_c.dir/rosidl_generator_c/custom_interface/msg/detail/initdock__functions.c.o[0m
[6.923s] [  7%] Built target custom_interface__cpp
[6.926s] [ 10%] [32mBuilding C object CMakeFiles/custom_interface__rosidl_generator_c.dir/rosidl_generator_c/custom_interface/action/detail/autodock__functions.c.o[0m
[6.940s] [ 12%] [34m[1mGenerating C++ type support dispatch for ROS interfaces[0m
[6.947s] [ 15%] [34m[1mGenerating C++ introspection for ROS interfaces[0m
[6.961s] [ 17%] [34m[1mGenerating C++ type support for eProsima Fast-RTPS[0m
[7.330s] [ 20%] [32m[1mLinking C shared library libcustom_interface__rosidl_generator_c.so[0m
[7.478s] [ 20%] Built target custom_interface__rosidl_generator_c
[7.502s] [ 23%] [34m[1mGenerating C type support dispatch for ROS interfaces[0m
[7.524s] [ 25%] [34m[1mGenerating C type support for eProsima Fast-RTPS[0m
[7.526s] [ 28%] [32mBuilding CXX object CMakeFiles/custom_interface__rosidl_typesupport_cpp.dir/rosidl_typesupport_cpp/custom_interface/action/autodock__type_support.cpp.o[0m
[7.543s] [ 30%] [34m[1mGenerating C introspection for ROS interfaces[0m
[7.544s] [ 33%] [32mBuilding CXX object CMakeFiles/custom_interface__rosidl_typesupport_cpp.dir/rosidl_typesupport_cpp/custom_interface/msg/initdock__type_support.cpp.o[0m
[7.781s] [ 35%] [32mBuilding CXX object CMakeFiles/custom_interface__rosidl_typesupport_introspection_cpp.dir/rosidl_typesupport_introspection_cpp/custom_interface/msg/detail/initdock__type_support.cpp.o[0m
[7.806s] [ 38%] [32mBuilding CXX object CMakeFiles/custom_interface__rosidl_typesupport_introspection_cpp.dir/rosidl_typesupport_introspection_cpp/custom_interface/action/detail/autodock__type_support.cpp.o[0m
[7.859s] [ 41%] [32mBuilding CXX object CMakeFiles/custom_interface__rosidl_typesupport_fastrtps_cpp.dir/rosidl_typesupport_fastrtps_cpp/custom_interface/action/detail/dds_fastrtps/autodock__type_support.cpp.o[0m
[8.198s] [ 43%] [32mBuilding CXX object CMakeFiles/custom_interface__rosidl_typesupport_c.dir/rosidl_typesupport_c/custom_interface/action/autodock__type_support.cpp.o[0m
[8.403s] [ 46%] [32mBuilding CXX object CMakeFiles/custom_interface__rosidl_typesupport_fastrtps_c.dir/rosidl_typesupport_fastrtps_c/custom_interface/action/detail/autodock__type_support_c.cpp.o[0m
[8.454s] [ 48%] [32mBuilding C object CMakeFiles/custom_interface__rosidl_typesupport_introspection_c.dir/rosidl_typesupport_introspection_c/custom_interface/action/detail/autodock__type_support.c.o[0m
[11.981s] [ 51%] [32m[1mLinking CXX shared library libcustom_interface__rosidl_typesupport_introspection_cpp.so[0m
[11.985s] [ 53%] [32m[1mLinking CXX shared library libcustom_interface__rosidl_typesupport_cpp.so[0m
[11.989s] [ 56%] [32mBuilding C object CMakeFiles/custom_interface__rosidl_typesupport_introspection_c.dir/rosidl_typesupport_introspection_c/custom_interface/msg/detail/initdock__type_support.c.o[0m
[11.996s] [ 58%] [32mBuilding CXX object CMakeFiles/custom_interface__rosidl_typesupport_fastrtps_c.dir/rosidl_typesupport_fastrtps_c/custom_interface/msg/detail/initdock__type_support_c.cpp.o[0m
[12.009s] [ 61%] [32mBuilding CXX object CMakeFiles/custom_interface__rosidl_typesupport_c.dir/rosidl_typesupport_c/custom_interface/msg/initdock__type_support.cpp.o[0m
[12.051s] [ 64%] [32mBuilding CXX object CMakeFiles/custom_interface__rosidl_typesupport_fastrtps_cpp.dir/rosidl_typesupport_fastrtps_cpp/custom_interface/msg/detail/dds_fastrtps/initdock__type_support.cpp.o[0m
[12.144s] [ 66%] [32m[1mLinking C shared library libcustom_interface__rosidl_typesupport_introspection_c.so[0m
[12.213s] [ 69%] [32m[1mLinking CXX shared library libcustom_interface__rosidl_typesupport_c.so[0m
[12.355s] [ 69%] Built target custom_interface__rosidl_typesupport_cpp
[12.355s] [ 69%] Built target custom_interface__rosidl_typesupport_introspection_c
[12.393s] [ 69%] Built target custom_interface__rosidl_typesupport_introspection_cpp
[12.435s] [ 69%] Built target custom_interface__rosidl_typesupport_c
[12.788s] [ 71%] [32m[1mLinking CXX shared library libcustom_interface__rosidl_typesupport_fastrtps_c.so[0m
[12.843s] [ 74%] [32m[1mLinking CXX shared library libcustom_interface__rosidl_typesupport_fastrtps_cpp.so[0m
[13.002s] [ 74%] Built target custom_interface__rosidl_typesupport_fastrtps_c
[13.056s] [ 74%] Built target custom_interface__rosidl_typesupport_fastrtps_cpp
[13.129s] [ 74%] Built target custom_interface
[13.206s] [ 76%] [34m[1mGenerating Python code for ROS interfaces[0m
[14.724s] [ 76%] Built target custom_interface__py
[14.801s] [ 79%] [32mBuilding C object CMakeFiles/custom_interface__rosidl_generator_py.dir/rosidl_generator_py/custom_interface/action/_autodock_s.c.o[0m
[14.802s] [ 82%] [32mBuilding C object CMakeFiles/custom_interface__rosidl_generator_py.dir/rosidl_generator_py/custom_interface/msg/_initdock_s.c.o[0m
[15.272s] [ 84%] [32m[1mLinking C shared library rosidl_generator_py/custom_interface/libcustom_interface__rosidl_generator_py.so[0m
[15.392s] [ 84%] Built target custom_interface__rosidl_generator_py
[15.431s] [ 87%] [32mBuilding C object CMakeFiles/custom_interface__rosidl_typesupport_introspection_c__pyext.dir/rosidl_generator_py/custom_interface/_custom_interface_s.ep.rosidl_typesupport_introspection_c.c.o[0m
[15.445s] [ 89%] [32mBuilding C object CMakeFiles/custom_interface__rosidl_typesupport_fastrtps_c__pyext.dir/rosidl_generator_py/custom_interface/_custom_interface_s.ep.rosidl_typesupport_fastrtps_c.c.o[0m
[15.465s] [ 92%] [32mBuilding C object CMakeFiles/custom_interface__rosidl_typesupport_c__pyext.dir/rosidl_generator_py/custom_interface/_custom_interface_s.ep.rosidl_typesupport_c.c.o[0m
[15.660s] [ 94%] [32m[1mLinking C shared library rosidl_generator_py/custom_interface/custom_interface_s__rosidl_typesupport_introspection_c.cpython-310-aarch64-linux-gnu.so[0m
[15.695s] [100%] [32m[1mLinking C shared library rosidl_generator_py/custom_interface/custom_interface_s__rosidl_typesupport_fastrtps_c.cpython-310-aarch64-linux-gnu.so[0m
[15.695s] [100%] [32m[1mLinking C shared library rosidl_generator_py/custom_interface/custom_interface_s__rosidl_typesupport_c.cpython-310-aarch64-linux-gnu.so[0m
[15.792s] [100%] Built target custom_interface__rosidl_typesupport_fastrtps_c__pyext
[15.828s] [100%] Built target custom_interface__rosidl_typesupport_introspection_c__pyext
[15.843s] [100%] Built target custom_interface__rosidl_typesupport_c__pyext
[15.890s] Invoked command in '/home/smr/workspaces/amrROS2_ws/src/build/custom_interface' returned '0': CMAKE_PREFIX_PATH=${CMAKE_PREFIX_PATH}:/home/smr/workspaces/amrROS2_ws/install/python_pkg:/opt/ros/humble /usr/bin/cmake --build /home/smr/workspaces/amrROS2_ws/src/build/custom_interface -- -j8 -l8
[16.149s] Invoking command in '/home/smr/workspaces/amrROS2_ws/src/build/custom_interface': CMAKE_PREFIX_PATH=${CMAKE_PREFIX_PATH}:/home/smr/workspaces/amrROS2_ws/install/python_pkg:/opt/ros/humble /usr/bin/cmake --install /home/smr/workspaces/amrROS2_ws/src/build/custom_interface
[16.208s] -- Install configuration: ""
[16.213s] -- Installing: /home/smr/workspaces/amrROS2_ws/src/install/custom_interface/share/ament_index/resource_index/rosidl_interfaces/custom_interface
[16.218s] -- Installing: /home/smr/workspaces/amrROS2_ws/src/install/custom_interface/include/custom_interface/custom_interface
[16.218s] -- Installing: /home/smr/workspaces/amrROS2_ws/src/install/custom_interface/include/custom_interface/custom_interface/msg
[16.218s] -- Installing: /home/smr/workspaces/amrROS2_ws/src/install/custom_interface/include/custom_interface/custom_interface/msg/detail
[16.219s] -- Installing: /home/smr/workspaces/amrROS2_ws/src/install/custom_interface/include/custom_interface/custom_interface/msg/detail/initdock__type_support.h
[16.220s] -- Installing: /home/smr/workspaces/amrROS2_ws/src/install/custom_interface/include/custom_interface/custom_interface/msg/detail/initdock__functions.h
[16.220s] -- Installing: /home/smr/workspaces/amrROS2_ws/src/install/custom_interface/include/custom_interface/custom_interface/msg/detail/initdock__functions.c
[16.222s] -- Installing: /home/smr/workspaces/amrROS2_ws/src/install/custom_interface/include/custom_interface/custom_interface/msg/detail/initdock__struct.h
[16.222s] -- Installing: /home/smr/workspaces/amrROS2_ws/src/install/custom_interface/include/custom_interface/custom_interface/msg/rosidl_generator_c__visibility_control.h
[16.223s] -- Installing: /home/smr/workspaces/amrROS2_ws/src/install/custom_interface/include/custom_interface/custom_interface/msg/initdock.h
[16.223s] -- Installing: /home/smr/workspaces/amrROS2_ws/src/install/custom_interface/include/custom_interface/custom_interface/action
[16.224s] -- Installing: /home/smr/workspaces/amrROS2_ws/src/install/custom_interface/include/custom_interface/custom_interface/action/detail
[16.224s] -- Installing: /home/smr/workspaces/amrROS2_ws/src/install/custom_interface/include/custom_interface/custom_interface/action/detail/autodock__functions.c
[16.224s] -- Installing: /home/smr/workspaces/amrROS2_ws/src/install/custom_interface/include/custom_interface/custom_interface/action/detail/autodock__type_support.h
[16.225s] -- Installing: /home/smr/workspaces/amrROS2_ws/src/install/custom_interface/include/custom_interface/custom_interface/action/detail/autodock__functions.h
[16.225s] -- Installing: /home/smr/workspaces/amrROS2_ws/src/install/custom_interface/include/custom_interface/custom_interface/action/detail/autodock__struct.h
[16.226s] -- Installing: /home/smr/workspaces/amrROS2_ws/src/install/custom_interface/include/custom_interface/custom_interface/action/autodock.h
[16.226s] -- Installing: /home/smr/workspaces/amrROS2_ws/src/install/custom_interface/share/custom_interface/environment/library_path.sh
[16.227s] -- Installing: /home/smr/workspaces/amrROS2_ws/src/install/custom_interface/share/custom_interface/environment/library_path.dsv
[16.227s] -- Installing: /home/smr/workspaces/amrROS2_ws/src/install/custom_interface/lib/libcustom_interface__rosidl_generator_c.so
[16.228s] -- Set runtime path of "/home/smr/workspaces/amrROS2_ws/src/install/custom_interface/lib/libcustom_interface__rosidl_generator_c.so" to ""
[16.228s] -- Up-to-date: /home/smr/workspaces/amrROS2_ws/src/install/custom_interface/include/custom_interface/custom_interface
[16.232s] -- Up-to-date: /home/smr/workspaces/amrROS2_ws/src/install/custom_interface/include/custom_interface/custom_interface/msg
[16.233s] -- Up-to-date: /home/smr/workspaces/amrROS2_ws/src/install/custom_interface/include/custom_interface/custom_interface/msg/detail
[16.234s] -- Installing: /home/smr/workspaces/amrROS2_ws/src/install/custom_interface/include/custom_interface/custom_interface/msg/detail/initdock__rosidl_typesupport_fastrtps_c.h
[16.234s] -- Installing: /home/smr/workspaces/amrROS2_ws/src/install/custom_interface/include/custom_interface/custom_interface/msg/rosidl_typesupport_fastrtps_c__visibility_control.h
[16.235s] -- Up-to-date: /home/smr/workspaces/amrROS2_ws/src/install/custom_interface/include/custom_interface/custom_interface/action
[16.235s] -- Up-to-date: /home/smr/workspaces/amrROS2_ws/src/install/custom_interface/include/custom_interface/custom_interface/action/detail
[16.236s] -- Installing: /home/smr/workspaces/amrROS2_ws/src/install/custom_interface/include/custom_interface/custom_interface/action/detail/autodock__rosidl_typesupport_fastrtps_c.h
[16.236s] -- Installing: /home/smr/workspaces/amrROS2_ws/src/install/custom_interface/lib/libcustom_interface__rosidl_typesupport_fastrtps_c.so
[16.237s] -- Set runtime path of "/home/smr/workspaces/amrROS2_ws/src/install/custom_interface/lib/libcustom_interface__rosidl_typesupport_fastrtps_c.so" to ""
[16.237s] -- Up-to-date: /home/smr/workspaces/amrROS2_ws/src/install/custom_interface/include/custom_interface/custom_interface
[16.238s] -- Up-to-date: /home/smr/workspaces/amrROS2_ws/src/install/custom_interface/include/custom_interface/custom_interface/msg
[16.238s] -- Up-to-date: /home/smr/workspaces/amrROS2_ws/src/install/custom_interface/include/custom_interface/custom_interface/msg/detail
[16.238s] -- Installing: /home/smr/workspaces/amrROS2_ws/src/install/custom_interface/include/custom_interface/custom_interface/msg/detail/initdock__rosidl_typesupport_introspection_c.h
[16.239s] -- Installing: /home/smr/workspaces/amrROS2_ws/src/install/custom_interface/include/custom_interface/custom_interface/msg/detail/initdock__type_support.c
[16.239s] -- Installing: /home/smr/workspaces/amrROS2_ws/src/install/custom_interface/include/custom_interface/custom_interface/msg/rosidl_typesupport_introspection_c__visibility_control.h
[16.240s] -- Up-to-date: /home/smr/workspaces/amrROS2_ws/src/install/custom_interface/include/custom_interface/custom_interface/action
[16.240s] -- Up-to-date: /home/smr/workspaces/amrROS2_ws/src/install/custom_interface/include/custom_interface/custom_interface/action/detail
[16.241s] -- Installing: /home/smr/workspaces/amrROS2_ws/src/install/custom_interface/include/custom_interface/custom_interface/action/detail/autodock__rosidl_typesupport_introspection_c.h
[16.241s] -- Installing: /home/smr/workspaces/amrROS2_ws/src/install/custom_interface/include/custom_interface/custom_interface/action/detail/autodock__type_support.c
[16.242s] -- Installing: /home/smr/workspaces/amrROS2_ws/src/install/custom_interface/lib/libcustom_interface__rosidl_typesupport_introspection_c.so
[16.242s] -- Set runtime path of "/home/smr/workspaces/amrROS2_ws/src/install/custom_interface/lib/libcustom_interface__rosidl_typesupport_introspection_c.so" to ""
[16.243s] -- Installing: /home/smr/workspaces/amrROS2_ws/src/install/custom_interface/lib/libcustom_interface__rosidl_typesupport_c.so
[16.243s] -- Set runtime path of "/home/smr/workspaces/amrROS2_ws/src/install/custom_interface/lib/libcustom_interface__rosidl_typesupport_c.so" to ""
[16.243s] -- Up-to-date: /home/smr/workspaces/amrROS2_ws/src/install/custom_interface/include/custom_interface/custom_interface
[16.244s] -- Up-to-date: /home/smr/workspaces/amrROS2_ws/src/install/custom_interface/include/custom_interface/custom_interface/msg
[16.244s] -- Up-to-date: /home/smr/workspaces/amrROS2_ws/src/install/custom_interface/include/custom_interface/custom_interface/msg/detail
[16.245s] -- Installing: /home/smr/workspaces/amrROS2_ws/src/install/custom_interface/include/custom_interface/custom_interface/msg/detail/initdock__struct.hpp
[16.245s] -- Installing: /home/smr/workspaces/amrROS2_ws/src/install/custom_interface/include/custom_interface/custom_interface/msg/detail/initdock__traits.hpp
[16.245s] -- Installing: /home/smr/workspaces/amrROS2_ws/src/install/custom_interface/include/custom_interface/custom_interface/msg/detail/initdock__builder.hpp
[16.246s] -- Installing: /home/smr/workspaces/amrROS2_ws/src/install/custom_interface/include/custom_interface/custom_interface/msg/initdock.hpp
[16.246s] -- Up-to-date: /home/smr/workspaces/amrROS2_ws/src/install/custom_interface/include/custom_interface/custom_interface/action
[16.247s] -- Up-to-date: /home/smr/workspaces/amrROS2_ws/src/install/custom_interface/include/custom_interface/custom_interface/action/detail
[16.247s] -- Installing: /home/smr/workspaces/amrROS2_ws/src/install/custom_interface/include/custom_interface/custom_interface/action/detail/autodock__builder.hpp
[16.248s] -- Installing: /home/smr/workspaces/amrROS2_ws/src/install/custom_interface/include/custom_interface/custom_interface/action/detail/autodock__struct.hpp
[16.248s] -- Installing: /home/smr/workspaces/amrROS2_ws/src/install/custom_interface/include/custom_interface/custom_interface/action/detail/autodock__traits.hpp
[16.249s] -- Installing: /home/smr/workspaces/amrROS2_ws/src/install/custom_interface/include/custom_interface/custom_interface/action/autodock.hpp
[16.249s] -- Up-to-date: /home/smr/workspaces/amrROS2_ws/src/install/custom_interface/include/custom_interface/custom_interface
[16.249s] -- Up-to-date: /home/smr/workspaces/amrROS2_ws/src/install/custom_interface/include/custom_interface/custom_interface/msg
[16.250s] -- Up-to-date: /home/smr/workspaces/amrROS2_ws/src/install/custom_interface/include/custom_interface/custom_interface/msg/detail
[16.250s] -- Installing: /home/smr/workspaces/amrROS2_ws/src/install/custom_interface/include/custom_interface/custom_interface/msg/detail/dds_fastrtps
[16.251s] -- Installing: /home/smr/workspaces/amrROS2_ws/src/install/custom_interface/include/custom_interface/custom_interface/msg/detail/initdock__rosidl_typesupport_fastrtps_cpp.hpp
[16.251s] -- Installing: /home/smr/workspaces/amrROS2_ws/src/install/custom_interface/include/custom_interface/custom_interface/msg/rosidl_typesupport_fastrtps_cpp__visibility_control.h
[16.251s] -- Up-to-date: /home/smr/workspaces/amrROS2_ws/src/install/custom_interface/include/custom_interface/custom_interface/action
[16.252s] -- Up-to-date: /home/smr/workspaces/amrROS2_ws/src/install/custom_interface/include/custom_interface/custom_interface/action/detail
[16.252s] -- Installing: /home/smr/workspaces/amrROS2_ws/src/install/custom_interface/include/custom_interface/custom_interface/action/detail/autodock__rosidl_typesupport_fastrtps_cpp.hpp
[16.253s] -- Installing: /home/smr/workspaces/amrROS2_ws/src/install/custom_interface/include/custom_interface/custom_interface/action/detail/dds_fastrtps
[16.253s] -- Installing: /home/smr/workspaces/amrROS2_ws/src/install/custom_interface/lib/libcustom_interface__rosidl_typesupport_fastrtps_cpp.so
[16.254s] -- Set runtime path of "/home/smr/workspaces/amrROS2_ws/src/install/custom_interface/lib/libcustom_interface__rosidl_typesupport_fastrtps_cpp.so" to ""
[16.254s] -- Up-to-date: /home/smr/workspaces/amrROS2_ws/src/install/custom_interface/include/custom_interface/custom_interface
[16.255s] -- Up-to-date: /home/smr/workspaces/amrROS2_ws/src/install/custom_interface/include/custom_interface/custom_interface/msg
[16.255s] -- Up-to-date: /home/smr/workspaces/amrROS2_ws/src/install/custom_interface/include/custom_interface/custom_interface/msg/detail
[16.256s] -- Installing: /home/smr/workspaces/amrROS2_ws/src/install/custom_interface/include/custom_interface/custom_interface/msg/detail/initdock__rosidl_typesupport_introspection_cpp.hpp
[16.256s] -- Installing: /home/smr/workspaces/amrROS2_ws/src/install/custom_interface/include/custom_interface/custom_interface/msg/detail/initdock__type_support.cpp
[16.256s] -- Up-to-date: /home/smr/workspaces/amrROS2_ws/src/install/custom_interface/include/custom_interface/custom_interface/action
[16.257s] -- Up-to-date: /home/smr/workspaces/amrROS2_ws/src/install/custom_interface/include/custom_interface/custom_interface/action/detail
[16.257s] -- Installing: /home/smr/workspaces/amrROS2_ws/src/install/custom_interface/include/custom_interface/custom_interface/action/detail/autodock__type_support.cpp
[16.258s] -- Installing: /home/smr/workspaces/amrROS2_ws/src/install/custom_interface/include/custom_interface/custom_interface/action/detail/autodock__rosidl_typesupport_introspection_cpp.hpp
[16.258s] -- Installing: /home/smr/workspaces/amrROS2_ws/src/install/custom_interface/lib/libcustom_interface__rosidl_typesupport_introspection_cpp.so
[16.259s] -- Set runtime path of "/home/smr/workspaces/amrROS2_ws/src/install/custom_interface/lib/libcustom_interface__rosidl_typesupport_introspection_cpp.so" to ""
[16.259s] -- Installing: /home/smr/workspaces/amrROS2_ws/src/install/custom_interface/lib/libcustom_interface__rosidl_typesupport_cpp.so
[16.259s] -- Set runtime path of "/home/smr/workspaces/amrROS2_ws/src/install/custom_interface/lib/libcustom_interface__rosidl_typesupport_cpp.so" to ""
[16.260s] -- Installing: /home/smr/workspaces/amrROS2_ws/src/install/custom_interface/share/custom_interface/environment/pythonpath.sh
[16.260s] -- Installing: /home/smr/workspaces/amrROS2_ws/src/install/custom_interface/share/custom_interface/environment/pythonpath.dsv
[16.261s] -- Installing: /home/smr/workspaces/amrROS2_ws/src/install/custom_interface/local/lib/python3.10/dist-packages/custom_interface-0.0.0-py3.10.egg-info
[16.261s] -- Installing: /home/smr/workspaces/amrROS2_ws/src/install/custom_interface/local/lib/python3.10/dist-packages/custom_interface-0.0.0-py3.10.egg-info/dependency_links.txt
[16.262s] -- Installing: /home/smr/workspaces/amrROS2_ws/src/install/custom_interface/local/lib/python3.10/dist-packages/custom_interface-0.0.0-py3.10.egg-info/top_level.txt
[16.262s] -- Installing: /home/smr/workspaces/amrROS2_ws/src/install/custom_interface/local/lib/python3.10/dist-packages/custom_interface-0.0.0-py3.10.egg-info/SOURCES.txt
[16.262s] -- Installing: /home/smr/workspaces/amrROS2_ws/src/install/custom_interface/local/lib/python3.10/dist-packages/custom_interface-0.0.0-py3.10.egg-info/PKG-INFO
[16.263s] -- Installing: /home/smr/workspaces/amrROS2_ws/src/install/custom_interface/local/lib/python3.10/dist-packages/custom_interface
[16.263s] -- Installing: /home/smr/workspaces/amrROS2_ws/src/install/custom_interface/local/lib/python3.10/dist-packages/custom_interface/custom_interface_s__rosidl_typesupport_introspection_c.cpython-310-aarch64-linux-gnu.so
[16.264s] -- Installing: /home/smr/workspaces/amrROS2_ws/src/install/custom_interface/local/lib/python3.10/dist-packages/custom_interface/_custom_interface_s.ep.rosidl_typesupport_introspection_c.c
[16.264s] -- Installing: /home/smr/workspaces/amrROS2_ws/src/install/custom_interface/local/lib/python3.10/dist-packages/custom_interface/_custom_interface_s.ep.rosidl_typesupport_c.c
[16.265s] -- Installing: /home/smr/workspaces/amrROS2_ws/src/install/custom_interface/local/lib/python3.10/dist-packages/custom_interface/libcustom_interface__rosidl_generator_py.so
[16.265s] -- Installing: /home/smr/workspaces/amrROS2_ws/src/install/custom_interface/local/lib/python3.10/dist-packages/custom_interface/msg
[16.265s] -- Installing: /home/smr/workspaces/amrROS2_ws/src/install/custom_interface/local/lib/python3.10/dist-packages/custom_interface/msg/_initdock.py
[16.266s] -- Installing: /home/smr/workspaces/amrROS2_ws/src/install/custom_interface/local/lib/python3.10/dist-packages/custom_interface/msg/__init__.py
[16.266s] -- Installing: /home/smr/workspaces/amrROS2_ws/src/install/custom_interface/local/lib/python3.10/dist-packages/custom_interface/msg/_initdock_s.c
[16.267s] -- Installing: /home/smr/workspaces/amrROS2_ws/src/install/custom_interface/local/lib/python3.10/dist-packages/custom_interface/custom_interface_s__rosidl_typesupport_fastrtps_c.cpython-310-aarch64-linux-gnu.so
[16.267s] -- Installing: /home/smr/workspaces/amrROS2_ws/src/install/custom_interface/local/lib/python3.10/dist-packages/custom_interface/__init__.py
[16.268s] -- Installing: /home/smr/workspaces/amrROS2_ws/src/install/custom_interface/local/lib/python3.10/dist-packages/custom_interface/_custom_interface_s.ep.rosidl_typesupport_fastrtps_c.c
[16.268s] -- Installing: /home/smr/workspaces/amrROS2_ws/src/install/custom_interface/local/lib/python3.10/dist-packages/custom_interface/custom_interface_s__rosidl_typesupport_c.cpython-310-aarch64-linux-gnu.so
[16.268s] -- Installing: /home/smr/workspaces/amrROS2_ws/src/install/custom_interface/local/lib/python3.10/dist-packages/custom_interface/action
[16.269s] -- Installing: /home/smr/workspaces/amrROS2_ws/src/install/custom_interface/local/lib/python3.10/dist-packages/custom_interface/action/_autodock.py
[16.269s] -- Installing: /home/smr/workspaces/amrROS2_ws/src/install/custom_interface/local/lib/python3.10/dist-packages/custom_interface/action/__init__.py
[16.270s] -- Installing: /home/smr/workspaces/amrROS2_ws/src/install/custom_interface/local/lib/python3.10/dist-packages/custom_interface/action/_autodock_s.c
[16.314s] Listing '/home/smr/workspaces/amrROS2_ws/src/install/custom_interface/local/lib/python3.10/dist-packages/custom_interface'...
[16.317s] Compiling '/home/smr/workspaces/amrROS2_ws/src/install/custom_interface/local/lib/python3.10/dist-packages/custom_interface/__init__.py'...
[16.318s] Listing '/home/smr/workspaces/amrROS2_ws/src/install/custom_interface/local/lib/python3.10/dist-packages/custom_interface/action'...
[16.319s] Compiling '/home/smr/workspaces/amrROS2_ws/src/install/custom_interface/local/lib/python3.10/dist-packages/custom_interface/action/__init__.py'...
[16.319s] Compiling '/home/smr/workspaces/amrROS2_ws/src/install/custom_interface/local/lib/python3.10/dist-packages/custom_interface/action/_autodock.py'...
[16.320s] Listing '/home/smr/workspaces/amrROS2_ws/src/install/custom_interface/local/lib/python3.10/dist-packages/custom_interface/msg'...
[16.320s] Compiling '/home/smr/workspaces/amrROS2_ws/src/install/custom_interface/local/lib/python3.10/dist-packages/custom_interface/msg/__init__.py'...
[16.321s] Compiling '/home/smr/workspaces/amrROS2_ws/src/install/custom_interface/local/lib/python3.10/dist-packages/custom_interface/msg/_initdock.py'...
[16.329s] -- Installing: /home/smr/workspaces/amrROS2_ws/src/install/custom_interface/local/lib/python3.10/dist-packages/custom_interface/custom_interface_s__rosidl_typesupport_fastrtps_c.cpython-310-aarch64-linux-gnu.so
[16.330s] -- Set runtime path of "/home/smr/workspaces/amrROS2_ws/src/install/custom_interface/local/lib/python3.10/dist-packages/custom_interface/custom_interface_s__rosidl_typesupport_fastrtps_c.cpython-310-aarch64-linux-gnu.so" to ""
[16.330s] -- Installing: /home/smr/workspaces/amrROS2_ws/src/install/custom_interface/local/lib/python3.10/dist-packages/custom_interface/custom_interface_s__rosidl_typesupport_introspection_c.cpython-310-aarch64-linux-gnu.so
[16.330s] -- Set runtime path of "/home/smr/workspaces/amrROS2_ws/src/install/custom_interface/local/lib/python3.10/dist-packages/custom_interface/custom_interface_s__rosidl_typesupport_introspection_c.cpython-310-aarch64-linux-gnu.so" to ""
[16.330s] -- Installing: /home/smr/workspaces/amrROS2_ws/src/install/custom_interface/local/lib/python3.10/dist-packages/custom_interface/custom_interface_s__rosidl_typesupport_c.cpython-310-aarch64-linux-gnu.so
[16.331s] -- Set runtime path of "/home/smr/workspaces/amrROS2_ws/src/install/custom_interface/local/lib/python3.10/dist-packages/custom_interface/custom_interface_s__rosidl_typesupport_c.cpython-310-aarch64-linux-gnu.so" to ""
[16.331s] -- Installing: /home/smr/workspaces/amrROS2_ws/src/install/custom_interface/lib/libcustom_interface__rosidl_generator_py.so
[16.332s] -- Set runtime path of "/home/smr/workspaces/amrROS2_ws/src/install/custom_interface/lib/libcustom_interface__rosidl_generator_py.so" to ""
[16.332s] -- Installing: /home/smr/workspaces/amrROS2_ws/src/install/custom_interface/share/custom_interface/action/Autodock.idl
[16.333s] -- Installing: /home/smr/workspaces/amrROS2_ws/src/install/custom_interface/share/custom_interface/msg/Initdock.idl
[16.333s] -- Installing: /home/smr/workspaces/amrROS2_ws/src/install/custom_interface/share/custom_interface/action/Autodock.action
[16.333s] -- Installing: /home/smr/workspaces/amrROS2_ws/src/install/custom_interface/share/custom_interface/msg/Initdock.msg
[16.334s] -- Installing: /home/smr/workspaces/amrROS2_ws/src/install/custom_interface/share/ament_index/resource_index/package_run_dependencies/custom_interface
[16.334s] -- Installing: /home/smr/workspaces/amrROS2_ws/src/install/custom_interface/share/ament_index/resource_index/parent_prefix_path/custom_interface
[16.335s] -- Installing: /home/smr/workspaces/amrROS2_ws/src/install/custom_interface/share/custom_interface/environment/ament_prefix_path.sh
[16.336s] -- Installing: /home/smr/workspaces/amrROS2_ws/src/install/custom_interface/share/custom_interface/environment/ament_prefix_path.dsv
[16.336s] -- Installing: /home/smr/workspaces/amrROS2_ws/src/install/custom_interface/share/custom_interface/environment/path.sh
[16.337s] -- Installing: /home/smr/workspaces/amrROS2_ws/src/install/custom_interface/share/custom_interface/environment/path.dsv
[16.338s] -- Installing: /home/smr/workspaces/amrROS2_ws/src/install/custom_interface/share/custom_interface/local_setup.bash
[16.338s] -- Installing: /home/smr/workspaces/amrROS2_ws/src/install/custom_interface/share/custom_interface/local_setup.sh
[16.339s] -- Installing: /home/smr/workspaces/amrROS2_ws/src/install/custom_interface/share/custom_interface/local_setup.zsh
[16.340s] -- Installing: /home/smr/workspaces/amrROS2_ws/src/install/custom_interface/share/custom_interface/local_setup.dsv
[16.340s] -- Installing: /home/smr/workspaces/amrROS2_ws/src/install/custom_interface/share/custom_interface/package.dsv
[16.340s] -- Installing: /home/smr/workspaces/amrROS2_ws/src/install/custom_interface/share/ament_index/resource_index/packages/custom_interface
[16.341s] -- Installing: /home/smr/workspaces/amrROS2_ws/src/install/custom_interface/share/custom_interface/cmake/export_custom_interface__rosidl_generator_cExport.cmake
[16.341s] -- Installing: /home/smr/workspaces/amrROS2_ws/src/install/custom_interface/share/custom_interface/cmake/export_custom_interface__rosidl_generator_cExport-noconfig.cmake
[16.342s] -- Installing: /home/smr/workspaces/amrROS2_ws/src/install/custom_interface/share/custom_interface/cmake/export_custom_interface__rosidl_typesupport_fastrtps_cExport.cmake
[16.342s] -- Installing: /home/smr/workspaces/amrROS2_ws/src/install/custom_interface/share/custom_interface/cmake/export_custom_interface__rosidl_typesupport_fastrtps_cExport-noconfig.cmake
[16.343s] -- Installing: /home/smr/workspaces/amrROS2_ws/src/install/custom_interface/share/custom_interface/cmake/custom_interface__rosidl_typesupport_introspection_cExport.cmake
[16.343s] -- Installing: /home/smr/workspaces/amrROS2_ws/src/install/custom_interface/share/custom_interface/cmake/custom_interface__rosidl_typesupport_introspection_cExport-noconfig.cmake
[16.343s] -- Installing: /home/smr/workspaces/amrROS2_ws/src/install/custom_interface/share/custom_interface/cmake/custom_interface__rosidl_typesupport_cExport.cmake
[16.344s] -- Installing: /home/smr/workspaces/amrROS2_ws/src/install/custom_interface/share/custom_interface/cmake/custom_interface__rosidl_typesupport_cExport-noconfig.cmake
[16.344s] -- Installing: /home/smr/workspaces/amrROS2_ws/src/install/custom_interface/share/custom_interface/cmake/export_custom_interface__rosidl_generator_cppExport.cmake
[16.345s] -- Installing: /home/smr/workspaces/amrROS2_ws/src/install/custom_interface/share/custom_interface/cmake/export_custom_interface__rosidl_typesupport_fastrtps_cppExport.cmake
[16.345s] -- Installing: /home/smr/workspaces/amrROS2_ws/src/install/custom_interface/share/custom_interface/cmake/export_custom_interface__rosidl_typesupport_fastrtps_cppExport-noconfig.cmake
[16.346s] -- Installing: /home/smr/workspaces/amrROS2_ws/src/install/custom_interface/share/custom_interface/cmake/custom_interface__rosidl_typesupport_introspection_cppExport.cmake
[16.346s] -- Installing: /home/smr/workspaces/amrROS2_ws/src/install/custom_interface/share/custom_interface/cmake/custom_interface__rosidl_typesupport_introspection_cppExport-noconfig.cmake
[16.346s] -- Installing: /home/smr/workspaces/amrROS2_ws/src/install/custom_interface/share/custom_interface/cmake/custom_interface__rosidl_typesupport_cppExport.cmake
[16.347s] -- Installing: /home/smr/workspaces/amrROS2_ws/src/install/custom_interface/share/custom_interface/cmake/custom_interface__rosidl_typesupport_cppExport-noconfig.cmake
[16.347s] -- Installing: /home/smr/workspaces/amrROS2_ws/src/install/custom_interface/share/custom_interface/cmake/export_custom_interface__rosidl_generator_pyExport.cmake
[16.348s] -- Installing: /home/smr/workspaces/amrROS2_ws/src/install/custom_interface/share/custom_interface/cmake/export_custom_interface__rosidl_generator_pyExport-noconfig.cmake
[16.348s] -- Installing: /home/smr/workspaces/amrROS2_ws/src/install/custom_interface/share/custom_interface/cmake/rosidl_cmake-extras.cmake
[16.349s] -- Installing: /home/smr/workspaces/amrROS2_ws/src/install/custom_interface/share/custom_interface/cmake/ament_cmake_export_dependencies-extras.cmake
[16.349s] -- Installing: /home/smr/workspaces/amrROS2_ws/src/install/custom_interface/share/custom_interface/cmake/ament_cmake_export_include_directories-extras.cmake
[16.349s] -- Installing: /home/smr/workspaces/amrROS2_ws/src/install/custom_interface/share/custom_interface/cmake/ament_cmake_export_libraries-extras.cmake
[16.350s] -- Installing: /home/smr/workspaces/amrROS2_ws/src/install/custom_interface/share/custom_interface/cmake/ament_cmake_export_targets-extras.cmake
[16.350s] -- Installing: /home/smr/workspaces/amrROS2_ws/src/install/custom_interface/share/custom_interface/cmake/rosidl_cmake_export_typesupport_targets-extras.cmake
[16.351s] -- Installing: /home/smr/workspaces/amrROS2_ws/src/install/custom_interface/share/custom_interface/cmake/rosidl_cmake_export_typesupport_libraries-extras.cmake
[16.351s] -- Installing: /home/smr/workspaces/amrROS2_ws/src/install/custom_interface/share/custom_interface/cmake/custom_interfaceConfig.cmake
[16.352s] -- Installing: /home/smr/workspaces/amrROS2_ws/src/install/custom_interface/share/custom_interface/cmake/custom_interfaceConfig-version.cmake
[16.352s] -- Installing: /home/smr/workspaces/amrROS2_ws/src/install/custom_interface/share/custom_interface/package.xml
[16.357s] Invoked command in '/home/smr/workspaces/amrROS2_ws/src/build/custom_interface' returned '0': CMAKE_PREFIX_PATH=${CMAKE_PREFIX_PATH}:/home/smr/workspaces/amrROS2_ws/install/python_pkg:/opt/ros/humble /usr/bin/cmake --install /home/smr/workspaces/amrROS2_ws/src/build/custom_interface
