[2.461s] Invoking command in '/home/smr/workspaces/amrROS2_ws/src/action_autodock': PYTHONPATH=/home/smr/workspaces/amrROS2_ws/build/action_autodock/prefix_override:/usr/lib/python3/dist-packages/colcon_core/task/python/colcon_distutils_commands:/home/smr/workspaces/amrROS2_ws/install/action_autodock/lib/python3.10/site-packages:${PYTHONPATH} /usr/bin/python3 -W ignore:setup.py install is deprecated setup.py egg_info --egg-base ../../build/action_autodock build --build-base /home/smr/workspaces/amrROS2_ws/build/action_autodock/build install --record /home/smr/workspaces/amrROS2_ws/build/action_autodock/install.log --single-version-externally-managed install_data
[3.440s] running egg_info
[3.441s] creating ../../build/action_autodock/action_autodock.egg-info
[3.441s] writing ../../build/action_autodock/action_autodock.egg-info/PKG-INFO
[3.442s] writing dependency_links to ../../build/action_autodock/action_autodock.egg-info/dependency_links.txt
[3.442s] writing entry points to ../../build/action_autodock/action_autodock.egg-info/entry_points.txt
[3.442s] writing requirements to ../../build/action_autodock/action_autodock.egg-info/requires.txt
[3.442s] writing top-level names to ../../build/action_autodock/action_autodock.egg-info/top_level.txt
[3.443s] writing manifest file '../../build/action_autodock/action_autodock.egg-info/SOURCES.txt'
[3.447s] reading manifest file '../../build/action_autodock/action_autodock.egg-info/SOURCES.txt'
[3.448s] adding license file 'LICENSE'
[3.448s] writing manifest file '../../build/action_autodock/action_autodock.egg-info/SOURCES.txt'
[3.449s] running build
[3.450s] running build_py
[3.451s] creating /home/smr/workspaces/amrROS2_ws/build/action_autodock/build
[3.451s] creating /home/smr/workspaces/amrROS2_ws/build/action_autodock/build/lib
[3.452s] creating /home/smr/workspaces/amrROS2_ws/build/action_autodock/build/lib/action_autodock
[3.453s] copying action_autodock/autodock_action_server.py -> /home/smr/workspaces/amrROS2_ws/build/action_autodock/build/lib/action_autodock
[3.453s] copying action_autodock/robot_navigator.py -> /home/smr/workspaces/amrROS2_ws/build/action_autodock/build/lib/action_autodock
[3.454s] copying action_autodock/__init__.py -> /home/smr/workspaces/amrROS2_ws/build/action_autodock/build/lib/action_autodock
[3.455s] copying action_autodock/example_nav_to_pose.py -> /home/smr/workspaces/amrROS2_ws/build/action_autodock/build/lib/action_autodock
[3.455s] running install
[3.456s] running install_lib
[3.456s] creating /home/smr/workspaces/amrROS2_ws/install/action_autodock/lib/python3.10/site-packages/action_autodock
[3.456s] copying /home/smr/workspaces/amrROS2_ws/build/action_autodock/build/lib/action_autodock/autodock_action_server.py -> /home/smr/workspaces/amrROS2_ws/install/action_autodock/lib/python3.10/site-packages/action_autodock
[3.457s] copying /home/smr/workspaces/amrROS2_ws/build/action_autodock/build/lib/action_autodock/robot_navigator.py -> /home/smr/workspaces/amrROS2_ws/install/action_autodock/lib/python3.10/site-packages/action_autodock
[3.458s] copying /home/smr/workspaces/amrROS2_ws/build/action_autodock/build/lib/action_autodock/__init__.py -> /home/smr/workspaces/amrROS2_ws/install/action_autodock/lib/python3.10/site-packages/action_autodock
[3.458s] copying /home/smr/workspaces/amrROS2_ws/build/action_autodock/build/lib/action_autodock/example_nav_to_pose.py -> /home/smr/workspaces/amrROS2_ws/install/action_autodock/lib/python3.10/site-packages/action_autodock
[3.459s] byte-compiling /home/smr/workspaces/amrROS2_ws/install/action_autodock/lib/python3.10/site-packages/action_autodock/autodock_action_server.py to autodock_action_server.cpython-310.pyc
[3.475s] byte-compiling /home/smr/workspaces/amrROS2_ws/install/action_autodock/lib/python3.10/site-packages/action_autodock/robot_navigator.py to robot_navigator.cpython-310.pyc
[3.477s] byte-compiling /home/smr/workspaces/amrROS2_ws/install/action_autodock/lib/python3.10/site-packages/action_autodock/__init__.py to __init__.cpython-310.pyc
[3.477s] byte-compiling /home/smr/workspaces/amrROS2_ws/install/action_autodock/lib/python3.10/site-packages/action_autodock/example_nav_to_pose.py to example_nav_to_pose.cpython-310.pyc
[3.477s] running install_data
[3.477s] creating /home/smr/workspaces/amrROS2_ws/install/action_autodock/share/ament_index
[3.477s] creating /home/smr/workspaces/amrROS2_ws/install/action_autodock/share/ament_index/resource_index
[3.477s] creating /home/smr/workspaces/amrROS2_ws/install/action_autodock/share/ament_index/resource_index/packages
[3.477s] copying resource/action_autodock -> /home/smr/workspaces/amrROS2_ws/install/action_autodock/share/ament_index/resource_index/packages
[3.477s] copying package.xml -> /home/smr/workspaces/amrROS2_ws/install/action_autodock/share/action_autodock
[3.477s] creating /home/smr/workspaces/amrROS2_ws/install/action_autodock/share/action_autodock/launch
[3.477s] copying launch/auto_dock_launch.py -> /home/smr/workspaces/amrROS2_ws/install/action_autodock/share/action_autodock/launch
[3.477s] creating /home/smr/workspaces/amrROS2_ws/install/action_autodock/share/action_autodock/config
[3.477s] copying config/auto_dock_config.yaml -> /home/smr/workspaces/amrROS2_ws/install/action_autodock/share/action_autodock/config
[3.478s] running install_egg_info
[3.478s] Copying ../../build/action_autodock/action_autodock.egg-info to /home/smr/workspaces/amrROS2_ws/install/action_autodock/lib/python3.10/site-packages/action_autodock-0.0.0-py3.10.egg-info
[3.478s] running install_scripts
[3.607s] Installing autodock_action_server script to /home/smr/workspaces/amrROS2_ws/install/action_autodock/lib/action_autodock
[3.608s] writing list of installed files to '/home/smr/workspaces/amrROS2_ws/build/action_autodock/install.log'
[3.729s] Invoked command in '/home/smr/workspaces/amrROS2_ws/src/action_autodock' returned '0': PYTHONPATH=/home/smr/workspaces/amrROS2_ws/build/action_autodock/prefix_override:/usr/lib/python3/dist-packages/colcon_core/task/python/colcon_distutils_commands:/home/smr/workspaces/amrROS2_ws/install/action_autodock/lib/python3.10/site-packages:${PYTHONPATH} /usr/bin/python3 -W ignore:setup.py install is deprecated setup.py egg_info --egg-base ../../build/action_autodock build --build-base /home/smr/workspaces/amrROS2_ws/build/action_autodock/build install --record /home/smr/workspaces/amrROS2_ws/build/action_autodock/install.log --single-version-externally-managed install_data
