[0.080s] Invoking command in '/home/smr/workspaces/amrROS2_ws/build/custom_interface': CMAKE_PREFIX_PATH=${CMAKE_PREFIX_PATH}:/home/smr/workspaces/amrROS2_ws/install/robot_nav_tool:/home/smr/workspaces/amrROS2_ws/install/robot_data_tool:/home/smr/workspaces/amrROS2_ws/install/python_pkg:/home/smr/workspaces/amrROS2_ws/install/action_autodock:/opt/ros/humble /usr/bin/cmake --build /home/smr/workspaces/amrROS2_ws/build/custom_interface -- -j8 -l8
[0.689s] [  2%] Built target custom_interface__cpp
[0.690s] [ 12%] Built target custom_interface__rosidl_generator_c
[0.690s] [ 12%] Built target ament_cmake_python_copy_custom_interface
[0.690s] [ 23%] Built target custom_interface__rosidl_typesupport_fastrtps_cpp
[0.691s] [ 33%] Built target custom_interface__rosidl_typesupport_cpp
[0.691s] [ 43%] Built target custom_interface__rosidl_typesupport_introspection_c
[0.692s] [ 53%] Built target custom_interface__rosidl_typesupport_introspection_cpp
[0.692s] [ 64%] Built target custom_interface__rosidl_typesupport_c
[0.692s] [ 74%] Built target custom_interface__rosidl_typesupport_fastrtps_c
[0.693s] [ 74%] Built target custom_interface
[0.693s] [ 76%] Built target custom_interface__py
[0.694s] [ 84%] Built target custom_interface__rosidl_generator_py
[0.694s] [ 89%] Built target custom_interface__rosidl_typesupport_introspection_c__pyext
[0.694s] [ 94%] Built target custom_interface__rosidl_typesupport_fastrtps_c__pyext
[0.705s] [100%] Built target custom_interface__rosidl_typesupport_c__pyext
[0.748s] running egg_info
[0.750s] writing custom_interface.egg-info/PKG-INFO
[0.751s] writing dependency_links to custom_interface.egg-info/dependency_links.txt
[0.751s] writing top-level names to custom_interface.egg-info/top_level.txt
[0.756s] reading manifest file 'custom_interface.egg-info/SOURCES.txt'
[0.757s] writing manifest file 'custom_interface.egg-info/SOURCES.txt'
[0.848s] [100%] Built target ament_cmake_python_build_custom_interface_egg
[1.210s] Invoked command in '/home/smr/workspaces/amrROS2_ws/build/custom_interface' returned '0': CMAKE_PREFIX_PATH=${CMAKE_PREFIX_PATH}:/home/smr/workspaces/amrROS2_ws/install/robot_nav_tool:/home/smr/workspaces/amrROS2_ws/install/robot_data_tool:/home/smr/workspaces/amrROS2_ws/install/python_pkg:/home/smr/workspaces/amrROS2_ws/install/action_autodock:/opt/ros/humble /usr/bin/cmake --build /home/smr/workspaces/amrROS2_ws/build/custom_interface -- -j8 -l8
[1.505s] Invoking command in '/home/smr/workspaces/amrROS2_ws/build/custom_interface': CMAKE_PREFIX_PATH=${CMAKE_PREFIX_PATH}:/home/smr/workspaces/amrROS2_ws/install/robot_nav_tool:/home/smr/workspaces/amrROS2_ws/install/robot_data_tool:/home/smr/workspaces/amrROS2_ws/install/python_pkg:/home/smr/workspaces/amrROS2_ws/install/action_autodock:/opt/ros/humble /usr/bin/cmake --install /home/smr/workspaces/amrROS2_ws/build/custom_interface
[1.551s] -- Install configuration: ""
[1.552s] -- Up-to-date: /home/smr/workspaces/amrROS2_ws/install/custom_interface/share/ament_index/resource_index/rosidl_interfaces/custom_interface
[1.557s] -- Up-to-date: /home/smr/workspaces/amrROS2_ws/install/custom_interface/include/custom_interface/custom_interface
[1.559s] -- Up-to-date: /home/smr/workspaces/amrROS2_ws/install/custom_interface/include/custom_interface/custom_interface/msg
[1.560s] -- Up-to-date: /home/smr/workspaces/amrROS2_ws/install/custom_interface/include/custom_interface/custom_interface/msg/detail
[1.561s] -- Up-to-date: /home/smr/workspaces/amrROS2_ws/install/custom_interface/include/custom_interface/custom_interface/msg/detail/initdock__type_support.h
[1.561s] -- Up-to-date: /home/smr/workspaces/amrROS2_ws/install/custom_interface/include/custom_interface/custom_interface/msg/detail/initdock__functions.h
[1.561s] -- Up-to-date: /home/smr/workspaces/amrROS2_ws/install/custom_interface/include/custom_interface/custom_interface/msg/detail/initdock__functions.c
[1.561s] -- Up-to-date: /home/smr/workspaces/amrROS2_ws/install/custom_interface/include/custom_interface/custom_interface/msg/detail/initdock__struct.h
[1.562s] -- Up-to-date: /home/smr/workspaces/amrROS2_ws/install/custom_interface/include/custom_interface/custom_interface/msg/rosidl_generator_c__visibility_control.h
[1.563s] -- Up-to-date: /home/smr/workspaces/amrROS2_ws/install/custom_interface/include/custom_interface/custom_interface/msg/initdock.h
[1.563s] -- Up-to-date: /home/smr/workspaces/amrROS2_ws/install/custom_interface/include/custom_interface/custom_interface/action
[1.563s] -- Up-to-date: /home/smr/workspaces/amrROS2_ws/install/custom_interface/include/custom_interface/custom_interface/action/detail
[1.564s] -- Up-to-date: /home/smr/workspaces/amrROS2_ws/install/custom_interface/include/custom_interface/custom_interface/action/detail/autodock__functions.c
[1.565s] -- Up-to-date: /home/smr/workspaces/amrROS2_ws/install/custom_interface/include/custom_interface/custom_interface/action/detail/autodock__type_support.h
[1.565s] -- Up-to-date: /home/smr/workspaces/amrROS2_ws/install/custom_interface/include/custom_interface/custom_interface/action/detail/autodock__functions.h
[1.566s] -- Up-to-date: /home/smr/workspaces/amrROS2_ws/install/custom_interface/include/custom_interface/custom_interface/action/detail/autodock__struct.h
[1.566s] -- Up-to-date: /home/smr/workspaces/amrROS2_ws/install/custom_interface/include/custom_interface/custom_interface/action/autodock.h
[1.567s] -- Up-to-date: /home/smr/workspaces/amrROS2_ws/install/custom_interface/share/custom_interface/environment/library_path.sh
[1.567s] -- Up-to-date: /home/smr/workspaces/amrROS2_ws/install/custom_interface/share/custom_interface/environment/library_path.dsv
[1.569s] -- Up-to-date: /home/smr/workspaces/amrROS2_ws/install/custom_interface/lib/libcustom_interface__rosidl_generator_c.so
[1.569s] -- Up-to-date: /home/smr/workspaces/amrROS2_ws/install/custom_interface/include/custom_interface/custom_interface
[1.570s] -- Up-to-date: /home/smr/workspaces/amrROS2_ws/install/custom_interface/include/custom_interface/custom_interface/msg
[1.570s] -- Up-to-date: /home/smr/workspaces/amrROS2_ws/install/custom_interface/include/custom_interface/custom_interface/msg/detail
[1.571s] -- Up-to-date: /home/smr/workspaces/amrROS2_ws/install/custom_interface/include/custom_interface/custom_interface/msg/detail/initdock__rosidl_typesupport_fastrtps_c.h
[1.571s] -- Up-to-date: /home/smr/workspaces/amrROS2_ws/install/custom_interface/include/custom_interface/custom_interface/msg/rosidl_typesupport_fastrtps_c__visibility_control.h
[1.572s] -- Up-to-date: /home/smr/workspaces/amrROS2_ws/install/custom_interface/include/custom_interface/custom_interface/action
[1.572s] -- Up-to-date: /home/smr/workspaces/amrROS2_ws/install/custom_interface/include/custom_interface/custom_interface/action/detail
[1.572s] -- Up-to-date: /home/smr/workspaces/amrROS2_ws/install/custom_interface/include/custom_interface/custom_interface/action/detail/autodock__rosidl_typesupport_fastrtps_c.h
[1.577s] -- Up-to-date: /home/smr/workspaces/amrROS2_ws/install/custom_interface/lib/libcustom_interface__rosidl_typesupport_fastrtps_c.so
[1.577s] -- Up-to-date: /home/smr/workspaces/amrROS2_ws/install/custom_interface/include/custom_interface/custom_interface
[1.578s] -- Up-to-date: /home/smr/workspaces/amrROS2_ws/install/custom_interface/include/custom_interface/custom_interface/msg
[1.579s] -- Up-to-date: /home/smr/workspaces/amrROS2_ws/install/custom_interface/include/custom_interface/custom_interface/msg/detail
[1.579s] -- Up-to-date: /home/smr/workspaces/amrROS2_ws/install/custom_interface/include/custom_interface/custom_interface/msg/detail/initdock__rosidl_typesupport_introspection_c.h
[1.580s] -- Up-to-date: /home/smr/workspaces/amrROS2_ws/install/custom_interface/include/custom_interface/custom_interface/msg/detail/initdock__type_support.c
[1.581s] -- Up-to-date: /home/smr/workspaces/amrROS2_ws/install/custom_interface/include/custom_interface/custom_interface/msg/rosidl_typesupport_introspection_c__visibility_control.h
[1.582s] -- Up-to-date: /home/smr/workspaces/amrROS2_ws/install/custom_interface/include/custom_interface/custom_interface/action
[1.582s] -- Up-to-date: /home/smr/workspaces/amrROS2_ws/install/custom_interface/include/custom_interface/custom_interface/action/detail
[1.583s] -- Up-to-date: /home/smr/workspaces/amrROS2_ws/install/custom_interface/include/custom_interface/custom_interface/action/detail/autodock__rosidl_typesupport_introspection_c.h
[1.583s] -- Up-to-date: /home/smr/workspaces/amrROS2_ws/install/custom_interface/include/custom_interface/custom_interface/action/detail/autodock__type_support.c
[1.584s] -- Up-to-date: /home/smr/workspaces/amrROS2_ws/install/custom_interface/lib/libcustom_interface__rosidl_typesupport_introspection_c.so
[1.584s] -- Up-to-date: /home/smr/workspaces/amrROS2_ws/install/custom_interface/lib/libcustom_interface__rosidl_typesupport_c.so
[1.585s] -- Up-to-date: /home/smr/workspaces/amrROS2_ws/install/custom_interface/include/custom_interface/custom_interface
[1.585s] -- Up-to-date: /home/smr/workspaces/amrROS2_ws/install/custom_interface/include/custom_interface/custom_interface/msg
[1.586s] -- Up-to-date: /home/smr/workspaces/amrROS2_ws/install/custom_interface/include/custom_interface/custom_interface/msg/detail
[1.586s] -- Up-to-date: /home/smr/workspaces/amrROS2_ws/install/custom_interface/include/custom_interface/custom_interface/msg/detail/initdock__struct.hpp
[1.586s] -- Up-to-date: /home/smr/workspaces/amrROS2_ws/install/custom_interface/include/custom_interface/custom_interface/msg/detail/initdock__traits.hpp
[1.587s] -- Up-to-date: /home/smr/workspaces/amrROS2_ws/install/custom_interface/include/custom_interface/custom_interface/msg/detail/initdock__builder.hpp
[1.588s] -- Up-to-date: /home/smr/workspaces/amrROS2_ws/install/custom_interface/include/custom_interface/custom_interface/msg/initdock.hpp
[1.596s] -- Up-to-date: /home/smr/workspaces/amrROS2_ws/install/custom_interface/include/custom_interface/custom_interface/action
[1.596s] -- Up-to-date: /home/smr/workspaces/amrROS2_ws/install/custom_interface/include/custom_interface/custom_interface/action/detail
[1.597s] -- Up-to-date: /home/smr/workspaces/amrROS2_ws/install/custom_interface/include/custom_interface/custom_interface/action/detail/autodock__builder.hpp
[1.597s] -- Up-to-date: /home/smr/workspaces/amrROS2_ws/install/custom_interface/include/custom_interface/custom_interface/action/detail/autodock__struct.hpp
[1.597s] -- Up-to-date: /home/smr/workspaces/amrROS2_ws/install/custom_interface/include/custom_interface/custom_interface/action/detail/autodock__traits.hpp
[1.597s] -- Up-to-date: /home/smr/workspaces/amrROS2_ws/install/custom_interface/include/custom_interface/custom_interface/action/autodock.hpp
[1.597s] -- Up-to-date: /home/smr/workspaces/amrROS2_ws/install/custom_interface/include/custom_interface/custom_interface
[1.597s] -- Up-to-date: /home/smr/workspaces/amrROS2_ws/install/custom_interface/include/custom_interface/custom_interface/msg
[1.597s] -- Up-to-date: /home/smr/workspaces/amrROS2_ws/install/custom_interface/include/custom_interface/custom_interface/msg/detail
[1.598s] -- Up-to-date: /home/smr/workspaces/amrROS2_ws/install/custom_interface/include/custom_interface/custom_interface/msg/detail/dds_fastrtps
[1.598s] -- Up-to-date: /home/smr/workspaces/amrROS2_ws/install/custom_interface/include/custom_interface/custom_interface/msg/detail/initdock__rosidl_typesupport_fastrtps_cpp.hpp
[1.598s] -- Up-to-date: /home/smr/workspaces/amrROS2_ws/install/custom_interface/include/custom_interface/custom_interface/msg/rosidl_typesupport_fastrtps_cpp__visibility_control.h
[1.598s] -- Up-to-date: /home/smr/workspaces/amrROS2_ws/install/custom_interface/include/custom_interface/custom_interface/action
[1.598s] -- Up-to-date: /home/smr/workspaces/amrROS2_ws/install/custom_interface/include/custom_interface/custom_interface/action/detail
[1.598s] -- Up-to-date: /home/smr/workspaces/amrROS2_ws/install/custom_interface/include/custom_interface/custom_interface/action/detail/autodock__rosidl_typesupport_fastrtps_cpp.hpp
[1.598s] -- Up-to-date: /home/smr/workspaces/amrROS2_ws/install/custom_interface/include/custom_interface/custom_interface/action/detail/dds_fastrtps
[1.598s] -- Up-to-date: /home/smr/workspaces/amrROS2_ws/install/custom_interface/lib/libcustom_interface__rosidl_typesupport_fastrtps_cpp.so
[1.599s] -- Up-to-date: /home/smr/workspaces/amrROS2_ws/install/custom_interface/include/custom_interface/custom_interface
[1.599s] -- Up-to-date: /home/smr/workspaces/amrROS2_ws/install/custom_interface/include/custom_interface/custom_interface/msg
[1.600s] -- Up-to-date: /home/smr/workspaces/amrROS2_ws/install/custom_interface/include/custom_interface/custom_interface/msg/detail
[1.601s] -- Up-to-date: /home/smr/workspaces/amrROS2_ws/install/custom_interface/include/custom_interface/custom_interface/msg/detail/initdock__rosidl_typesupport_introspection_cpp.hpp
[1.601s] -- Up-to-date: /home/smr/workspaces/amrROS2_ws/install/custom_interface/include/custom_interface/custom_interface/msg/detail/initdock__type_support.cpp
[1.601s] -- Up-to-date: /home/smr/workspaces/amrROS2_ws/install/custom_interface/include/custom_interface/custom_interface/action
[1.602s] -- Up-to-date: /home/smr/workspaces/amrROS2_ws/install/custom_interface/include/custom_interface/custom_interface/action/detail
[1.602s] -- Up-to-date: /home/smr/workspaces/amrROS2_ws/install/custom_interface/include/custom_interface/custom_interface/action/detail/autodock__type_support.cpp
[1.603s] -- Up-to-date: /home/smr/workspaces/amrROS2_ws/install/custom_interface/include/custom_interface/custom_interface/action/detail/autodock__rosidl_typesupport_introspection_cpp.hpp
[1.603s] -- Up-to-date: /home/smr/workspaces/amrROS2_ws/install/custom_interface/lib/libcustom_interface__rosidl_typesupport_introspection_cpp.so
[1.606s] -- Up-to-date: /home/smr/workspaces/amrROS2_ws/install/custom_interface/lib/libcustom_interface__rosidl_typesupport_cpp.so
[1.606s] -- Up-to-date: /home/smr/workspaces/amrROS2_ws/install/custom_interface/share/custom_interface/environment/pythonpath.sh
[1.607s] -- Up-to-date: /home/smr/workspaces/amrROS2_ws/install/custom_interface/share/custom_interface/environment/pythonpath.dsv
[1.607s] -- Up-to-date: /home/smr/workspaces/amrROS2_ws/install/custom_interface/local/lib/python3.10/dist-packages/custom_interface-0.0.0-py3.10.egg-info
[1.608s] -- Installing: /home/smr/workspaces/amrROS2_ws/install/custom_interface/local/lib/python3.10/dist-packages/custom_interface-0.0.0-py3.10.egg-info/dependency_links.txt
[1.608s] -- Installing: /home/smr/workspaces/amrROS2_ws/install/custom_interface/local/lib/python3.10/dist-packages/custom_interface-0.0.0-py3.10.egg-info/top_level.txt
[1.609s] -- Installing: /home/smr/workspaces/amrROS2_ws/install/custom_interface/local/lib/python3.10/dist-packages/custom_interface-0.0.0-py3.10.egg-info/SOURCES.txt
[1.609s] -- Installing: /home/smr/workspaces/amrROS2_ws/install/custom_interface/local/lib/python3.10/dist-packages/custom_interface-0.0.0-py3.10.egg-info/PKG-INFO
[1.610s] -- Up-to-date: /home/smr/workspaces/amrROS2_ws/install/custom_interface/local/lib/python3.10/dist-packages/custom_interface
[1.610s] -- Up-to-date: /home/smr/workspaces/amrROS2_ws/install/custom_interface/local/lib/python3.10/dist-packages/custom_interface/custom_interface_s__rosidl_typesupport_introspection_c.cpython-310-aarch64-linux-gnu.so
[1.613s] -- Up-to-date: /home/smr/workspaces/amrROS2_ws/install/custom_interface/local/lib/python3.10/dist-packages/custom_interface/_custom_interface_s.ep.rosidl_typesupport_introspection_c.c
[1.613s] -- Up-to-date: /home/smr/workspaces/amrROS2_ws/install/custom_interface/local/lib/python3.10/dist-packages/custom_interface/_custom_interface_s.ep.rosidl_typesupport_c.c
[1.614s] -- Up-to-date: /home/smr/workspaces/amrROS2_ws/install/custom_interface/local/lib/python3.10/dist-packages/custom_interface/libcustom_interface__rosidl_generator_py.so
[1.614s] -- Up-to-date: /home/smr/workspaces/amrROS2_ws/install/custom_interface/local/lib/python3.10/dist-packages/custom_interface/msg
[1.615s] -- Up-to-date: /home/smr/workspaces/amrROS2_ws/install/custom_interface/local/lib/python3.10/dist-packages/custom_interface/msg/_initdock.py
[1.615s] -- Up-to-date: /home/smr/workspaces/amrROS2_ws/install/custom_interface/local/lib/python3.10/dist-packages/custom_interface/msg/__init__.py
[1.616s] -- Up-to-date: /home/smr/workspaces/amrROS2_ws/install/custom_interface/local/lib/python3.10/dist-packages/custom_interface/msg/_initdock_s.c
[1.616s] -- Up-to-date: /home/smr/workspaces/amrROS2_ws/install/custom_interface/local/lib/python3.10/dist-packages/custom_interface/custom_interface_s__rosidl_typesupport_fastrtps_c.cpython-310-aarch64-linux-gnu.so
[1.616s] -- Up-to-date: /home/smr/workspaces/amrROS2_ws/install/custom_interface/local/lib/python3.10/dist-packages/custom_interface/__init__.py
[1.621s] -- Up-to-date: /home/smr/workspaces/amrROS2_ws/install/custom_interface/local/lib/python3.10/dist-packages/custom_interface/_custom_interface_s.ep.rosidl_typesupport_fastrtps_c.c
[1.623s] -- Up-to-date: /home/smr/workspaces/amrROS2_ws/install/custom_interface/local/lib/python3.10/dist-packages/custom_interface/custom_interface_s__rosidl_typesupport_c.cpython-310-aarch64-linux-gnu.so
[1.623s] -- Up-to-date: /home/smr/workspaces/amrROS2_ws/install/custom_interface/local/lib/python3.10/dist-packages/custom_interface/action
[1.624s] -- Up-to-date: /home/smr/workspaces/amrROS2_ws/install/custom_interface/local/lib/python3.10/dist-packages/custom_interface/action/_autodock.py
[1.625s] -- Up-to-date: /home/smr/workspaces/amrROS2_ws/install/custom_interface/local/lib/python3.10/dist-packages/custom_interface/action/__init__.py
[1.625s] -- Up-to-date: /home/smr/workspaces/amrROS2_ws/install/custom_interface/local/lib/python3.10/dist-packages/custom_interface/action/_autodock_s.c
[1.665s] Listing '/home/smr/workspaces/amrROS2_ws/install/custom_interface/local/lib/python3.10/dist-packages/custom_interface'...
[1.665s] Listing '/home/smr/workspaces/amrROS2_ws/install/custom_interface/local/lib/python3.10/dist-packages/custom_interface/action'...
[1.665s] Listing '/home/smr/workspaces/amrROS2_ws/install/custom_interface/local/lib/python3.10/dist-packages/custom_interface/msg'...
[1.679s] -- Up-to-date: /home/smr/workspaces/amrROS2_ws/install/custom_interface/local/lib/python3.10/dist-packages/custom_interface/custom_interface_s__rosidl_typesupport_fastrtps_c.cpython-310-aarch64-linux-gnu.so
[1.681s] -- Up-to-date: /home/smr/workspaces/amrROS2_ws/install/custom_interface/local/lib/python3.10/dist-packages/custom_interface/custom_interface_s__rosidl_typesupport_introspection_c.cpython-310-aarch64-linux-gnu.so
[1.685s] -- Up-to-date: /home/smr/workspaces/amrROS2_ws/install/custom_interface/local/lib/python3.10/dist-packages/custom_interface/custom_interface_s__rosidl_typesupport_c.cpython-310-aarch64-linux-gnu.so
[1.685s] -- Up-to-date: /home/smr/workspaces/amrROS2_ws/install/custom_interface/lib/libcustom_interface__rosidl_generator_py.so
[1.686s] -- Up-to-date: /home/smr/workspaces/amrROS2_ws/install/custom_interface/share/custom_interface/action/Autodock.idl
[1.686s] -- Up-to-date: /home/smr/workspaces/amrROS2_ws/install/custom_interface/share/custom_interface/msg/Initdock.idl
[1.686s] -- Up-to-date: /home/smr/workspaces/amrROS2_ws/install/custom_interface/share/custom_interface/action/Autodock.action
[1.687s] -- Up-to-date: /home/smr/workspaces/amrROS2_ws/install/custom_interface/share/custom_interface/msg/Initdock.msg
[1.687s] -- Up-to-date: /home/smr/workspaces/amrROS2_ws/install/custom_interface/share/ament_index/resource_index/package_run_dependencies/custom_interface
[1.688s] -- Up-to-date: /home/smr/workspaces/amrROS2_ws/install/custom_interface/share/ament_index/resource_index/parent_prefix_path/custom_interface
[1.694s] -- Up-to-date: /home/smr/workspaces/amrROS2_ws/install/custom_interface/share/custom_interface/environment/ament_prefix_path.sh
[1.694s] -- Up-to-date: /home/smr/workspaces/amrROS2_ws/install/custom_interface/share/custom_interface/environment/ament_prefix_path.dsv
[1.698s] -- Up-to-date: /home/smr/workspaces/amrROS2_ws/install/custom_interface/share/custom_interface/environment/path.sh
[1.699s] -- Up-to-date: /home/smr/workspaces/amrROS2_ws/install/custom_interface/share/custom_interface/environment/path.dsv
[1.703s] -- Up-to-date: /home/smr/workspaces/amrROS2_ws/install/custom_interface/share/custom_interface/local_setup.bash
[1.704s] -- Up-to-date: /home/smr/workspaces/amrROS2_ws/install/custom_interface/share/custom_interface/local_setup.sh
[1.704s] -- Up-to-date: /home/smr/workspaces/amrROS2_ws/install/custom_interface/share/custom_interface/local_setup.zsh
[1.705s] -- Up-to-date: /home/smr/workspaces/amrROS2_ws/install/custom_interface/share/custom_interface/local_setup.dsv
[1.705s] -- Installing: /home/smr/workspaces/amrROS2_ws/install/custom_interface/share/custom_interface/package.dsv
[1.706s] -- Up-to-date: /home/smr/workspaces/amrROS2_ws/install/custom_interface/share/ament_index/resource_index/packages/custom_interface
[1.706s] -- Up-to-date: /home/smr/workspaces/amrROS2_ws/install/custom_interface/share/custom_interface/cmake/export_custom_interface__rosidl_generator_cExport.cmake
[1.708s] -- Up-to-date: /home/smr/workspaces/amrROS2_ws/install/custom_interface/share/custom_interface/cmake/export_custom_interface__rosidl_generator_cExport-noconfig.cmake
[1.709s] -- Up-to-date: /home/smr/workspaces/amrROS2_ws/install/custom_interface/share/custom_interface/cmake/export_custom_interface__rosidl_typesupport_fastrtps_cExport.cmake
[1.710s] -- Up-to-date: /home/smr/workspaces/amrROS2_ws/install/custom_interface/share/custom_interface/cmake/export_custom_interface__rosidl_typesupport_fastrtps_cExport-noconfig.cmake
[1.711s] -- Up-to-date: /home/smr/workspaces/amrROS2_ws/install/custom_interface/share/custom_interface/cmake/custom_interface__rosidl_typesupport_introspection_cExport.cmake
[1.711s] -- Up-to-date: /home/smr/workspaces/amrROS2_ws/install/custom_interface/share/custom_interface/cmake/custom_interface__rosidl_typesupport_introspection_cExport-noconfig.cmake
[1.711s] -- Up-to-date: /home/smr/workspaces/amrROS2_ws/install/custom_interface/share/custom_interface/cmake/custom_interface__rosidl_typesupport_cExport.cmake
[1.711s] -- Up-to-date: /home/smr/workspaces/amrROS2_ws/install/custom_interface/share/custom_interface/cmake/custom_interface__rosidl_typesupport_cExport-noconfig.cmake
[1.712s] -- Up-to-date: /home/smr/workspaces/amrROS2_ws/install/custom_interface/share/custom_interface/cmake/export_custom_interface__rosidl_generator_cppExport.cmake
[1.712s] -- Up-to-date: /home/smr/workspaces/amrROS2_ws/install/custom_interface/share/custom_interface/cmake/export_custom_interface__rosidl_typesupport_fastrtps_cppExport.cmake
[1.712s] -- Up-to-date: /home/smr/workspaces/amrROS2_ws/install/custom_interface/share/custom_interface/cmake/export_custom_interface__rosidl_typesupport_fastrtps_cppExport-noconfig.cmake
[1.712s] -- Up-to-date: /home/smr/workspaces/amrROS2_ws/install/custom_interface/share/custom_interface/cmake/custom_interface__rosidl_typesupport_introspection_cppExport.cmake
[1.712s] -- Up-to-date: /home/smr/workspaces/amrROS2_ws/install/custom_interface/share/custom_interface/cmake/custom_interface__rosidl_typesupport_introspection_cppExport-noconfig.cmake
[1.712s] -- Up-to-date: /home/smr/workspaces/amrROS2_ws/install/custom_interface/share/custom_interface/cmake/custom_interface__rosidl_typesupport_cppExport.cmake
[1.712s] -- Up-to-date: /home/smr/workspaces/amrROS2_ws/install/custom_interface/share/custom_interface/cmake/custom_interface__rosidl_typesupport_cppExport-noconfig.cmake
[1.713s] -- Up-to-date: /home/smr/workspaces/amrROS2_ws/install/custom_interface/share/custom_interface/cmake/export_custom_interface__rosidl_generator_pyExport.cmake
[1.713s] -- Up-to-date: /home/smr/workspaces/amrROS2_ws/install/custom_interface/share/custom_interface/cmake/export_custom_interface__rosidl_generator_pyExport-noconfig.cmake
[1.713s] -- Up-to-date: /home/smr/workspaces/amrROS2_ws/install/custom_interface/share/custom_interface/cmake/rosidl_cmake-extras.cmake
[1.713s] -- Up-to-date: /home/smr/workspaces/amrROS2_ws/install/custom_interface/share/custom_interface/cmake/ament_cmake_export_dependencies-extras.cmake
[1.715s] -- Up-to-date: /home/smr/workspaces/amrROS2_ws/install/custom_interface/share/custom_interface/cmake/ament_cmake_export_include_directories-extras.cmake
[1.718s] -- Up-to-date: /home/smr/workspaces/amrROS2_ws/install/custom_interface/share/custom_interface/cmake/ament_cmake_export_libraries-extras.cmake
[1.719s] -- Up-to-date: /home/smr/workspaces/amrROS2_ws/install/custom_interface/share/custom_interface/cmake/ament_cmake_export_targets-extras.cmake
[1.720s] -- Up-to-date: /home/smr/workspaces/amrROS2_ws/install/custom_interface/share/custom_interface/cmake/rosidl_cmake_export_typesupport_targets-extras.cmake
[1.721s] -- Up-to-date: /home/smr/workspaces/amrROS2_ws/install/custom_interface/share/custom_interface/cmake/rosidl_cmake_export_typesupport_libraries-extras.cmake
[1.721s] -- Up-to-date: /home/smr/workspaces/amrROS2_ws/install/custom_interface/share/custom_interface/cmake/custom_interfaceConfig.cmake
[1.727s] -- Up-to-date: /home/smr/workspaces/amrROS2_ws/install/custom_interface/share/custom_interface/cmake/custom_interfaceConfig-version.cmake
[1.727s] -- Up-to-date: /home/smr/workspaces/amrROS2_ws/install/custom_interface/share/custom_interface/package.xml
[2.687s] Invoked command in '/home/smr/workspaces/amrROS2_ws/build/custom_interface' returned '0': CMAKE_PREFIX_PATH=${CMAKE_PREFIX_PATH}:/home/smr/workspaces/amrROS2_ws/install/robot_nav_tool:/home/smr/workspaces/amrROS2_ws/install/robot_data_tool:/home/smr/workspaces/amrROS2_ws/install/python_pkg:/home/smr/workspaces/amrROS2_ws/install/action_autodock:/opt/ros/humble /usr/bin/cmake --install /home/smr/workspaces/amrROS2_ws/build/custom_interface
