[2.009s] Invoking command in '/home/smr/workspaces/amrROS2_ws/src/python_pkg': PYTHONPATH=/home/smr/workspaces/amrROS2_ws/build/python_pkg/prefix_override:/usr/lib/python3/dist-packages/colcon_core/task/python/colcon_distutils_commands:/home/smr/workspaces/amrROS2_ws/install/python_pkg/lib/python3.10/site-packages:${PYTHONPATH} /usr/bin/python3 -W ignore:setup.py install is deprecated setup.py egg_info --egg-base ../../build/python_pkg build --build-base /home/smr/workspaces/amrROS2_ws/build/python_pkg/build install --record /home/smr/workspaces/amrROS2_ws/build/python_pkg/install.log --single-version-externally-managed install_data
[2.429s] running egg_info
[2.430s] writing ../../build/python_pkg/python_pkg.egg-info/PKG-INFO
[2.430s] writing dependency_links to ../../build/python_pkg/python_pkg.egg-info/dependency_links.txt
[2.434s] writing entry points to ../../build/python_pkg/python_pkg.egg-info/entry_points.txt
[2.434s] writing requirements to ../../build/python_pkg/python_pkg.egg-info/requires.txt
[2.434s] writing top-level names to ../../build/python_pkg/python_pkg.egg-info/top_level.txt
[2.434s] reading manifest file '../../build/python_pkg/python_pkg.egg-info/SOURCES.txt'
[2.435s] adding license file 'LICENSE'
[2.435s] writing manifest file '../../build/python_pkg/python_pkg.egg-info/SOURCES.txt'
[2.435s] running build
[2.436s] running build_py
[2.439s] running install
[2.440s] running install_lib
[2.442s] running install_data
[2.443s] running install_egg_info
[2.444s] removing '/home/smr/workspaces/amrROS2_ws/install/python_pkg/lib/python3.10/site-packages/python_pkg-0.0.0-py3.10.egg-info' (and everything under it)
[2.445s] Copying ../../build/python_pkg/python_pkg.egg-info to /home/smr/workspaces/amrROS2_ws/install/python_pkg/lib/python3.10/site-packages/python_pkg-0.0.0-py3.10.egg-info
[2.447s] running install_scripts
[2.492s] Installing ip_publisher script to /home/smr/workspaces/amrROS2_ws/install/python_pkg/lib/python_pkg
[2.493s] writing list of installed files to '/home/smr/workspaces/amrROS2_ws/build/python_pkg/install.log'
[2.544s] Invoked command in '/home/smr/workspaces/amrROS2_ws/src/python_pkg' returned '0': PYTHONPATH=/home/smr/workspaces/amrROS2_ws/build/python_pkg/prefix_override:/usr/lib/python3/dist-packages/colcon_core/task/python/colcon_distutils_commands:/home/smr/workspaces/amrROS2_ws/install/python_pkg/lib/python3.10/site-packages:${PYTHONPATH} /usr/bin/python3 -W ignore:setup.py install is deprecated setup.py egg_info --egg-base ../../build/python_pkg build --build-base /home/smr/workspaces/amrROS2_ws/build/python_pkg/build install --record /home/smr/workspaces/amrROS2_ws/build/python_pkg/install.log --single-version-externally-managed install_data
