[0.738s] Invoking command in '/home/smr/workspaces/amrROS2_ws/build/example': CMAKE_PREFIX_PATH=${CMAKE_PREFIX_PATH}:/home/smr/workspaces/amrROS2_ws/install/python_pkg:/home/smr/workspaces/amrROS2_ws/install/action_autodock:/opt/ros/humble /usr/bin/cmake --build /home/smr/workspaces/amrROS2_ws/build/example -- -j8 -l8
[1.481s] Invoked command in '/home/smr/workspaces/amrROS2_ws/build/example' returned '0': CMAKE_PREFIX_PATH=${CMAKE_PREFIX_PATH}:/home/smr/workspaces/amrROS2_ws/install/python_pkg:/home/smr/workspaces/amrROS2_ws/install/action_autodock:/opt/ros/humble /usr/bin/cmake --build /home/smr/workspaces/amrROS2_ws/build/example -- -j8 -l8
[1.636s] Invoking command in '/home/smr/workspaces/amrROS2_ws/build/example': CMAKE_PREFIX_PATH=${CMAKE_PREFIX_PATH}:/home/smr/workspaces/amrROS2_ws/install/python_pkg:/home/smr/workspaces/amrROS2_ws/install/action_autodock:/opt/ros/humble /usr/bin/cmake --install /home/smr/workspaces/amrROS2_ws/build/example
[1.716s] -- Install configuration: ""
[1.789s] -- Up-to-date: /home/smr/workspaces/amrROS2_ws/install/example/share/example/urdf
[1.793s] -- Up-to-date: /home/smr/workspaces/amrROS2_ws/install/example/share/example/urdf/robot.urdf
[1.795s] -- Up-to-date: /home/smr/workspaces/amrROS2_ws/install/example/share/example/urdf/robotgot.urdf
[1.796s] -- Up-to-date: /home/smr/workspaces/amrROS2_ws/install/example/share/ament_index/resource_index/package_run_dependencies/example
[1.796s] -- Up-to-date: /home/smr/workspaces/amrROS2_ws/install/example/share/ament_index/resource_index/parent_prefix_path/example
[1.796s] -- Up-to-date: /home/smr/workspaces/amrROS2_ws/install/example/share/example/environment/ament_prefix_path.sh
[1.796s] -- Up-to-date: /home/smr/workspaces/amrROS2_ws/install/example/share/example/environment/ament_prefix_path.dsv
[1.797s] -- Up-to-date: /home/smr/workspaces/amrROS2_ws/install/example/share/example/environment/path.sh
[1.797s] -- Up-to-date: /home/smr/workspaces/amrROS2_ws/install/example/share/example/environment/path.dsv
[1.797s] -- Up-to-date: /home/smr/workspaces/amrROS2_ws/install/example/share/example/local_setup.bash
[1.797s] -- Up-to-date: /home/smr/workspaces/amrROS2_ws/install/example/share/example/local_setup.sh
[1.797s] -- Up-to-date: /home/smr/workspaces/amrROS2_ws/install/example/share/example/local_setup.zsh
[1.804s] -- Up-to-date: /home/smr/workspaces/amrROS2_ws/install/example/share/example/local_setup.dsv
[1.804s] -- Installing: /home/smr/workspaces/amrROS2_ws/install/example/share/example/package.dsv
[1.805s] -- Up-to-date: /home/smr/workspaces/amrROS2_ws/install/example/share/ament_index/resource_index/packages/example
[1.806s] -- Up-to-date: /home/smr/workspaces/amrROS2_ws/install/example/share/example/cmake/exampleConfig.cmake
[1.806s] -- Up-to-date: /home/smr/workspaces/amrROS2_ws/install/example/share/example/cmake/exampleConfig-version.cmake
[1.807s] -- Up-to-date: /home/smr/workspaces/amrROS2_ws/install/example/share/example/package.xml
[1.860s] Invoked command in '/home/smr/workspaces/amrROS2_ws/build/example' returned '0': CMAKE_PREFIX_PATH=${CMAKE_PREFIX_PATH}:/home/smr/workspaces/amrROS2_ws/install/python_pkg:/home/smr/workspaces/amrROS2_ws/install/action_autodock:/opt/ros/humble /usr/bin/cmake --install /home/smr/workspaces/amrROS2_ws/build/example
