[2.631s] Invoking command in '/home/smr/workspaces/amrROS2_ws/src/python_pkg': PYTHONPATH=/home/smr/workspaces/amrROS2_ws/build/python_pkg/prefix_override:/usr/lib/python3/dist-packages/colcon_core/task/python/colcon_distutils_commands:/home/smr/workspaces/amrROS2_ws/install/python_pkg/lib/python3.10/site-packages:${PYTHONPATH} /usr/bin/python3 -W ignore:setup.py install is deprecated setup.py egg_info --egg-base ../../build/python_pkg build --build-base /home/smr/workspaces/amrROS2_ws/build/python_pkg/build install --record /home/smr/workspaces/amrROS2_ws/build/python_pkg/install.log --single-version-externally-managed install_data
[3.131s] running egg_info
[3.132s] writing ../../build/python_pkg/python_pkg.egg-info/PKG-INFO
[3.132s] writing dependency_links to ../../build/python_pkg/python_pkg.egg-info/dependency_links.txt
[3.133s] writing entry points to ../../build/python_pkg/python_pkg.egg-info/entry_points.txt
[3.133s] writing requirements to ../../build/python_pkg/python_pkg.egg-info/requires.txt
[3.134s] writing top-level names to ../../build/python_pkg/python_pkg.egg-info/top_level.txt
[3.134s] reading manifest file '../../build/python_pkg/python_pkg.egg-info/SOURCES.txt'
[3.134s] adding license file 'LICENSE'
[3.135s] writing manifest file '../../build/python_pkg/python_pkg.egg-info/SOURCES.txt'
[3.135s] running build
[3.136s] running build_py
[3.136s] running install
[3.137s] running install_lib
[3.137s] running install_data
[3.138s] running install_egg_info
[3.140s] removing '/home/smr/workspaces/amrROS2_ws/install/python_pkg/lib/python3.10/site-packages/python_pkg-0.0.0-py3.10.egg-info' (and everything under it)
[3.161s] Copying ../../build/python_pkg/python_pkg.egg-info to /home/smr/workspaces/amrROS2_ws/install/python_pkg/lib/python3.10/site-packages/python_pkg-0.0.0-py3.10.egg-info
[3.162s] running install_scripts
[3.202s] Installing ip_publisher script to /home/smr/workspaces/amrROS2_ws/install/python_pkg/lib/python_pkg
[3.204s] writing list of installed files to '/home/smr/workspaces/amrROS2_ws/build/python_pkg/install.log'
[3.297s] Invoked command in '/home/smr/workspaces/amrROS2_ws/src/python_pkg' returned '0': PYTHONPATH=/home/smr/workspaces/amrROS2_ws/build/python_pkg/prefix_override:/usr/lib/python3/dist-packages/colcon_core/task/python/colcon_distutils_commands:/home/smr/workspaces/amrROS2_ws/install/python_pkg/lib/python3.10/site-packages:${PYTHONPATH} /usr/bin/python3 -W ignore:setup.py install is deprecated setup.py egg_info --egg-base ../../build/python_pkg build --build-base /home/smr/workspaces/amrROS2_ws/build/python_pkg/build install --record /home/smr/workspaces/amrROS2_ws/build/python_pkg/install.log --single-version-externally-managed install_data
