[0.545s] Invoking command in '/home/smr/workspaces/amrROS2_ws/build/robot_hardware_interface': CMAKE_PREFIX_PATH=${CMAKE_PREFIX_PATH}:/home/smr/workspaces/amrROS2_ws/install/robot_nav_tool:/home/smr/workspaces/amrROS2_ws/install/robot_data_tool:/home/smr/workspaces/amrROS2_ws/install/python_pkg:/home/smr/workspaces/amrROS2_ws/install/action_autodock:/opt/ros/humble /usr/bin/cmake --build /home/smr/workspaces/amrROS2_ws/build/robot_hardware_interface -- -j8 -l8
[0.725s] [35m[1mConsolidate compiler generated dependencies of target robot_hardware[0m
[0.849s] [ 33%] [32mBuilding CXX object CMakeFiles/robot_hardware.dir/src/hardware_interface_node.cpp.o[0m
[64.497s] [ 66%] [32m[1mLinking CXX executable robot_hardware[0m
[87.678s] [100%] Built target robot_hardware
[88.175s] Invoked command in '/home/smr/workspaces/amrROS2_ws/build/robot_hardware_interface' returned '0': CMAKE_PREFIX_PATH=${CMAKE_PREFIX_PATH}:/home/smr/workspaces/amrROS2_ws/install/robot_nav_tool:/home/smr/workspaces/amrROS2_ws/install/robot_data_tool:/home/smr/workspaces/amrROS2_ws/install/python_pkg:/home/smr/workspaces/amrROS2_ws/install/action_autodock:/opt/ros/humble /usr/bin/cmake --build /home/smr/workspaces/amrROS2_ws/build/robot_hardware_interface -- -j8 -l8
[88.234s] Invoking command in '/home/smr/workspaces/amrROS2_ws/build/robot_hardware_interface': CMAKE_PREFIX_PATH=${CMAKE_PREFIX_PATH}:/home/smr/workspaces/amrROS2_ws/install/robot_nav_tool:/home/smr/workspaces/amrROS2_ws/install/robot_data_tool:/home/smr/workspaces/amrROS2_ws/install/python_pkg:/home/smr/workspaces/amrROS2_ws/install/action_autodock:/opt/ros/humble /usr/bin/cmake --install /home/smr/workspaces/amrROS2_ws/build/robot_hardware_interface
[88.267s] -- Install configuration: ""
[88.267s] -- Installing: /home/smr/workspaces/amrROS2_ws/install/robot_hardware_interface/lib/robot_hardware_interface/robot_hardware
[88.288s] -- Set runtime path of "/home/smr/workspaces/amrROS2_ws/install/robot_hardware_interface/lib/robot_hardware_interface/robot_hardware" to ""
[88.289s] -- Up-to-date: /home/smr/workspaces/amrROS2_ws/install/robot_hardware_interface/share/ament_index/resource_index/package_run_dependencies/robot_hardware_interface
[88.289s] -- Up-to-date: /home/smr/workspaces/amrROS2_ws/install/robot_hardware_interface/share/ament_index/resource_index/parent_prefix_path/robot_hardware_interface
[88.290s] -- Up-to-date: /home/smr/workspaces/amrROS2_ws/install/robot_hardware_interface/share/robot_hardware_interface/environment/ament_prefix_path.sh
[88.290s] -- Up-to-date: /home/smr/workspaces/amrROS2_ws/install/robot_hardware_interface/share/robot_hardware_interface/environment/ament_prefix_path.dsv
[88.291s] -- Up-to-date: /home/smr/workspaces/amrROS2_ws/install/robot_hardware_interface/share/robot_hardware_interface/environment/path.sh
[88.291s] -- Up-to-date: /home/smr/workspaces/amrROS2_ws/install/robot_hardware_interface/share/robot_hardware_interface/environment/path.dsv
[88.291s] -- Up-to-date: /home/smr/workspaces/amrROS2_ws/install/robot_hardware_interface/share/robot_hardware_interface/local_setup.bash
[88.292s] -- Up-to-date: /home/smr/workspaces/amrROS2_ws/install/robot_hardware_interface/share/robot_hardware_interface/local_setup.sh
[88.293s] -- Up-to-date: /home/smr/workspaces/amrROS2_ws/install/robot_hardware_interface/share/robot_hardware_interface/local_setup.zsh
[88.293s] -- Up-to-date: /home/smr/workspaces/amrROS2_ws/install/robot_hardware_interface/share/robot_hardware_interface/local_setup.dsv
[88.294s] -- Installing: /home/smr/workspaces/amrROS2_ws/install/robot_hardware_interface/share/robot_hardware_interface/package.dsv
[88.294s] -- Up-to-date: /home/smr/workspaces/amrROS2_ws/install/robot_hardware_interface/share/ament_index/resource_index/packages/robot_hardware_interface
[88.294s] -- Up-to-date: /home/smr/workspaces/amrROS2_ws/install/robot_hardware_interface/share/robot_hardware_interface/cmake/robot_hardware_interfaceConfig.cmake
[88.294s] -- Up-to-date: /home/smr/workspaces/amrROS2_ws/install/robot_hardware_interface/share/robot_hardware_interface/cmake/robot_hardware_interfaceConfig-version.cmake
[88.295s] -- Up-to-date: /home/smr/workspaces/amrROS2_ws/install/robot_hardware_interface/share/robot_hardware_interface/package.xml
[88.297s] Invoked command in '/home/smr/workspaces/amrROS2_ws/build/robot_hardware_interface' returned '0': CMAKE_PREFIX_PATH=${CMAKE_PREFIX_PATH}:/home/smr/workspaces/amrROS2_ws/install/robot_nav_tool:/home/smr/workspaces/amrROS2_ws/install/robot_data_tool:/home/smr/workspaces/amrROS2_ws/install/python_pkg:/home/smr/workspaces/amrROS2_ws/install/action_autodock:/opt/ros/humble /usr/bin/cmake --install /home/smr/workspaces/amrROS2_ws/build/robot_hardware_interface
