[0.025s] Invoking command in '/home/smr/workspaces/amrROS2_ws/build/dock_lidar': AMENT_PREFIX_PATH=/home/smr/workspaces/amrROS2_ws/install/custom_interface:${AMENT_PREFIX_PATH} CMAKE_PREFIX_PATH=/home/smr/workspaces/amrROS2_ws/install/custom_interface:/home/smr/workspaces/amrROS2_ws/install/sllidar_ros2:/home/smr/workspaces/amrROS2_ws/install/navigation:/home/smr/workspaces/amrROS2_ws/install/micro_ros_setup:/home/smr/workspaces/amrROS2_ws/install/bringup:/home/smr/workspaces/amrROS2_ws/install/micro_ros_agent:/home/smr/workspaces/amrROS2_ws/install/micro_ros_msgs:/home/smr/workspaces/amrROS2_ws/install/description:/home/smr/workspaces/amrROS2_ws/install/python_pkg:/opt/ros/humble LD_LIBRARY_PATH=/home/smr/workspaces/amrROS2_ws/install/custom_interface/lib:${LD_LIBRARY_PATH} PYTHONPATH=/home/smr/workspaces/amrROS2_ws/install/custom_interface/local/lib/python3.10/dist-packages:${PYTHONPATH} /usr/bin/cmake /home/smr/workspaces/amrROS2_ws/src/dock_lidar -DCMAKE_INSTALL_PREFIX=/home/smr/workspaces/amrROS2_ws/install/dock_lidar
[0.245s] -- The C compiler identification is GNU 11.4.0
[0.416s] -- The CXX compiler identification is GNU 11.4.0
[0.428s] -- Detecting C compiler ABI info
[0.647s] -- Detecting C compiler ABI info - done
[0.658s] -- Check for working C compiler: /usr/bin/cc - skipped
[0.658s] -- Detecting C compile features
[0.659s] -- Detecting C compile features - done
[0.664s] -- Detecting CXX compiler ABI info
[0.906s] -- Detecting CXX compiler ABI info - done
[0.917s] -- Check for working CXX compiler: /usr/bin/c++ - skipped
[0.917s] -- Detecting CXX compile features
[0.918s] -- Detecting CXX compile features - done
[0.924s] -- Found ament_cmake: 1.3.10 (/opt/ros/humble/share/ament_cmake/cmake)
[1.347s] -- Found Python3: /usr/bin/python3 (found version "3.10.12") found components: Interpreter 
[1.623s] -- Found geometry_msgs: 4.2.4 (/opt/ros/humble/share/geometry_msgs/cmake)
[1.700s] -- Found rosidl_generator_c: 3.1.5 (/opt/ros/humble/share/rosidl_generator_c/cmake)
[1.713s] -- Found rosidl_adapter: 3.1.5 (/opt/ros/humble/share/rosidl_adapter/cmake)
[1.729s] -- Found rosidl_generator_cpp: 3.1.5 (/opt/ros/humble/share/rosidl_generator_cpp/cmake)
[1.753s] -- Using all available rosidl_typesupport_c: rosidl_typesupport_fastrtps_c;rosidl_typesupport_introspection_c
[1.788s] -- Using all available rosidl_typesupport_cpp: rosidl_typesupport_fastrtps_cpp;rosidl_typesupport_introspection_cpp
[1.874s] -- Found tf2: 0.25.7 (/opt/ros/humble/share/tf2/cmake)
[1.887s] -- Found tf2_ros: 0.25.7 (/opt/ros/humble/share/tf2_ros/cmake)
[2.016s] -- Found rmw_implementation_cmake: 6.1.2 (/opt/ros/humble/share/rmw_implementation_cmake/cmake)
[2.022s] -- Found rmw_cyclonedds_cpp: 1.3.4 (/opt/ros/humble/share/rmw_cyclonedds_cpp/cmake)
[2.068s] -- Using RMW implementation 'rmw_cyclonedds_cpp' as default
[2.088s] -- Looking for pthread.h
[2.340s] -- Looking for pthread.h - found
[2.342s] -- Performing Test CMAKE_HAVE_LIBC_PTHREAD
[2.562s] -- Performing Test CMAKE_HAVE_LIBC_PTHREAD - Success
[2.566s] -- Found Threads: TRUE  
[2.788s] -- Found tf2_geometry_msgs: 0.25.7 (/opt/ros/humble/share/tf2_geometry_msgs/cmake)
[2.815s] -- Found eigen3_cmake_module: 0.1.1 (/opt/ros/humble/share/eigen3_cmake_module/cmake)
[2.817s] -- Found Eigen3: TRUE (found version "3.4.0") 
[2.818s] -- Ensuring Eigen3 include directory is part of orocos-kdl CMake target
[2.824s] -- Found angles: 1.15.0 (/opt/ros/humble/share/angles/cmake)
[2.829s] -- Found sensor_msgs: 4.2.4 (/opt/ros/humble/share/sensor_msgs/cmake)
[2.862s] -- Found rclpy: 3.3.14 (/opt/ros/humble/share/rclpy/cmake)
[2.866s] -- Found nav_msgs: 4.2.4 (/opt/ros/humble/share/nav_msgs/cmake)
[2.897s] -- Found nav2_msgs: 1.1.16 (/opt/ros/humble/share/nav2_msgs/cmake)
[2.946s] -- Found custom_interface: 0.0.0 (/home/smr/workspaces/amrROS2_ws/install/custom_interface/share/custom_interface/cmake)
[2.981s] -- Found ament_lint_auto: 0.12.11 (/opt/ros/humble/share/ament_lint_auto/cmake)
[3.168s] -- Added test 'cppcheck' to perform static code analysis on C / C++ code
[3.169s] -- Configured cppcheck include dirs: $<BUILD_INTERFACE:/home/smr/workspaces/amrROS2_ws/src/dock_lidar/include>
[3.169s] -- Configured cppcheck exclude dirs and/or files: 
[3.170s] -- Added test 'lint_cmake' to check CMake code style
[3.170s] -- Added test 'uncrustify' to check C / C++ code style
[3.170s] -- Configured uncrustify additional arguments: 
[3.171s] -- Added test 'xmllint' to check XML markup files
[3.175s] -- Configuring done
[3.202s] -- Generating done
[3.210s] -- Build files have been written to: /home/smr/workspaces/amrROS2_ws/build/dock_lidar
[3.232s] Invoked command in '/home/smr/workspaces/amrROS2_ws/build/dock_lidar' returned '0': AMENT_PREFIX_PATH=/home/smr/workspaces/amrROS2_ws/install/custom_interface:${AMENT_PREFIX_PATH} CMAKE_PREFIX_PATH=/home/smr/workspaces/amrROS2_ws/install/custom_interface:/home/smr/workspaces/amrROS2_ws/install/sllidar_ros2:/home/smr/workspaces/amrROS2_ws/install/navigation:/home/smr/workspaces/amrROS2_ws/install/micro_ros_setup:/home/smr/workspaces/amrROS2_ws/install/bringup:/home/smr/workspaces/amrROS2_ws/install/micro_ros_agent:/home/smr/workspaces/amrROS2_ws/install/micro_ros_msgs:/home/smr/workspaces/amrROS2_ws/install/description:/home/smr/workspaces/amrROS2_ws/install/python_pkg:/opt/ros/humble LD_LIBRARY_PATH=/home/smr/workspaces/amrROS2_ws/install/custom_interface/lib:${LD_LIBRARY_PATH} PYTHONPATH=/home/smr/workspaces/amrROS2_ws/install/custom_interface/local/lib/python3.10/dist-packages:${PYTHONPATH} /usr/bin/cmake /home/smr/workspaces/amrROS2_ws/src/dock_lidar -DCMAKE_INSTALL_PREFIX=/home/smr/workspaces/amrROS2_ws/install/dock_lidar
[3.238s] Invoking command in '/home/smr/workspaces/amrROS2_ws/build/dock_lidar': AMENT_PREFIX_PATH=/home/smr/workspaces/amrROS2_ws/install/custom_interface:${AMENT_PREFIX_PATH} CMAKE_PREFIX_PATH=/home/smr/workspaces/amrROS2_ws/install/custom_interface:/home/smr/workspaces/amrROS2_ws/install/sllidar_ros2:/home/smr/workspaces/amrROS2_ws/install/navigation:/home/smr/workspaces/amrROS2_ws/install/micro_ros_setup:/home/smr/workspaces/amrROS2_ws/install/bringup:/home/smr/workspaces/amrROS2_ws/install/micro_ros_agent:/home/smr/workspaces/amrROS2_ws/install/micro_ros_msgs:/home/smr/workspaces/amrROS2_ws/install/description:/home/smr/workspaces/amrROS2_ws/install/python_pkg:/opt/ros/humble LD_LIBRARY_PATH=/home/smr/workspaces/amrROS2_ws/install/custom_interface/lib:${LD_LIBRARY_PATH} PYTHONPATH=/home/smr/workspaces/amrROS2_ws/install/custom_interface/local/lib/python3.10/dist-packages:${PYTHONPATH} /usr/bin/cmake --build /home/smr/workspaces/amrROS2_ws/build/dock_lidar -- -j8 -l8
[3.378s] [ 14%] [32mBuilding CXX object CMakeFiles/dock_coordinates.dir/src/dock_coordinates.cpp.o[0m
[3.379s] [ 28%] [32mBuilding CXX object CMakeFiles/dock_coordinates.dir/src/icp_2d.cpp.o[0m
[3.381s] [ 42%] [32mBuilding CXX object CMakeFiles/dock_coordinates.dir/src/laser_processor.cpp.o[0m
[3.405s] [ 57%] [32mBuilding CXX object CMakeFiles/dock_coordinates.dir/src/perception.cpp.o[0m
[3.414s] [ 71%] [32mBuilding CXX object CMakeFiles/dock_coordinates.dir/src/linear_pose_filter_2d.cpp.o[0m
[3.421s] [ 85%] [32mBuilding CXX object CMakeFiles/dock_coordinates.dir/src/tf2listener.cpp.o[0m
[54.418s] [100%] [32m[1mLinking CXX executable dock_coordinates[0m
[58.094s] [100%] Built target dock_coordinates
[58.440s] Invoked command in '/home/smr/workspaces/amrROS2_ws/build/dock_lidar' returned '0': AMENT_PREFIX_PATH=/home/smr/workspaces/amrROS2_ws/install/custom_interface:${AMENT_PREFIX_PATH} CMAKE_PREFIX_PATH=/home/smr/workspaces/amrROS2_ws/install/custom_interface:/home/smr/workspaces/amrROS2_ws/install/sllidar_ros2:/home/smr/workspaces/amrROS2_ws/install/navigation:/home/smr/workspaces/amrROS2_ws/install/micro_ros_setup:/home/smr/workspaces/amrROS2_ws/install/bringup:/home/smr/workspaces/amrROS2_ws/install/micro_ros_agent:/home/smr/workspaces/amrROS2_ws/install/micro_ros_msgs:/home/smr/workspaces/amrROS2_ws/install/description:/home/smr/workspaces/amrROS2_ws/install/python_pkg:/opt/ros/humble LD_LIBRARY_PATH=/home/smr/workspaces/amrROS2_ws/install/custom_interface/lib:${LD_LIBRARY_PATH} PYTHONPATH=/home/smr/workspaces/amrROS2_ws/install/custom_interface/local/lib/python3.10/dist-packages:${PYTHONPATH} /usr/bin/cmake --build /home/smr/workspaces/amrROS2_ws/build/dock_lidar -- -j8 -l8
[58.822s] Invoking command in '/home/smr/workspaces/amrROS2_ws/build/dock_lidar': AMENT_PREFIX_PATH=/home/smr/workspaces/amrROS2_ws/install/custom_interface:${AMENT_PREFIX_PATH} CMAKE_PREFIX_PATH=/home/smr/workspaces/amrROS2_ws/install/custom_interface:/home/smr/workspaces/amrROS2_ws/install/sllidar_ros2:/home/smr/workspaces/amrROS2_ws/install/navigation:/home/smr/workspaces/amrROS2_ws/install/micro_ros_setup:/home/smr/workspaces/amrROS2_ws/install/bringup:/home/smr/workspaces/amrROS2_ws/install/micro_ros_agent:/home/smr/workspaces/amrROS2_ws/install/micro_ros_msgs:/home/smr/workspaces/amrROS2_ws/install/description:/home/smr/workspaces/amrROS2_ws/install/python_pkg:/opt/ros/humble LD_LIBRARY_PATH=/home/smr/workspaces/amrROS2_ws/install/custom_interface/lib:${LD_LIBRARY_PATH} PYTHONPATH=/home/smr/workspaces/amrROS2_ws/install/custom_interface/local/lib/python3.10/dist-packages:${PYTHONPATH} /usr/bin/cmake --install /home/smr/workspaces/amrROS2_ws/build/dock_lidar
[58.853s] -- Install configuration: ""
[58.853s] -- Installing: /home/smr/workspaces/amrROS2_ws/install/dock_lidar/include
[58.853s] -- Installing: /home/smr/workspaces/amrROS2_ws/install/dock_lidar/include/dock_lidar
[58.853s] -- Installing: /home/smr/workspaces/amrROS2_ws/install/dock_lidar/include/dock_lidar/linear_pose_filter_2d.h
[58.856s] -- Installing: /home/smr/workspaces/amrROS2_ws/install/dock_lidar/include/dock_lidar/laser_processor.h
[58.856s] -- Installing: /home/smr/workspaces/amrROS2_ws/install/dock_lidar/include/dock_lidar/icp_2d.h
[58.857s] -- Installing: /home/smr/workspaces/amrROS2_ws/install/dock_lidar/include/dock_lidar/dock_candidate.h
[58.857s] -- Installing: /home/smr/workspaces/amrROS2_ws/install/dock_lidar/include/dock_lidar/perception.h
[58.858s] -- Installing: /home/smr/workspaces/amrROS2_ws/install/dock_lidar/include/dock_lidar/tf2listener.h
[58.859s] -- Installing: /home/smr/workspaces/amrROS2_ws/install/dock_lidar/share/dock_lidar/config
[58.860s] -- Installing: /home/smr/workspaces/amrROS2_ws/install/dock_lidar/share/dock_lidar/config/dock_config.yaml
[58.861s] -- Installing: /home/smr/workspaces/amrROS2_ws/install/dock_lidar/lib/dock_lidar/dock_coordinates
[58.881s] -- Set runtime path of "/home/smr/workspaces/amrROS2_ws/install/dock_lidar/lib/dock_lidar/dock_coordinates" to ""
[58.886s] -- Installing: /home/smr/workspaces/amrROS2_ws/install/dock_lidar/share/ament_index/resource_index/package_run_dependencies/dock_lidar
[58.888s] -- Installing: /home/smr/workspaces/amrROS2_ws/install/dock_lidar/share/ament_index/resource_index/parent_prefix_path/dock_lidar
[58.895s] -- Installing: /home/smr/workspaces/amrROS2_ws/install/dock_lidar/share/dock_lidar/environment/ament_prefix_path.sh
[58.896s] -- Installing: /home/smr/workspaces/amrROS2_ws/install/dock_lidar/share/dock_lidar/environment/ament_prefix_path.dsv
[58.897s] -- Installing: /home/smr/workspaces/amrROS2_ws/install/dock_lidar/share/dock_lidar/environment/path.sh
[58.898s] -- Installing: /home/smr/workspaces/amrROS2_ws/install/dock_lidar/share/dock_lidar/environment/path.dsv
[58.901s] -- Installing: /home/smr/workspaces/amrROS2_ws/install/dock_lidar/share/dock_lidar/local_setup.bash
[58.902s] -- Installing: /home/smr/workspaces/amrROS2_ws/install/dock_lidar/share/dock_lidar/local_setup.sh
[58.902s] -- Installing: /home/smr/workspaces/amrROS2_ws/install/dock_lidar/share/dock_lidar/local_setup.zsh
[58.902s] -- Installing: /home/smr/workspaces/amrROS2_ws/install/dock_lidar/share/dock_lidar/local_setup.dsv
[58.903s] -- Installing: /home/smr/workspaces/amrROS2_ws/install/dock_lidar/share/dock_lidar/package.dsv
[58.904s] -- Installing: /home/smr/workspaces/amrROS2_ws/install/dock_lidar/share/ament_index/resource_index/packages/dock_lidar
[58.904s] -- Installing: /home/smr/workspaces/amrROS2_ws/install/dock_lidar/share/dock_lidar/cmake/dock_lidarConfig.cmake
[58.905s] -- Installing: /home/smr/workspaces/amrROS2_ws/install/dock_lidar/share/dock_lidar/cmake/dock_lidarConfig-version.cmake
[58.905s] -- Installing: /home/smr/workspaces/amrROS2_ws/install/dock_lidar/share/dock_lidar/package.xml
[58.924s] Invoked command in '/home/smr/workspaces/amrROS2_ws/build/dock_lidar' returned '0': AMENT_PREFIX_PATH=/home/smr/workspaces/amrROS2_ws/install/custom_interface:${AMENT_PREFIX_PATH} CMAKE_PREFIX_PATH=/home/smr/workspaces/amrROS2_ws/install/custom_interface:/home/smr/workspaces/amrROS2_ws/install/sllidar_ros2:/home/smr/workspaces/amrROS2_ws/install/navigation:/home/smr/workspaces/amrROS2_ws/install/micro_ros_setup:/home/smr/workspaces/amrROS2_ws/install/bringup:/home/smr/workspaces/amrROS2_ws/install/micro_ros_agent:/home/smr/workspaces/amrROS2_ws/install/micro_ros_msgs:/home/smr/workspaces/amrROS2_ws/install/description:/home/smr/workspaces/amrROS2_ws/install/python_pkg:/opt/ros/humble LD_LIBRARY_PATH=/home/smr/workspaces/amrROS2_ws/install/custom_interface/lib:${LD_LIBRARY_PATH} PYTHONPATH=/home/smr/workspaces/amrROS2_ws/install/custom_interface/local/lib/python3.10/dist-packages:${PYTHONPATH} /usr/bin/cmake --install /home/smr/workspaces/amrROS2_ws/build/dock_lidar
