[1.028s] Invoking command in '/home/smr/workspaces/amrROS2_ws/build/sllidar_ros2': CMAKE_PREFIX_PATH=${CMAKE_PREFIX_PATH}:/home/smr/workspaces/amrROS2_ws/install/robot_nav_tool:/home/smr/workspaces/amrROS2_ws/install/robot_data_tool:/home/smr/workspaces/amrROS2_ws/install/python_pkg:/home/smr/workspaces/amrROS2_ws/install/action_autodock:/opt/ros/humble /usr/bin/cmake --build /home/smr/workspaces/amrROS2_ws/build/sllidar_ros2 -- -j8 -l8
[1.301s] [ 10%] Built target sllidar_client
[1.379s] [100%] Built target sllidar_node
[1.520s] Invoked command in '/home/smr/workspaces/amrROS2_ws/build/sllidar_ros2' returned '0': CMAKE_PREFIX_PATH=${CMAKE_PREFIX_PATH}:/home/smr/workspaces/amrROS2_ws/install/robot_nav_tool:/home/smr/workspaces/amrROS2_ws/install/robot_data_tool:/home/smr/workspaces/amrROS2_ws/install/python_pkg:/home/smr/workspaces/amrROS2_ws/install/action_autodock:/opt/ros/humble /usr/bin/cmake --build /home/smr/workspaces/amrROS2_ws/build/sllidar_ros2 -- -j8 -l8
[1.741s] Invoking command in '/home/smr/workspaces/amrROS2_ws/build/sllidar_ros2': CMAKE_PREFIX_PATH=${CMAKE_PREFIX_PATH}:/home/smr/workspaces/amrROS2_ws/install/robot_nav_tool:/home/smr/workspaces/amrROS2_ws/install/robot_data_tool:/home/smr/workspaces/amrROS2_ws/install/python_pkg:/home/smr/workspaces/amrROS2_ws/install/action_autodock:/opt/ros/humble /usr/bin/cmake --install /home/smr/workspaces/amrROS2_ws/build/sllidar_ros2
[1.769s] -- Install configuration: ""
[1.769s] -- Up-to-date: /home/smr/workspaces/amrROS2_ws/install/sllidar_ros2/share/sllidar_ros2/launch
[1.771s] -- Up-to-date: /home/smr/workspaces/amrROS2_ws/install/sllidar_ros2/share/sllidar_ros2/launch/sllidar_a3_launch.py
[1.772s] -- Up-to-date: /home/smr/workspaces/amrROS2_ws/install/sllidar_ros2/share/sllidar_ros2/launch/view_sllidar_a2m12_launch.py
[1.772s] -- Up-to-date: /home/smr/workspaces/amrROS2_ws/install/sllidar_ros2/share/sllidar_ros2/launch/sllidar_a2m7_launch.py
[1.773s] -- Up-to-date: /home/smr/workspaces/amrROS2_ws/install/sllidar_ros2/share/sllidar_ros2/launch/view_sllidar_a1_launch.py
[1.773s] -- Up-to-date: /home/smr/workspaces/amrROS2_ws/install/sllidar_ros2/share/sllidar_ros2/launch/view_sllidar_s2_launch.py
[1.773s] -- Up-to-date: /home/smr/workspaces/amrROS2_ws/install/sllidar_ros2/share/sllidar_ros2/launch/sllidar_a2m8_launch.py
[1.774s] -- Up-to-date: /home/smr/workspaces/amrROS2_ws/install/sllidar_ros2/share/sllidar_ros2/launch/sllidar_s3_launch.py
[1.774s] -- Up-to-date: /home/smr/workspaces/amrROS2_ws/install/sllidar_ros2/share/sllidar_ros2/launch/sllidar_t1_launch.py
[1.774s] -- Up-to-date: /home/smr/workspaces/amrROS2_ws/install/sllidar_ros2/share/sllidar_ros2/launch/sllidar_a2m12_launch .py
[1.775s] -- Up-to-date: /home/smr/workspaces/amrROS2_ws/install/sllidar_ros2/share/sllidar_ros2/launch/view_sllidar_s1_launch.py
[1.775s] -- Up-to-date: /home/smr/workspaces/amrROS2_ws/install/sllidar_ros2/share/sllidar_ros2/launch/sllidar_s2_launch.py
[1.776s] -- Up-to-date: /home/smr/workspaces/amrROS2_ws/install/sllidar_ros2/share/sllidar_ros2/launch/sllidar_s1_launch.py
[1.776s] -- Up-to-date: /home/smr/workspaces/amrROS2_ws/install/sllidar_ros2/share/sllidar_ros2/launch/view_sllidar_c1_launch.py
[1.776s] -- Up-to-date: /home/smr/workspaces/amrROS2_ws/install/sllidar_ros2/share/sllidar_ros2/launch/view_sllidar_a3_launch.py
[1.777s] -- Up-to-date: /home/smr/workspaces/amrROS2_ws/install/sllidar_ros2/share/sllidar_ros2/launch/view_sllidar_t1_launch.py
[1.777s] -- Up-to-date: /home/smr/workspaces/amrROS2_ws/install/sllidar_ros2/share/sllidar_ros2/launch/sllidar_s2e_launch.py
[1.777s] -- Up-to-date: /home/smr/workspaces/amrROS2_ws/install/sllidar_ros2/share/sllidar_ros2/launch/sllidar_a1_launch.py
[1.778s] -- Up-to-date: /home/smr/workspaces/amrROS2_ws/install/sllidar_ros2/share/sllidar_ros2/launch/view_sllidar_s2e_launch.py
[1.778s] -- Up-to-date: /home/smr/workspaces/amrROS2_ws/install/sllidar_ros2/share/sllidar_ros2/launch/view_sllidar_a2m7_launch.py
[1.779s] -- Up-to-date: /home/smr/workspaces/amrROS2_ws/install/sllidar_ros2/share/sllidar_ros2/launch/view_sllidar_s3_launch.py
[1.779s] -- Up-to-date: /home/smr/workspaces/amrROS2_ws/install/sllidar_ros2/share/sllidar_ros2/launch/sllidar_s1_tcp_launch.py
[1.779s] -- Up-to-date: /home/smr/workspaces/amrROS2_ws/install/sllidar_ros2/share/sllidar_ros2/launch/view_sllidar_s1_tcp_launch.py
[1.780s] -- Up-to-date: /home/smr/workspaces/amrROS2_ws/install/sllidar_ros2/share/sllidar_ros2/launch/sllidar_c1_launch.py
[1.780s] -- Up-to-date: /home/smr/workspaces/amrROS2_ws/install/sllidar_ros2/share/sllidar_ros2/launch/view_sllidar_a2m8_launch.py
[1.780s] -- Up-to-date: /home/smr/workspaces/amrROS2_ws/install/sllidar_ros2/share/sllidar_ros2/rviz
[1.781s] -- Up-to-date: /home/smr/workspaces/amrROS2_ws/install/sllidar_ros2/share/sllidar_ros2/rviz/sllidar_ros2.rviz
[1.781s] -- Up-to-date: /home/smr/workspaces/amrROS2_ws/install/sllidar_ros2/lib/sllidar_ros2/sllidar_node
[1.784s] -- Up-to-date: /home/smr/workspaces/amrROS2_ws/install/sllidar_ros2/lib/sllidar_ros2/sllidar_client
[1.785s] -- Up-to-date: /home/smr/workspaces/amrROS2_ws/install/sllidar_ros2/share/ament_index/resource_index/package_run_dependencies/sllidar_ros2
[1.788s] -- Up-to-date: /home/smr/workspaces/amrROS2_ws/install/sllidar_ros2/share/ament_index/resource_index/parent_prefix_path/sllidar_ros2
[1.788s] -- Up-to-date: /home/smr/workspaces/amrROS2_ws/install/sllidar_ros2/share/sllidar_ros2/environment/ament_prefix_path.sh
[1.788s] -- Up-to-date: /home/smr/workspaces/amrROS2_ws/install/sllidar_ros2/share/sllidar_ros2/environment/ament_prefix_path.dsv
[1.789s] -- Up-to-date: /home/smr/workspaces/amrROS2_ws/install/sllidar_ros2/share/sllidar_ros2/environment/path.sh
[1.789s] -- Up-to-date: /home/smr/workspaces/amrROS2_ws/install/sllidar_ros2/share/sllidar_ros2/environment/path.dsv
[1.790s] -- Up-to-date: /home/smr/workspaces/amrROS2_ws/install/sllidar_ros2/share/sllidar_ros2/local_setup.bash
[1.790s] -- Up-to-date: /home/smr/workspaces/amrROS2_ws/install/sllidar_ros2/share/sllidar_ros2/local_setup.sh
[1.790s] -- Up-to-date: /home/smr/workspaces/amrROS2_ws/install/sllidar_ros2/share/sllidar_ros2/local_setup.zsh
[1.791s] -- Up-to-date: /home/smr/workspaces/amrROS2_ws/install/sllidar_ros2/share/sllidar_ros2/local_setup.dsv
[1.791s] -- Installing: /home/smr/workspaces/amrROS2_ws/install/sllidar_ros2/share/sllidar_ros2/package.dsv
[1.795s] -- Up-to-date: /home/smr/workspaces/amrROS2_ws/install/sllidar_ros2/share/ament_index/resource_index/packages/sllidar_ros2
[1.799s] -- Up-to-date: /home/smr/workspaces/amrROS2_ws/install/sllidar_ros2/share/sllidar_ros2/cmake/ament_cmake_export_dependencies-extras.cmake
[1.800s] -- Up-to-date: /home/smr/workspaces/amrROS2_ws/install/sllidar_ros2/share/sllidar_ros2/cmake/ament_cmake_export_include_directories-extras.cmake
[1.800s] -- Up-to-date: /home/smr/workspaces/amrROS2_ws/install/sllidar_ros2/share/sllidar_ros2/cmake/sllidar_ros2Config.cmake
[1.800s] -- Up-to-date: /home/smr/workspaces/amrROS2_ws/install/sllidar_ros2/share/sllidar_ros2/cmake/sllidar_ros2Config-version.cmake
[1.801s] -- Up-to-date: /home/smr/workspaces/amrROS2_ws/install/sllidar_ros2/share/sllidar_ros2/package.xml
[1.806s] Invoked command in '/home/smr/workspaces/amrROS2_ws/build/sllidar_ros2' returned '0': CMAKE_PREFIX_PATH=${CMAKE_PREFIX_PATH}:/home/smr/workspaces/amrROS2_ws/install/robot_nav_tool:/home/smr/workspaces/amrROS2_ws/install/robot_data_tool:/home/smr/workspaces/amrROS2_ws/install/python_pkg:/home/smr/workspaces/amrROS2_ws/install/action_autodock:/opt/ros/humble /usr/bin/cmake --install /home/smr/workspaces/amrROS2_ws/build/sllidar_ros2
