[3.105s] Invoking command in '/home/smr/workspaces/amrROS2_ws/src/python_pkg': PYTHONPATH=/home/smr/workspaces/amrROS2_ws/src/build/python_pkg/prefix_override:/usr/lib/python3/dist-packages/colcon_core/task/python/colcon_distutils_commands:/home/smr/workspaces/amrROS2_ws/src/install/python_pkg/lib/python3.10/site-packages:${PYTHONPATH} /usr/bin/python3 -W ignore:setup.py install is deprecated setup.py egg_info --egg-base ../build/python_pkg build --build-base /home/smr/workspaces/amrROS2_ws/src/build/python_pkg/build install --record /home/smr/workspaces/amrROS2_ws/src/build/python_pkg/install.log --single-version-externally-managed install_data
[3.718s] running egg_info
[3.720s] creating ../build/python_pkg/python_pkg.egg-info
[3.721s] writing ../build/python_pkg/python_pkg.egg-info/PKG-INFO
[3.722s] writing dependency_links to ../build/python_pkg/python_pkg.egg-info/dependency_links.txt
[3.723s] writing entry points to ../build/python_pkg/python_pkg.egg-info/entry_points.txt
[3.723s] writing requirements to ../build/python_pkg/python_pkg.egg-info/requires.txt
[3.723s] writing top-level names to ../build/python_pkg/python_pkg.egg-info/top_level.txt
[3.723s] writing manifest file '../build/python_pkg/python_pkg.egg-info/SOURCES.txt'
[3.723s] reading manifest file '../build/python_pkg/python_pkg.egg-info/SOURCES.txt'
[3.723s] adding license file 'LICENSE'
[3.723s] writing manifest file '../build/python_pkg/python_pkg.egg-info/SOURCES.txt'
[3.727s] running build
[3.727s] running build_py
[3.730s] creating /home/smr/workspaces/amrROS2_ws/src/build/python_pkg/build
[3.731s] creating /home/smr/workspaces/amrROS2_ws/src/build/python_pkg/build/lib
[3.731s] creating /home/smr/workspaces/amrROS2_ws/src/build/python_pkg/build/lib/python_pkg
[3.731s] copying python_pkg/__init__.py -> /home/smr/workspaces/amrROS2_ws/src/build/python_pkg/build/lib/python_pkg
[3.731s] copying python_pkg/ip_address_publisher.py -> /home/smr/workspaces/amrROS2_ws/src/build/python_pkg/build/lib/python_pkg
[3.738s] running install
[3.739s] running install_lib
[3.739s] creating /home/smr/workspaces/amrROS2_ws/src/install/python_pkg/lib/python3.10/site-packages/python_pkg
[3.740s] copying /home/smr/workspaces/amrROS2_ws/src/build/python_pkg/build/lib/python_pkg/__init__.py -> /home/smr/workspaces/amrROS2_ws/src/install/python_pkg/lib/python3.10/site-packages/python_pkg
[3.740s] copying /home/smr/workspaces/amrROS2_ws/src/build/python_pkg/build/lib/python_pkg/ip_address_publisher.py -> /home/smr/workspaces/amrROS2_ws/src/install/python_pkg/lib/python3.10/site-packages/python_pkg
[3.741s] byte-compiling /home/smr/workspaces/amrROS2_ws/src/install/python_pkg/lib/python3.10/site-packages/python_pkg/__init__.py to __init__.cpython-310.pyc
[3.742s] byte-compiling /home/smr/workspaces/amrROS2_ws/src/install/python_pkg/lib/python3.10/site-packages/python_pkg/ip_address_publisher.py to ip_address_publisher.cpython-310.pyc
[3.743s] running install_data
[3.743s] creating /home/smr/workspaces/amrROS2_ws/src/install/python_pkg/share/ament_index
[3.744s] creating /home/smr/workspaces/amrROS2_ws/src/install/python_pkg/share/ament_index/resource_index
[3.745s] creating /home/smr/workspaces/amrROS2_ws/src/install/python_pkg/share/ament_index/resource_index/packages
[3.746s] copying resource/python_pkg -> /home/smr/workspaces/amrROS2_ws/src/install/python_pkg/share/ament_index/resource_index/packages
[3.746s] copying package.xml -> /home/smr/workspaces/amrROS2_ws/src/install/python_pkg/share/python_pkg
[3.746s] running install_egg_info
[3.755s] Copying ../build/python_pkg/python_pkg.egg-info to /home/smr/workspaces/amrROS2_ws/src/install/python_pkg/lib/python3.10/site-packages/python_pkg-0.0.0-py3.10.egg-info
[3.756s] running install_scripts
[3.853s] Installing ip_publisher script to /home/smr/workspaces/amrROS2_ws/src/install/python_pkg/lib/python_pkg
[3.853s] writing list of installed files to '/home/smr/workspaces/amrROS2_ws/src/build/python_pkg/install.log'
[4.044s] Invoked command in '/home/smr/workspaces/amrROS2_ws/src/python_pkg' returned '0': PYTHONPATH=/home/smr/workspaces/amrROS2_ws/src/build/python_pkg/prefix_override:/usr/lib/python3/dist-packages/colcon_core/task/python/colcon_distutils_commands:/home/smr/workspaces/amrROS2_ws/src/install/python_pkg/lib/python3.10/site-packages:${PYTHONPATH} /usr/bin/python3 -W ignore:setup.py install is deprecated setup.py egg_info --egg-base ../build/python_pkg build --build-base /home/smr/workspaces/amrROS2_ws/src/build/python_pkg/build install --record /home/smr/workspaces/amrROS2_ws/src/build/python_pkg/install.log --single-version-externally-managed install_data
