[2.494s] Invoking command in '/home/smr/workspaces/amrROS2_ws/src/action_autodock': PYTHONPATH=/home/smr/workspaces/amrROS2_ws/build/action_autodock/prefix_override:/usr/lib/python3/dist-packages/colcon_core/task/python/colcon_distutils_commands:/home/smr/workspaces/amrROS2_ws/install/action_autodock/lib/python3.10/site-packages:${PYTHONPATH} /usr/bin/python3 -W ignore:setup.py install is deprecated setup.py egg_info --egg-base ../../build/action_autodock build --build-base /home/smr/workspaces/amrROS2_ws/build/action_autodock/build install --record /home/smr/workspaces/amrROS2_ws/build/action_autodock/install.log --single-version-externally-managed install_data
[2.879s] running egg_info
[2.880s] writing ../../build/action_autodock/action_autodock.egg-info/PKG-INFO
[2.882s] writing dependency_links to ../../build/action_autodock/action_autodock.egg-info/dependency_links.txt
[2.884s] writing entry points to ../../build/action_autodock/action_autodock.egg-info/entry_points.txt
[2.885s] writing requirements to ../../build/action_autodock/action_autodock.egg-info/requires.txt
[2.885s] writing top-level names to ../../build/action_autodock/action_autodock.egg-info/top_level.txt
[2.889s] reading manifest file '../../build/action_autodock/action_autodock.egg-info/SOURCES.txt'
[2.890s] adding license file 'LICENSE'
[2.892s] writing manifest file '../../build/action_autodock/action_autodock.egg-info/SOURCES.txt'
[2.892s] running build
[2.892s] running build_py
[2.892s] running install
[2.893s] running install_lib
[2.896s] running install_data
[2.896s] running install_egg_info
[2.900s] removing '/home/smr/workspaces/amrROS2_ws/install/action_autodock/lib/python3.10/site-packages/action_autodock-0.0.0-py3.10.egg-info' (and everything under it)
[2.900s] Copying ../../build/action_autodock/action_autodock.egg-info to /home/smr/workspaces/amrROS2_ws/install/action_autodock/lib/python3.10/site-packages/action_autodock-0.0.0-py3.10.egg-info
[2.904s] running install_scripts
[2.946s] Installing autodock_action_server script to /home/smr/workspaces/amrROS2_ws/install/action_autodock/lib/action_autodock
[2.947s] writing list of installed files to '/home/smr/workspaces/amrROS2_ws/build/action_autodock/install.log'
[3.177s] Invoked command in '/home/smr/workspaces/amrROS2_ws/src/action_autodock' returned '0': PYTHONPATH=/home/smr/workspaces/amrROS2_ws/build/action_autodock/prefix_override:/usr/lib/python3/dist-packages/colcon_core/task/python/colcon_distutils_commands:/home/smr/workspaces/amrROS2_ws/install/action_autodock/lib/python3.10/site-packages:${PYTHONPATH} /usr/bin/python3 -W ignore:setup.py install is deprecated setup.py egg_info --egg-base ../../build/action_autodock build --build-base /home/smr/workspaces/amrROS2_ws/build/action_autodock/build install --record /home/smr/workspaces/amrROS2_ws/build/action_autodock/install.log --single-version-externally-managed install_data
