[2.720s] Invoking command in '/home/smr/workspaces/amrROS2_ws/src/python_pkg': PYTHONPATH=/home/smr/workspaces/amrROS2_ws/build/python_pkg/prefix_override:/usr/lib/python3/dist-packages/colcon_core/task/python/colcon_distutils_commands:/home/smr/workspaces/amrROS2_ws/install/python_pkg/lib/python3.10/site-packages:${PYTHONPATH} /usr/bin/python3 -W ignore:setup.py install is deprecated setup.py egg_info --egg-base ../../build/python_pkg build --build-base /home/smr/workspaces/amrROS2_ws/build/python_pkg/build install --record /home/smr/workspaces/amrROS2_ws/build/python_pkg/install.log --single-version-externally-managed install_data
[3.185s] running egg_info
[3.185s] writing ../../build/python_pkg/python_pkg.egg-info/PKG-INFO
[3.186s] writing dependency_links to ../../build/python_pkg/python_pkg.egg-info/dependency_links.txt
[3.187s] writing entry points to ../../build/python_pkg/python_pkg.egg-info/entry_points.txt
[3.188s] writing requirements to ../../build/python_pkg/python_pkg.egg-info/requires.txt
[3.193s] writing top-level names to ../../build/python_pkg/python_pkg.egg-info/top_level.txt
[3.194s] reading manifest file '../../build/python_pkg/python_pkg.egg-info/SOURCES.txt'
[3.195s] adding license file 'LICENSE'
[3.195s] writing manifest file '../../build/python_pkg/python_pkg.egg-info/SOURCES.txt'
[3.196s] running build
[3.197s] running build_py
[3.199s] running install
[3.199s] running install_lib
[3.203s] running install_data
[3.204s] running install_egg_info
[3.206s] removing '/home/smr/workspaces/amrROS2_ws/install/python_pkg/lib/python3.10/site-packages/python_pkg-0.0.0-py3.10.egg-info' (and everything under it)
[3.207s] Copying ../../build/python_pkg/python_pkg.egg-info to /home/smr/workspaces/amrROS2_ws/install/python_pkg/lib/python3.10/site-packages/python_pkg-0.0.0-py3.10.egg-info
[3.216s] running install_scripts
[3.352s] Installing ip_publisher script to /home/smr/workspaces/amrROS2_ws/install/python_pkg/lib/python_pkg
[3.354s] writing list of installed files to '/home/smr/workspaces/amrROS2_ws/build/python_pkg/install.log'
[3.536s] Invoked command in '/home/smr/workspaces/amrROS2_ws/src/python_pkg' returned '0': PYTHONPATH=/home/smr/workspaces/amrROS2_ws/build/python_pkg/prefix_override:/usr/lib/python3/dist-packages/colcon_core/task/python/colcon_distutils_commands:/home/smr/workspaces/amrROS2_ws/install/python_pkg/lib/python3.10/site-packages:${PYTHONPATH} /usr/bin/python3 -W ignore:setup.py install is deprecated setup.py egg_info --egg-base ../../build/python_pkg build --build-base /home/smr/workspaces/amrROS2_ws/build/python_pkg/build install --record /home/smr/workspaces/amrROS2_ws/build/python_pkg/install.log --single-version-externally-managed install_data
