[1.207s] Invoking command in '/home/smr/workspaces/amrROS2_ws/src/action_autodock': PYTHONPATH=/home/smr/workspaces/amrROS2_ws/build/action_autodock/prefix_override:/usr/lib/python3/dist-packages/colcon_core/task/python/colcon_distutils_commands:/home/smr/workspaces/amrROS2_ws/install/action_autodock/lib/python3.10/site-packages:${PYTHONPATH} /usr/bin/python3 -W ignore:setup.py install is deprecated setup.py egg_info --egg-base ../../build/action_autodock build --build-base /home/smr/workspaces/amrROS2_ws/build/action_autodock/build install --record /home/smr/workspaces/amrROS2_ws/build/action_autodock/install.log --single-version-externally-managed install_data
[1.665s] running egg_info
[1.668s] writing ../../build/action_autodock/action_autodock.egg-info/PKG-INFO
[1.668s] writing dependency_links to ../../build/action_autodock/action_autodock.egg-info/dependency_links.txt
[1.668s] writing entry points to ../../build/action_autodock/action_autodock.egg-info/entry_points.txt
[1.668s] writing requirements to ../../build/action_autodock/action_autodock.egg-info/requires.txt
[1.669s] writing top-level names to ../../build/action_autodock/action_autodock.egg-info/top_level.txt
[1.674s] reading manifest file '../../build/action_autodock/action_autodock.egg-info/SOURCES.txt'
[1.674s] adding license file 'LICENSE'
[1.675s] writing manifest file '../../build/action_autodock/action_autodock.egg-info/SOURCES.txt'
[1.675s] running build
[1.676s] running build_py
[1.676s] running install
[1.677s] running install_lib
[1.680s] running install_data
[1.680s] running install_egg_info
[1.685s] removing '/home/smr/workspaces/amrROS2_ws/install/action_autodock/lib/python3.10/site-packages/action_autodock-0.0.0-py3.10.egg-info' (and everything under it)
[1.686s] Copying ../../build/action_autodock/action_autodock.egg-info to /home/smr/workspaces/amrROS2_ws/install/action_autodock/lib/python3.10/site-packages/action_autodock-0.0.0-py3.10.egg-info
[1.688s] running install_scripts
[1.731s] Installing autodock_action_server script to /home/smr/workspaces/amrROS2_ws/install/action_autodock/lib/action_autodock
[1.732s] writing list of installed files to '/home/smr/workspaces/amrROS2_ws/build/action_autodock/install.log'
[1.817s] Invoked command in '/home/smr/workspaces/amrROS2_ws/src/action_autodock' returned '0': PYTHONPATH=/home/smr/workspaces/amrROS2_ws/build/action_autodock/prefix_override:/usr/lib/python3/dist-packages/colcon_core/task/python/colcon_distutils_commands:/home/smr/workspaces/amrROS2_ws/install/action_autodock/lib/python3.10/site-packages:${PYTHONPATH} /usr/bin/python3 -W ignore:setup.py install is deprecated setup.py egg_info --egg-base ../../build/action_autodock build --build-base /home/smr/workspaces/amrROS2_ws/build/action_autodock/build install --record /home/smr/workspaces/amrROS2_ws/build/action_autodock/install.log --single-version-externally-managed install_data
