[0.044s] Invoking command in '/home/smr/workspaces/amrROS2_ws/build/navigation': CMAKE_PREFIX_PATH=${CMAKE_PREFIX_PATH}:/home/smr/workspaces/amrROS2_ws/install/python_pkg:/opt/ros/humble /usr/bin/cmake /home/smr/workspaces/amrROS2_ws/src/navigation -DCMAKE_INSTALL_PREFIX=/home/smr/workspaces/amrROS2_ws/install/navigation
[0.558s] -- The C compiler identification is GNU 11.4.0
[0.558s] -- The CXX compiler identification is GNU 11.4.0
[0.558s] -- Detecting C compiler ABI info
[0.810s] -- Detecting C compiler ABI info - done
[0.822s] -- Check for working C compiler: /usr/bin/cc - skipped
[0.823s] -- Detecting C compile features
[0.824s] -- Detecting C compile features - done
[0.832s] -- Detecting CXX compiler ABI info
[1.019s] -- Detecting CXX compiler ABI info - done
[1.031s] -- Check for working CXX compiler: /usr/bin/c++ - skipped
[1.032s] -- Detecting CXX compile features
[1.033s] -- Detecting CXX compile features - done
[1.050s] -- Found ament_cmake: 1.3.10 (/opt/ros/humble/share/ament_cmake/cmake)
[1.383s] -- Found Python3: /usr/bin/python3 (found version "3.10.12") found components: Interpreter 
[1.651s] -- Found ament_lint_auto: 0.12.11 (/opt/ros/humble/share/ament_lint_auto/cmake)
[1.871s] -- Added test 'flake8' to check Python code syntax and style conventions
[1.883s] -- Added test 'lint_cmake' to check CMake code style
[1.884s] -- Added test 'pep257' to check Python code against some of the docstring style conventions in PEP 257
[1.885s] -- Added test 'xmllint' to check XML markup files
[1.890s] -- Configuring done
[1.907s] -- Generating done
[1.911s] -- Build files have been written to: /home/smr/workspaces/amrROS2_ws/build/navigation
[1.927s] Invoked command in '/home/smr/workspaces/amrROS2_ws/build/navigation' returned '0': CMAKE_PREFIX_PATH=${CMAKE_PREFIX_PATH}:/home/smr/workspaces/amrROS2_ws/install/python_pkg:/opt/ros/humble /usr/bin/cmake /home/smr/workspaces/amrROS2_ws/src/navigation -DCMAKE_INSTALL_PREFIX=/home/smr/workspaces/amrROS2_ws/install/navigation
[1.935s] Invoking command in '/home/smr/workspaces/amrROS2_ws/build/navigation': CMAKE_PREFIX_PATH=${CMAKE_PREFIX_PATH}:/home/smr/workspaces/amrROS2_ws/install/python_pkg:/opt/ros/humble /usr/bin/cmake --build /home/smr/workspaces/amrROS2_ws/build/navigation -- -j8 -l8
[2.061s] Invoked command in '/home/smr/workspaces/amrROS2_ws/build/navigation' returned '0': CMAKE_PREFIX_PATH=${CMAKE_PREFIX_PATH}:/home/smr/workspaces/amrROS2_ws/install/python_pkg:/opt/ros/humble /usr/bin/cmake --build /home/smr/workspaces/amrROS2_ws/build/navigation -- -j8 -l8
[2.151s] Invoking command in '/home/smr/workspaces/amrROS2_ws/build/navigation': CMAKE_PREFIX_PATH=${CMAKE_PREFIX_PATH}:/home/smr/workspaces/amrROS2_ws/install/python_pkg:/opt/ros/humble /usr/bin/cmake --install /home/smr/workspaces/amrROS2_ws/build/navigation
[2.164s] -- Install configuration: ""
[2.165s] -- Installing: /home/smr/workspaces/amrROS2_ws/install/navigation/share/navigation/launch
[2.165s] -- Installing: /home/smr/workspaces/amrROS2_ws/install/navigation/share/navigation/launch/navigation_launch.py
[2.165s] -- Installing: /home/smr/workspaces/amrROS2_ws/install/navigation/share/navigation/launch/collision_monitor_node.launch.py
[2.165s] -- Installing: /home/smr/workspaces/amrROS2_ws/install/navigation/share/navigation/launch/navigation.launch.py
[2.165s] -- Installing: /home/smr/workspaces/amrROS2_ws/install/navigation/share/navigation/launch/slam.launch.py
[2.165s] -- Installing: /home/smr/workspaces/amrROS2_ws/install/navigation/share/navigation/config
[2.165s] -- Installing: /home/smr/workspaces/amrROS2_ws/install/navigation/share/navigation/config/navigation.yaml
[2.165s] -- Installing: /home/smr/workspaces/amrROS2_ws/install/navigation/share/navigation/config/slam_localization.yaml
[2.165s] -- Installing: /home/smr/workspaces/amrROS2_ws/install/navigation/share/navigation/config/mapper_params_online_async.yaml
[2.166s] -- Installing: /home/smr/workspaces/amrROS2_ws/install/navigation/share/navigation/config/collision_monitor_params.yaml
[2.166s] -- Installing: /home/smr/workspaces/amrROS2_ws/install/navigation/share/navigation/rviz
[2.166s] -- Installing: /home/smr/workspaces/amrROS2_ws/install/navigation/share/navigation/rviz/slam.rviz
[2.166s] -- Installing: /home/smr/workspaces/amrROS2_ws/install/navigation/share/navigation/rviz/navigation.rviz
[2.166s] -- Installing: /home/smr/workspaces/amrROS2_ws/install/navigation/share/navigation/maps
[2.167s] -- Installing: /home/smr/workspaces/amrROS2_ws/install/navigation/share/navigation/maps/Turtlebot_Arena_map.yaml
[2.168s] -- Installing: /home/smr/workspaces/amrROS2_ws/install/navigation/share/navigation/maps/Turtlebot_Arena_map.pgm
[2.169s] -- Installing: /home/smr/workspaces/amrROS2_ws/install/navigation/share/ament_index/resource_index/package_run_dependencies/navigation
[2.170s] -- Installing: /home/smr/workspaces/amrROS2_ws/install/navigation/share/ament_index/resource_index/parent_prefix_path/navigation
[2.171s] -- Installing: /home/smr/workspaces/amrROS2_ws/install/navigation/share/navigation/environment/ament_prefix_path.sh
[2.172s] -- Installing: /home/smr/workspaces/amrROS2_ws/install/navigation/share/navigation/environment/ament_prefix_path.dsv
[2.172s] -- Installing: /home/smr/workspaces/amrROS2_ws/install/navigation/share/navigation/environment/path.sh
[2.173s] -- Installing: /home/smr/workspaces/amrROS2_ws/install/navigation/share/navigation/environment/path.dsv
[2.173s] -- Installing: /home/smr/workspaces/amrROS2_ws/install/navigation/share/navigation/local_setup.bash
[2.174s] -- Installing: /home/smr/workspaces/amrROS2_ws/install/navigation/share/navigation/local_setup.sh
[2.174s] -- Installing: /home/smr/workspaces/amrROS2_ws/install/navigation/share/navigation/local_setup.zsh
[2.174s] -- Installing: /home/smr/workspaces/amrROS2_ws/install/navigation/share/navigation/local_setup.dsv
[2.175s] -- Installing: /home/smr/workspaces/amrROS2_ws/install/navigation/share/navigation/package.dsv
[2.175s] -- Installing: /home/smr/workspaces/amrROS2_ws/install/navigation/share/ament_index/resource_index/packages/navigation
[2.176s] -- Installing: /home/smr/workspaces/amrROS2_ws/install/navigation/share/navigation/cmake/navigationConfig.cmake
[2.176s] -- Installing: /home/smr/workspaces/amrROS2_ws/install/navigation/share/navigation/cmake/navigationConfig-version.cmake
[2.176s] -- Installing: /home/smr/workspaces/amrROS2_ws/install/navigation/share/navigation/package.xml
[2.186s] Invoked command in '/home/smr/workspaces/amrROS2_ws/build/navigation' returned '0': CMAKE_PREFIX_PATH=${CMAKE_PREFIX_PATH}:/home/smr/workspaces/amrROS2_ws/install/python_pkg:/opt/ros/humble /usr/bin/cmake --install /home/smr/workspaces/amrROS2_ws/build/navigation
