[2.047s] Invoking command in '/home/smr/workspaces/amrROS2_ws/src/action_autodock': PYTHONPATH=/home/smr/workspaces/amrROS2_ws/build/action_autodock/prefix_override:/usr/lib/python3/dist-packages/colcon_core/task/python/colcon_distutils_commands:/home/smr/workspaces/amrROS2_ws/install/action_autodock/lib/python3.10/site-packages:${PYTHONPATH} /usr/bin/python3 -W ignore:setup.py install is deprecated setup.py egg_info --egg-base ../../build/action_autodock build --build-base /home/smr/workspaces/amrROS2_ws/build/action_autodock/build install --record /home/smr/workspaces/amrROS2_ws/build/action_autodock/install.log --single-version-externally-managed install_data
[2.711s] running egg_info
[2.713s] writing ../../build/action_autodock/action_autodock.egg-info/PKG-INFO
[2.714s] writing dependency_links to ../../build/action_autodock/action_autodock.egg-info/dependency_links.txt
[2.714s] writing entry points to ../../build/action_autodock/action_autodock.egg-info/entry_points.txt
[2.724s] writing requirements to ../../build/action_autodock/action_autodock.egg-info/requires.txt
[2.743s] writing top-level names to ../../build/action_autodock/action_autodock.egg-info/top_level.txt
[2.745s] reading manifest file '../../build/action_autodock/action_autodock.egg-info/SOURCES.txt'
[2.745s] adding license file 'LICENSE'
[2.746s] writing manifest file '../../build/action_autodock/action_autodock.egg-info/SOURCES.txt'
[2.746s] running build
[2.760s] running build_py
[2.763s] running install
[2.764s] running install_lib
[2.765s] running install_data
[2.765s] running install_egg_info
[2.766s] removing '/home/smr/workspaces/amrROS2_ws/install/action_autodock/lib/python3.10/site-packages/action_autodock-0.0.0-py3.10.egg-info' (and everything under it)
[2.767s] Copying ../../build/action_autodock/action_autodock.egg-info to /home/smr/workspaces/amrROS2_ws/install/action_autodock/lib/python3.10/site-packages/action_autodock-0.0.0-py3.10.egg-info
[2.767s] running install_scripts
[2.865s] Installing autodock_action_server script to /home/smr/workspaces/amrROS2_ws/install/action_autodock/lib/action_autodock
[2.868s] writing list of installed files to '/home/smr/workspaces/amrROS2_ws/build/action_autodock/install.log'
[2.962s] Invoked command in '/home/smr/workspaces/amrROS2_ws/src/action_autodock' returned '0': PYTHONPATH=/home/smr/workspaces/amrROS2_ws/build/action_autodock/prefix_override:/usr/lib/python3/dist-packages/colcon_core/task/python/colcon_distutils_commands:/home/smr/workspaces/amrROS2_ws/install/action_autodock/lib/python3.10/site-packages:${PYTHONPATH} /usr/bin/python3 -W ignore:setup.py install is deprecated setup.py egg_info --egg-base ../../build/action_autodock build --build-base /home/smr/workspaces/amrROS2_ws/build/action_autodock/build install --record /home/smr/workspaces/amrROS2_ws/build/action_autodock/install.log --single-version-externally-managed install_data
