[1.299s] Invoking command in '/home/smr/workspaces/amrROS2_ws/src/python_pkg': PYTHONPATH=/home/smr/workspaces/amrROS2_ws/build/python_pkg/prefix_override:/usr/lib/python3/dist-packages/colcon_core/task/python/colcon_distutils_commands:/home/smr/workspaces/amrROS2_ws/install/python_pkg/lib/python3.10/site-packages:${PYTHONPATH} /usr/bin/python3 -W ignore:setup.py install is deprecated setup.py egg_info --egg-base ../../build/python_pkg build --build-base /home/smr/workspaces/amrROS2_ws/build/python_pkg/build install --record /home/smr/workspaces/amrROS2_ws/build/python_pkg/install.log --single-version-externally-managed install_data
[1.624s] running egg_info
[1.625s] writing ../../build/python_pkg/python_pkg.egg-info/PKG-INFO
[1.625s] writing dependency_links to ../../build/python_pkg/python_pkg.egg-info/dependency_links.txt
[1.626s] writing entry points to ../../build/python_pkg/python_pkg.egg-info/entry_points.txt
[1.626s] writing requirements to ../../build/python_pkg/python_pkg.egg-info/requires.txt
[1.626s] writing top-level names to ../../build/python_pkg/python_pkg.egg-info/top_level.txt
[1.630s] reading manifest file '../../build/python_pkg/python_pkg.egg-info/SOURCES.txt'
[1.631s] adding license file 'LICENSE'
[1.631s] writing manifest file '../../build/python_pkg/python_pkg.egg-info/SOURCES.txt'
[1.632s] running build
[1.632s] running build_py
[1.633s] running install
[1.633s] running install_lib
[1.635s] running install_data
[1.636s] running install_egg_info
[1.639s] removing '/home/smr/workspaces/amrROS2_ws/install/python_pkg/lib/python3.10/site-packages/python_pkg-0.0.0-py3.10.egg-info' (and everything under it)
[1.640s] Copying ../../build/python_pkg/python_pkg.egg-info to /home/smr/workspaces/amrROS2_ws/install/python_pkg/lib/python3.10/site-packages/python_pkg-0.0.0-py3.10.egg-info
[1.641s] running install_scripts
[1.681s] Installing ip_publisher script to /home/smr/workspaces/amrROS2_ws/install/python_pkg/lib/python_pkg
[1.682s] writing list of installed files to '/home/smr/workspaces/amrROS2_ws/build/python_pkg/install.log'
[1.772s] Invoked command in '/home/smr/workspaces/amrROS2_ws/src/python_pkg' returned '0': PYTHONPATH=/home/smr/workspaces/amrROS2_ws/build/python_pkg/prefix_override:/usr/lib/python3/dist-packages/colcon_core/task/python/colcon_distutils_commands:/home/smr/workspaces/amrROS2_ws/install/python_pkg/lib/python3.10/site-packages:${PYTHONPATH} /usr/bin/python3 -W ignore:setup.py install is deprecated setup.py egg_info --egg-base ../../build/python_pkg build --build-base /home/smr/workspaces/amrROS2_ws/build/python_pkg/build install --record /home/smr/workspaces/amrROS2_ws/build/python_pkg/install.log --single-version-externally-managed install_data
