[0.685s] Invoking command in '/home/smr/workspaces/amrROS2_ws/src/build/description': CMAKE_PREFIX_PATH=${CMAKE_PREFIX_PATH}:/home/smr/workspaces/amrROS2_ws/install/python_pkg:/opt/ros/humble /usr/bin/cmake /home/smr/workspaces/amrROS2_ws/src/description -DCMAKE_INSTALL_PREFIX=/home/smr/workspaces/amrROS2_ws/src/install/description
[0.934s] -- The C compiler identification is GNU 11.4.0
[1.493s] -- The CXX compiler identification is GNU 11.4.0
[1.516s] -- Detecting C compiler ABI info
[1.775s] -- Detecting C compiler ABI info - done
[1.796s] -- Check for working C compiler: /usr/bin/cc - skipped
[1.796s] -- Detecting C compile features
[1.798s] -- Detecting C compile features - done
[1.855s] -- Detecting CXX compiler ABI info
[2.170s] -- Detecting CXX compiler ABI info - done
[2.189s] -- Check for working CXX compiler: /usr/bin/c++ - skipped
[2.190s] -- Detecting CXX compile features
[2.191s] -- Detecting CXX compile features - done
[2.198s] -- Found ament_cmake: 1.3.10 (/opt/ros/humble/share/ament_cmake/cmake)
[2.920s] -- Found Python3: /usr/bin/python3 (found version "3.10.12") found components: Interpreter 
[3.515s] -- Found urdf: 2.6.1 (/opt/ros/humble/share/urdf/cmake)
[4.001s] -- Found TinyXML2 via Config file: /usr/local/lib/cmake/tinyxml2
[4.118s] -- Found ament_lint_auto: 0.12.11 (/opt/ros/humble/share/ament_lint_auto/cmake)
[4.367s] -- Added test 'cppcheck' to perform static code analysis on C / C++ code
[4.368s] -- Configured cppcheck include dirs: 
[4.371s] -- Configured cppcheck exclude dirs and/or files: 
[4.372s] -- Added test 'flake8' to check Python code syntax and style conventions
[4.373s] -- Added test 'lint_cmake' to check CMake code style
[4.379s] -- Added test 'pep257' to check Python code against some of the docstring style conventions in PEP 257
[4.388s] -- Added test 'uncrustify' to check C / C++ code style
[4.388s] -- Configured uncrustify additional arguments: 
[4.388s] -- Added test 'xmllint' to check XML markup files
[4.389s] -- Configuring done
[4.410s] -- Generating done
[4.428s] -- Build files have been written to: /home/smr/workspaces/amrROS2_ws/src/build/description
[4.545s] Invoked command in '/home/smr/workspaces/amrROS2_ws/src/build/description' returned '0': CMAKE_PREFIX_PATH=${CMAKE_PREFIX_PATH}:/home/smr/workspaces/amrROS2_ws/install/python_pkg:/opt/ros/humble /usr/bin/cmake /home/smr/workspaces/amrROS2_ws/src/description -DCMAKE_INSTALL_PREFIX=/home/smr/workspaces/amrROS2_ws/src/install/description
[4.552s] Invoking command in '/home/smr/workspaces/amrROS2_ws/src/build/description': CMAKE_PREFIX_PATH=${CMAKE_PREFIX_PATH}:/home/smr/workspaces/amrROS2_ws/install/python_pkg:/opt/ros/humble /usr/bin/cmake --build /home/smr/workspaces/amrROS2_ws/src/build/description -- -j8 -l8
[4.690s] Invoked command in '/home/smr/workspaces/amrROS2_ws/src/build/description' returned '0': CMAKE_PREFIX_PATH=${CMAKE_PREFIX_PATH}:/home/smr/workspaces/amrROS2_ws/install/python_pkg:/opt/ros/humble /usr/bin/cmake --build /home/smr/workspaces/amrROS2_ws/src/build/description -- -j8 -l8
[4.781s] Invoking command in '/home/smr/workspaces/amrROS2_ws/src/build/description': CMAKE_PREFIX_PATH=${CMAKE_PREFIX_PATH}:/home/smr/workspaces/amrROS2_ws/install/python_pkg:/opt/ros/humble /usr/bin/cmake --install /home/smr/workspaces/amrROS2_ws/src/build/description
[4.799s] -- Install configuration: ""
[4.800s] -- Installing: /home/smr/workspaces/amrROS2_ws/src/install/description/share/description/urdf
[4.800s] -- Installing: /home/smr/workspaces/amrROS2_ws/src/install/description/share/description/urdf/property
[4.801s] -- Installing: /home/smr/workspaces/amrROS2_ws/src/install/description/share/description/urdf/property/robot_property.urdf.xacro
[4.803s] -- Installing: /home/smr/workspaces/amrROS2_ws/src/install/description/share/description/urdf/sensors
[4.804s] -- Installing: /home/smr/workspaces/amrROS2_ws/src/install/description/share/description/urdf/sensors/range_sensor.urdf.xacro
[4.804s] -- Installing: /home/smr/workspaces/amrROS2_ws/src/install/description/share/description/urdf/sensors/imu.urdf.xacro
[4.804s] -- Installing: /home/smr/workspaces/amrROS2_ws/src/install/description/share/description/urdf/sensors/laser.urdf.xacro
[4.804s] -- Installing: /home/smr/workspaces/amrROS2_ws/src/install/description/share/description/urdf/sensors/camera.urdf.xacro
[4.805s] -- Installing: /home/smr/workspaces/amrROS2_ws/src/install/description/share/description/urdf/controllers
[4.806s] -- Installing: /home/smr/workspaces/amrROS2_ws/src/install/description/share/description/urdf/controllers/diff_drive_controller.urdf.xacro
[4.806s] -- Installing: /home/smr/workspaces/amrROS2_ws/src/install/description/share/description/urdf/mech
[4.806s] -- Installing: /home/smr/workspaces/amrROS2_ws/src/install/description/share/description/urdf/mech/wheel.urdf.xacro
[4.808s] -- Installing: /home/smr/workspaces/amrROS2_ws/src/install/description/share/description/urdf/mech/caster_wheel.urdf.xacro
[4.812s] -- Installing: /home/smr/workspaces/amrROS2_ws/src/install/description/share/description/urdf/mech/base.urdf.xacro
[4.812s] -- Installing: /home/smr/workspaces/amrROS2_ws/src/install/description/share/description/urdf/robot
[4.814s] -- Installing: /home/smr/workspaces/amrROS2_ws/src/install/description/share/description/urdf/robot/robot.urdf.xacro
[4.818s] -- Installing: /home/smr/workspaces/amrROS2_ws/src/install/description/share/description/rviz
[4.822s] -- Installing: /home/smr/workspaces/amrROS2_ws/src/install/description/share/description/rviz/description.rviz
[4.822s] -- Installing: /home/smr/workspaces/amrROS2_ws/src/install/description/share/description/launch
[4.823s] -- Installing: /home/smr/workspaces/amrROS2_ws/src/install/description/share/description/launch/description.launch.py
[4.825s] -- Installing: /home/smr/workspaces/amrROS2_ws/src/install/description/share/ament_index/resource_index/package_run_dependencies/description
[4.825s] -- Installing: /home/smr/workspaces/amrROS2_ws/src/install/description/share/ament_index/resource_index/parent_prefix_path/description
[4.826s] -- Installing: /home/smr/workspaces/amrROS2_ws/src/install/description/share/description/environment/ament_prefix_path.sh
[4.826s] -- Installing: /home/smr/workspaces/amrROS2_ws/src/install/description/share/description/environment/ament_prefix_path.dsv
[4.827s] -- Installing: /home/smr/workspaces/amrROS2_ws/src/install/description/share/description/environment/path.sh
[4.827s] -- Installing: /home/smr/workspaces/amrROS2_ws/src/install/description/share/description/environment/path.dsv
[4.828s] -- Installing: /home/smr/workspaces/amrROS2_ws/src/install/description/share/description/local_setup.bash
[4.831s] -- Installing: /home/smr/workspaces/amrROS2_ws/src/install/description/share/description/local_setup.sh
[4.832s] -- Installing: /home/smr/workspaces/amrROS2_ws/src/install/description/share/description/local_setup.zsh
[4.841s] -- Installing: /home/smr/workspaces/amrROS2_ws/src/install/description/share/description/local_setup.dsv
[4.842s] -- Installing: /home/smr/workspaces/amrROS2_ws/src/install/description/share/description/package.dsv
[4.845s] -- Installing: /home/smr/workspaces/amrROS2_ws/src/install/description/share/ament_index/resource_index/packages/description
[4.855s] -- Installing: /home/smr/workspaces/amrROS2_ws/src/install/description/share/description/cmake/descriptionConfig.cmake
[4.855s] -- Installing: /home/smr/workspaces/amrROS2_ws/src/install/description/share/description/cmake/descriptionConfig-version.cmake
[4.865s] -- Installing: /home/smr/workspaces/amrROS2_ws/src/install/description/share/description/package.xml
[4.886s] Invoked command in '/home/smr/workspaces/amrROS2_ws/src/build/description' returned '0': CMAKE_PREFIX_PATH=${CMAKE_PREFIX_PATH}:/home/smr/workspaces/amrROS2_ws/install/python_pkg:/opt/ros/humble /usr/bin/cmake --install /home/smr/workspaces/amrROS2_ws/src/build/description
