[3.444s] Invoking command in '/home/smr/workspaces/amrROS2_ws/src/action_autodock': PYTHONPATH=/home/smr/workspaces/amrROS2_ws/build/action_autodock/prefix_override:/usr/lib/python3/dist-packages/colcon_core/task/python/colcon_distutils_commands:/home/smr/workspaces/amrROS2_ws/install/action_autodock/lib/python3.10/site-packages:${PYTHONPATH} /usr/bin/python3 -W ignore:setup.py install is deprecated setup.py egg_info --egg-base ../../build/action_autodock build --build-base /home/smr/workspaces/amrROS2_ws/build/action_autodock/build install --record /home/smr/workspaces/amrROS2_ws/build/action_autodock/install.log --single-version-externally-managed install_data
[3.964s] running egg_info
[3.982s] writing ../../build/action_autodock/action_autodock.egg-info/PKG-INFO
[3.983s] writing dependency_links to ../../build/action_autodock/action_autodock.egg-info/dependency_links.txt
[3.984s] writing entry points to ../../build/action_autodock/action_autodock.egg-info/entry_points.txt
[3.984s] writing requirements to ../../build/action_autodock/action_autodock.egg-info/requires.txt
[3.984s] writing top-level names to ../../build/action_autodock/action_autodock.egg-info/top_level.txt
[3.990s] reading manifest file '../../build/action_autodock/action_autodock.egg-info/SOURCES.txt'
[3.990s] adding license file 'LICENSE'
[3.991s] writing manifest file '../../build/action_autodock/action_autodock.egg-info/SOURCES.txt'
[4.000s] running build
[4.001s] running build_py
[4.001s] running install
[4.001s] running install_lib
[4.013s] running install_data
[4.014s] running install_egg_info
[4.018s] removing '/home/smr/workspaces/amrROS2_ws/install/action_autodock/lib/python3.10/site-packages/action_autodock-0.0.0-py3.10.egg-info' (and everything under it)
[4.019s] Copying ../../build/action_autodock/action_autodock.egg-info to /home/smr/workspaces/amrROS2_ws/install/action_autodock/lib/python3.10/site-packages/action_autodock-0.0.0-py3.10.egg-info
[4.020s] running install_scripts
[4.087s] Installing autodock_action_server script to /home/smr/workspaces/amrROS2_ws/install/action_autodock/lib/action_autodock
[4.087s] writing list of installed files to '/home/smr/workspaces/amrROS2_ws/build/action_autodock/install.log'
[4.170s] Invoked command in '/home/smr/workspaces/amrROS2_ws/src/action_autodock' returned '0': PYTHONPATH=/home/smr/workspaces/amrROS2_ws/build/action_autodock/prefix_override:/usr/lib/python3/dist-packages/colcon_core/task/python/colcon_distutils_commands:/home/smr/workspaces/amrROS2_ws/install/action_autodock/lib/python3.10/site-packages:${PYTHONPATH} /usr/bin/python3 -W ignore:setup.py install is deprecated setup.py egg_info --egg-base ../../build/action_autodock build --build-base /home/smr/workspaces/amrROS2_ws/build/action_autodock/build install --record /home/smr/workspaces/amrROS2_ws/build/action_autodock/install.log --single-version-externally-managed install_data
