[0.035s] Invoking command in '/home/smr/workspaces/amrROS2_ws/build/bringup': CMAKE_PREFIX_PATH=/home/smr/workspaces/amrROS2_ws/install/micro_ros_agent:/home/smr/workspaces/amrROS2_ws/install/micro_ros_msgs:/home/smr/workspaces/amrROS2_ws/install/sllidar_ros2:/home/smr/workspaces/amrROS2_ws/install/navigation:/home/smr/workspaces/amrROS2_ws/install/micro_ros_setup:/home/smr/workspaces/amrROS2_ws/install/bringup:/home/smr/workspaces/amrROS2_ws/install/example:/home/smr/workspaces/amrROS2_ws/install/dock_lidar:/home/smr/workspaces/amrROS2_ws/install/description:/home/smr/workspaces/amrROS2_ws/install/custom_interface:/home/smr/workspaces/amrROS2_ws/install/robot_nav_tool:/home/smr/workspaces/amrROS2_ws/install/robot_data_tool:/home/smr/workspaces/amrROS2_ws/install/python_pkg:/home/smr/workspaces/amrROS2_ws/install/action_autodock:/opt/ros/humble /usr/bin/cmake --build /home/smr/workspaces/amrROS2_ws/build/bringup -- -j8 -l8
[0.150s] Invoked command in '/home/smr/workspaces/amrROS2_ws/build/bringup' returned '0': CMAKE_PREFIX_PATH=/home/smr/workspaces/amrROS2_ws/install/micro_ros_agent:/home/smr/workspaces/amrROS2_ws/install/micro_ros_msgs:/home/smr/workspaces/amrROS2_ws/install/sllidar_ros2:/home/smr/workspaces/amrROS2_ws/install/navigation:/home/smr/workspaces/amrROS2_ws/install/micro_ros_setup:/home/smr/workspaces/amrROS2_ws/install/bringup:/home/smr/workspaces/amrROS2_ws/install/example:/home/smr/workspaces/amrROS2_ws/install/dock_lidar:/home/smr/workspaces/amrROS2_ws/install/description:/home/smr/workspaces/amrROS2_ws/install/custom_interface:/home/smr/workspaces/amrROS2_ws/install/robot_nav_tool:/home/smr/workspaces/amrROS2_ws/install/robot_data_tool:/home/smr/workspaces/amrROS2_ws/install/python_pkg:/home/smr/workspaces/amrROS2_ws/install/action_autodock:/opt/ros/humble /usr/bin/cmake --build /home/smr/workspaces/amrROS2_ws/build/bringup -- -j8 -l8
[0.186s] Invoking command in '/home/smr/workspaces/amrROS2_ws/build/bringup': CMAKE_PREFIX_PATH=/home/smr/workspaces/amrROS2_ws/install/micro_ros_agent:/home/smr/workspaces/amrROS2_ws/install/micro_ros_msgs:/home/smr/workspaces/amrROS2_ws/install/sllidar_ros2:/home/smr/workspaces/amrROS2_ws/install/navigation:/home/smr/workspaces/amrROS2_ws/install/micro_ros_setup:/home/smr/workspaces/amrROS2_ws/install/bringup:/home/smr/workspaces/amrROS2_ws/install/example:/home/smr/workspaces/amrROS2_ws/install/dock_lidar:/home/smr/workspaces/amrROS2_ws/install/description:/home/smr/workspaces/amrROS2_ws/install/custom_interface:/home/smr/workspaces/amrROS2_ws/install/robot_nav_tool:/home/smr/workspaces/amrROS2_ws/install/robot_data_tool:/home/smr/workspaces/amrROS2_ws/install/python_pkg:/home/smr/workspaces/amrROS2_ws/install/action_autodock:/opt/ros/humble /usr/bin/cmake --install /home/smr/workspaces/amrROS2_ws/build/bringup
[0.213s] -- Install configuration: ""
[0.214s] -- Up-to-date: /home/smr/workspaces/amrROS2_ws/install/bringup/share/bringup/launch
[0.214s] -- Up-to-date: /home/smr/workspaces/amrROS2_ws/install/bringup/share/bringup/launch/bringup.launch.py
[0.214s] -- Up-to-date: /home/smr/workspaces/amrROS2_ws/install/bringup/share/bringup/launch/camera.launch.py
[0.215s] -- Up-to-date: /home/smr/workspaces/amrROS2_ws/install/bringup/share/bringup/config
[0.215s] -- Up-to-date: /home/smr/workspaces/amrROS2_ws/install/bringup/share/bringup/config/ekf.yaml
[0.216s] -- Up-to-date: /home/smr/workspaces/amrROS2_ws/install/bringup/share/bringup/config/usbcam.yaml
[0.216s] -- Up-to-date: /home/smr/workspaces/amrROS2_ws/install/bringup/share/ament_index/resource_index/package_run_dependencies/bringup
[0.216s] -- Up-to-date: /home/smr/workspaces/amrROS2_ws/install/bringup/share/ament_index/resource_index/parent_prefix_path/bringup
[0.217s] -- Up-to-date: /home/smr/workspaces/amrROS2_ws/install/bringup/share/bringup/environment/ament_prefix_path.sh
[0.217s] -- Up-to-date: /home/smr/workspaces/amrROS2_ws/install/bringup/share/bringup/environment/ament_prefix_path.dsv
[0.218s] -- Up-to-date: /home/smr/workspaces/amrROS2_ws/install/bringup/share/bringup/environment/path.sh
[0.218s] -- Up-to-date: /home/smr/workspaces/amrROS2_ws/install/bringup/share/bringup/environment/path.dsv
[0.218s] -- Up-to-date: /home/smr/workspaces/amrROS2_ws/install/bringup/share/bringup/local_setup.bash
[0.219s] -- Up-to-date: /home/smr/workspaces/amrROS2_ws/install/bringup/share/bringup/local_setup.sh
[0.219s] -- Up-to-date: /home/smr/workspaces/amrROS2_ws/install/bringup/share/bringup/local_setup.zsh
[0.220s] -- Up-to-date: /home/smr/workspaces/amrROS2_ws/install/bringup/share/bringup/local_setup.dsv
[0.220s] -- Installing: /home/smr/workspaces/amrROS2_ws/install/bringup/share/bringup/package.dsv
[0.220s] -- Up-to-date: /home/smr/workspaces/amrROS2_ws/install/bringup/share/ament_index/resource_index/packages/bringup
[0.221s] -- Up-to-date: /home/smr/workspaces/amrROS2_ws/install/bringup/share/bringup/cmake/bringupConfig.cmake
[0.221s] -- Up-to-date: /home/smr/workspaces/amrROS2_ws/install/bringup/share/bringup/cmake/bringupConfig-version.cmake
[0.222s] -- Up-to-date: /home/smr/workspaces/amrROS2_ws/install/bringup/share/bringup/package.xml
[0.224s] Invoked command in '/home/smr/workspaces/amrROS2_ws/build/bringup' returned '0': CMAKE_PREFIX_PATH=/home/smr/workspaces/amrROS2_ws/install/micro_ros_agent:/home/smr/workspaces/amrROS2_ws/install/micro_ros_msgs:/home/smr/workspaces/amrROS2_ws/install/sllidar_ros2:/home/smr/workspaces/amrROS2_ws/install/navigation:/home/smr/workspaces/amrROS2_ws/install/micro_ros_setup:/home/smr/workspaces/amrROS2_ws/install/bringup:/home/smr/workspaces/amrROS2_ws/install/example:/home/smr/workspaces/amrROS2_ws/install/dock_lidar:/home/smr/workspaces/amrROS2_ws/install/description:/home/smr/workspaces/amrROS2_ws/install/custom_interface:/home/smr/workspaces/amrROS2_ws/install/robot_nav_tool:/home/smr/workspaces/amrROS2_ws/install/robot_data_tool:/home/smr/workspaces/amrROS2_ws/install/python_pkg:/home/smr/workspaces/amrROS2_ws/install/action_autodock:/opt/ros/humble /usr/bin/cmake --install /home/smr/workspaces/amrROS2_ws/build/bringup
