[5.988s] Invoking command in '/home/smr/workspaces/amrROS2_ws/src/python_pkg': PYTHONPATH=/home/smr/workspaces/amrROS2_ws/build/python_pkg/prefix_override:/usr/lib/python3/dist-packages/colcon_core/task/python/colcon_distutils_commands:/home/smr/workspaces/amrROS2_ws/install/python_pkg/lib/python3.10/site-packages:${PYTHONPATH} /usr/bin/python3 -W ignore:setup.py install is deprecated setup.py egg_info --egg-base ../../build/python_pkg build --build-base /home/smr/workspaces/amrROS2_ws/build/python_pkg/build install --record /home/smr/workspaces/amrROS2_ws/build/python_pkg/install.log --single-version-externally-managed install_data
[6.498s] running egg_info
[6.500s] writing ../../build/python_pkg/python_pkg.egg-info/PKG-INFO
[6.500s] writing dependency_links to ../../build/python_pkg/python_pkg.egg-info/dependency_links.txt
[6.501s] writing entry points to ../../build/python_pkg/python_pkg.egg-info/entry_points.txt
[6.501s] writing requirements to ../../build/python_pkg/python_pkg.egg-info/requires.txt
[6.502s] writing top-level names to ../../build/python_pkg/python_pkg.egg-info/top_level.txt
[6.520s] reading manifest file '../../build/python_pkg/python_pkg.egg-info/SOURCES.txt'
[6.520s] adding license file 'LICENSE'
[6.521s] writing manifest file '../../build/python_pkg/python_pkg.egg-info/SOURCES.txt'
[6.521s] running build
[6.521s] running build_py
[6.521s] running install
[6.522s] running install_lib
[6.522s] running install_data
[6.522s] running install_egg_info
[6.522s] removing '/home/smr/workspaces/amrROS2_ws/install/python_pkg/lib/python3.10/site-packages/python_pkg-0.0.0-py3.10.egg-info' (and everything under it)
[6.522s] Copying ../../build/python_pkg/python_pkg.egg-info to /home/smr/workspaces/amrROS2_ws/install/python_pkg/lib/python3.10/site-packages/python_pkg-0.0.0-py3.10.egg-info
[6.522s] running install_scripts
[6.592s] Installing ip_publisher script to /home/smr/workspaces/amrROS2_ws/install/python_pkg/lib/python_pkg
[6.596s] writing list of installed files to '/home/smr/workspaces/amrROS2_ws/build/python_pkg/install.log'
[6.709s] Invoked command in '/home/smr/workspaces/amrROS2_ws/src/python_pkg' returned '0': PYTHONPATH=/home/smr/workspaces/amrROS2_ws/build/python_pkg/prefix_override:/usr/lib/python3/dist-packages/colcon_core/task/python/colcon_distutils_commands:/home/smr/workspaces/amrROS2_ws/install/python_pkg/lib/python3.10/site-packages:${PYTHONPATH} /usr/bin/python3 -W ignore:setup.py install is deprecated setup.py egg_info --egg-base ../../build/python_pkg build --build-base /home/smr/workspaces/amrROS2_ws/build/python_pkg/build install --record /home/smr/workspaces/amrROS2_ws/build/python_pkg/install.log --single-version-externally-managed install_data
