[1.345s] Invoking command in '/home/smr/workspaces/amrROS2_ws/src/action_autodock': PYTHONPATH=/home/smr/workspaces/amrROS2_ws/build/action_autodock/prefix_override:/usr/lib/python3/dist-packages/colcon_core/task/python/colcon_distutils_commands:/home/smr/workspaces/amrROS2_ws/install/action_autodock/lib/python3.10/site-packages:${PYTHONPATH} /usr/bin/python3 -W ignore:setup.py install is deprecated setup.py egg_info --egg-base ../../build/action_autodock build --build-base /home/smr/workspaces/amrROS2_ws/build/action_autodock/build install --record /home/smr/workspaces/amrROS2_ws/build/action_autodock/install.log --single-version-externally-managed install_data
[1.737s] running egg_info
[1.744s] writing ../../build/action_autodock/action_autodock.egg-info/PKG-INFO
[1.744s] writing dependency_links to ../../build/action_autodock/action_autodock.egg-info/dependency_links.txt
[1.745s] writing entry points to ../../build/action_autodock/action_autodock.egg-info/entry_points.txt
[1.745s] writing requirements to ../../build/action_autodock/action_autodock.egg-info/requires.txt
[1.746s] writing top-level names to ../../build/action_autodock/action_autodock.egg-info/top_level.txt
[1.746s] reading manifest file '../../build/action_autodock/action_autodock.egg-info/SOURCES.txt'
[1.747s] adding license file 'LICENSE'
[1.747s] writing manifest file '../../build/action_autodock/action_autodock.egg-info/SOURCES.txt'
[1.749s] running build
[1.749s] running build_py
[1.749s] running install
[1.750s] running install_lib
[1.750s] running install_data
[1.751s] copying launch/auto_dock_launch.py -> /home/smr/workspaces/amrROS2_ws/install/action_autodock/share/action_autodock/launch
[1.751s] running install_egg_info
[1.752s] removing '/home/smr/workspaces/amrROS2_ws/install/action_autodock/lib/python3.10/site-packages/action_autodock-0.0.0-py3.10.egg-info' (and everything under it)
[1.752s] Copying ../../build/action_autodock/action_autodock.egg-info to /home/smr/workspaces/amrROS2_ws/install/action_autodock/lib/python3.10/site-packages/action_autodock-0.0.0-py3.10.egg-info
[1.753s] running install_scripts
[1.795s] Installing autodock_action_server script to /home/smr/workspaces/amrROS2_ws/install/action_autodock/lib/action_autodock
[1.797s] writing list of installed files to '/home/smr/workspaces/amrROS2_ws/build/action_autodock/install.log'
[1.912s] Invoked command in '/home/smr/workspaces/amrROS2_ws/src/action_autodock' returned '0': PYTHONPATH=/home/smr/workspaces/amrROS2_ws/build/action_autodock/prefix_override:/usr/lib/python3/dist-packages/colcon_core/task/python/colcon_distutils_commands:/home/smr/workspaces/amrROS2_ws/install/action_autodock/lib/python3.10/site-packages:${PYTHONPATH} /usr/bin/python3 -W ignore:setup.py install is deprecated setup.py egg_info --egg-base ../../build/action_autodock build --build-base /home/smr/workspaces/amrROS2_ws/build/action_autodock/build install --record /home/smr/workspaces/amrROS2_ws/build/action_autodock/install.log --single-version-externally-managed install_data
