[0.086s] Invoking command in '/home/smr/workspaces/amrROS2_ws/build/micro_ros_msgs': CMAKE_PREFIX_PATH=${CMAKE_PREFIX_PATH}:/home/smr/workspaces/amrROS2_ws/install/python_pkg:/home/smr/workspaces/amrROS2_ws/install/action_autodock:/opt/ros/humble /usr/bin/cmake --build /home/smr/workspaces/amrROS2_ws/build/micro_ros_msgs -- -j8 -l8
[1.310s] [  2%] Built target micro_ros_msgs__cpp
[1.310s] [ 12%] Built target micro_ros_msgs__rosidl_generator_c
[1.311s] [ 12%] Built target ament_cmake_python_copy_micro_ros_msgs
[1.312s] [ 23%] Built target micro_ros_msgs__rosidl_typesupport_cpp
[1.313s] running egg_info
[1.314s] writing micro_ros_msgs.egg-info/PKG-INFO
[1.314s] writing dependency_links to micro_ros_msgs.egg-info/dependency_links.txt
[1.320s] writing top-level names to micro_ros_msgs.egg-info/top_level.txt
[1.325s] reading manifest file 'micro_ros_msgs.egg-info/SOURCES.txt'
[1.326s] writing manifest file 'micro_ros_msgs.egg-info/SOURCES.txt'
[1.328s] [ 23%] Built target ament_cmake_python_build_micro_ros_msgs_egg
[1.391s] [ 34%] Built target micro_ros_msgs__rosidl_typesupport_c
[1.393s] [ 44%] Built target micro_ros_msgs__rosidl_typesupport_introspection_c
[1.509s] [ 55%] Built target micro_ros_msgs__rosidl_typesupport_fastrtps_c
[1.515s] [ 65%] Built target micro_ros_msgs__rosidl_typesupport_introspection_cpp
[1.604s] [ 76%] Built target micro_ros_msgs__rosidl_typesupport_fastrtps_cpp
[1.703s] [ 76%] Built target micro_ros_msgs
[1.749s] [ 78%] Built target micro_ros_msgs__py
[1.848s] [ 87%] Built target micro_ros_msgs__rosidl_generator_py
[1.893s] [ 91%] Built target micro_ros_msgs__rosidl_typesupport_fastrtps_c__pyext
[1.971s] [ 95%] Built target micro_ros_msgs__rosidl_typesupport_c__pyext
[2.053s] [100%] Built target micro_ros_msgs__rosidl_typesupport_introspection_c__pyext
[2.103s] Invoked command in '/home/smr/workspaces/amrROS2_ws/build/micro_ros_msgs' returned '0': CMAKE_PREFIX_PATH=${CMAKE_PREFIX_PATH}:/home/smr/workspaces/amrROS2_ws/install/python_pkg:/home/smr/workspaces/amrROS2_ws/install/action_autodock:/opt/ros/humble /usr/bin/cmake --build /home/smr/workspaces/amrROS2_ws/build/micro_ros_msgs -- -j8 -l8
[2.546s] Invoking command in '/home/smr/workspaces/amrROS2_ws/build/micro_ros_msgs': CMAKE_PREFIX_PATH=${CMAKE_PREFIX_PATH}:/home/smr/workspaces/amrROS2_ws/install/python_pkg:/home/smr/workspaces/amrROS2_ws/install/action_autodock:/opt/ros/humble /usr/bin/cmake --install /home/smr/workspaces/amrROS2_ws/build/micro_ros_msgs
[2.573s] -- Install configuration: ""
[2.574s] -- Up-to-date: /home/smr/workspaces/amrROS2_ws/install/micro_ros_msgs/share/ament_index/resource_index/rosidl_interfaces/micro_ros_msgs
[2.574s] -- Up-to-date: /home/smr/workspaces/amrROS2_ws/install/micro_ros_msgs/include/micro_ros_msgs/micro_ros_msgs
[2.575s] -- Up-to-date: /home/smr/workspaces/amrROS2_ws/install/micro_ros_msgs/include/micro_ros_msgs/micro_ros_msgs/msg
[2.576s] -- Up-to-date: /home/smr/workspaces/amrROS2_ws/install/micro_ros_msgs/include/micro_ros_msgs/micro_ros_msgs/msg/node.h
[2.582s] -- Up-to-date: /home/smr/workspaces/amrROS2_ws/install/micro_ros_msgs/include/micro_ros_msgs/micro_ros_msgs/msg/detail
[2.583s] -- Up-to-date: /home/smr/workspaces/amrROS2_ws/install/micro_ros_msgs/include/micro_ros_msgs/micro_ros_msgs/msg/detail/node__functions.h
[2.583s] -- Up-to-date: /home/smr/workspaces/amrROS2_ws/install/micro_ros_msgs/include/micro_ros_msgs/micro_ros_msgs/msg/detail/graph__functions.c
[2.584s] -- Up-to-date: /home/smr/workspaces/amrROS2_ws/install/micro_ros_msgs/include/micro_ros_msgs/micro_ros_msgs/msg/detail/entity__struct.h
[2.585s] -- Up-to-date: /home/smr/workspaces/amrROS2_ws/install/micro_ros_msgs/include/micro_ros_msgs/micro_ros_msgs/msg/detail/node__struct.h
[2.586s] -- Up-to-date: /home/smr/workspaces/amrROS2_ws/install/micro_ros_msgs/include/micro_ros_msgs/micro_ros_msgs/msg/detail/node__functions.c
[2.587s] -- Up-to-date: /home/smr/workspaces/amrROS2_ws/install/micro_ros_msgs/include/micro_ros_msgs/micro_ros_msgs/msg/detail/graph__functions.h
[2.587s] -- Up-to-date: /home/smr/workspaces/amrROS2_ws/install/micro_ros_msgs/include/micro_ros_msgs/micro_ros_msgs/msg/detail/entity__type_support.h
[2.588s] -- Up-to-date: /home/smr/workspaces/amrROS2_ws/install/micro_ros_msgs/include/micro_ros_msgs/micro_ros_msgs/msg/detail/entity__functions.c
[2.588s] -- Up-to-date: /home/smr/workspaces/amrROS2_ws/install/micro_ros_msgs/include/micro_ros_msgs/micro_ros_msgs/msg/detail/graph__type_support.h
[2.589s] -- Up-to-date: /home/smr/workspaces/amrROS2_ws/install/micro_ros_msgs/include/micro_ros_msgs/micro_ros_msgs/msg/detail/node__type_support.h
[2.590s] -- Up-to-date: /home/smr/workspaces/amrROS2_ws/install/micro_ros_msgs/include/micro_ros_msgs/micro_ros_msgs/msg/detail/entity__functions.h
[2.590s] -- Up-to-date: /home/smr/workspaces/amrROS2_ws/install/micro_ros_msgs/include/micro_ros_msgs/micro_ros_msgs/msg/detail/graph__struct.h
[2.591s] -- Up-to-date: /home/smr/workspaces/amrROS2_ws/install/micro_ros_msgs/include/micro_ros_msgs/micro_ros_msgs/msg/rosidl_generator_c__visibility_control.h
[2.593s] -- Up-to-date: /home/smr/workspaces/amrROS2_ws/install/micro_ros_msgs/include/micro_ros_msgs/micro_ros_msgs/msg/graph.h
[2.594s] -- Up-to-date: /home/smr/workspaces/amrROS2_ws/install/micro_ros_msgs/include/micro_ros_msgs/micro_ros_msgs/msg/entity.h
[2.596s] -- Up-to-date: /home/smr/workspaces/amrROS2_ws/install/micro_ros_msgs/share/micro_ros_msgs/environment/library_path.sh
[2.597s] -- Up-to-date: /home/smr/workspaces/amrROS2_ws/install/micro_ros_msgs/share/micro_ros_msgs/environment/library_path.dsv
[2.597s] -- Up-to-date: /home/smr/workspaces/amrROS2_ws/install/micro_ros_msgs/lib/libmicro_ros_msgs__rosidl_generator_c.so
[2.598s] -- Up-to-date: /home/smr/workspaces/amrROS2_ws/install/micro_ros_msgs/include/micro_ros_msgs/micro_ros_msgs
[2.599s] -- Up-to-date: /home/smr/workspaces/amrROS2_ws/install/micro_ros_msgs/include/micro_ros_msgs/micro_ros_msgs/msg
[2.599s] -- Up-to-date: /home/smr/workspaces/amrROS2_ws/install/micro_ros_msgs/include/micro_ros_msgs/micro_ros_msgs/msg/detail
[2.600s] -- Up-to-date: /home/smr/workspaces/amrROS2_ws/install/micro_ros_msgs/include/micro_ros_msgs/micro_ros_msgs/msg/detail/node__rosidl_typesupport_fastrtps_c.h
[2.600s] -- Up-to-date: /home/smr/workspaces/amrROS2_ws/install/micro_ros_msgs/include/micro_ros_msgs/micro_ros_msgs/msg/detail/entity__rosidl_typesupport_fastrtps_c.h
[2.601s] -- Up-to-date: /home/smr/workspaces/amrROS2_ws/install/micro_ros_msgs/include/micro_ros_msgs/micro_ros_msgs/msg/detail/graph__rosidl_typesupport_fastrtps_c.h
[2.603s] -- Up-to-date: /home/smr/workspaces/amrROS2_ws/install/micro_ros_msgs/include/micro_ros_msgs/micro_ros_msgs/msg/rosidl_typesupport_fastrtps_c__visibility_control.h
[2.612s] -- Up-to-date: /home/smr/workspaces/amrROS2_ws/install/micro_ros_msgs/lib/libmicro_ros_msgs__rosidl_typesupport_fastrtps_c.so
[2.614s] -- Up-to-date: /home/smr/workspaces/amrROS2_ws/install/micro_ros_msgs/include/micro_ros_msgs/micro_ros_msgs
[2.615s] -- Up-to-date: /home/smr/workspaces/amrROS2_ws/install/micro_ros_msgs/include/micro_ros_msgs/micro_ros_msgs/msg
[2.616s] -- Up-to-date: /home/smr/workspaces/amrROS2_ws/install/micro_ros_msgs/include/micro_ros_msgs/micro_ros_msgs/msg/detail
[2.617s] -- Up-to-date: /home/smr/workspaces/amrROS2_ws/install/micro_ros_msgs/include/micro_ros_msgs/micro_ros_msgs/msg/detail/node__type_support.c
[2.618s] -- Up-to-date: /home/smr/workspaces/amrROS2_ws/install/micro_ros_msgs/include/micro_ros_msgs/micro_ros_msgs/msg/detail/entity__rosidl_typesupport_introspection_c.h
[2.619s] -- Up-to-date: /home/smr/workspaces/amrROS2_ws/install/micro_ros_msgs/include/micro_ros_msgs/micro_ros_msgs/msg/detail/graph__type_support.c
[2.623s] -- Up-to-date: /home/smr/workspaces/amrROS2_ws/install/micro_ros_msgs/include/micro_ros_msgs/micro_ros_msgs/msg/detail/graph__rosidl_typesupport_introspection_c.h
[2.624s] -- Up-to-date: /home/smr/workspaces/amrROS2_ws/install/micro_ros_msgs/include/micro_ros_msgs/micro_ros_msgs/msg/detail/node__rosidl_typesupport_introspection_c.h
[2.624s] -- Up-to-date: /home/smr/workspaces/amrROS2_ws/install/micro_ros_msgs/include/micro_ros_msgs/micro_ros_msgs/msg/detail/entity__type_support.c
[2.624s] -- Up-to-date: /home/smr/workspaces/amrROS2_ws/install/micro_ros_msgs/include/micro_ros_msgs/micro_ros_msgs/msg/rosidl_typesupport_introspection_c__visibility_control.h
[2.625s] -- Up-to-date: /home/smr/workspaces/amrROS2_ws/install/micro_ros_msgs/lib/libmicro_ros_msgs__rosidl_typesupport_introspection_c.so
[2.626s] -- Up-to-date: /home/smr/workspaces/amrROS2_ws/install/micro_ros_msgs/lib/libmicro_ros_msgs__rosidl_typesupport_c.so
[2.626s] -- Up-to-date: /home/smr/workspaces/amrROS2_ws/install/micro_ros_msgs/include/micro_ros_msgs/micro_ros_msgs
[2.626s] -- Up-to-date: /home/smr/workspaces/amrROS2_ws/install/micro_ros_msgs/include/micro_ros_msgs/micro_ros_msgs/msg
[2.626s] -- Up-to-date: /home/smr/workspaces/amrROS2_ws/install/micro_ros_msgs/include/micro_ros_msgs/micro_ros_msgs/msg/detail
[2.626s] -- Up-to-date: /home/smr/workspaces/amrROS2_ws/install/micro_ros_msgs/include/micro_ros_msgs/micro_ros_msgs/msg/detail/entity__traits.hpp
[2.626s] -- Up-to-date: /home/smr/workspaces/amrROS2_ws/install/micro_ros_msgs/include/micro_ros_msgs/micro_ros_msgs/msg/detail/node__traits.hpp
[2.626s] -- Up-to-date: /home/smr/workspaces/amrROS2_ws/install/micro_ros_msgs/include/micro_ros_msgs/micro_ros_msgs/msg/detail/entity__struct.hpp
[2.626s] -- Up-to-date: /home/smr/workspaces/amrROS2_ws/install/micro_ros_msgs/include/micro_ros_msgs/micro_ros_msgs/msg/detail/graph__traits.hpp
[2.626s] -- Up-to-date: /home/smr/workspaces/amrROS2_ws/install/micro_ros_msgs/include/micro_ros_msgs/micro_ros_msgs/msg/detail/graph__builder.hpp
[2.627s] -- Up-to-date: /home/smr/workspaces/amrROS2_ws/install/micro_ros_msgs/include/micro_ros_msgs/micro_ros_msgs/msg/detail/node__struct.hpp
[2.627s] -- Up-to-date: /home/smr/workspaces/amrROS2_ws/install/micro_ros_msgs/include/micro_ros_msgs/micro_ros_msgs/msg/detail/graph__struct.hpp
[2.627s] -- Up-to-date: /home/smr/workspaces/amrROS2_ws/install/micro_ros_msgs/include/micro_ros_msgs/micro_ros_msgs/msg/detail/node__builder.hpp
[2.627s] -- Up-to-date: /home/smr/workspaces/amrROS2_ws/install/micro_ros_msgs/include/micro_ros_msgs/micro_ros_msgs/msg/detail/entity__builder.hpp
[2.628s] -- Up-to-date: /home/smr/workspaces/amrROS2_ws/install/micro_ros_msgs/include/micro_ros_msgs/micro_ros_msgs/msg/node.hpp
[2.628s] -- Up-to-date: /home/smr/workspaces/amrROS2_ws/install/micro_ros_msgs/include/micro_ros_msgs/micro_ros_msgs/msg/graph.hpp
[2.628s] -- Up-to-date: /home/smr/workspaces/amrROS2_ws/install/micro_ros_msgs/include/micro_ros_msgs/micro_ros_msgs/msg/entity.hpp
[2.628s] -- Up-to-date: /home/smr/workspaces/amrROS2_ws/install/micro_ros_msgs/include/micro_ros_msgs/micro_ros_msgs
[2.628s] -- Up-to-date: /home/smr/workspaces/amrROS2_ws/install/micro_ros_msgs/include/micro_ros_msgs/micro_ros_msgs/msg
[2.629s] -- Up-to-date: /home/smr/workspaces/amrROS2_ws/install/micro_ros_msgs/include/micro_ros_msgs/micro_ros_msgs/msg/detail
[2.629s] -- Up-to-date: /home/smr/workspaces/amrROS2_ws/install/micro_ros_msgs/include/micro_ros_msgs/micro_ros_msgs/msg/detail/entity__rosidl_typesupport_fastrtps_cpp.hpp
[2.630s] -- Up-to-date: /home/smr/workspaces/amrROS2_ws/install/micro_ros_msgs/include/micro_ros_msgs/micro_ros_msgs/msg/detail/graph__rosidl_typesupport_fastrtps_cpp.hpp
[2.630s] -- Up-to-date: /home/smr/workspaces/amrROS2_ws/install/micro_ros_msgs/include/micro_ros_msgs/micro_ros_msgs/msg/detail/dds_fastrtps
[2.630s] -- Up-to-date: /home/smr/workspaces/amrROS2_ws/install/micro_ros_msgs/include/micro_ros_msgs/micro_ros_msgs/msg/detail/node__rosidl_typesupport_fastrtps_cpp.hpp
[2.633s] -- Up-to-date: /home/smr/workspaces/amrROS2_ws/install/micro_ros_msgs/include/micro_ros_msgs/micro_ros_msgs/msg/rosidl_typesupport_fastrtps_cpp__visibility_control.h
[2.635s] -- Up-to-date: /home/smr/workspaces/amrROS2_ws/install/micro_ros_msgs/lib/libmicro_ros_msgs__rosidl_typesupport_fastrtps_cpp.so
[2.639s] -- Up-to-date: /home/smr/workspaces/amrROS2_ws/install/micro_ros_msgs/include/micro_ros_msgs/micro_ros_msgs
[2.639s] -- Up-to-date: /home/smr/workspaces/amrROS2_ws/install/micro_ros_msgs/include/micro_ros_msgs/micro_ros_msgs/msg
[2.639s] -- Up-to-date: /home/smr/workspaces/amrROS2_ws/install/micro_ros_msgs/include/micro_ros_msgs/micro_ros_msgs/msg/detail
[2.640s] -- Up-to-date: /home/smr/workspaces/amrROS2_ws/install/micro_ros_msgs/include/micro_ros_msgs/micro_ros_msgs/msg/detail/node__type_support.cpp
[2.640s] -- Up-to-date: /home/smr/workspaces/amrROS2_ws/install/micro_ros_msgs/include/micro_ros_msgs/micro_ros_msgs/msg/detail/node__rosidl_typesupport_introspection_cpp.hpp
[2.641s] -- Up-to-date: /home/smr/workspaces/amrROS2_ws/install/micro_ros_msgs/include/micro_ros_msgs/micro_ros_msgs/msg/detail/graph__rosidl_typesupport_introspection_cpp.hpp
[2.641s] -- Up-to-date: /home/smr/workspaces/amrROS2_ws/install/micro_ros_msgs/include/micro_ros_msgs/micro_ros_msgs/msg/detail/entity__rosidl_typesupport_introspection_cpp.hpp
[2.641s] -- Up-to-date: /home/smr/workspaces/amrROS2_ws/install/micro_ros_msgs/include/micro_ros_msgs/micro_ros_msgs/msg/detail/entity__type_support.cpp
[2.641s] -- Up-to-date: /home/smr/workspaces/amrROS2_ws/install/micro_ros_msgs/include/micro_ros_msgs/micro_ros_msgs/msg/detail/graph__type_support.cpp
[2.642s] -- Up-to-date: /home/smr/workspaces/amrROS2_ws/install/micro_ros_msgs/lib/libmicro_ros_msgs__rosidl_typesupport_introspection_cpp.so
[2.642s] -- Up-to-date: /home/smr/workspaces/amrROS2_ws/install/micro_ros_msgs/lib/libmicro_ros_msgs__rosidl_typesupport_cpp.so
[2.642s] -- Up-to-date: /home/smr/workspaces/amrROS2_ws/install/micro_ros_msgs/share/micro_ros_msgs/environment/pythonpath.sh
[2.642s] -- Up-to-date: /home/smr/workspaces/amrROS2_ws/install/micro_ros_msgs/share/micro_ros_msgs/environment/pythonpath.dsv
[2.642s] -- Up-to-date: /home/smr/workspaces/amrROS2_ws/install/micro_ros_msgs/local/lib/python3.10/dist-packages/micro_ros_msgs-3.0.1-py3.10.egg-info
[2.643s] -- Installing: /home/smr/workspaces/amrROS2_ws/install/micro_ros_msgs/local/lib/python3.10/dist-packages/micro_ros_msgs-3.0.1-py3.10.egg-info/dependency_links.txt
[2.643s] -- Installing: /home/smr/workspaces/amrROS2_ws/install/micro_ros_msgs/local/lib/python3.10/dist-packages/micro_ros_msgs-3.0.1-py3.10.egg-info/top_level.txt
[2.643s] -- Installing: /home/smr/workspaces/amrROS2_ws/install/micro_ros_msgs/local/lib/python3.10/dist-packages/micro_ros_msgs-3.0.1-py3.10.egg-info/SOURCES.txt
[2.643s] -- Installing: /home/smr/workspaces/amrROS2_ws/install/micro_ros_msgs/local/lib/python3.10/dist-packages/micro_ros_msgs-3.0.1-py3.10.egg-info/PKG-INFO
[2.643s] -- Up-to-date: /home/smr/workspaces/amrROS2_ws/install/micro_ros_msgs/local/lib/python3.10/dist-packages/micro_ros_msgs
[2.644s] -- Up-to-date: /home/smr/workspaces/amrROS2_ws/install/micro_ros_msgs/local/lib/python3.10/dist-packages/micro_ros_msgs/micro_ros_msgs_s__rosidl_typesupport_introspection_c.cpython-310-aarch64-linux-gnu.so
[2.644s] -- Up-to-date: /home/smr/workspaces/amrROS2_ws/install/micro_ros_msgs/local/lib/python3.10/dist-packages/micro_ros_msgs/_micro_ros_msgs_s.ep.rosidl_typesupport_c.c
[2.644s] -- Up-to-date: /home/smr/workspaces/amrROS2_ws/install/micro_ros_msgs/local/lib/python3.10/dist-packages/micro_ros_msgs/_micro_ros_msgs_s.ep.rosidl_typesupport_introspection_c.c
[2.644s] -- Up-to-date: /home/smr/workspaces/amrROS2_ws/install/micro_ros_msgs/local/lib/python3.10/dist-packages/micro_ros_msgs/msg
[2.645s] -- Up-to-date: /home/smr/workspaces/amrROS2_ws/install/micro_ros_msgs/local/lib/python3.10/dist-packages/micro_ros_msgs/msg/_node.py
[2.645s] -- Up-to-date: /home/smr/workspaces/amrROS2_ws/install/micro_ros_msgs/local/lib/python3.10/dist-packages/micro_ros_msgs/msg/_graph_s.c
[2.645s] -- Up-to-date: /home/smr/workspaces/amrROS2_ws/install/micro_ros_msgs/local/lib/python3.10/dist-packages/micro_ros_msgs/msg/_graph.py
[2.645s] -- Up-to-date: /home/smr/workspaces/amrROS2_ws/install/micro_ros_msgs/local/lib/python3.10/dist-packages/micro_ros_msgs/msg/_entity_s.c
[2.645s] -- Up-to-date: /home/smr/workspaces/amrROS2_ws/install/micro_ros_msgs/local/lib/python3.10/dist-packages/micro_ros_msgs/msg/_node_s.c
[2.646s] -- Up-to-date: /home/smr/workspaces/amrROS2_ws/install/micro_ros_msgs/local/lib/python3.10/dist-packages/micro_ros_msgs/msg/_entity.py
[2.646s] -- Up-to-date: /home/smr/workspaces/amrROS2_ws/install/micro_ros_msgs/local/lib/python3.10/dist-packages/micro_ros_msgs/msg/__init__.py
[2.646s] -- Up-to-date: /home/smr/workspaces/amrROS2_ws/install/micro_ros_msgs/local/lib/python3.10/dist-packages/micro_ros_msgs/libmicro_ros_msgs__rosidl_generator_py.so
[2.646s] -- Up-to-date: /home/smr/workspaces/amrROS2_ws/install/micro_ros_msgs/local/lib/python3.10/dist-packages/micro_ros_msgs/_micro_ros_msgs_s.ep.rosidl_typesupport_fastrtps_c.c
[2.646s] -- Up-to-date: /home/smr/workspaces/amrROS2_ws/install/micro_ros_msgs/local/lib/python3.10/dist-packages/micro_ros_msgs/micro_ros_msgs_s__rosidl_typesupport_fastrtps_c.cpython-310-aarch64-linux-gnu.so
[2.646s] -- Up-to-date: /home/smr/workspaces/amrROS2_ws/install/micro_ros_msgs/local/lib/python3.10/dist-packages/micro_ros_msgs/micro_ros_msgs_s__rosidl_typesupport_c.cpython-310-aarch64-linux-gnu.so
[2.647s] -- Up-to-date: /home/smr/workspaces/amrROS2_ws/install/micro_ros_msgs/local/lib/python3.10/dist-packages/micro_ros_msgs/__init__.py
[2.673s] Listing '/home/smr/workspaces/amrROS2_ws/install/micro_ros_msgs/local/lib/python3.10/dist-packages/micro_ros_msgs'...
[2.673s] Listing '/home/smr/workspaces/amrROS2_ws/install/micro_ros_msgs/local/lib/python3.10/dist-packages/micro_ros_msgs/msg'...
[2.674s] -- Up-to-date: /home/smr/workspaces/amrROS2_ws/install/micro_ros_msgs/local/lib/python3.10/dist-packages/micro_ros_msgs/micro_ros_msgs_s__rosidl_typesupport_fastrtps_c.cpython-310-aarch64-linux-gnu.so
[2.674s] -- Up-to-date: /home/smr/workspaces/amrROS2_ws/install/micro_ros_msgs/local/lib/python3.10/dist-packages/micro_ros_msgs/micro_ros_msgs_s__rosidl_typesupport_introspection_c.cpython-310-aarch64-linux-gnu.so
[2.674s] -- Up-to-date: /home/smr/workspaces/amrROS2_ws/install/micro_ros_msgs/local/lib/python3.10/dist-packages/micro_ros_msgs/micro_ros_msgs_s__rosidl_typesupport_c.cpython-310-aarch64-linux-gnu.so
[2.675s] -- Up-to-date: /home/smr/workspaces/amrROS2_ws/install/micro_ros_msgs/lib/libmicro_ros_msgs__rosidl_generator_py.so
[2.676s] -- Up-to-date: /home/smr/workspaces/amrROS2_ws/install/micro_ros_msgs/share/micro_ros_msgs/msg/Graph.idl
[2.676s] -- Up-to-date: /home/smr/workspaces/amrROS2_ws/install/micro_ros_msgs/share/micro_ros_msgs/msg/Node.idl
[2.676s] -- Up-to-date: /home/smr/workspaces/amrROS2_ws/install/micro_ros_msgs/share/micro_ros_msgs/msg/Entity.idl
[2.676s] -- Up-to-date: /home/smr/workspaces/amrROS2_ws/install/micro_ros_msgs/share/micro_ros_msgs/msg/Graph.msg
[2.676s] -- Up-to-date: /home/smr/workspaces/amrROS2_ws/install/micro_ros_msgs/share/micro_ros_msgs/msg/Node.msg
[2.676s] -- Up-to-date: /home/smr/workspaces/amrROS2_ws/install/micro_ros_msgs/share/micro_ros_msgs/msg/Entity.msg
[2.676s] -- Up-to-date: /home/smr/workspaces/amrROS2_ws/install/micro_ros_msgs/share/ament_index/resource_index/package_run_dependencies/micro_ros_msgs
[2.677s] -- Up-to-date: /home/smr/workspaces/amrROS2_ws/install/micro_ros_msgs/share/ament_index/resource_index/parent_prefix_path/micro_ros_msgs
[2.677s] -- Up-to-date: /home/smr/workspaces/amrROS2_ws/install/micro_ros_msgs/share/micro_ros_msgs/environment/ament_prefix_path.sh
[2.677s] -- Up-to-date: /home/smr/workspaces/amrROS2_ws/install/micro_ros_msgs/share/micro_ros_msgs/environment/ament_prefix_path.dsv
[2.677s] -- Up-to-date: /home/smr/workspaces/amrROS2_ws/install/micro_ros_msgs/share/micro_ros_msgs/environment/path.sh
[2.677s] -- Up-to-date: /home/smr/workspaces/amrROS2_ws/install/micro_ros_msgs/share/micro_ros_msgs/environment/path.dsv
[2.677s] -- Up-to-date: /home/smr/workspaces/amrROS2_ws/install/micro_ros_msgs/share/micro_ros_msgs/local_setup.bash
[2.677s] -- Up-to-date: /home/smr/workspaces/amrROS2_ws/install/micro_ros_msgs/share/micro_ros_msgs/local_setup.sh
[2.677s] -- Up-to-date: /home/smr/workspaces/amrROS2_ws/install/micro_ros_msgs/share/micro_ros_msgs/local_setup.zsh
[2.678s] -- Up-to-date: /home/smr/workspaces/amrROS2_ws/install/micro_ros_msgs/share/micro_ros_msgs/local_setup.dsv
[2.678s] -- Installing: /home/smr/workspaces/amrROS2_ws/install/micro_ros_msgs/share/micro_ros_msgs/package.dsv
[2.678s] -- Up-to-date: /home/smr/workspaces/amrROS2_ws/install/micro_ros_msgs/share/ament_index/resource_index/packages/micro_ros_msgs
[2.678s] -- Up-to-date: /home/smr/workspaces/amrROS2_ws/install/micro_ros_msgs/share/micro_ros_msgs/cmake/export_micro_ros_msgs__rosidl_generator_cExport.cmake
[2.678s] -- Up-to-date: /home/smr/workspaces/amrROS2_ws/install/micro_ros_msgs/share/micro_ros_msgs/cmake/export_micro_ros_msgs__rosidl_generator_cExport-noconfig.cmake
[2.678s] -- Up-to-date: /home/smr/workspaces/amrROS2_ws/install/micro_ros_msgs/share/micro_ros_msgs/cmake/export_micro_ros_msgs__rosidl_typesupport_fastrtps_cExport.cmake
[2.678s] -- Up-to-date: /home/smr/workspaces/amrROS2_ws/install/micro_ros_msgs/share/micro_ros_msgs/cmake/export_micro_ros_msgs__rosidl_typesupport_fastrtps_cExport-noconfig.cmake
[2.678s] -- Up-to-date: /home/smr/workspaces/amrROS2_ws/install/micro_ros_msgs/share/micro_ros_msgs/cmake/micro_ros_msgs__rosidl_typesupport_introspection_cExport.cmake
[2.678s] -- Up-to-date: /home/smr/workspaces/amrROS2_ws/install/micro_ros_msgs/share/micro_ros_msgs/cmake/micro_ros_msgs__rosidl_typesupport_introspection_cExport-noconfig.cmake
[2.678s] -- Up-to-date: /home/smr/workspaces/amrROS2_ws/install/micro_ros_msgs/share/micro_ros_msgs/cmake/micro_ros_msgs__rosidl_typesupport_cExport.cmake
[2.678s] -- Up-to-date: /home/smr/workspaces/amrROS2_ws/install/micro_ros_msgs/share/micro_ros_msgs/cmake/micro_ros_msgs__rosidl_typesupport_cExport-noconfig.cmake
[2.679s] -- Up-to-date: /home/smr/workspaces/amrROS2_ws/install/micro_ros_msgs/share/micro_ros_msgs/cmake/export_micro_ros_msgs__rosidl_generator_cppExport.cmake
[2.679s] -- Up-to-date: /home/smr/workspaces/amrROS2_ws/install/micro_ros_msgs/share/micro_ros_msgs/cmake/export_micro_ros_msgs__rosidl_typesupport_fastrtps_cppExport.cmake
[2.680s] -- Up-to-date: /home/smr/workspaces/amrROS2_ws/install/micro_ros_msgs/share/micro_ros_msgs/cmake/export_micro_ros_msgs__rosidl_typesupport_fastrtps_cppExport-noconfig.cmake
[2.680s] -- Up-to-date: /home/smr/workspaces/amrROS2_ws/install/micro_ros_msgs/share/micro_ros_msgs/cmake/micro_ros_msgs__rosidl_typesupport_introspection_cppExport.cmake
[2.680s] -- Up-to-date: /home/smr/workspaces/amrROS2_ws/install/micro_ros_msgs/share/micro_ros_msgs/cmake/micro_ros_msgs__rosidl_typesupport_introspection_cppExport-noconfig.cmake
[2.680s] -- Up-to-date: /home/smr/workspaces/amrROS2_ws/install/micro_ros_msgs/share/micro_ros_msgs/cmake/micro_ros_msgs__rosidl_typesupport_cppExport.cmake
[2.686s] -- Up-to-date: /home/smr/workspaces/amrROS2_ws/install/micro_ros_msgs/share/micro_ros_msgs/cmake/micro_ros_msgs__rosidl_typesupport_cppExport-noconfig.cmake
[2.708s] -- Up-to-date: /home/smr/workspaces/amrROS2_ws/install/micro_ros_msgs/share/micro_ros_msgs/cmake/export_micro_ros_msgs__rosidl_generator_pyExport.cmake
[2.709s] -- Up-to-date: /home/smr/workspaces/amrROS2_ws/install/micro_ros_msgs/share/micro_ros_msgs/cmake/export_micro_ros_msgs__rosidl_generator_pyExport-noconfig.cmake
[2.709s] -- Up-to-date: /home/smr/workspaces/amrROS2_ws/install/micro_ros_msgs/share/micro_ros_msgs/cmake/rosidl_cmake-extras.cmake
[2.709s] -- Up-to-date: /home/smr/workspaces/amrROS2_ws/install/micro_ros_msgs/share/micro_ros_msgs/cmake/ament_cmake_export_include_directories-extras.cmake
[2.709s] -- Up-to-date: /home/smr/workspaces/amrROS2_ws/install/micro_ros_msgs/share/micro_ros_msgs/cmake/ament_cmake_export_libraries-extras.cmake
[2.710s] -- Up-to-date: /home/smr/workspaces/amrROS2_ws/install/micro_ros_msgs/share/micro_ros_msgs/cmake/ament_cmake_export_targets-extras.cmake
[2.710s] -- Up-to-date: /home/smr/workspaces/amrROS2_ws/install/micro_ros_msgs/share/micro_ros_msgs/cmake/rosidl_cmake_export_typesupport_targets-extras.cmake
[2.710s] -- Up-to-date: /home/smr/workspaces/amrROS2_ws/install/micro_ros_msgs/share/micro_ros_msgs/cmake/ament_cmake_export_dependencies-extras.cmake
[2.710s] -- Up-to-date: /home/smr/workspaces/amrROS2_ws/install/micro_ros_msgs/share/micro_ros_msgs/cmake/rosidl_cmake_export_typesupport_libraries-extras.cmake
[2.710s] -- Up-to-date: /home/smr/workspaces/amrROS2_ws/install/micro_ros_msgs/share/micro_ros_msgs/cmake/micro_ros_msgsConfig.cmake
[2.710s] -- Up-to-date: /home/smr/workspaces/amrROS2_ws/install/micro_ros_msgs/share/micro_ros_msgs/cmake/micro_ros_msgsConfig-version.cmake
[2.711s] -- Up-to-date: /home/smr/workspaces/amrROS2_ws/install/micro_ros_msgs/share/micro_ros_msgs/package.xml
[2.713s] Invoked command in '/home/smr/workspaces/amrROS2_ws/build/micro_ros_msgs' returned '0': CMAKE_PREFIX_PATH=${CMAKE_PREFIX_PATH}:/home/smr/workspaces/amrROS2_ws/install/python_pkg:/home/smr/workspaces/amrROS2_ws/install/action_autodock:/opt/ros/humble /usr/bin/cmake --install /home/smr/workspaces/amrROS2_ws/build/micro_ros_msgs
