[2.860s] Invoking command in '/home/smr/workspaces/amrROS2_ws/src/action_autodock': PYTHONPATH=/home/smr/workspaces/amrROS2_ws/build/action_autodock/prefix_override:/usr/lib/python3/dist-packages/colcon_core/task/python/colcon_distutils_commands:/home/smr/workspaces/amrROS2_ws/install/action_autodock/lib/python3.10/site-packages:${PYTHONPATH} /usr/bin/python3 -W ignore:setup.py install is deprecated setup.py egg_info --egg-base ../../build/action_autodock build --build-base /home/smr/workspaces/amrROS2_ws/build/action_autodock/build install --record /home/smr/workspaces/amrROS2_ws/build/action_autodock/install.log --single-version-externally-managed install_data
[3.262s] running egg_info
[3.263s] writing ../../build/action_autodock/action_autodock.egg-info/PKG-INFO
[3.264s] writing dependency_links to ../../build/action_autodock/action_autodock.egg-info/dependency_links.txt
[3.264s] writing entry points to ../../build/action_autodock/action_autodock.egg-info/entry_points.txt
[3.264s] writing requirements to ../../build/action_autodock/action_autodock.egg-info/requires.txt
[3.264s] writing top-level names to ../../build/action_autodock/action_autodock.egg-info/top_level.txt
[3.268s] reading manifest file '../../build/action_autodock/action_autodock.egg-info/SOURCES.txt'
[3.269s] adding license file 'LICENSE'
[3.269s] writing manifest file '../../build/action_autodock/action_autodock.egg-info/SOURCES.txt'
[3.271s] running build
[3.271s] running build_py
[3.274s] running install
[3.274s] running install_lib
[3.275s] running install_data
[3.276s] running install_egg_info
[3.277s] removing '/home/smr/workspaces/amrROS2_ws/install/action_autodock/lib/python3.10/site-packages/action_autodock-0.0.0-py3.10.egg-info' (and everything under it)
[3.289s] Copying ../../build/action_autodock/action_autodock.egg-info to /home/smr/workspaces/amrROS2_ws/install/action_autodock/lib/python3.10/site-packages/action_autodock-0.0.0-py3.10.egg-info
[3.290s] running install_scripts
[3.340s] Installing autodock_action_server script to /home/smr/workspaces/amrROS2_ws/install/action_autodock/lib/action_autodock
[3.340s] writing list of installed files to '/home/smr/workspaces/amrROS2_ws/build/action_autodock/install.log'
[3.471s] Invoked command in '/home/smr/workspaces/amrROS2_ws/src/action_autodock' returned '0': PYTHONPATH=/home/smr/workspaces/amrROS2_ws/build/action_autodock/prefix_override:/usr/lib/python3/dist-packages/colcon_core/task/python/colcon_distutils_commands:/home/smr/workspaces/amrROS2_ws/install/action_autodock/lib/python3.10/site-packages:${PYTHONPATH} /usr/bin/python3 -W ignore:setup.py install is deprecated setup.py egg_info --egg-base ../../build/action_autodock build --build-base /home/smr/workspaces/amrROS2_ws/build/action_autodock/build install --record /home/smr/workspaces/amrROS2_ws/build/action_autodock/install.log --single-version-externally-managed install_data
