[0.025s] Invoking command in '/home/smr/workspaces/amrROS2_ws/src/build/dock_lidar': AMENT_PREFIX_PATH=/home/smr/workspaces/amrROS2_ws/src/install/custom_interface:${AMENT_PREFIX_PATH} CMAKE_PREFIX_PATH=/home/smr/workspaces/amrROS2_ws/src/install/custom_interface:/home/smr/workspaces/amrROS2_ws/install/sllidar_ros2:/home/smr/workspaces/amrROS2_ws/install/navigation:/home/smr/workspaces/amrROS2_ws/install/micro_ros_setup:/home/smr/workspaces/amrROS2_ws/install/bringup:/home/smr/workspaces/amrROS2_ws/install/micro_ros_agent:/home/smr/workspaces/amrROS2_ws/install/micro_ros_msgs:/home/smr/workspaces/amrROS2_ws/install/example:/home/smr/workspaces/amrROS2_ws/install/description:/home/smr/workspaces/amrROS2_ws/install/python_pkg:/opt/ros/humble LD_LIBRARY_PATH=/home/smr/workspaces/amrROS2_ws/src/install/custom_interface/lib:${LD_LIBRARY_PATH} PYTHONPATH=/home/smr/workspaces/amrROS2_ws/src/install/custom_interface/local/lib/python3.10/dist-packages:${PYTHONPATH} /usr/bin/cmake /home/smr/workspaces/amrROS2_ws/src/dock_lidar -DCMAKE_INSTALL_PREFIX=/home/smr/workspaces/amrROS2_ws/src/install/dock_lidar
[0.200s] -- The C compiler identification is GNU 11.4.0
[0.310s] -- The CXX compiler identification is GNU 11.4.0
[0.369s] -- Detecting C compiler ABI info
[0.647s] -- Detecting C compiler ABI info - done
[0.668s] -- Check for working C compiler: /usr/bin/cc - skipped
[0.672s] -- Detecting C compile features
[0.674s] -- Detecting C compile features - done
[0.686s] -- Detecting CXX compiler ABI info
[0.901s] -- Detecting CXX compiler ABI info - done
[0.942s] -- Check for working CXX compiler: /usr/bin/c++ - skipped
[0.943s] -- Detecting CXX compile features
[0.944s] -- Detecting CXX compile features - done
[0.957s] -- Found ament_cmake: 1.3.10 (/opt/ros/humble/share/ament_cmake/cmake)
[1.407s] -- Found Python3: /usr/bin/python3 (found version "3.10.12") found components: Interpreter 
[1.685s] -- Found geometry_msgs: 4.2.4 (/opt/ros/humble/share/geometry_msgs/cmake)
[1.784s] -- Found rosidl_generator_c: 3.1.5 (/opt/ros/humble/share/rosidl_generator_c/cmake)
[1.799s] -- Found rosidl_adapter: 3.1.5 (/opt/ros/humble/share/rosidl_adapter/cmake)
[1.825s] -- Found rosidl_generator_cpp: 3.1.5 (/opt/ros/humble/share/rosidl_generator_cpp/cmake)
[1.869s] -- Using all available rosidl_typesupport_c: rosidl_typesupport_fastrtps_c;rosidl_typesupport_introspection_c
[1.910s] -- Using all available rosidl_typesupport_cpp: rosidl_typesupport_fastrtps_cpp;rosidl_typesupport_introspection_cpp
[2.024s] -- Found tf2: 0.25.7 (/opt/ros/humble/share/tf2/cmake)
[2.063s] -- Found tf2_ros: 0.25.7 (/opt/ros/humble/share/tf2_ros/cmake)
[2.262s] -- Found rmw_implementation_cmake: 6.1.2 (/opt/ros/humble/share/rmw_implementation_cmake/cmake)
[2.274s] -- Found rmw_cyclonedds_cpp: 1.3.4 (/opt/ros/humble/share/rmw_cyclonedds_cpp/cmake)
[2.348s] -- Using RMW implementation 'rmw_cyclonedds_cpp' as default
[2.375s] -- Looking for pthread.h
[2.602s] -- Looking for pthread.h - found
[2.604s] -- Performing Test CMAKE_HAVE_LIBC_PTHREAD
[2.829s] -- Performing Test CMAKE_HAVE_LIBC_PTHREAD - Success
[2.830s] -- Found Threads: TRUE  
[3.105s] -- Found tf2_geometry_msgs: 0.25.7 (/opt/ros/humble/share/tf2_geometry_msgs/cmake)
[3.146s] -- Found eigen3_cmake_module: 0.1.1 (/opt/ros/humble/share/eigen3_cmake_module/cmake)
[3.149s] -- Found Eigen3: TRUE (found version "3.4.0") 
[3.150s] -- Ensuring Eigen3 include directory is part of orocos-kdl CMake target
[3.159s] -- Found angles: 1.15.0 (/opt/ros/humble/share/angles/cmake)
[3.172s] -- Found sensor_msgs: 4.2.4 (/opt/ros/humble/share/sensor_msgs/cmake)
[3.226s] -- Found rclpy: 3.3.14 (/opt/ros/humble/share/rclpy/cmake)
[3.230s] -- Found nav_msgs: 4.2.4 (/opt/ros/humble/share/nav_msgs/cmake)
[3.281s] -- Found nav2_msgs: 1.1.16 (/opt/ros/humble/share/nav2_msgs/cmake)
[3.333s] -- Found custom_interface: 0.0.0 (/home/smr/workspaces/amrROS2_ws/src/install/custom_interface/share/custom_interface/cmake)
[3.373s] -- Found ament_lint_auto: 0.12.11 (/opt/ros/humble/share/ament_lint_auto/cmake)
[3.571s] -- Added test 'cppcheck' to perform static code analysis on C / C++ code
[3.571s] -- Configured cppcheck include dirs: $<BUILD_INTERFACE:/home/smr/workspaces/amrROS2_ws/src/dock_lidar/include>
[3.571s] -- Configured cppcheck exclude dirs and/or files: 
[3.574s] -- Added test 'lint_cmake' to check CMake code style
[3.576s] -- Added test 'uncrustify' to check C / C++ code style
[3.577s] -- Configured uncrustify additional arguments: 
[3.579s] -- Added test 'xmllint' to check XML markup files
[3.583s] -- Configuring done
[3.611s] -- Generating done
[3.614s] -- Build files have been written to: /home/smr/workspaces/amrROS2_ws/src/build/dock_lidar
[3.634s] Invoked command in '/home/smr/workspaces/amrROS2_ws/src/build/dock_lidar' returned '0': AMENT_PREFIX_PATH=/home/smr/workspaces/amrROS2_ws/src/install/custom_interface:${AMENT_PREFIX_PATH} CMAKE_PREFIX_PATH=/home/smr/workspaces/amrROS2_ws/src/install/custom_interface:/home/smr/workspaces/amrROS2_ws/install/sllidar_ros2:/home/smr/workspaces/amrROS2_ws/install/navigation:/home/smr/workspaces/amrROS2_ws/install/micro_ros_setup:/home/smr/workspaces/amrROS2_ws/install/bringup:/home/smr/workspaces/amrROS2_ws/install/micro_ros_agent:/home/smr/workspaces/amrROS2_ws/install/micro_ros_msgs:/home/smr/workspaces/amrROS2_ws/install/example:/home/smr/workspaces/amrROS2_ws/install/description:/home/smr/workspaces/amrROS2_ws/install/python_pkg:/opt/ros/humble LD_LIBRARY_PATH=/home/smr/workspaces/amrROS2_ws/src/install/custom_interface/lib:${LD_LIBRARY_PATH} PYTHONPATH=/home/smr/workspaces/amrROS2_ws/src/install/custom_interface/local/lib/python3.10/dist-packages:${PYTHONPATH} /usr/bin/cmake /home/smr/workspaces/amrROS2_ws/src/dock_lidar -DCMAKE_INSTALL_PREFIX=/home/smr/workspaces/amrROS2_ws/src/install/dock_lidar
[3.638s] Invoking command in '/home/smr/workspaces/amrROS2_ws/src/build/dock_lidar': AMENT_PREFIX_PATH=/home/smr/workspaces/amrROS2_ws/src/install/custom_interface:${AMENT_PREFIX_PATH} CMAKE_PREFIX_PATH=/home/smr/workspaces/amrROS2_ws/src/install/custom_interface:/home/smr/workspaces/amrROS2_ws/install/sllidar_ros2:/home/smr/workspaces/amrROS2_ws/install/navigation:/home/smr/workspaces/amrROS2_ws/install/micro_ros_setup:/home/smr/workspaces/amrROS2_ws/install/bringup:/home/smr/workspaces/amrROS2_ws/install/micro_ros_agent:/home/smr/workspaces/amrROS2_ws/install/micro_ros_msgs:/home/smr/workspaces/amrROS2_ws/install/example:/home/smr/workspaces/amrROS2_ws/install/description:/home/smr/workspaces/amrROS2_ws/install/python_pkg:/opt/ros/humble LD_LIBRARY_PATH=/home/smr/workspaces/amrROS2_ws/src/install/custom_interface/lib:${LD_LIBRARY_PATH} PYTHONPATH=/home/smr/workspaces/amrROS2_ws/src/install/custom_interface/local/lib/python3.10/dist-packages:${PYTHONPATH} /usr/bin/cmake --build /home/smr/workspaces/amrROS2_ws/src/build/dock_lidar -- -j8 -l8
[3.786s] [ 14%] [32mBuilding CXX object CMakeFiles/dock_coordinates.dir/src/laser_processor.cpp.o[0m
[3.787s] [ 28%] [32mBuilding CXX object CMakeFiles/dock_coordinates.dir/src/icp_2d.cpp.o[0m
[3.788s] [ 42%] [32mBuilding CXX object CMakeFiles/dock_coordinates.dir/src/dock_coordinates.cpp.o[0m
[3.801s] [ 57%] [32mBuilding CXX object CMakeFiles/dock_coordinates.dir/src/linear_pose_filter_2d.cpp.o[0m
[3.803s] [ 71%] [32mBuilding CXX object CMakeFiles/dock_coordinates.dir/src/tf2listener.cpp.o[0m
[3.804s] [ 85%] [32mBuilding CXX object CMakeFiles/dock_coordinates.dir/src/perception.cpp.o[0m
