[1.177s] Invoking command in '/home/smr/workspaces/amrROS2_ws/src/action_autodock': PYTHONPATH=/home/smr/workspaces/amrROS2_ws/build/action_autodock/prefix_override:/usr/lib/python3/dist-packages/colcon_core/task/python/colcon_distutils_commands:/home/smr/workspaces/amrROS2_ws/install/action_autodock/lib/python3.10/site-packages:${PYTHONPATH} /usr/bin/python3 -W ignore:setup.py install is deprecated setup.py egg_info --egg-base ../../build/action_autodock build --build-base /home/smr/workspaces/amrROS2_ws/build/action_autodock/build install --record /home/smr/workspaces/amrROS2_ws/build/action_autodock/install.log --single-version-externally-managed install_data
[1.627s] running egg_info
[1.628s] writing ../../build/action_autodock/action_autodock.egg-info/PKG-INFO
[1.629s] writing dependency_links to ../../build/action_autodock/action_autodock.egg-info/dependency_links.txt
[1.629s] writing entry points to ../../build/action_autodock/action_autodock.egg-info/entry_points.txt
[1.629s] writing requirements to ../../build/action_autodock/action_autodock.egg-info/requires.txt
[1.630s] writing top-level names to ../../build/action_autodock/action_autodock.egg-info/top_level.txt
[1.634s] reading manifest file '../../build/action_autodock/action_autodock.egg-info/SOURCES.txt'
[1.634s] adding license file 'LICENSE'
[1.637s] writing manifest file '../../build/action_autodock/action_autodock.egg-info/SOURCES.txt'
[1.638s] running build
[1.639s] running build_py
[1.639s] copying action_autodock/autodock_action_server.py -> /home/smr/workspaces/amrROS2_ws/build/action_autodock/build/lib/action_autodock
[1.639s] running install
[1.639s] running install_lib
[1.640s] copying /home/smr/workspaces/amrROS2_ws/build/action_autodock/build/lib/action_autodock/autodock_action_server.py -> /home/smr/workspaces/amrROS2_ws/install/action_autodock/lib/python3.10/site-packages/action_autodock
[1.640s] byte-compiling /home/smr/workspaces/amrROS2_ws/install/action_autodock/lib/python3.10/site-packages/action_autodock/autodock_action_server.py to autodock_action_server.cpython-310.pyc
[1.649s] running install_data
[1.650s] running install_egg_info
[1.653s] removing '/home/smr/workspaces/amrROS2_ws/install/action_autodock/lib/python3.10/site-packages/action_autodock-0.0.0-py3.10.egg-info' (and everything under it)
[1.654s] Copying ../../build/action_autodock/action_autodock.egg-info to /home/smr/workspaces/amrROS2_ws/install/action_autodock/lib/python3.10/site-packages/action_autodock-0.0.0-py3.10.egg-info
[1.654s] running install_scripts
[1.699s] Installing autodock_action_server script to /home/smr/workspaces/amrROS2_ws/install/action_autodock/lib/action_autodock
[1.699s] writing list of installed files to '/home/smr/workspaces/amrROS2_ws/build/action_autodock/install.log'
[1.787s] Invoked command in '/home/smr/workspaces/amrROS2_ws/src/action_autodock' returned '0': PYTHONPATH=/home/smr/workspaces/amrROS2_ws/build/action_autodock/prefix_override:/usr/lib/python3/dist-packages/colcon_core/task/python/colcon_distutils_commands:/home/smr/workspaces/amrROS2_ws/install/action_autodock/lib/python3.10/site-packages:${PYTHONPATH} /usr/bin/python3 -W ignore:setup.py install is deprecated setup.py egg_info --egg-base ../../build/action_autodock build --build-base /home/smr/workspaces/amrROS2_ws/build/action_autodock/build install --record /home/smr/workspaces/amrROS2_ws/build/action_autodock/install.log --single-version-externally-managed install_data
