[3.059s] Invoking command in '/home/smr/workspaces/amrROS2_ws/src/robot_data_tool': NX_CONNECTION=10.221.11.217 61303 10.221.11.152 4000 PYTHONPATH=/home/smr/workspaces/amrROS2_ws/build/robot_data_tool/prefix_override:/usr/lib/python3/dist-packages/colcon_core/task/python/colcon_distutils_commands:/home/smr/workspaces/amrROS2_ws/install/robot_data_tool/lib/python3.10/site-packages:${PYTHONPATH} /usr/bin/python3 -W ignore:setup.py install is deprecated setup.py egg_info --egg-base ../../build/robot_data_tool build --build-base /home/smr/workspaces/amrROS2_ws/build/robot_data_tool/build install --record /home/smr/workspaces/amrROS2_ws/build/robot_data_tool/install.log --single-version-externally-managed install_data
[3.427s] running egg_info
[3.428s] writing ../../build/robot_data_tool/robot_data_tool.egg-info/PKG-INFO
[3.428s] writing dependency_links to ../../build/robot_data_tool/robot_data_tool.egg-info/dependency_links.txt
[3.429s] writing entry points to ../../build/robot_data_tool/robot_data_tool.egg-info/entry_points.txt
[3.429s] writing requirements to ../../build/robot_data_tool/robot_data_tool.egg-info/requires.txt
[3.430s] writing top-level names to ../../build/robot_data_tool/robot_data_tool.egg-info/top_level.txt
[3.434s] reading manifest file '../../build/robot_data_tool/robot_data_tool.egg-info/SOURCES.txt'
[3.435s] writing manifest file '../../build/robot_data_tool/robot_data_tool.egg-info/SOURCES.txt'
[3.435s] running build
[3.435s] running build_py
[3.436s] running install
[3.437s] running install_lib
[3.439s] running install_data
[3.439s] running install_egg_info
[3.442s] removing '/home/smr/workspaces/amrROS2_ws/install/robot_data_tool/lib/python3.10/site-packages/robot_data_tool-0.0.0-py3.10.egg-info' (and everything under it)
[3.442s] Copying ../../build/robot_data_tool/robot_data_tool.egg-info to /home/smr/workspaces/amrROS2_ws/install/robot_data_tool/lib/python3.10/site-packages/robot_data_tool-0.0.0-py3.10.egg-info
[3.445s] running install_scripts
[3.489s] Installing absolute_origin_laser script to /home/smr/workspaces/amrROS2_ws/install/robot_data_tool/lib/robot_data_tool
[3.490s] Installing map_pose_provider script to /home/smr/workspaces/amrROS2_ws/install/robot_data_tool/lib/robot_data_tool
[3.490s] Installing robot_detail script to /home/smr/workspaces/amrROS2_ws/install/robot_data_tool/lib/robot_data_tool
[3.490s] writing list of installed files to '/home/smr/workspaces/amrROS2_ws/build/robot_data_tool/install.log'
[3.574s] Invoked command in '/home/smr/workspaces/amrROS2_ws/src/robot_data_tool' returned '0': NX_CONNECTION=10.221.11.217 61303 10.221.11.152 4000 PYTHONPATH=/home/smr/workspaces/amrROS2_ws/build/robot_data_tool/prefix_override:/usr/lib/python3/dist-packages/colcon_core/task/python/colcon_distutils_commands:/home/smr/workspaces/amrROS2_ws/install/robot_data_tool/lib/python3.10/site-packages:${PYTHONPATH} /usr/bin/python3 -W ignore:setup.py install is deprecated setup.py egg_info --egg-base ../../build/robot_data_tool build --build-base /home/smr/workspaces/amrROS2_ws/build/robot_data_tool/build install --record /home/smr/workspaces/amrROS2_ws/build/robot_data_tool/install.log --single-version-externally-managed install_data
