[0.705s] Invoking command in '/home/smr/workspaces/amrROS2_ws/src/build/navigation': CMAKE_PREFIX_PATH=${CMAKE_PREFIX_PATH}:/home/smr/workspaces/amrROS2_ws/install/python_pkg:/opt/ros/humble /usr/bin/cmake /home/smr/workspaces/amrROS2_ws/src/navigation -DCMAKE_INSTALL_PREFIX=/home/smr/workspaces/amrROS2_ws/src/install/navigation
[1.086s] -- The C compiler identification is GNU 11.4.0
[1.433s] -- The CXX compiler identification is GNU 11.4.0
[1.486s] -- Detecting C compiler ABI info
[1.792s] -- Detecting C compiler ABI info - done
[1.808s] -- Check for working C compiler: /usr/bin/cc - skipped
[1.809s] -- Detecting C compile features
[1.827s] -- Detecting C compile features - done
[1.830s] -- Detecting CXX compiler ABI info
[2.271s] -- Detecting CXX compiler ABI info - done
[2.340s] -- Check for working CXX compiler: /usr/bin/c++ - skipped
[2.341s] -- Detecting CXX compile features
[2.361s] -- Detecting CXX compile features - done
[2.390s] -- Found ament_cmake: 1.3.10 (/opt/ros/humble/share/ament_cmake/cmake)
[3.318s] -- Found Python3: /usr/bin/python3 (found version "3.10.12") found components: Interpreter 
[3.716s] -- Found ament_lint_auto: 0.12.11 (/opt/ros/humble/share/ament_lint_auto/cmake)
[4.048s] -- Added test 'flake8' to check Python code syntax and style conventions
[4.049s] -- Added test 'lint_cmake' to check CMake code style
[4.049s] -- Added test 'pep257' to check Python code against some of the docstring style conventions in PEP 257
[4.053s] -- Added test 'xmllint' to check XML markup files
[4.058s] -- Configuring done
[4.059s] -- Generating done
[4.060s] -- Build files have been written to: /home/smr/workspaces/amrROS2_ws/src/build/navigation
[4.116s] Invoked command in '/home/smr/workspaces/amrROS2_ws/src/build/navigation' returned '0': CMAKE_PREFIX_PATH=${CMAKE_PREFIX_PATH}:/home/smr/workspaces/amrROS2_ws/install/python_pkg:/opt/ros/humble /usr/bin/cmake /home/smr/workspaces/amrROS2_ws/src/navigation -DCMAKE_INSTALL_PREFIX=/home/smr/workspaces/amrROS2_ws/src/install/navigation
[4.117s] Invoking command in '/home/smr/workspaces/amrROS2_ws/src/build/navigation': CMAKE_PREFIX_PATH=${CMAKE_PREFIX_PATH}:/home/smr/workspaces/amrROS2_ws/install/python_pkg:/opt/ros/humble /usr/bin/cmake --build /home/smr/workspaces/amrROS2_ws/src/build/navigation -- -j8 -l8
[4.401s] Invoked command in '/home/smr/workspaces/amrROS2_ws/src/build/navigation' returned '0': CMAKE_PREFIX_PATH=${CMAKE_PREFIX_PATH}:/home/smr/workspaces/amrROS2_ws/install/python_pkg:/opt/ros/humble /usr/bin/cmake --build /home/smr/workspaces/amrROS2_ws/src/build/navigation -- -j8 -l8
[4.661s] Invoking command in '/home/smr/workspaces/amrROS2_ws/src/build/navigation': CMAKE_PREFIX_PATH=${CMAKE_PREFIX_PATH}:/home/smr/workspaces/amrROS2_ws/install/python_pkg:/opt/ros/humble /usr/bin/cmake --install /home/smr/workspaces/amrROS2_ws/src/build/navigation
[4.678s] -- Install configuration: ""
[4.680s] -- Installing: /home/smr/workspaces/amrROS2_ws/src/install/navigation/share/navigation/launch
[4.680s] -- Installing: /home/smr/workspaces/amrROS2_ws/src/install/navigation/share/navigation/launch/navigation_launch.py
[4.680s] -- Installing: /home/smr/workspaces/amrROS2_ws/src/install/navigation/share/navigation/launch/collision_monitor_node.launch.py
[4.680s] -- Installing: /home/smr/workspaces/amrROS2_ws/src/install/navigation/share/navigation/launch/navigation.launch.py
[4.680s] -- Installing: /home/smr/workspaces/amrROS2_ws/src/install/navigation/share/navigation/launch/slam.launch.py
[4.680s] -- Installing: /home/smr/workspaces/amrROS2_ws/src/install/navigation/share/navigation/config
[4.680s] -- Installing: /home/smr/workspaces/amrROS2_ws/src/install/navigation/share/navigation/config/navigation.yaml
[4.680s] -- Installing: /home/smr/workspaces/amrROS2_ws/src/install/navigation/share/navigation/config/slam_localization.yaml
[4.680s] -- Installing: /home/smr/workspaces/amrROS2_ws/src/install/navigation/share/navigation/config/mapper_params_online_async.yaml
[4.680s] -- Installing: /home/smr/workspaces/amrROS2_ws/src/install/navigation/share/navigation/config/collision_monitor_params.yaml
[4.680s] -- Installing: /home/smr/workspaces/amrROS2_ws/src/install/navigation/share/navigation/rviz
[4.680s] -- Installing: /home/smr/workspaces/amrROS2_ws/src/install/navigation/share/navigation/rviz/slam.rviz
[4.681s] -- Installing: /home/smr/workspaces/amrROS2_ws/src/install/navigation/share/navigation/rviz/navigation.rviz
[4.681s] -- Installing: /home/smr/workspaces/amrROS2_ws/src/install/navigation/share/navigation/maps
[4.681s] -- Installing: /home/smr/workspaces/amrROS2_ws/src/install/navigation/share/navigation/maps/Turtlebot_Arena_map.yaml
[4.681s] -- Installing: /home/smr/workspaces/amrROS2_ws/src/install/navigation/share/navigation/maps/Turtlebot_Arena_map.pgm
[4.681s] -- Installing: /home/smr/workspaces/amrROS2_ws/src/install/navigation/share/ament_index/resource_index/package_run_dependencies/navigation
[4.681s] -- Installing: /home/smr/workspaces/amrROS2_ws/src/install/navigation/share/ament_index/resource_index/parent_prefix_path/navigation
[4.681s] -- Installing: /home/smr/workspaces/amrROS2_ws/src/install/navigation/share/navigation/environment/ament_prefix_path.sh
[4.681s] -- Installing: /home/smr/workspaces/amrROS2_ws/src/install/navigation/share/navigation/environment/ament_prefix_path.dsv
[4.681s] -- Installing: /home/smr/workspaces/amrROS2_ws/src/install/navigation/share/navigation/environment/path.sh
[4.681s] -- Installing: /home/smr/workspaces/amrROS2_ws/src/install/navigation/share/navigation/environment/path.dsv
[4.681s] -- Installing: /home/smr/workspaces/amrROS2_ws/src/install/navigation/share/navigation/local_setup.bash
[4.681s] -- Installing: /home/smr/workspaces/amrROS2_ws/src/install/navigation/share/navigation/local_setup.sh
[4.683s] -- Installing: /home/smr/workspaces/amrROS2_ws/src/install/navigation/share/navigation/local_setup.zsh
[4.684s] -- Installing: /home/smr/workspaces/amrROS2_ws/src/install/navigation/share/navigation/local_setup.dsv
[4.684s] -- Installing: /home/smr/workspaces/amrROS2_ws/src/install/navigation/share/navigation/package.dsv
[4.684s] -- Installing: /home/smr/workspaces/amrROS2_ws/src/install/navigation/share/ament_index/resource_index/packages/navigation
[4.684s] -- Installing: /home/smr/workspaces/amrROS2_ws/src/install/navigation/share/navigation/cmake/navigationConfig.cmake
[4.684s] -- Installing: /home/smr/workspaces/amrROS2_ws/src/install/navigation/share/navigation/cmake/navigationConfig-version.cmake
[4.684s] -- Installing: /home/smr/workspaces/amrROS2_ws/src/install/navigation/share/navigation/package.xml
[4.686s] Invoked command in '/home/smr/workspaces/amrROS2_ws/src/build/navigation' returned '0': CMAKE_PREFIX_PATH=${CMAKE_PREFIX_PATH}:/home/smr/workspaces/amrROS2_ws/install/python_pkg:/opt/ros/humble /usr/bin/cmake --install /home/smr/workspaces/amrROS2_ws/src/build/navigation
