[0.100s] Invoking command in '/home/smr/workspaces/amrROS2_ws/build/micro_ros_msgs': CMAKE_PREFIX_PATH=${CMAKE_PREFIX_PATH}:/home/smr/workspaces/amrROS2_ws/install/robot_nav_tool:/home/smr/workspaces/amrROS2_ws/install/robot_data_tool:/home/smr/workspaces/amrROS2_ws/install/python_pkg:/home/smr/workspaces/amrROS2_ws/install/action_autodock:/opt/ros/humble /usr/bin/cmake --build /home/smr/workspaces/amrROS2_ws/build/micro_ros_msgs -- -j8 -l8
[0.773s] [  2%] Built target micro_ros_msgs__cpp
[0.774s] [  2%] Built target ament_cmake_python_copy_micro_ros_msgs
[0.775s] [ 12%] Built target micro_ros_msgs__rosidl_generator_c
[0.776s] [ 23%] Built target micro_ros_msgs__rosidl_typesupport_cpp
[0.776s] [ 34%] Built target micro_ros_msgs__rosidl_typesupport_fastrtps_cpp
[0.777s] [ 44%] Built target micro_ros_msgs__rosidl_typesupport_introspection_cpp
[0.778s] [ 55%] Built target micro_ros_msgs__rosidl_typesupport_fastrtps_c
[0.778s] [ 65%] Built target micro_ros_msgs__rosidl_typesupport_c
[0.779s] [ 76%] Built target micro_ros_msgs__rosidl_typesupport_introspection_c
[0.779s] [ 76%] Built target micro_ros_msgs
[0.780s] [ 78%] Built target micro_ros_msgs__py
[0.816s] [ 87%] Built target micro_ros_msgs__rosidl_generator_py
[0.959s] [ 91%] Built target micro_ros_msgs__rosidl_typesupport_fastrtps_c__pyext
[0.995s] [100%] Built target micro_ros_msgs__rosidl_typesupport_introspection_c__pyext
[0.995s] [ 95%] Built target micro_ros_msgs__rosidl_typesupport_c__pyext
[1.107s] running egg_info
[1.114s] writing micro_ros_msgs.egg-info/PKG-INFO
[1.116s] writing dependency_links to micro_ros_msgs.egg-info/dependency_links.txt
[1.117s] writing top-level names to micro_ros_msgs.egg-info/top_level.txt
[1.118s] reading manifest file 'micro_ros_msgs.egg-info/SOURCES.txt'
[1.119s] writing manifest file 'micro_ros_msgs.egg-info/SOURCES.txt'
[1.213s] [100%] Built target ament_cmake_python_build_micro_ros_msgs_egg
[1.476s] Invoked command in '/home/smr/workspaces/amrROS2_ws/build/micro_ros_msgs' returned '0': CMAKE_PREFIX_PATH=${CMAKE_PREFIX_PATH}:/home/smr/workspaces/amrROS2_ws/install/robot_nav_tool:/home/smr/workspaces/amrROS2_ws/install/robot_data_tool:/home/smr/workspaces/amrROS2_ws/install/python_pkg:/home/smr/workspaces/amrROS2_ws/install/action_autodock:/opt/ros/humble /usr/bin/cmake --build /home/smr/workspaces/amrROS2_ws/build/micro_ros_msgs -- -j8 -l8
[2.104s] Invoking command in '/home/smr/workspaces/amrROS2_ws/build/micro_ros_msgs': CMAKE_PREFIX_PATH=${CMAKE_PREFIX_PATH}:/home/smr/workspaces/amrROS2_ws/install/robot_nav_tool:/home/smr/workspaces/amrROS2_ws/install/robot_data_tool:/home/smr/workspaces/amrROS2_ws/install/python_pkg:/home/smr/workspaces/amrROS2_ws/install/action_autodock:/opt/ros/humble /usr/bin/cmake --install /home/smr/workspaces/amrROS2_ws/build/micro_ros_msgs
[2.183s] -- Install configuration: ""
[2.184s] -- Up-to-date: /home/smr/workspaces/amrROS2_ws/install/micro_ros_msgs/share/ament_index/resource_index/rosidl_interfaces/micro_ros_msgs
[2.184s] -- Up-to-date: /home/smr/workspaces/amrROS2_ws/install/micro_ros_msgs/include/micro_ros_msgs/micro_ros_msgs
[2.184s] -- Up-to-date: /home/smr/workspaces/amrROS2_ws/install/micro_ros_msgs/include/micro_ros_msgs/micro_ros_msgs/msg
[2.184s] -- Up-to-date: /home/smr/workspaces/amrROS2_ws/install/micro_ros_msgs/include/micro_ros_msgs/micro_ros_msgs/msg/node.h
[2.184s] -- Up-to-date: /home/smr/workspaces/amrROS2_ws/install/micro_ros_msgs/include/micro_ros_msgs/micro_ros_msgs/msg/detail
[2.184s] -- Up-to-date: /home/smr/workspaces/amrROS2_ws/install/micro_ros_msgs/include/micro_ros_msgs/micro_ros_msgs/msg/detail/node__functions.h
[2.184s] -- Up-to-date: /home/smr/workspaces/amrROS2_ws/install/micro_ros_msgs/include/micro_ros_msgs/micro_ros_msgs/msg/detail/graph__functions.c
[2.185s] -- Up-to-date: /home/smr/workspaces/amrROS2_ws/install/micro_ros_msgs/include/micro_ros_msgs/micro_ros_msgs/msg/detail/entity__struct.h
[2.185s] -- Up-to-date: /home/smr/workspaces/amrROS2_ws/install/micro_ros_msgs/include/micro_ros_msgs/micro_ros_msgs/msg/detail/node__struct.h
[2.185s] -- Up-to-date: /home/smr/workspaces/amrROS2_ws/install/micro_ros_msgs/include/micro_ros_msgs/micro_ros_msgs/msg/detail/node__functions.c
[2.185s] -- Up-to-date: /home/smr/workspaces/amrROS2_ws/install/micro_ros_msgs/include/micro_ros_msgs/micro_ros_msgs/msg/detail/graph__functions.h
[2.185s] -- Up-to-date: /home/smr/workspaces/amrROS2_ws/install/micro_ros_msgs/include/micro_ros_msgs/micro_ros_msgs/msg/detail/entity__type_support.h
[2.185s] -- Up-to-date: /home/smr/workspaces/amrROS2_ws/install/micro_ros_msgs/include/micro_ros_msgs/micro_ros_msgs/msg/detail/entity__functions.c
[2.185s] -- Up-to-date: /home/smr/workspaces/amrROS2_ws/install/micro_ros_msgs/include/micro_ros_msgs/micro_ros_msgs/msg/detail/graph__type_support.h
[2.185s] -- Up-to-date: /home/smr/workspaces/amrROS2_ws/install/micro_ros_msgs/include/micro_ros_msgs/micro_ros_msgs/msg/detail/node__type_support.h
[2.185s] -- Up-to-date: /home/smr/workspaces/amrROS2_ws/install/micro_ros_msgs/include/micro_ros_msgs/micro_ros_msgs/msg/detail/entity__functions.h
[2.185s] -- Up-to-date: /home/smr/workspaces/amrROS2_ws/install/micro_ros_msgs/include/micro_ros_msgs/micro_ros_msgs/msg/detail/graph__struct.h
[2.185s] -- Up-to-date: /home/smr/workspaces/amrROS2_ws/install/micro_ros_msgs/include/micro_ros_msgs/micro_ros_msgs/msg/rosidl_generator_c__visibility_control.h
[2.185s] -- Up-to-date: /home/smr/workspaces/amrROS2_ws/install/micro_ros_msgs/include/micro_ros_msgs/micro_ros_msgs/msg/graph.h
[2.186s] -- Up-to-date: /home/smr/workspaces/amrROS2_ws/install/micro_ros_msgs/include/micro_ros_msgs/micro_ros_msgs/msg/entity.h
[2.186s] -- Up-to-date: /home/smr/workspaces/amrROS2_ws/install/micro_ros_msgs/share/micro_ros_msgs/environment/library_path.sh
[2.186s] -- Up-to-date: /home/smr/workspaces/amrROS2_ws/install/micro_ros_msgs/share/micro_ros_msgs/environment/library_path.dsv
[2.186s] -- Up-to-date: /home/smr/workspaces/amrROS2_ws/install/micro_ros_msgs/lib/libmicro_ros_msgs__rosidl_generator_c.so
[2.186s] -- Up-to-date: /home/smr/workspaces/amrROS2_ws/install/micro_ros_msgs/include/micro_ros_msgs/micro_ros_msgs
[2.186s] -- Up-to-date: /home/smr/workspaces/amrROS2_ws/install/micro_ros_msgs/include/micro_ros_msgs/micro_ros_msgs/msg
[2.186s] -- Up-to-date: /home/smr/workspaces/amrROS2_ws/install/micro_ros_msgs/include/micro_ros_msgs/micro_ros_msgs/msg/detail
[2.186s] -- Up-to-date: /home/smr/workspaces/amrROS2_ws/install/micro_ros_msgs/include/micro_ros_msgs/micro_ros_msgs/msg/detail/node__rosidl_typesupport_fastrtps_c.h
[2.186s] -- Up-to-date: /home/smr/workspaces/amrROS2_ws/install/micro_ros_msgs/include/micro_ros_msgs/micro_ros_msgs/msg/detail/entity__rosidl_typesupport_fastrtps_c.h
[2.186s] -- Up-to-date: /home/smr/workspaces/amrROS2_ws/install/micro_ros_msgs/include/micro_ros_msgs/micro_ros_msgs/msg/detail/graph__rosidl_typesupport_fastrtps_c.h
[2.186s] -- Up-to-date: /home/smr/workspaces/amrROS2_ws/install/micro_ros_msgs/include/micro_ros_msgs/micro_ros_msgs/msg/rosidl_typesupport_fastrtps_c__visibility_control.h
[2.187s] -- Up-to-date: /home/smr/workspaces/amrROS2_ws/install/micro_ros_msgs/lib/libmicro_ros_msgs__rosidl_typesupport_fastrtps_c.so
[2.187s] -- Up-to-date: /home/smr/workspaces/amrROS2_ws/install/micro_ros_msgs/include/micro_ros_msgs/micro_ros_msgs
[2.187s] -- Up-to-date: /home/smr/workspaces/amrROS2_ws/install/micro_ros_msgs/include/micro_ros_msgs/micro_ros_msgs/msg
[2.187s] -- Up-to-date: /home/smr/workspaces/amrROS2_ws/install/micro_ros_msgs/include/micro_ros_msgs/micro_ros_msgs/msg/detail
[2.193s] -- Up-to-date: /home/smr/workspaces/amrROS2_ws/install/micro_ros_msgs/include/micro_ros_msgs/micro_ros_msgs/msg/detail/node__type_support.c
[2.193s] -- Up-to-date: /home/smr/workspaces/amrROS2_ws/install/micro_ros_msgs/include/micro_ros_msgs/micro_ros_msgs/msg/detail/entity__rosidl_typesupport_introspection_c.h
[2.193s] -- Up-to-date: /home/smr/workspaces/amrROS2_ws/install/micro_ros_msgs/include/micro_ros_msgs/micro_ros_msgs/msg/detail/graph__type_support.c
[2.193s] -- Up-to-date: /home/smr/workspaces/amrROS2_ws/install/micro_ros_msgs/include/micro_ros_msgs/micro_ros_msgs/msg/detail/graph__rosidl_typesupport_introspection_c.h
[2.193s] -- Up-to-date: /home/smr/workspaces/amrROS2_ws/install/micro_ros_msgs/include/micro_ros_msgs/micro_ros_msgs/msg/detail/node__rosidl_typesupport_introspection_c.h
[2.193s] -- Up-to-date: /home/smr/workspaces/amrROS2_ws/install/micro_ros_msgs/include/micro_ros_msgs/micro_ros_msgs/msg/detail/entity__type_support.c
[2.193s] -- Up-to-date: /home/smr/workspaces/amrROS2_ws/install/micro_ros_msgs/include/micro_ros_msgs/micro_ros_msgs/msg/rosidl_typesupport_introspection_c__visibility_control.h
[2.193s] -- Up-to-date: /home/smr/workspaces/amrROS2_ws/install/micro_ros_msgs/lib/libmicro_ros_msgs__rosidl_typesupport_introspection_c.so
[2.194s] -- Up-to-date: /home/smr/workspaces/amrROS2_ws/install/micro_ros_msgs/lib/libmicro_ros_msgs__rosidl_typesupport_c.so
[2.194s] -- Up-to-date: /home/smr/workspaces/amrROS2_ws/install/micro_ros_msgs/include/micro_ros_msgs/micro_ros_msgs
[2.194s] -- Up-to-date: /home/smr/workspaces/amrROS2_ws/install/micro_ros_msgs/include/micro_ros_msgs/micro_ros_msgs/msg
[2.194s] -- Up-to-date: /home/smr/workspaces/amrROS2_ws/install/micro_ros_msgs/include/micro_ros_msgs/micro_ros_msgs/msg/detail
[2.194s] -- Up-to-date: /home/smr/workspaces/amrROS2_ws/install/micro_ros_msgs/include/micro_ros_msgs/micro_ros_msgs/msg/detail/entity__traits.hpp
[2.194s] -- Up-to-date: /home/smr/workspaces/amrROS2_ws/install/micro_ros_msgs/include/micro_ros_msgs/micro_ros_msgs/msg/detail/node__traits.hpp
[2.195s] -- Up-to-date: /home/smr/workspaces/amrROS2_ws/install/micro_ros_msgs/include/micro_ros_msgs/micro_ros_msgs/msg/detail/entity__struct.hpp
[2.195s] -- Up-to-date: /home/smr/workspaces/amrROS2_ws/install/micro_ros_msgs/include/micro_ros_msgs/micro_ros_msgs/msg/detail/graph__traits.hpp
[2.195s] -- Up-to-date: /home/smr/workspaces/amrROS2_ws/install/micro_ros_msgs/include/micro_ros_msgs/micro_ros_msgs/msg/detail/graph__builder.hpp
[2.195s] -- Up-to-date: /home/smr/workspaces/amrROS2_ws/install/micro_ros_msgs/include/micro_ros_msgs/micro_ros_msgs/msg/detail/node__struct.hpp
[2.195s] -- Up-to-date: /home/smr/workspaces/amrROS2_ws/install/micro_ros_msgs/include/micro_ros_msgs/micro_ros_msgs/msg/detail/graph__struct.hpp
[2.195s] -- Up-to-date: /home/smr/workspaces/amrROS2_ws/install/micro_ros_msgs/include/micro_ros_msgs/micro_ros_msgs/msg/detail/node__builder.hpp
[2.195s] -- Up-to-date: /home/smr/workspaces/amrROS2_ws/install/micro_ros_msgs/include/micro_ros_msgs/micro_ros_msgs/msg/detail/entity__builder.hpp
[2.196s] -- Up-to-date: /home/smr/workspaces/amrROS2_ws/install/micro_ros_msgs/include/micro_ros_msgs/micro_ros_msgs/msg/node.hpp
[2.196s] -- Up-to-date: /home/smr/workspaces/amrROS2_ws/install/micro_ros_msgs/include/micro_ros_msgs/micro_ros_msgs/msg/graph.hpp
[2.196s] -- Up-to-date: /home/smr/workspaces/amrROS2_ws/install/micro_ros_msgs/include/micro_ros_msgs/micro_ros_msgs/msg/entity.hpp
[2.196s] -- Up-to-date: /home/smr/workspaces/amrROS2_ws/install/micro_ros_msgs/include/micro_ros_msgs/micro_ros_msgs
[2.196s] -- Up-to-date: /home/smr/workspaces/amrROS2_ws/install/micro_ros_msgs/include/micro_ros_msgs/micro_ros_msgs/msg
[2.196s] -- Up-to-date: /home/smr/workspaces/amrROS2_ws/install/micro_ros_msgs/include/micro_ros_msgs/micro_ros_msgs/msg/detail
[2.196s] -- Up-to-date: /home/smr/workspaces/amrROS2_ws/install/micro_ros_msgs/include/micro_ros_msgs/micro_ros_msgs/msg/detail/entity__rosidl_typesupport_fastrtps_cpp.hpp
[2.196s] -- Up-to-date: /home/smr/workspaces/amrROS2_ws/install/micro_ros_msgs/include/micro_ros_msgs/micro_ros_msgs/msg/detail/graph__rosidl_typesupport_fastrtps_cpp.hpp
[2.196s] -- Up-to-date: /home/smr/workspaces/amrROS2_ws/install/micro_ros_msgs/include/micro_ros_msgs/micro_ros_msgs/msg/detail/dds_fastrtps
[2.196s] -- Up-to-date: /home/smr/workspaces/amrROS2_ws/install/micro_ros_msgs/include/micro_ros_msgs/micro_ros_msgs/msg/detail/node__rosidl_typesupport_fastrtps_cpp.hpp
[2.196s] -- Up-to-date: /home/smr/workspaces/amrROS2_ws/install/micro_ros_msgs/include/micro_ros_msgs/micro_ros_msgs/msg/rosidl_typesupport_fastrtps_cpp__visibility_control.h
[2.196s] -- Up-to-date: /home/smr/workspaces/amrROS2_ws/install/micro_ros_msgs/lib/libmicro_ros_msgs__rosidl_typesupport_fastrtps_cpp.so
[2.197s] -- Up-to-date: /home/smr/workspaces/amrROS2_ws/install/micro_ros_msgs/include/micro_ros_msgs/micro_ros_msgs
[2.197s] -- Up-to-date: /home/smr/workspaces/amrROS2_ws/install/micro_ros_msgs/include/micro_ros_msgs/micro_ros_msgs/msg
[2.197s] -- Up-to-date: /home/smr/workspaces/amrROS2_ws/install/micro_ros_msgs/include/micro_ros_msgs/micro_ros_msgs/msg/detail
[2.197s] -- Up-to-date: /home/smr/workspaces/amrROS2_ws/install/micro_ros_msgs/include/micro_ros_msgs/micro_ros_msgs/msg/detail/node__type_support.cpp
[2.197s] -- Up-to-date: /home/smr/workspaces/amrROS2_ws/install/micro_ros_msgs/include/micro_ros_msgs/micro_ros_msgs/msg/detail/node__rosidl_typesupport_introspection_cpp.hpp
[2.197s] -- Up-to-date: /home/smr/workspaces/amrROS2_ws/install/micro_ros_msgs/include/micro_ros_msgs/micro_ros_msgs/msg/detail/graph__rosidl_typesupport_introspection_cpp.hpp
[2.197s] -- Up-to-date: /home/smr/workspaces/amrROS2_ws/install/micro_ros_msgs/include/micro_ros_msgs/micro_ros_msgs/msg/detail/entity__rosidl_typesupport_introspection_cpp.hpp
[2.197s] -- Up-to-date: /home/smr/workspaces/amrROS2_ws/install/micro_ros_msgs/include/micro_ros_msgs/micro_ros_msgs/msg/detail/entity__type_support.cpp
[2.197s] -- Up-to-date: /home/smr/workspaces/amrROS2_ws/install/micro_ros_msgs/include/micro_ros_msgs/micro_ros_msgs/msg/detail/graph__type_support.cpp
[2.197s] -- Up-to-date: /home/smr/workspaces/amrROS2_ws/install/micro_ros_msgs/lib/libmicro_ros_msgs__rosidl_typesupport_introspection_cpp.so
[2.197s] -- Up-to-date: /home/smr/workspaces/amrROS2_ws/install/micro_ros_msgs/lib/libmicro_ros_msgs__rosidl_typesupport_cpp.so
[2.197s] -- Up-to-date: /home/smr/workspaces/amrROS2_ws/install/micro_ros_msgs/share/micro_ros_msgs/environment/pythonpath.sh
[2.198s] -- Up-to-date: /home/smr/workspaces/amrROS2_ws/install/micro_ros_msgs/share/micro_ros_msgs/environment/pythonpath.dsv
[2.198s] -- Up-to-date: /home/smr/workspaces/amrROS2_ws/install/micro_ros_msgs/local/lib/python3.10/dist-packages/micro_ros_msgs-3.0.1-py3.10.egg-info
[2.198s] -- Installing: /home/smr/workspaces/amrROS2_ws/install/micro_ros_msgs/local/lib/python3.10/dist-packages/micro_ros_msgs-3.0.1-py3.10.egg-info/dependency_links.txt
[2.198s] -- Installing: /home/smr/workspaces/amrROS2_ws/install/micro_ros_msgs/local/lib/python3.10/dist-packages/micro_ros_msgs-3.0.1-py3.10.egg-info/top_level.txt
[2.198s] -- Installing: /home/smr/workspaces/amrROS2_ws/install/micro_ros_msgs/local/lib/python3.10/dist-packages/micro_ros_msgs-3.0.1-py3.10.egg-info/SOURCES.txt
[2.198s] -- Installing: /home/smr/workspaces/amrROS2_ws/install/micro_ros_msgs/local/lib/python3.10/dist-packages/micro_ros_msgs-3.0.1-py3.10.egg-info/PKG-INFO
[2.198s] -- Up-to-date: /home/smr/workspaces/amrROS2_ws/install/micro_ros_msgs/local/lib/python3.10/dist-packages/micro_ros_msgs
[2.198s] -- Up-to-date: /home/smr/workspaces/amrROS2_ws/install/micro_ros_msgs/local/lib/python3.10/dist-packages/micro_ros_msgs/micro_ros_msgs_s__rosidl_typesupport_introspection_c.cpython-310-aarch64-linux-gnu.so
[2.198s] -- Up-to-date: /home/smr/workspaces/amrROS2_ws/install/micro_ros_msgs/local/lib/python3.10/dist-packages/micro_ros_msgs/_micro_ros_msgs_s.ep.rosidl_typesupport_c.c
[2.198s] -- Up-to-date: /home/smr/workspaces/amrROS2_ws/install/micro_ros_msgs/local/lib/python3.10/dist-packages/micro_ros_msgs/_micro_ros_msgs_s.ep.rosidl_typesupport_introspection_c.c
[2.198s] -- Up-to-date: /home/smr/workspaces/amrROS2_ws/install/micro_ros_msgs/local/lib/python3.10/dist-packages/micro_ros_msgs/msg
[2.199s] -- Up-to-date: /home/smr/workspaces/amrROS2_ws/install/micro_ros_msgs/local/lib/python3.10/dist-packages/micro_ros_msgs/msg/_node.py
[2.199s] -- Up-to-date: /home/smr/workspaces/amrROS2_ws/install/micro_ros_msgs/local/lib/python3.10/dist-packages/micro_ros_msgs/msg/_graph_s.c
[2.199s] -- Up-to-date: /home/smr/workspaces/amrROS2_ws/install/micro_ros_msgs/local/lib/python3.10/dist-packages/micro_ros_msgs/msg/_graph.py
[2.199s] -- Up-to-date: /home/smr/workspaces/amrROS2_ws/install/micro_ros_msgs/local/lib/python3.10/dist-packages/micro_ros_msgs/msg/_entity_s.c
[2.199s] -- Up-to-date: /home/smr/workspaces/amrROS2_ws/install/micro_ros_msgs/local/lib/python3.10/dist-packages/micro_ros_msgs/msg/_node_s.c
[2.199s] -- Up-to-date: /home/smr/workspaces/amrROS2_ws/install/micro_ros_msgs/local/lib/python3.10/dist-packages/micro_ros_msgs/msg/_entity.py
[2.199s] -- Up-to-date: /home/smr/workspaces/amrROS2_ws/install/micro_ros_msgs/local/lib/python3.10/dist-packages/micro_ros_msgs/msg/__init__.py
[2.199s] -- Up-to-date: /home/smr/workspaces/amrROS2_ws/install/micro_ros_msgs/local/lib/python3.10/dist-packages/micro_ros_msgs/libmicro_ros_msgs__rosidl_generator_py.so
[2.199s] -- Up-to-date: /home/smr/workspaces/amrROS2_ws/install/micro_ros_msgs/local/lib/python3.10/dist-packages/micro_ros_msgs/_micro_ros_msgs_s.ep.rosidl_typesupport_fastrtps_c.c
[2.199s] -- Up-to-date: /home/smr/workspaces/amrROS2_ws/install/micro_ros_msgs/local/lib/python3.10/dist-packages/micro_ros_msgs/micro_ros_msgs_s__rosidl_typesupport_fastrtps_c.cpython-310-aarch64-linux-gnu.so
[2.199s] -- Up-to-date: /home/smr/workspaces/amrROS2_ws/install/micro_ros_msgs/local/lib/python3.10/dist-packages/micro_ros_msgs/micro_ros_msgs_s__rosidl_typesupport_c.cpython-310-aarch64-linux-gnu.so
[2.200s] -- Up-to-date: /home/smr/workspaces/amrROS2_ws/install/micro_ros_msgs/local/lib/python3.10/dist-packages/micro_ros_msgs/__init__.py
[5.736s] Listing '/home/smr/workspaces/amrROS2_ws/install/micro_ros_msgs/local/lib/python3.10/dist-packages/micro_ros_msgs'...
[5.736s] Listing '/home/smr/workspaces/amrROS2_ws/install/micro_ros_msgs/local/lib/python3.10/dist-packages/micro_ros_msgs/msg'...
[5.736s] -- Up-to-date: /home/smr/workspaces/amrROS2_ws/install/micro_ros_msgs/local/lib/python3.10/dist-packages/micro_ros_msgs/micro_ros_msgs_s__rosidl_typesupport_fastrtps_c.cpython-310-aarch64-linux-gnu.so
[5.736s] -- Up-to-date: /home/smr/workspaces/amrROS2_ws/install/micro_ros_msgs/local/lib/python3.10/dist-packages/micro_ros_msgs/micro_ros_msgs_s__rosidl_typesupport_introspection_c.cpython-310-aarch64-linux-gnu.so
[5.736s] -- Up-to-date: /home/smr/workspaces/amrROS2_ws/install/micro_ros_msgs/local/lib/python3.10/dist-packages/micro_ros_msgs/micro_ros_msgs_s__rosidl_typesupport_c.cpython-310-aarch64-linux-gnu.so
[5.736s] -- Up-to-date: /home/smr/workspaces/amrROS2_ws/install/micro_ros_msgs/lib/libmicro_ros_msgs__rosidl_generator_py.so
[5.736s] -- Up-to-date: /home/smr/workspaces/amrROS2_ws/install/micro_ros_msgs/share/micro_ros_msgs/msg/Graph.idl
[5.736s] -- Up-to-date: /home/smr/workspaces/amrROS2_ws/install/micro_ros_msgs/share/micro_ros_msgs/msg/Node.idl
[5.737s] -- Up-to-date: /home/smr/workspaces/amrROS2_ws/install/micro_ros_msgs/share/micro_ros_msgs/msg/Entity.idl
[5.737s] -- Up-to-date: /home/smr/workspaces/amrROS2_ws/install/micro_ros_msgs/share/micro_ros_msgs/msg/Graph.msg
[5.737s] -- Up-to-date: /home/smr/workspaces/amrROS2_ws/install/micro_ros_msgs/share/micro_ros_msgs/msg/Node.msg
[5.737s] -- Up-to-date: /home/smr/workspaces/amrROS2_ws/install/micro_ros_msgs/share/micro_ros_msgs/msg/Entity.msg
[5.737s] -- Up-to-date: /home/smr/workspaces/amrROS2_ws/install/micro_ros_msgs/share/ament_index/resource_index/package_run_dependencies/micro_ros_msgs
[5.737s] -- Up-to-date: /home/smr/workspaces/amrROS2_ws/install/micro_ros_msgs/share/ament_index/resource_index/parent_prefix_path/micro_ros_msgs
[5.737s] -- Up-to-date: /home/smr/workspaces/amrROS2_ws/install/micro_ros_msgs/share/micro_ros_msgs/environment/ament_prefix_path.sh
[5.737s] -- Up-to-date: /home/smr/workspaces/amrROS2_ws/install/micro_ros_msgs/share/micro_ros_msgs/environment/ament_prefix_path.dsv
[5.737s] -- Up-to-date: /home/smr/workspaces/amrROS2_ws/install/micro_ros_msgs/share/micro_ros_msgs/environment/path.sh
[5.738s] -- Up-to-date: /home/smr/workspaces/amrROS2_ws/install/micro_ros_msgs/share/micro_ros_msgs/environment/path.dsv
[5.738s] -- Up-to-date: /home/smr/workspaces/amrROS2_ws/install/micro_ros_msgs/share/micro_ros_msgs/local_setup.bash
[5.738s] -- Up-to-date: /home/smr/workspaces/amrROS2_ws/install/micro_ros_msgs/share/micro_ros_msgs/local_setup.sh
[5.738s] -- Up-to-date: /home/smr/workspaces/amrROS2_ws/install/micro_ros_msgs/share/micro_ros_msgs/local_setup.zsh
[5.738s] -- Up-to-date: /home/smr/workspaces/amrROS2_ws/install/micro_ros_msgs/share/micro_ros_msgs/local_setup.dsv
[5.738s] -- Installing: /home/smr/workspaces/amrROS2_ws/install/micro_ros_msgs/share/micro_ros_msgs/package.dsv
[5.738s] -- Up-to-date: /home/smr/workspaces/amrROS2_ws/install/micro_ros_msgs/share/ament_index/resource_index/packages/micro_ros_msgs
[5.738s] -- Up-to-date: /home/smr/workspaces/amrROS2_ws/install/micro_ros_msgs/share/micro_ros_msgs/cmake/export_micro_ros_msgs__rosidl_generator_cExport.cmake
[5.738s] -- Up-to-date: /home/smr/workspaces/amrROS2_ws/install/micro_ros_msgs/share/micro_ros_msgs/cmake/export_micro_ros_msgs__rosidl_generator_cExport-noconfig.cmake
[5.738s] -- Up-to-date: /home/smr/workspaces/amrROS2_ws/install/micro_ros_msgs/share/micro_ros_msgs/cmake/export_micro_ros_msgs__rosidl_typesupport_fastrtps_cExport.cmake
[5.739s] -- Up-to-date: /home/smr/workspaces/amrROS2_ws/install/micro_ros_msgs/share/micro_ros_msgs/cmake/export_micro_ros_msgs__rosidl_typesupport_fastrtps_cExport-noconfig.cmake
[5.739s] -- Up-to-date: /home/smr/workspaces/amrROS2_ws/install/micro_ros_msgs/share/micro_ros_msgs/cmake/micro_ros_msgs__rosidl_typesupport_introspection_cExport.cmake
[5.739s] -- Up-to-date: /home/smr/workspaces/amrROS2_ws/install/micro_ros_msgs/share/micro_ros_msgs/cmake/micro_ros_msgs__rosidl_typesupport_introspection_cExport-noconfig.cmake
[5.739s] -- Up-to-date: /home/smr/workspaces/amrROS2_ws/install/micro_ros_msgs/share/micro_ros_msgs/cmake/micro_ros_msgs__rosidl_typesupport_cExport.cmake
[5.739s] -- Up-to-date: /home/smr/workspaces/amrROS2_ws/install/micro_ros_msgs/share/micro_ros_msgs/cmake/micro_ros_msgs__rosidl_typesupport_cExport-noconfig.cmake
[5.739s] -- Up-to-date: /home/smr/workspaces/amrROS2_ws/install/micro_ros_msgs/share/micro_ros_msgs/cmake/export_micro_ros_msgs__rosidl_generator_cppExport.cmake
[5.739s] -- Up-to-date: /home/smr/workspaces/amrROS2_ws/install/micro_ros_msgs/share/micro_ros_msgs/cmake/export_micro_ros_msgs__rosidl_typesupport_fastrtps_cppExport.cmake
[5.739s] -- Up-to-date: /home/smr/workspaces/amrROS2_ws/install/micro_ros_msgs/share/micro_ros_msgs/cmake/export_micro_ros_msgs__rosidl_typesupport_fastrtps_cppExport-noconfig.cmake
[5.739s] -- Up-to-date: /home/smr/workspaces/amrROS2_ws/install/micro_ros_msgs/share/micro_ros_msgs/cmake/micro_ros_msgs__rosidl_typesupport_introspection_cppExport.cmake
[5.739s] -- Up-to-date: /home/smr/workspaces/amrROS2_ws/install/micro_ros_msgs/share/micro_ros_msgs/cmake/micro_ros_msgs__rosidl_typesupport_introspection_cppExport-noconfig.cmake
[5.740s] -- Up-to-date: /home/smr/workspaces/amrROS2_ws/install/micro_ros_msgs/share/micro_ros_msgs/cmake/micro_ros_msgs__rosidl_typesupport_cppExport.cmake
[5.740s] -- Up-to-date: /home/smr/workspaces/amrROS2_ws/install/micro_ros_msgs/share/micro_ros_msgs/cmake/micro_ros_msgs__rosidl_typesupport_cppExport-noconfig.cmake
[5.740s] -- Up-to-date: /home/smr/workspaces/amrROS2_ws/install/micro_ros_msgs/share/micro_ros_msgs/cmake/export_micro_ros_msgs__rosidl_generator_pyExport.cmake
[5.740s] -- Up-to-date: /home/smr/workspaces/amrROS2_ws/install/micro_ros_msgs/share/micro_ros_msgs/cmake/export_micro_ros_msgs__rosidl_generator_pyExport-noconfig.cmake
[5.740s] -- Up-to-date: /home/smr/workspaces/amrROS2_ws/install/micro_ros_msgs/share/micro_ros_msgs/cmake/rosidl_cmake-extras.cmake
[5.740s] -- Up-to-date: /home/smr/workspaces/amrROS2_ws/install/micro_ros_msgs/share/micro_ros_msgs/cmake/ament_cmake_export_include_directories-extras.cmake
[5.740s] -- Up-to-date: /home/smr/workspaces/amrROS2_ws/install/micro_ros_msgs/share/micro_ros_msgs/cmake/ament_cmake_export_libraries-extras.cmake
[5.740s] -- Up-to-date: /home/smr/workspaces/amrROS2_ws/install/micro_ros_msgs/share/micro_ros_msgs/cmake/ament_cmake_export_targets-extras.cmake
[5.740s] -- Up-to-date: /home/smr/workspaces/amrROS2_ws/install/micro_ros_msgs/share/micro_ros_msgs/cmake/rosidl_cmake_export_typesupport_targets-extras.cmake
[5.740s] -- Up-to-date: /home/smr/workspaces/amrROS2_ws/install/micro_ros_msgs/share/micro_ros_msgs/cmake/ament_cmake_export_dependencies-extras.cmake
[5.740s] -- Up-to-date: /home/smr/workspaces/amrROS2_ws/install/micro_ros_msgs/share/micro_ros_msgs/cmake/rosidl_cmake_export_typesupport_libraries-extras.cmake
[5.741s] -- Up-to-date: /home/smr/workspaces/amrROS2_ws/install/micro_ros_msgs/share/micro_ros_msgs/cmake/micro_ros_msgsConfig.cmake
[5.741s] -- Up-to-date: /home/smr/workspaces/amrROS2_ws/install/micro_ros_msgs/share/micro_ros_msgs/cmake/micro_ros_msgsConfig-version.cmake
[5.741s] -- Up-to-date: /home/smr/workspaces/amrROS2_ws/install/micro_ros_msgs/share/micro_ros_msgs/package.xml
[6.448s] Invoked command in '/home/smr/workspaces/amrROS2_ws/build/micro_ros_msgs' returned '0': CMAKE_PREFIX_PATH=${CMAKE_PREFIX_PATH}:/home/smr/workspaces/amrROS2_ws/install/robot_nav_tool:/home/smr/workspaces/amrROS2_ws/install/robot_data_tool:/home/smr/workspaces/amrROS2_ws/install/python_pkg:/home/smr/workspaces/amrROS2_ws/install/action_autodock:/opt/ros/humble /usr/bin/cmake --install /home/smr/workspaces/amrROS2_ws/build/micro_ros_msgs
