[1.789s] Invoking command in '/home/smr/workspaces/amrROS2_ws/src/robot_data_tool': PYTHONPATH=/home/smr/workspaces/amrROS2_ws/build/robot_data_tool/prefix_override:/usr/lib/python3/dist-packages/colcon_core/task/python/colcon_distutils_commands:/home/smr/workspaces/amrROS2_ws/install/robot_data_tool/lib/python3.10/site-packages:${PYTHONPATH} /usr/bin/python3 -W ignore:setup.py install is deprecated setup.py egg_info --egg-base ../../build/robot_data_tool build --build-base /home/smr/workspaces/amrROS2_ws/build/robot_data_tool/build install --record /home/smr/workspaces/amrROS2_ws/build/robot_data_tool/install.log --single-version-externally-managed install_data
[2.333s] running egg_info
[2.334s] writing ../../build/robot_data_tool/robot_data_tool.egg-info/PKG-INFO
[2.334s] writing dependency_links to ../../build/robot_data_tool/robot_data_tool.egg-info/dependency_links.txt
[2.335s] writing entry points to ../../build/robot_data_tool/robot_data_tool.egg-info/entry_points.txt
[2.335s] writing requirements to ../../build/robot_data_tool/robot_data_tool.egg-info/requires.txt
[2.335s] writing top-level names to ../../build/robot_data_tool/robot_data_tool.egg-info/top_level.txt
[2.339s] reading manifest file '../../build/robot_data_tool/robot_data_tool.egg-info/SOURCES.txt'
[2.342s] writing manifest file '../../build/robot_data_tool/robot_data_tool.egg-info/SOURCES.txt'
[2.342s] running build
[2.342s] running build_py
[2.343s] running install
[2.344s] running install_lib
[2.348s] running install_data
[2.349s] running install_egg_info
[2.352s] removing '/home/smr/workspaces/amrROS2_ws/install/robot_data_tool/lib/python3.10/site-packages/robot_data_tool-0.0.0-py3.10.egg-info' (and everything under it)
[2.353s] Copying ../../build/robot_data_tool/robot_data_tool.egg-info to /home/smr/workspaces/amrROS2_ws/install/robot_data_tool/lib/python3.10/site-packages/robot_data_tool-0.0.0-py3.10.egg-info
[2.357s] running install_scripts
[2.391s] Installing absolute_origin_laser script to /home/smr/workspaces/amrROS2_ws/install/robot_data_tool/lib/robot_data_tool
[2.392s] Installing map_pose_provider script to /home/smr/workspaces/amrROS2_ws/install/robot_data_tool/lib/robot_data_tool
[2.392s] Installing robot_detail script to /home/smr/workspaces/amrROS2_ws/install/robot_data_tool/lib/robot_data_tool
[2.393s] writing list of installed files to '/home/smr/workspaces/amrROS2_ws/build/robot_data_tool/install.log'
[2.483s] Invoked command in '/home/smr/workspaces/amrROS2_ws/src/robot_data_tool' returned '0': PYTHONPATH=/home/smr/workspaces/amrROS2_ws/build/robot_data_tool/prefix_override:/usr/lib/python3/dist-packages/colcon_core/task/python/colcon_distutils_commands:/home/smr/workspaces/amrROS2_ws/install/robot_data_tool/lib/python3.10/site-packages:${PYTHONPATH} /usr/bin/python3 -W ignore:setup.py install is deprecated setup.py egg_info --egg-base ../../build/robot_data_tool build --build-base /home/smr/workspaces/amrROS2_ws/build/robot_data_tool/build install --record /home/smr/workspaces/amrROS2_ws/build/robot_data_tool/install.log --single-version-externally-managed install_data
