[0.181s] DEBUG:colcon:Command line arguments: ['/usr/bin/colcon', 'build', '--packages-select', 'dock_lidar', 'action_autodock', 'custom_interface']
[0.181s] DEBUG:colcon:Parsed command line arguments: Namespace(log_base=None, log_level=None, verb_name='build', build_base='build', install_base='install', merge_install=False, symlink_install=False, test_result_base=None, continue_on_error=False, executor='parallel', parallel_workers=8, event_handlers=None, ignore_user_meta=False, metas=['./colcon.meta'], base_paths=['.'], packages_ignore=None, packages_ignore_regex=None, paths=None, packages_up_to=None, packages_up_to_regex=None, packages_above=None, packages_above_and_dependencies=None, packages_above_depth=None, packages_select_by_dep=None, packages_skip_by_dep=None, packages_skip_up_to=None, packages_select_build_failed=False, packages_skip_build_finished=False, packages_select_test_failures=False, packages_skip_test_passed=False, packages_select=['dock_lidar', 'action_autodock', 'custom_interface'], packages_skip=None, packages_select_regex=None, packages_skip_regex=None, packages_start=None, packages_end=None, allow_overriding=[], cmake_args=None, cmake_target=None, cmake_target_skip_unavailable=False, cmake_clean_cache=False, cmake_clean_first=False, cmake_force_configure=False, ament_cmake_args=None, catkin_cmake_args=None, catkin_skip_building_tests=False, verb_parser=<colcon_defaults.argument_parser.defaults.DefaultArgumentsDecorator object at 0xffff8c1c08b0>, verb_extension=<colcon_core.verb.build.BuildVerb object at 0xffff8c36c6a0>, main=<bound method BuildVerb.main of <colcon_core.verb.build.BuildVerb object at 0xffff8c36c6a0>>)
[0.436s] Level 1:colcon.colcon_core.package_discovery:discover_packages(colcon_meta) check parameters
[0.436s] Level 1:colcon.colcon_core.package_discovery:discover_packages(recursive) check parameters
[0.437s] Level 1:colcon.colcon_core.package_discovery:discover_packages(ignore) check parameters
[0.437s] Level 1:colcon.colcon_core.package_discovery:discover_packages(path) check parameters
[0.437s] Level 1:colcon.colcon_core.package_discovery:discover_packages(colcon_meta) discover
[0.437s] Level 1:colcon.colcon_core.package_discovery:discover_packages(recursive) discover
[0.437s] INFO:colcon.colcon_core.package_discovery:Crawling recursively for packages in '/home/smr/workspaces/amrROS2_ws'
[0.437s] Level 1:colcon.colcon_core.package_identification:_identify(.) by extensions ['ignore', 'ignore_ament_install']
[0.437s] Level 1:colcon.colcon_core.package_identification:_identify(.) by extension 'ignore'
[0.437s] Level 1:colcon.colcon_core.package_identification:_identify(.) by extension 'ignore_ament_install'
[0.437s] Level 1:colcon.colcon_core.package_identification:_identify(.) by extensions ['colcon_pkg']
[0.437s] Level 1:colcon.colcon_core.package_identification:_identify(.) by extension 'colcon_pkg'
[0.437s] Level 1:colcon.colcon_core.package_identification:_identify(.) by extensions ['colcon_meta']
[0.437s] Level 1:colcon.colcon_core.package_identification:_identify(.) by extension 'colcon_meta'
[0.437s] Level 1:colcon.colcon_core.package_identification:_identify(.) by extensions ['ros']
[0.437s] Level 1:colcon.colcon_core.package_identification:_identify(.) by extension 'ros'
[0.458s] Level 1:colcon.colcon_core.package_identification:_identify(.) by extensions ['cmake', 'python']
[0.458s] Level 1:colcon.colcon_core.package_identification:_identify(.) by extension 'cmake'
[0.458s] Level 1:colcon.colcon_core.package_identification:_identify(.) by extension 'python'
[0.458s] Level 1:colcon.colcon_core.package_identification:_identify(.) by extensions ['python_setup_py']
[0.458s] Level 1:colcon.colcon_core.package_identification:_identify(.) by extension 'python_setup_py'
[0.458s] Level 1:colcon.colcon_core.package_identification:_identify(build) by extensions ['ignore', 'ignore_ament_install']
[0.458s] Level 1:colcon.colcon_core.package_identification:_identify(build) by extension 'ignore'
[0.458s] Level 1:colcon.colcon_core.package_identification:_identify(build) ignored
[0.459s] Level 1:colcon.colcon_core.package_identification:_identify(install) by extensions ['ignore', 'ignore_ament_install']
[0.459s] Level 1:colcon.colcon_core.package_identification:_identify(install) by extension 'ignore'
[0.459s] Level 1:colcon.colcon_core.package_identification:_identify(install) ignored
[0.459s] Level 1:colcon.colcon_core.package_identification:_identify(log) by extensions ['ignore', 'ignore_ament_install']
[0.459s] Level 1:colcon.colcon_core.package_identification:_identify(log) by extension 'ignore'
[0.459s] Level 1:colcon.colcon_core.package_identification:_identify(log) ignored
[0.459s] Level 1:colcon.colcon_core.package_identification:_identify(src) by extensions ['ignore', 'ignore_ament_install']
[0.459s] Level 1:colcon.colcon_core.package_identification:_identify(src) by extension 'ignore'
[0.459s] Level 1:colcon.colcon_core.package_identification:_identify(src) by extension 'ignore_ament_install'
[0.459s] Level 1:colcon.colcon_core.package_identification:_identify(src) by extensions ['colcon_pkg']
[0.460s] Level 1:colcon.colcon_core.package_identification:_identify(src) by extension 'colcon_pkg'
[0.460s] Level 1:colcon.colcon_core.package_identification:_identify(src) by extensions ['colcon_meta']
[0.460s] Level 1:colcon.colcon_core.package_identification:_identify(src) by extension 'colcon_meta'
[0.460s] Level 1:colcon.colcon_core.package_identification:_identify(src) by extensions ['ros']
[0.460s] Level 1:colcon.colcon_core.package_identification:_identify(src) by extension 'ros'
[0.460s] Level 1:colcon.colcon_core.package_identification:_identify(src) by extensions ['cmake', 'python']
[0.460s] Level 1:colcon.colcon_core.package_identification:_identify(src) by extension 'cmake'
[0.460s] Level 1:colcon.colcon_core.package_identification:_identify(src) by extension 'python'
[0.460s] Level 1:colcon.colcon_core.package_identification:_identify(src) by extensions ['python_setup_py']
[0.460s] Level 1:colcon.colcon_core.package_identification:_identify(src) by extension 'python_setup_py'
[0.460s] Level 1:colcon.colcon_core.package_identification:_identify(src/action_autodock) by extensions ['ignore', 'ignore_ament_install']
[0.460s] Level 1:colcon.colcon_core.package_identification:_identify(src/action_autodock) by extension 'ignore'
[0.460s] Level 1:colcon.colcon_core.package_identification:_identify(src/action_autodock) by extension 'ignore_ament_install'
[0.460s] Level 1:colcon.colcon_core.package_identification:_identify(src/action_autodock) by extensions ['colcon_pkg']
[0.460s] Level 1:colcon.colcon_core.package_identification:_identify(src/action_autodock) by extension 'colcon_pkg'
[0.460s] Level 1:colcon.colcon_core.package_identification:_identify(src/action_autodock) by extensions ['colcon_meta']
[0.460s] Level 1:colcon.colcon_core.package_identification:_identify(src/action_autodock) by extension 'colcon_meta'
[0.460s] Level 1:colcon.colcon_core.package_identification:_identify(src/action_autodock) by extensions ['ros']
[0.460s] Level 1:colcon.colcon_core.package_identification:_identify(src/action_autodock) by extension 'ros'
[0.464s] DEBUG:colcon.colcon_core.package_identification:Package 'src/action_autodock' with type 'ros.ament_python' and name 'action_autodock'
[0.465s] Level 1:colcon.colcon_core.package_identification:_identify(src/bringup) by extensions ['ignore', 'ignore_ament_install']
[0.465s] Level 1:colcon.colcon_core.package_identification:_identify(src/bringup) by extension 'ignore'
[0.465s] Level 1:colcon.colcon_core.package_identification:_identify(src/bringup) by extension 'ignore_ament_install'
[0.465s] Level 1:colcon.colcon_core.package_identification:_identify(src/bringup) by extensions ['colcon_pkg']
[0.465s] Level 1:colcon.colcon_core.package_identification:_identify(src/bringup) by extension 'colcon_pkg'
[0.465s] Level 1:colcon.colcon_core.package_identification:_identify(src/bringup) by extensions ['colcon_meta']
[0.465s] Level 1:colcon.colcon_core.package_identification:_identify(src/bringup) by extension 'colcon_meta'
[0.465s] Level 1:colcon.colcon_core.package_identification:_identify(src/bringup) by extensions ['ros']
[0.465s] Level 1:colcon.colcon_core.package_identification:_identify(src/bringup) by extension 'ros'
[0.467s] DEBUG:colcon.colcon_core.package_identification:Package 'src/bringup' with type 'ros.ament_cmake' and name 'bringup'
[0.467s] Level 1:colcon.colcon_core.package_identification:_identify(src/custom_interface) by extensions ['ignore', 'ignore_ament_install']
[0.467s] Level 1:colcon.colcon_core.package_identification:_identify(src/custom_interface) by extension 'ignore'
[0.467s] Level 1:colcon.colcon_core.package_identification:_identify(src/custom_interface) by extension 'ignore_ament_install'
[0.467s] Level 1:colcon.colcon_core.package_identification:_identify(src/custom_interface) by extensions ['colcon_pkg']
[0.467s] Level 1:colcon.colcon_core.package_identification:_identify(src/custom_interface) by extension 'colcon_pkg'
[0.467s] Level 1:colcon.colcon_core.package_identification:_identify(src/custom_interface) by extensions ['colcon_meta']
[0.467s] Level 1:colcon.colcon_core.package_identification:_identify(src/custom_interface) by extension 'colcon_meta'
[0.468s] Level 1:colcon.colcon_core.package_identification:_identify(src/custom_interface) by extensions ['ros']
[0.468s] Level 1:colcon.colcon_core.package_identification:_identify(src/custom_interface) by extension 'ros'
[0.468s] DEBUG:colcon.colcon_core.package_identification:Package 'src/custom_interface' with type 'ros.ament_cmake' and name 'custom_interface'
[0.469s] Level 1:colcon.colcon_core.package_identification:_identify(src/description) by extensions ['ignore', 'ignore_ament_install']
[0.469s] Level 1:colcon.colcon_core.package_identification:_identify(src/description) by extension 'ignore'
[0.469s] Level 1:colcon.colcon_core.package_identification:_identify(src/description) by extension 'ignore_ament_install'
[0.469s] Level 1:colcon.colcon_core.package_identification:_identify(src/description) by extensions ['colcon_pkg']
[0.469s] Level 1:colcon.colcon_core.package_identification:_identify(src/description) by extension 'colcon_pkg'
[0.469s] Level 1:colcon.colcon_core.package_identification:_identify(src/description) by extensions ['colcon_meta']
[0.469s] Level 1:colcon.colcon_core.package_identification:_identify(src/description) by extension 'colcon_meta'
[0.469s] Level 1:colcon.colcon_core.package_identification:_identify(src/description) by extensions ['ros']
[0.469s] Level 1:colcon.colcon_core.package_identification:_identify(src/description) by extension 'ros'
[0.470s] DEBUG:colcon.colcon_core.package_identification:Package 'src/description' with type 'ros.ament_cmake' and name 'description'
[0.470s] Level 1:colcon.colcon_core.package_identification:_identify(src/dock_lidar) by extensions ['ignore', 'ignore_ament_install']
[0.470s] Level 1:colcon.colcon_core.package_identification:_identify(src/dock_lidar) by extension 'ignore'
[0.470s] Level 1:colcon.colcon_core.package_identification:_identify(src/dock_lidar) by extension 'ignore_ament_install'
[0.470s] Level 1:colcon.colcon_core.package_identification:_identify(src/dock_lidar) by extensions ['colcon_pkg']
[0.470s] Level 1:colcon.colcon_core.package_identification:_identify(src/dock_lidar) by extension 'colcon_pkg'
[0.470s] Level 1:colcon.colcon_core.package_identification:_identify(src/dock_lidar) by extensions ['colcon_meta']
[0.471s] Level 1:colcon.colcon_core.package_identification:_identify(src/dock_lidar) by extension 'colcon_meta'
[0.471s] Level 1:colcon.colcon_core.package_identification:_identify(src/dock_lidar) by extensions ['ros']
[0.471s] Level 1:colcon.colcon_core.package_identification:_identify(src/dock_lidar) by extension 'ros'
[0.473s] DEBUG:colcon.colcon_core.package_identification:Package 'src/dock_lidar' with type 'ros.ament_cmake' and name 'dock_lidar'
[0.473s] Level 1:colcon.colcon_core.package_identification:_identify(src/example) by extensions ['ignore', 'ignore_ament_install']
[0.473s] Level 1:colcon.colcon_core.package_identification:_identify(src/example) by extension 'ignore'
[0.473s] Level 1:colcon.colcon_core.package_identification:_identify(src/example) by extension 'ignore_ament_install'
[0.473s] Level 1:colcon.colcon_core.package_identification:_identify(src/example) by extensions ['colcon_pkg']
[0.473s] Level 1:colcon.colcon_core.package_identification:_identify(src/example) by extension 'colcon_pkg'
[0.473s] Level 1:colcon.colcon_core.package_identification:_identify(src/example) by extensions ['colcon_meta']
[0.473s] Level 1:colcon.colcon_core.package_identification:_identify(src/example) by extension 'colcon_meta'
[0.473s] Level 1:colcon.colcon_core.package_identification:_identify(src/example) by extensions ['ros']
[0.473s] Level 1:colcon.colcon_core.package_identification:_identify(src/example) by extension 'ros'
[0.474s] DEBUG:colcon.colcon_core.package_identification:Package 'src/example' with type 'ros.ament_cmake' and name 'example'
[0.474s] Level 1:colcon.colcon_core.package_identification:_identify(src/log) by extensions ['ignore', 'ignore_ament_install']
[0.474s] Level 1:colcon.colcon_core.package_identification:_identify(src/log) by extension 'ignore'
[0.474s] Level 1:colcon.colcon_core.package_identification:_identify(src/log) ignored
[0.474s] Level 1:colcon.colcon_core.package_identification:_identify(src/navigation) by extensions ['ignore', 'ignore_ament_install']
[0.474s] Level 1:colcon.colcon_core.package_identification:_identify(src/navigation) by extension 'ignore'
[0.475s] Level 1:colcon.colcon_core.package_identification:_identify(src/navigation) by extension 'ignore_ament_install'
[0.475s] Level 1:colcon.colcon_core.package_identification:_identify(src/navigation) by extensions ['colcon_pkg']
[0.475s] Level 1:colcon.colcon_core.package_identification:_identify(src/navigation) by extension 'colcon_pkg'
[0.475s] Level 1:colcon.colcon_core.package_identification:_identify(src/navigation) by extensions ['colcon_meta']
[0.475s] Level 1:colcon.colcon_core.package_identification:_identify(src/navigation) by extension 'colcon_meta'
[0.475s] Level 1:colcon.colcon_core.package_identification:_identify(src/navigation) by extensions ['ros']
[0.475s] Level 1:colcon.colcon_core.package_identification:_identify(src/navigation) by extension 'ros'
[0.476s] DEBUG:colcon.colcon_core.package_identification:Package 'src/navigation' with type 'ros.ament_cmake' and name 'navigation'
[0.476s] Level 1:colcon.colcon_core.package_identification:_identify(src/python_pkg) by extensions ['ignore', 'ignore_ament_install']
[0.476s] Level 1:colcon.colcon_core.package_identification:_identify(src/python_pkg) by extension 'ignore'
[0.476s] Level 1:colcon.colcon_core.package_identification:_identify(src/python_pkg) by extension 'ignore_ament_install'
[0.476s] Level 1:colcon.colcon_core.package_identification:_identify(src/python_pkg) by extensions ['colcon_pkg']
[0.476s] Level 1:colcon.colcon_core.package_identification:_identify(src/python_pkg) by extension 'colcon_pkg'
[0.476s] Level 1:colcon.colcon_core.package_identification:_identify(src/python_pkg) by extensions ['colcon_meta']
[0.476s] Level 1:colcon.colcon_core.package_identification:_identify(src/python_pkg) by extension 'colcon_meta'
[0.476s] Level 1:colcon.colcon_core.package_identification:_identify(src/python_pkg) by extensions ['ros']
[0.476s] Level 1:colcon.colcon_core.package_identification:_identify(src/python_pkg) by extension 'ros'
[0.477s] DEBUG:colcon.colcon_core.package_identification:Package 'src/python_pkg' with type 'ros.ament_python' and name 'python_pkg'
[0.477s] Level 1:colcon.colcon_core.package_identification:_identify(src/sllidar_ros2) by extensions ['ignore', 'ignore_ament_install']
[0.477s] Level 1:colcon.colcon_core.package_identification:_identify(src/sllidar_ros2) by extension 'ignore'
[0.477s] Level 1:colcon.colcon_core.package_identification:_identify(src/sllidar_ros2) by extension 'ignore_ament_install'
[0.477s] Level 1:colcon.colcon_core.package_identification:_identify(src/sllidar_ros2) by extensions ['colcon_pkg']
[0.477s] Level 1:colcon.colcon_core.package_identification:_identify(src/sllidar_ros2) by extension 'colcon_pkg'
[0.478s] Level 1:colcon.colcon_core.package_identification:_identify(src/sllidar_ros2) by extensions ['colcon_meta']
[0.478s] Level 1:colcon.colcon_core.package_identification:_identify(src/sllidar_ros2) by extension 'colcon_meta'
[0.478s] Level 1:colcon.colcon_core.package_identification:_identify(src/sllidar_ros2) by extensions ['ros']
[0.478s] Level 1:colcon.colcon_core.package_identification:_identify(src/sllidar_ros2) by extension 'ros'
[0.479s] DEBUG:colcon.colcon_core.package_identification:Package 'src/sllidar_ros2' with type 'ros.ament_cmake' and name 'sllidar_ros2'
[0.479s] Level 1:colcon.colcon_core.package_identification:_identify(src/src) by extensions ['ignore', 'ignore_ament_install']
[0.479s] Level 1:colcon.colcon_core.package_identification:_identify(src/src) by extension 'ignore'
[0.479s] Level 1:colcon.colcon_core.package_identification:_identify(src/src) by extension 'ignore_ament_install'
[0.479s] Level 1:colcon.colcon_core.package_identification:_identify(src/src) by extensions ['colcon_pkg']
[0.479s] Level 1:colcon.colcon_core.package_identification:_identify(src/src) by extension 'colcon_pkg'
[0.479s] Level 1:colcon.colcon_core.package_identification:_identify(src/src) by extensions ['colcon_meta']
[0.479s] Level 1:colcon.colcon_core.package_identification:_identify(src/src) by extension 'colcon_meta'
[0.479s] Level 1:colcon.colcon_core.package_identification:_identify(src/src) by extensions ['ros']
[0.479s] Level 1:colcon.colcon_core.package_identification:_identify(src/src) by extension 'ros'
[0.480s] Level 1:colcon.colcon_core.package_identification:_identify(src/src) by extensions ['cmake', 'python']
[0.480s] Level 1:colcon.colcon_core.package_identification:_identify(src/src) by extension 'cmake'
[0.480s] Level 1:colcon.colcon_core.package_identification:_identify(src/src) by extension 'python'
[0.480s] Level 1:colcon.colcon_core.package_identification:_identify(src/src) by extensions ['python_setup_py']
[0.480s] Level 1:colcon.colcon_core.package_identification:_identify(src/src) by extension 'python_setup_py'
[0.480s] Level 1:colcon.colcon_core.package_identification:_identify(src/src/micro_ros_setup) by extensions ['ignore', 'ignore_ament_install']
[0.480s] Level 1:colcon.colcon_core.package_identification:_identify(src/src/micro_ros_setup) by extension 'ignore'
[0.480s] Level 1:colcon.colcon_core.package_identification:_identify(src/src/micro_ros_setup) by extension 'ignore_ament_install'
[0.480s] Level 1:colcon.colcon_core.package_identification:_identify(src/src/micro_ros_setup) by extensions ['colcon_pkg']
[0.480s] Level 1:colcon.colcon_core.package_identification:_identify(src/src/micro_ros_setup) by extension 'colcon_pkg'
[0.480s] Level 1:colcon.colcon_core.package_identification:_identify(src/src/micro_ros_setup) by extensions ['colcon_meta']
[0.480s] Level 1:colcon.colcon_core.package_identification:_identify(src/src/micro_ros_setup) by extension 'colcon_meta'
[0.480s] Level 1:colcon.colcon_core.package_identification:_identify(src/src/micro_ros_setup) by extensions ['ros']
[0.480s] Level 1:colcon.colcon_core.package_identification:_identify(src/src/micro_ros_setup) by extension 'ros'
[0.482s] DEBUG:colcon.colcon_core.package_identification:Package 'src/src/micro_ros_setup' with type 'ros.ament_cmake' and name 'micro_ros_setup'
[0.482s] Level 1:colcon.colcon_core.package_identification:_identify(src/uros) by extensions ['ignore', 'ignore_ament_install']
[0.482s] Level 1:colcon.colcon_core.package_identification:_identify(src/uros) by extension 'ignore'
[0.482s] Level 1:colcon.colcon_core.package_identification:_identify(src/uros) by extension 'ignore_ament_install'
[0.482s] Level 1:colcon.colcon_core.package_identification:_identify(src/uros) by extensions ['colcon_pkg']
[0.483s] Level 1:colcon.colcon_core.package_identification:_identify(src/uros) by extension 'colcon_pkg'
[0.483s] Level 1:colcon.colcon_core.package_identification:_identify(src/uros) by extensions ['colcon_meta']
[0.483s] Level 1:colcon.colcon_core.package_identification:_identify(src/uros) by extension 'colcon_meta'
[0.483s] Level 1:colcon.colcon_core.package_identification:_identify(src/uros) by extensions ['ros']
[0.483s] Level 1:colcon.colcon_core.package_identification:_identify(src/uros) by extension 'ros'
[0.483s] Level 1:colcon.colcon_core.package_identification:_identify(src/uros) by extensions ['cmake', 'python']
[0.483s] Level 1:colcon.colcon_core.package_identification:_identify(src/uros) by extension 'cmake'
[0.483s] Level 1:colcon.colcon_core.package_identification:_identify(src/uros) by extension 'python'
[0.483s] Level 1:colcon.colcon_core.package_identification:_identify(src/uros) by extensions ['python_setup_py']
[0.483s] Level 1:colcon.colcon_core.package_identification:_identify(src/uros) by extension 'python_setup_py'
[0.483s] Level 1:colcon.colcon_core.package_identification:_identify(src/uros/micro-ROS-Agent) by extensions ['ignore', 'ignore_ament_install']
[0.483s] Level 1:colcon.colcon_core.package_identification:_identify(src/uros/micro-ROS-Agent) by extension 'ignore'
[0.483s] Level 1:colcon.colcon_core.package_identification:_identify(src/uros/micro-ROS-Agent) by extension 'ignore_ament_install'
[0.483s] Level 1:colcon.colcon_core.package_identification:_identify(src/uros/micro-ROS-Agent) by extensions ['colcon_pkg']
[0.483s] Level 1:colcon.colcon_core.package_identification:_identify(src/uros/micro-ROS-Agent) by extension 'colcon_pkg'
[0.484s] Level 1:colcon.colcon_core.package_identification:_identify(src/uros/micro-ROS-Agent) by extensions ['colcon_meta']
[0.484s] Level 1:colcon.colcon_core.package_identification:_identify(src/uros/micro-ROS-Agent) by extension 'colcon_meta'
[0.484s] Level 1:colcon.colcon_core.package_identification:_identify(src/uros/micro-ROS-Agent) by extensions ['ros']
[0.484s] Level 1:colcon.colcon_core.package_identification:_identify(src/uros/micro-ROS-Agent) by extension 'ros'
[0.484s] Level 1:colcon.colcon_core.package_identification:_identify(src/uros/micro-ROS-Agent) by extensions ['cmake', 'python']
[0.484s] Level 1:colcon.colcon_core.package_identification:_identify(src/uros/micro-ROS-Agent) by extension 'cmake'
[0.484s] Level 1:colcon.colcon_core.package_identification:_identify(src/uros/micro-ROS-Agent) by extension 'python'
[0.484s] Level 1:colcon.colcon_core.package_identification:_identify(src/uros/micro-ROS-Agent) by extensions ['python_setup_py']
[0.484s] Level 1:colcon.colcon_core.package_identification:_identify(src/uros/micro-ROS-Agent) by extension 'python_setup_py'
[0.484s] Level 1:colcon.colcon_core.package_identification:_identify(src/uros/micro-ROS-Agent/micro_ros_agent) by extensions ['ignore', 'ignore_ament_install']
[0.484s] Level 1:colcon.colcon_core.package_identification:_identify(src/uros/micro-ROS-Agent/micro_ros_agent) by extension 'ignore'
[0.484s] Level 1:colcon.colcon_core.package_identification:_identify(src/uros/micro-ROS-Agent/micro_ros_agent) by extension 'ignore_ament_install'
[0.484s] Level 1:colcon.colcon_core.package_identification:_identify(src/uros/micro-ROS-Agent/micro_ros_agent) by extensions ['colcon_pkg']
[0.484s] Level 1:colcon.colcon_core.package_identification:_identify(src/uros/micro-ROS-Agent/micro_ros_agent) by extension 'colcon_pkg'
[0.485s] Level 1:colcon.colcon_core.package_identification:_identify(src/uros/micro-ROS-Agent/micro_ros_agent) by extensions ['colcon_meta']
[0.485s] Level 1:colcon.colcon_core.package_identification:_identify(src/uros/micro-ROS-Agent/micro_ros_agent) by extension 'colcon_meta'
[0.485s] Level 1:colcon.colcon_core.package_identification:_identify(src/uros/micro-ROS-Agent/micro_ros_agent) by extensions ['ros']
[0.485s] Level 1:colcon.colcon_core.package_identification:_identify(src/uros/micro-ROS-Agent/micro_ros_agent) by extension 'ros'
[0.486s] DEBUG:colcon.colcon_core.package_identification:Package 'src/uros/micro-ROS-Agent/micro_ros_agent' with type 'ros.ament_cmake' and name 'micro_ros_agent'
[0.487s] Level 1:colcon.colcon_core.package_identification:_identify(src/uros/micro-ROS-Agent/snap) by extensions ['ignore', 'ignore_ament_install']
[0.487s] Level 1:colcon.colcon_core.package_identification:_identify(src/uros/micro-ROS-Agent/snap) by extension 'ignore'
[0.487s] Level 1:colcon.colcon_core.package_identification:_identify(src/uros/micro-ROS-Agent/snap) by extension 'ignore_ament_install'
[0.487s] Level 1:colcon.colcon_core.package_identification:_identify(src/uros/micro-ROS-Agent/snap) by extensions ['colcon_pkg']
[0.487s] Level 1:colcon.colcon_core.package_identification:_identify(src/uros/micro-ROS-Agent/snap) by extension 'colcon_pkg'
[0.487s] Level 1:colcon.colcon_core.package_identification:_identify(src/uros/micro-ROS-Agent/snap) by extensions ['colcon_meta']
[0.487s] Level 1:colcon.colcon_core.package_identification:_identify(src/uros/micro-ROS-Agent/snap) by extension 'colcon_meta'
[0.487s] Level 1:colcon.colcon_core.package_identification:_identify(src/uros/micro-ROS-Agent/snap) by extensions ['ros']
[0.487s] Level 1:colcon.colcon_core.package_identification:_identify(src/uros/micro-ROS-Agent/snap) by extension 'ros'
[0.487s] Level 1:colcon.colcon_core.package_identification:_identify(src/uros/micro-ROS-Agent/snap) by extensions ['cmake', 'python']
[0.488s] Level 1:colcon.colcon_core.package_identification:_identify(src/uros/micro-ROS-Agent/snap) by extension 'cmake'
[0.488s] Level 1:colcon.colcon_core.package_identification:_identify(src/uros/micro-ROS-Agent/snap) by extension 'python'
[0.488s] Level 1:colcon.colcon_core.package_identification:_identify(src/uros/micro-ROS-Agent/snap) by extensions ['python_setup_py']
[0.488s] Level 1:colcon.colcon_core.package_identification:_identify(src/uros/micro-ROS-Agent/snap) by extension 'python_setup_py'
[0.488s] Level 1:colcon.colcon_core.package_identification:_identify(src/uros/micro-ROS-Agent/snap/hooks) by extensions ['ignore', 'ignore_ament_install']
[0.488s] Level 1:colcon.colcon_core.package_identification:_identify(src/uros/micro-ROS-Agent/snap/hooks) by extension 'ignore'
[0.488s] Level 1:colcon.colcon_core.package_identification:_identify(src/uros/micro-ROS-Agent/snap/hooks) by extension 'ignore_ament_install'
[0.488s] Level 1:colcon.colcon_core.package_identification:_identify(src/uros/micro-ROS-Agent/snap/hooks) by extensions ['colcon_pkg']
[0.488s] Level 1:colcon.colcon_core.package_identification:_identify(src/uros/micro-ROS-Agent/snap/hooks) by extension 'colcon_pkg'
[0.489s] Level 1:colcon.colcon_core.package_identification:_identify(src/uros/micro-ROS-Agent/snap/hooks) by extensions ['colcon_meta']
[0.489s] Level 1:colcon.colcon_core.package_identification:_identify(src/uros/micro-ROS-Agent/snap/hooks) by extension 'colcon_meta'
[0.489s] Level 1:colcon.colcon_core.package_identification:_identify(src/uros/micro-ROS-Agent/snap/hooks) by extensions ['ros']
[0.489s] Level 1:colcon.colcon_core.package_identification:_identify(src/uros/micro-ROS-Agent/snap/hooks) by extension 'ros'
[0.489s] Level 1:colcon.colcon_core.package_identification:_identify(src/uros/micro-ROS-Agent/snap/hooks) by extensions ['cmake', 'python']
[0.489s] Level 1:colcon.colcon_core.package_identification:_identify(src/uros/micro-ROS-Agent/snap/hooks) by extension 'cmake'
[0.489s] Level 1:colcon.colcon_core.package_identification:_identify(src/uros/micro-ROS-Agent/snap/hooks) by extension 'python'
[0.489s] Level 1:colcon.colcon_core.package_identification:_identify(src/uros/micro-ROS-Agent/snap/hooks) by extensions ['python_setup_py']
[0.489s] Level 1:colcon.colcon_core.package_identification:_identify(src/uros/micro-ROS-Agent/snap/hooks) by extension 'python_setup_py'
[0.489s] Level 1:colcon.colcon_core.package_identification:_identify(src/uros/micro-ROS-Agent/snap/local) by extensions ['ignore', 'ignore_ament_install']
[0.489s] Level 1:colcon.colcon_core.package_identification:_identify(src/uros/micro-ROS-Agent/snap/local) by extension 'ignore'
[0.489s] Level 1:colcon.colcon_core.package_identification:_identify(src/uros/micro-ROS-Agent/snap/local) by extension 'ignore_ament_install'
[0.489s] Level 1:colcon.colcon_core.package_identification:_identify(src/uros/micro-ROS-Agent/snap/local) by extensions ['colcon_pkg']
[0.489s] Level 1:colcon.colcon_core.package_identification:_identify(src/uros/micro-ROS-Agent/snap/local) by extension 'colcon_pkg'
[0.489s] Level 1:colcon.colcon_core.package_identification:_identify(src/uros/micro-ROS-Agent/snap/local) by extensions ['colcon_meta']
[0.490s] Level 1:colcon.colcon_core.package_identification:_identify(src/uros/micro-ROS-Agent/snap/local) by extension 'colcon_meta'
[0.490s] Level 1:colcon.colcon_core.package_identification:_identify(src/uros/micro-ROS-Agent/snap/local) by extensions ['ros']
[0.490s] Level 1:colcon.colcon_core.package_identification:_identify(src/uros/micro-ROS-Agent/snap/local) by extension 'ros'
[0.490s] Level 1:colcon.colcon_core.package_identification:_identify(src/uros/micro-ROS-Agent/snap/local) by extensions ['cmake', 'python']
[0.490s] Level 1:colcon.colcon_core.package_identification:_identify(src/uros/micro-ROS-Agent/snap/local) by extension 'cmake'
[0.490s] Level 1:colcon.colcon_core.package_identification:_identify(src/uros/micro-ROS-Agent/snap/local) by extension 'python'
[0.490s] Level 1:colcon.colcon_core.package_identification:_identify(src/uros/micro-ROS-Agent/snap/local) by extensions ['python_setup_py']
[0.490s] Level 1:colcon.colcon_core.package_identification:_identify(src/uros/micro-ROS-Agent/snap/local) by extension 'python_setup_py'
[0.490s] Level 1:colcon.colcon_core.package_identification:_identify(src/uros/micro_ros_msgs) by extensions ['ignore', 'ignore_ament_install']
[0.490s] Level 1:colcon.colcon_core.package_identification:_identify(src/uros/micro_ros_msgs) by extension 'ignore'
[0.490s] Level 1:colcon.colcon_core.package_identification:_identify(src/uros/micro_ros_msgs) by extension 'ignore_ament_install'
[0.490s] Level 1:colcon.colcon_core.package_identification:_identify(src/uros/micro_ros_msgs) by extensions ['colcon_pkg']
[0.490s] Level 1:colcon.colcon_core.package_identification:_identify(src/uros/micro_ros_msgs) by extension 'colcon_pkg'
[0.490s] Level 1:colcon.colcon_core.package_identification:_identify(src/uros/micro_ros_msgs) by extensions ['colcon_meta']
[0.491s] Level 1:colcon.colcon_core.package_identification:_identify(src/uros/micro_ros_msgs) by extension 'colcon_meta'
[0.491s] Level 1:colcon.colcon_core.package_identification:_identify(src/uros/micro_ros_msgs) by extensions ['ros']
[0.491s] Level 1:colcon.colcon_core.package_identification:_identify(src/uros/micro_ros_msgs) by extension 'ros'
[0.492s] DEBUG:colcon.colcon_core.package_identification:Package 'src/uros/micro_ros_msgs' with type 'ros.ament_cmake' and name 'micro_ros_msgs'
[0.492s] Level 1:colcon.colcon_core.package_identification:_identify(temp) by extensions ['ignore', 'ignore_ament_install']
[0.492s] Level 1:colcon.colcon_core.package_identification:_identify(temp) by extension 'ignore'
[0.492s] Level 1:colcon.colcon_core.package_identification:_identify(temp) by extension 'ignore_ament_install'
[0.492s] Level 1:colcon.colcon_core.package_identification:_identify(temp) by extensions ['colcon_pkg']
[0.492s] Level 1:colcon.colcon_core.package_identification:_identify(temp) by extension 'colcon_pkg'
[0.492s] Level 1:colcon.colcon_core.package_identification:_identify(temp) by extensions ['colcon_meta']
[0.492s] Level 1:colcon.colcon_core.package_identification:_identify(temp) by extension 'colcon_meta'
[0.492s] Level 1:colcon.colcon_core.package_identification:_identify(temp) by extensions ['ros']
[0.492s] Level 1:colcon.colcon_core.package_identification:_identify(temp) by extension 'ros'
[0.493s] Level 1:colcon.colcon_core.package_identification:_identify(temp) by extensions ['cmake', 'python']
[0.493s] Level 1:colcon.colcon_core.package_identification:_identify(temp) by extension 'cmake'
[0.493s] Level 1:colcon.colcon_core.package_identification:_identify(temp) by extension 'python'
[0.493s] Level 1:colcon.colcon_core.package_identification:_identify(temp) by extensions ['python_setup_py']
[0.493s] Level 1:colcon.colcon_core.package_identification:_identify(temp) by extension 'python_setup_py'
[0.493s] Level 1:colcon.colcon_core.package_identification:_identify(temp/build) by extensions ['ignore', 'ignore_ament_install']
[0.493s] Level 1:colcon.colcon_core.package_identification:_identify(temp/build) by extension 'ignore'
[0.493s] Level 1:colcon.colcon_core.package_identification:_identify(temp/build) ignored
[0.493s] Level 1:colcon.colcon_core.package_identification:_identify(temp/install) by extensions ['ignore', 'ignore_ament_install']
[0.493s] Level 1:colcon.colcon_core.package_identification:_identify(temp/install) by extension 'ignore'
[0.493s] Level 1:colcon.colcon_core.package_identification:_identify(temp/install) ignored
[0.494s] Level 1:colcon.colcon_core.package_identification:_identify(temp/log) by extensions ['ignore', 'ignore_ament_install']
[0.494s] Level 1:colcon.colcon_core.package_identification:_identify(temp/log) by extension 'ignore'
[0.494s] Level 1:colcon.colcon_core.package_identification:_identify(temp/log) ignored
[0.494s] Level 1:colcon.colcon_core.package_identification:_identify(temp2) by extensions ['ignore', 'ignore_ament_install']
[0.494s] Level 1:colcon.colcon_core.package_identification:_identify(temp2) by extension 'ignore'
[0.494s] Level 1:colcon.colcon_core.package_identification:_identify(temp2) by extension 'ignore_ament_install'
[0.494s] Level 1:colcon.colcon_core.package_identification:_identify(temp2) by extensions ['colcon_pkg']
[0.494s] Level 1:colcon.colcon_core.package_identification:_identify(temp2) by extension 'colcon_pkg'
[0.494s] Level 1:colcon.colcon_core.package_identification:_identify(temp2) by extensions ['colcon_meta']
[0.494s] Level 1:colcon.colcon_core.package_identification:_identify(temp2) by extension 'colcon_meta'
[0.494s] Level 1:colcon.colcon_core.package_identification:_identify(temp2) by extensions ['ros']
[0.494s] Level 1:colcon.colcon_core.package_identification:_identify(temp2) by extension 'ros'
[0.494s] Level 1:colcon.colcon_core.package_identification:_identify(temp2) by extensions ['cmake', 'python']
[0.494s] Level 1:colcon.colcon_core.package_identification:_identify(temp2) by extension 'cmake'
[0.494s] Level 1:colcon.colcon_core.package_identification:_identify(temp2) by extension 'python'
[0.495s] Level 1:colcon.colcon_core.package_identification:_identify(temp2) by extensions ['python_setup_py']
[0.495s] Level 1:colcon.colcon_core.package_identification:_identify(temp2) by extension 'python_setup_py'
[0.495s] Level 1:colcon.colcon_core.package_identification:_identify(temp2/install) by extensions ['ignore', 'ignore_ament_install']
[0.495s] Level 1:colcon.colcon_core.package_identification:_identify(temp2/install) by extension 'ignore'
[0.495s] Level 1:colcon.colcon_core.package_identification:_identify(temp2/install) ignored
[0.495s] Level 1:colcon.colcon_core.package_discovery:discover_packages(recursive) using defaults
[0.495s] Level 1:colcon.colcon_core.package_discovery:discover_packages(ignore) discover
[0.495s] Level 1:colcon.colcon_core.package_discovery:discover_packages(ignore) using defaults
[0.495s] Level 1:colcon.colcon_core.package_discovery:discover_packages(path) discover
[0.495s] Level 1:colcon.colcon_core.package_discovery:discover_packages(path) using defaults
[0.532s] INFO:colcon.colcon_core.package_selection:Skipping not selected package 'description' in 'src/description'
[0.532s] INFO:colcon.colcon_core.package_selection:Skipping not selected package 'example' in 'src/example'
[0.532s] INFO:colcon.colcon_core.package_selection:Skipping not selected package 'micro_ros_msgs' in 'src/uros/micro_ros_msgs'
[0.533s] INFO:colcon.colcon_core.package_selection:Skipping not selected package 'micro_ros_setup' in 'src/src/micro_ros_setup'
[0.533s] INFO:colcon.colcon_core.package_selection:Skipping not selected package 'navigation' in 'src/navigation'
[0.533s] INFO:colcon.colcon_core.package_selection:Skipping not selected package 'python_pkg' in 'src/python_pkg'
[0.533s] INFO:colcon.colcon_core.package_selection:Skipping not selected package 'sllidar_ros2' in 'src/sllidar_ros2'
[0.533s] INFO:colcon.colcon_core.package_selection:Skipping not selected package 'micro_ros_agent' in 'src/uros/micro-ROS-Agent/micro_ros_agent'
[0.533s] INFO:colcon.colcon_core.package_selection:Skipping not selected package 'bringup' in 'src/bringup'
[0.533s] Level 1:colcon.colcon_core.package_discovery:discover_packages(prefix_path) check parameters
[0.534s] Level 1:colcon.colcon_core.package_discovery:discover_packages(prefix_path) discover
[0.537s] DEBUG:colcon.colcon_installed_package_information.package_discovery:Found 12 installed packages in /home/smr/workspaces/amrROS2_ws/install
[0.539s] DEBUG:colcon.colcon_installed_package_information.package_discovery:Found 336 installed packages in /opt/ros/humble
[0.569s] Level 1:colcon.colcon_core.package_discovery:discover_packages(prefix_path) using defaults
[0.636s] Level 5:colcon.colcon_core.verb:set package 'action_autodock' build argument 'cmake_args' from command line to 'None'
[0.636s] Level 5:colcon.colcon_core.verb:set package 'action_autodock' build argument 'cmake_target' from command line to 'None'
[0.636s] Level 5:colcon.colcon_core.verb:set package 'action_autodock' build argument 'cmake_target_skip_unavailable' from command line to 'False'
[0.636s] Level 5:colcon.colcon_core.verb:set package 'action_autodock' build argument 'cmake_clean_cache' from command line to 'False'
[0.636s] Level 5:colcon.colcon_core.verb:set package 'action_autodock' build argument 'cmake_clean_first' from command line to 'False'
[0.636s] Level 5:colcon.colcon_core.verb:set package 'action_autodock' build argument 'cmake_force_configure' from command line to 'False'
[0.636s] Level 5:colcon.colcon_core.verb:set package 'action_autodock' build argument 'ament_cmake_args' from command line to 'None'
[0.636s] Level 5:colcon.colcon_core.verb:set package 'action_autodock' build argument 'catkin_cmake_args' from command line to 'None'
[0.636s] Level 5:colcon.colcon_core.verb:set package 'action_autodock' build argument 'catkin_skip_building_tests' from command line to 'False'
[0.636s] DEBUG:colcon.colcon_core.verb:Building package 'action_autodock' with the following arguments: {'ament_cmake_args': None, 'build_base': '/home/smr/workspaces/amrROS2_ws/build/action_autodock', 'catkin_cmake_args': None, 'catkin_skip_building_tests': False, 'cmake_args': None, 'cmake_clean_cache': False, 'cmake_clean_first': False, 'cmake_force_configure': False, 'cmake_target': None, 'cmake_target_skip_unavailable': False, 'install_base': '/home/smr/workspaces/amrROS2_ws/install/action_autodock', 'merge_install': False, 'path': '/home/smr/workspaces/amrROS2_ws/src/action_autodock', 'symlink_install': False, 'test_result_base': None}
[0.637s] Level 5:colcon.colcon_core.verb:set package 'custom_interface' build argument 'cmake_args' from command line to 'None'
[0.637s] Level 5:colcon.colcon_core.verb:set package 'custom_interface' build argument 'cmake_target' from command line to 'None'
[0.637s] Level 5:colcon.colcon_core.verb:set package 'custom_interface' build argument 'cmake_target_skip_unavailable' from command line to 'False'
[0.637s] Level 5:colcon.colcon_core.verb:set package 'custom_interface' build argument 'cmake_clean_cache' from command line to 'False'
[0.637s] Level 5:colcon.colcon_core.verb:set package 'custom_interface' build argument 'cmake_clean_first' from command line to 'False'
[0.637s] Level 5:colcon.colcon_core.verb:set package 'custom_interface' build argument 'cmake_force_configure' from command line to 'False'
[0.637s] Level 5:colcon.colcon_core.verb:set package 'custom_interface' build argument 'ament_cmake_args' from command line to 'None'
[0.637s] Level 5:colcon.colcon_core.verb:set package 'custom_interface' build argument 'catkin_cmake_args' from command line to 'None'
[0.637s] Level 5:colcon.colcon_core.verb:set package 'custom_interface' build argument 'catkin_skip_building_tests' from command line to 'False'
[0.637s] DEBUG:colcon.colcon_core.verb:Building package 'custom_interface' with the following arguments: {'ament_cmake_args': None, 'build_base': '/home/smr/workspaces/amrROS2_ws/build/custom_interface', 'catkin_cmake_args': None, 'catkin_skip_building_tests': False, 'cmake_args': None, 'cmake_clean_cache': False, 'cmake_clean_first': False, 'cmake_force_configure': False, 'cmake_target': None, 'cmake_target_skip_unavailable': False, 'install_base': '/home/smr/workspaces/amrROS2_ws/install/custom_interface', 'merge_install': False, 'path': '/home/smr/workspaces/amrROS2_ws/src/custom_interface', 'symlink_install': False, 'test_result_base': None}
[0.638s] Level 5:colcon.colcon_core.verb:set package 'dock_lidar' build argument 'cmake_args' from command line to 'None'
[0.638s] Level 5:colcon.colcon_core.verb:set package 'dock_lidar' build argument 'cmake_target' from command line to 'None'
[0.638s] Level 5:colcon.colcon_core.verb:set package 'dock_lidar' build argument 'cmake_target_skip_unavailable' from command line to 'False'
[0.638s] Level 5:colcon.colcon_core.verb:set package 'dock_lidar' build argument 'cmake_clean_cache' from command line to 'False'
[0.638s] Level 5:colcon.colcon_core.verb:set package 'dock_lidar' build argument 'cmake_clean_first' from command line to 'False'
[0.638s] Level 5:colcon.colcon_core.verb:set package 'dock_lidar' build argument 'cmake_force_configure' from command line to 'False'
[0.638s] Level 5:colcon.colcon_core.verb:set package 'dock_lidar' build argument 'ament_cmake_args' from command line to 'None'
[0.638s] Level 5:colcon.colcon_core.verb:set package 'dock_lidar' build argument 'catkin_cmake_args' from command line to 'None'
[0.638s] Level 5:colcon.colcon_core.verb:set package 'dock_lidar' build argument 'catkin_skip_building_tests' from command line to 'False'
[0.638s] DEBUG:colcon.colcon_core.verb:Building package 'dock_lidar' with the following arguments: {'ament_cmake_args': None, 'build_base': '/home/smr/workspaces/amrROS2_ws/build/dock_lidar', 'catkin_cmake_args': None, 'catkin_skip_building_tests': False, 'cmake_args': None, 'cmake_clean_cache': False, 'cmake_clean_first': False, 'cmake_force_configure': False, 'cmake_target': None, 'cmake_target_skip_unavailable': False, 'install_base': '/home/smr/workspaces/amrROS2_ws/install/dock_lidar', 'merge_install': False, 'path': '/home/smr/workspaces/amrROS2_ws/src/dock_lidar', 'symlink_install': False, 'test_result_base': None}
[0.638s] INFO:colcon.colcon_core.executor:Executing jobs using 'parallel' executor
[0.640s] DEBUG:colcon.colcon_parallel_executor.executor.parallel:run_until_complete
[0.641s] INFO:colcon.colcon_ros.task.ament_cmake.build:Building ROS package in '/home/smr/workspaces/amrROS2_ws/src/custom_interface' with build type 'ament_cmake'
[0.641s] INFO:colcon.colcon_cmake.task.cmake.build:Building CMake package in '/home/smr/workspaces/amrROS2_ws/src/custom_interface'
[0.645s] INFO:colcon.colcon_core.plugin_system:Skipping extension 'colcon_core.shell.bat': Not used on non-Windows systems
[0.648s] INFO:colcon.colcon_core.shell:Skip shell extension 'powershell' for command environment: Not usable outside of PowerShell
[0.648s] DEBUG:colcon.colcon_core.shell:Skip shell extension 'dsv' for command environment
[0.656s] INFO:colcon.colcon_ros.task.ament_python.build:Building ROS package in '/home/smr/workspaces/amrROS2_ws/src/action_autodock' with build type 'ament_python'
[0.656s] Level 1:colcon.colcon_core.shell:create_environment_hook('action_autodock', 'ament_prefix_path')
[0.657s] INFO:colcon.colcon_core.shell:Creating environment hook '/home/smr/workspaces/amrROS2_ws/install/action_autodock/share/action_autodock/hook/ament_prefix_path.ps1'
[0.658s] INFO:colcon.colcon_core.shell:Creating environment descriptor '/home/smr/workspaces/amrROS2_ws/install/action_autodock/share/action_autodock/hook/ament_prefix_path.dsv'
[0.660s] INFO:colcon.colcon_core.shell:Creating environment hook '/home/smr/workspaces/amrROS2_ws/install/action_autodock/share/action_autodock/hook/ament_prefix_path.sh'
[0.663s] INFO:colcon.colcon_core.shell:Skip shell extension 'powershell' for command environment: Not usable outside of PowerShell
[0.663s] DEBUG:colcon.colcon_core.shell:Skip shell extension 'dsv' for command environment
[0.694s] DEBUG:colcon.colcon_core.event_handler.log_command:Invoking command in '/home/smr/workspaces/amrROS2_ws/build/custom_interface': CMAKE_PREFIX_PATH=${CMAKE_PREFIX_PATH}:/home/smr/workspaces/amrROS2_ws/install/python_pkg:/home/smr/workspaces/amrROS2_ws/install/action_autodock:/opt/ros/humble /usr/bin/cmake --build /home/smr/workspaces/amrROS2_ws/build/custom_interface -- -j8 -l8
[1.149s] INFO:colcon.colcon_core.task.python.build:Building Python package in '/home/smr/workspaces/amrROS2_ws/src/action_autodock'
[1.150s] INFO:colcon.colcon_core.shell:Skip shell extension 'powershell' for command environment: Not usable outside of PowerShell
[1.150s] DEBUG:colcon.colcon_core.shell:Skip shell extension 'dsv' for command environment
[1.863s] DEBUG:colcon.colcon_core.event_handler.log_command:Invoking command in '/home/smr/workspaces/amrROS2_ws/src/action_autodock': PYTHONPATH=/home/smr/workspaces/amrROS2_ws/build/action_autodock/prefix_override:/usr/lib/python3/dist-packages/colcon_core/task/python/colcon_distutils_commands:/home/smr/workspaces/amrROS2_ws/install/action_autodock/lib/python3.10/site-packages:${PYTHONPATH} /usr/bin/python3 -W ignore:setup.py install is deprecated setup.py egg_info --egg-base ../../build/action_autodock build --build-base /home/smr/workspaces/amrROS2_ws/build/action_autodock/build install --record /home/smr/workspaces/amrROS2_ws/build/action_autodock/install.log --single-version-externally-managed install_data
[2.474s] DEBUG:colcon.colcon_core.event_handler.log_command:Invoked command in '/home/smr/workspaces/amrROS2_ws/src/action_autodock' returned '0': PYTHONPATH=/home/smr/workspaces/amrROS2_ws/build/action_autodock/prefix_override:/usr/lib/python3/dist-packages/colcon_core/task/python/colcon_distutils_commands:/home/smr/workspaces/amrROS2_ws/install/action_autodock/lib/python3.10/site-packages:${PYTHONPATH} /usr/bin/python3 -W ignore:setup.py install is deprecated setup.py egg_info --egg-base ../../build/action_autodock build --build-base /home/smr/workspaces/amrROS2_ws/build/action_autodock/build install --record /home/smr/workspaces/amrROS2_ws/build/action_autodock/install.log --single-version-externally-managed install_data
[2.477s] Level 1:colcon.colcon_core.environment:checking '/home/smr/workspaces/amrROS2_ws/install/action_autodock' for CMake module files
[2.478s] Level 1:colcon.colcon_core.environment:checking '/home/smr/workspaces/amrROS2_ws/install/action_autodock' for CMake config files
[2.480s] Level 1:colcon.colcon_core.environment:checking '/home/smr/workspaces/amrROS2_ws/install/action_autodock/lib'
[2.480s] Level 1:colcon.colcon_core.environment:checking '/home/smr/workspaces/amrROS2_ws/install/action_autodock/bin'
[2.480s] Level 1:colcon.colcon_core.environment:checking '/home/smr/workspaces/amrROS2_ws/install/action_autodock/lib/pkgconfig/action_autodock.pc'
[2.481s] Level 1:colcon.colcon_core.environment:checking '/home/smr/workspaces/amrROS2_ws/install/action_autodock/lib/python3.10/site-packages'
[2.481s] Level 1:colcon.colcon_core.shell:create_environment_hook('action_autodock', 'pythonpath')
[2.481s] INFO:colcon.colcon_core.shell:Creating environment hook '/home/smr/workspaces/amrROS2_ws/install/action_autodock/share/action_autodock/hook/pythonpath.ps1'
[2.482s] INFO:colcon.colcon_core.shell:Creating environment descriptor '/home/smr/workspaces/amrROS2_ws/install/action_autodock/share/action_autodock/hook/pythonpath.dsv'
[2.482s] INFO:colcon.colcon_core.shell:Creating environment hook '/home/smr/workspaces/amrROS2_ws/install/action_autodock/share/action_autodock/hook/pythonpath.sh'
[2.483s] Level 1:colcon.colcon_core.environment:checking '/home/smr/workspaces/amrROS2_ws/install/action_autodock/bin'
[2.483s] Level 1:colcon.colcon_core.environment:create_environment_scripts_only(action_autodock)
[2.484s] INFO:colcon.colcon_core.shell:Creating package script '/home/smr/workspaces/amrROS2_ws/install/action_autodock/share/action_autodock/package.ps1'
[2.486s] INFO:colcon.colcon_core.shell:Creating package descriptor '/home/smr/workspaces/amrROS2_ws/install/action_autodock/share/action_autodock/package.dsv'
[2.487s] INFO:colcon.colcon_core.shell:Creating package script '/home/smr/workspaces/amrROS2_ws/install/action_autodock/share/action_autodock/package.sh'
[2.488s] INFO:colcon.colcon_core.shell:Creating package script '/home/smr/workspaces/amrROS2_ws/install/action_autodock/share/action_autodock/package.bash'
[2.489s] INFO:colcon.colcon_core.shell:Creating package script '/home/smr/workspaces/amrROS2_ws/install/action_autodock/share/action_autodock/package.zsh'
[2.490s] Level 1:colcon.colcon_core.environment:create_file_with_runtime_dependencies(/home/smr/workspaces/amrROS2_ws/install/action_autodock/share/colcon-core/packages/action_autodock)
[2.537s] DEBUG:colcon.colcon_core.event_handler.log_command:Invoked command in '/home/smr/workspaces/amrROS2_ws/build/custom_interface' returned '0': CMAKE_PREFIX_PATH=${CMAKE_PREFIX_PATH}:/home/smr/workspaces/amrROS2_ws/install/python_pkg:/home/smr/workspaces/amrROS2_ws/install/action_autodock:/opt/ros/humble /usr/bin/cmake --build /home/smr/workspaces/amrROS2_ws/build/custom_interface -- -j8 -l8
[2.798s] DEBUG:colcon.colcon_core.event_handler.log_command:Invoking command in '/home/smr/workspaces/amrROS2_ws/build/custom_interface': CMAKE_PREFIX_PATH=${CMAKE_PREFIX_PATH}:/home/smr/workspaces/amrROS2_ws/install/python_pkg:/home/smr/workspaces/amrROS2_ws/install/action_autodock:/opt/ros/humble /usr/bin/cmake --install /home/smr/workspaces/amrROS2_ws/build/custom_interface
[2.913s] Level 1:colcon.colcon_core.environment:create_environment_scripts_only(custom_interface)
[2.915s] Level 1:colcon.colcon_core.environment:checking '/home/smr/workspaces/amrROS2_ws/install/custom_interface' for CMake module files
[2.917s] DEBUG:colcon.colcon_core.event_handler.log_command:Invoked command in '/home/smr/workspaces/amrROS2_ws/build/custom_interface' returned '0': CMAKE_PREFIX_PATH=${CMAKE_PREFIX_PATH}:/home/smr/workspaces/amrROS2_ws/install/python_pkg:/home/smr/workspaces/amrROS2_ws/install/action_autodock:/opt/ros/humble /usr/bin/cmake --install /home/smr/workspaces/amrROS2_ws/build/custom_interface
[2.927s] Level 1:colcon.colcon_core.environment:checking '/home/smr/workspaces/amrROS2_ws/install/custom_interface' for CMake config files
[2.931s] Level 1:colcon.colcon_core.shell:create_environment_hook('custom_interface', 'cmake_prefix_path')
[2.933s] INFO:colcon.colcon_core.shell:Creating environment hook '/home/smr/workspaces/amrROS2_ws/install/custom_interface/share/custom_interface/hook/cmake_prefix_path.ps1'
[2.935s] INFO:colcon.colcon_core.shell:Creating environment descriptor '/home/smr/workspaces/amrROS2_ws/install/custom_interface/share/custom_interface/hook/cmake_prefix_path.dsv'
[2.938s] INFO:colcon.colcon_core.shell:Creating environment hook '/home/smr/workspaces/amrROS2_ws/install/custom_interface/share/custom_interface/hook/cmake_prefix_path.sh'
[2.941s] Level 1:colcon.colcon_core.environment:checking '/home/smr/workspaces/amrROS2_ws/install/custom_interface/lib'
[2.941s] Level 1:colcon.colcon_core.shell:create_environment_hook('custom_interface', 'ld_library_path_lib')
[2.942s] INFO:colcon.colcon_core.shell:Creating environment hook '/home/smr/workspaces/amrROS2_ws/install/custom_interface/share/custom_interface/hook/ld_library_path_lib.ps1'
[2.945s] INFO:colcon.colcon_core.shell:Creating environment descriptor '/home/smr/workspaces/amrROS2_ws/install/custom_interface/share/custom_interface/hook/ld_library_path_lib.dsv'
[2.946s] INFO:colcon.colcon_core.shell:Creating environment hook '/home/smr/workspaces/amrROS2_ws/install/custom_interface/share/custom_interface/hook/ld_library_path_lib.sh'
[2.947s] Level 1:colcon.colcon_core.environment:checking '/home/smr/workspaces/amrROS2_ws/install/custom_interface/bin'
[2.948s] Level 1:colcon.colcon_core.environment:checking '/home/smr/workspaces/amrROS2_ws/install/custom_interface/lib/pkgconfig/custom_interface.pc'
[2.948s] Level 1:colcon.colcon_core.environment:checking '/home/smr/workspaces/amrROS2_ws/install/custom_interface/lib/python3.10/site-packages'
[2.948s] Level 1:colcon.colcon_core.environment:checking '/home/smr/workspaces/amrROS2_ws/install/custom_interface/bin'
[2.949s] INFO:colcon.colcon_core.shell:Creating package script '/home/smr/workspaces/amrROS2_ws/install/custom_interface/share/custom_interface/package.ps1'
[2.950s] INFO:colcon.colcon_core.shell:Creating package descriptor '/home/smr/workspaces/amrROS2_ws/install/custom_interface/share/custom_interface/package.dsv'
[2.950s] INFO:colcon.colcon_core.shell:Creating package script '/home/smr/workspaces/amrROS2_ws/install/custom_interface/share/custom_interface/package.sh'
[2.951s] INFO:colcon.colcon_core.shell:Creating package script '/home/smr/workspaces/amrROS2_ws/install/custom_interface/share/custom_interface/package.bash'
[2.951s] INFO:colcon.colcon_core.shell:Creating package script '/home/smr/workspaces/amrROS2_ws/install/custom_interface/share/custom_interface/package.zsh'
[2.952s] Level 1:colcon.colcon_core.environment:create_file_with_runtime_dependencies(/home/smr/workspaces/amrROS2_ws/install/custom_interface/share/colcon-core/packages/custom_interface)
[3.242s] Level 1:colcon.colcon_core.environment:create_environment_scripts_only(custom_interface)
[3.243s] Level 1:colcon.colcon_core.environment:checking '/home/smr/workspaces/amrROS2_ws/install/custom_interface' for CMake module files
[3.249s] Level 1:colcon.colcon_core.environment:checking '/home/smr/workspaces/amrROS2_ws/install/custom_interface' for CMake config files
[3.252s] Level 1:colcon.colcon_core.shell:create_environment_hook('custom_interface', 'cmake_prefix_path')
[3.254s] INFO:colcon.colcon_core.shell:Creating environment hook '/home/smr/workspaces/amrROS2_ws/install/custom_interface/share/custom_interface/hook/cmake_prefix_path.ps1'
[3.256s] INFO:colcon.colcon_core.shell:Creating environment descriptor '/home/smr/workspaces/amrROS2_ws/install/custom_interface/share/custom_interface/hook/cmake_prefix_path.dsv'
[3.258s] INFO:colcon.colcon_core.shell:Creating environment hook '/home/smr/workspaces/amrROS2_ws/install/custom_interface/share/custom_interface/hook/cmake_prefix_path.sh'
[3.260s] Level 1:colcon.colcon_core.environment:checking '/home/smr/workspaces/amrROS2_ws/install/custom_interface/lib'
[3.261s] Level 1:colcon.colcon_core.shell:create_environment_hook('custom_interface', 'ld_library_path_lib')
[3.262s] INFO:colcon.colcon_core.shell:Creating environment hook '/home/smr/workspaces/amrROS2_ws/install/custom_interface/share/custom_interface/hook/ld_library_path_lib.ps1'
[3.264s] INFO:colcon.colcon_core.shell:Creating environment descriptor '/home/smr/workspaces/amrROS2_ws/install/custom_interface/share/custom_interface/hook/ld_library_path_lib.dsv'
[3.266s] INFO:colcon.colcon_core.shell:Creating environment hook '/home/smr/workspaces/amrROS2_ws/install/custom_interface/share/custom_interface/hook/ld_library_path_lib.sh'
[3.268s] Level 1:colcon.colcon_core.environment:checking '/home/smr/workspaces/amrROS2_ws/install/custom_interface/bin'
[3.269s] Level 1:colcon.colcon_core.environment:checking '/home/smr/workspaces/amrROS2_ws/install/custom_interface/lib/pkgconfig/custom_interface.pc'
[3.270s] Level 1:colcon.colcon_core.environment:checking '/home/smr/workspaces/amrROS2_ws/install/custom_interface/lib/python3.10/site-packages'
[3.271s] Level 1:colcon.colcon_core.environment:checking '/home/smr/workspaces/amrROS2_ws/install/custom_interface/bin'
[3.273s] INFO:colcon.colcon_core.shell:Creating package script '/home/smr/workspaces/amrROS2_ws/install/custom_interface/share/custom_interface/package.ps1'
[3.277s] INFO:colcon.colcon_core.shell:Creating package descriptor '/home/smr/workspaces/amrROS2_ws/install/custom_interface/share/custom_interface/package.dsv'
[3.281s] INFO:colcon.colcon_core.shell:Creating package script '/home/smr/workspaces/amrROS2_ws/install/custom_interface/share/custom_interface/package.sh'
[3.288s] INFO:colcon.colcon_core.shell:Creating package script '/home/smr/workspaces/amrROS2_ws/install/custom_interface/share/custom_interface/package.bash'
[3.291s] INFO:colcon.colcon_core.shell:Creating package script '/home/smr/workspaces/amrROS2_ws/install/custom_interface/share/custom_interface/package.zsh'
[3.293s] Level 1:colcon.colcon_core.environment:create_file_with_runtime_dependencies(/home/smr/workspaces/amrROS2_ws/install/custom_interface/share/colcon-core/packages/custom_interface)
[3.294s] INFO:colcon.colcon_ros.task.ament_cmake.build:Building ROS package in '/home/smr/workspaces/amrROS2_ws/src/dock_lidar' with build type 'ament_cmake'
[3.294s] INFO:colcon.colcon_cmake.task.cmake.build:Building CMake package in '/home/smr/workspaces/amrROS2_ws/src/dock_lidar'
[3.295s] INFO:colcon.colcon_core.shell:Skip shell extension 'powershell' for command environment: Not usable outside of PowerShell
[3.295s] DEBUG:colcon.colcon_core.shell:Skip shell extension 'dsv' for command environment
[3.328s] DEBUG:colcon.colcon_core.event_handler.log_command:Invoking command in '/home/smr/workspaces/amrROS2_ws/build/dock_lidar': CMAKE_PREFIX_PATH=/home/smr/workspaces/amrROS2_ws/install/custom_interface:/home/smr/workspaces/amrROS2_ws/install/sllidar_ros2:/home/smr/workspaces/amrROS2_ws/install/navigation:/home/smr/workspaces/amrROS2_ws/install/micro_ros_setup:/home/smr/workspaces/amrROS2_ws/install/bringup:/home/smr/workspaces/amrROS2_ws/install/micro_ros_agent:/home/smr/workspaces/amrROS2_ws/install/micro_ros_msgs:/home/smr/workspaces/amrROS2_ws/install/example:/home/smr/workspaces/amrROS2_ws/install/dock_lidar:/home/smr/workspaces/amrROS2_ws/install/description:/home/smr/workspaces/amrROS2_ws/install/python_pkg:/home/smr/workspaces/amrROS2_ws/install/action_autodock:/opt/ros/humble LD_LIBRARY_PATH=/home/smr/workspaces/amrROS2_ws/install/custom_interface/lib:/home/smr/workspaces/amrROS2_ws/install/micro_ros_agent/lib:/home/smr/workspaces/amrROS2_ws/install/micro_ros_msgs/lib:/opt/ros/humble/opt/rviz_ogre_vendor/lib:/opt/ros/humble/lib/aarch64-linux-gnu:/opt/ros/humble/lib /usr/bin/cmake --build /home/smr/workspaces/amrROS2_ws/build/dock_lidar -- -j8 -l8
[25.916s] DEBUG:colcon.colcon_core.event_handler.log_command:Invoked command in '/home/smr/workspaces/amrROS2_ws/build/dock_lidar' returned '0': CMAKE_PREFIX_PATH=/home/smr/workspaces/amrROS2_ws/install/custom_interface:/home/smr/workspaces/amrROS2_ws/install/sllidar_ros2:/home/smr/workspaces/amrROS2_ws/install/navigation:/home/smr/workspaces/amrROS2_ws/install/micro_ros_setup:/home/smr/workspaces/amrROS2_ws/install/bringup:/home/smr/workspaces/amrROS2_ws/install/micro_ros_agent:/home/smr/workspaces/amrROS2_ws/install/micro_ros_msgs:/home/smr/workspaces/amrROS2_ws/install/example:/home/smr/workspaces/amrROS2_ws/install/dock_lidar:/home/smr/workspaces/amrROS2_ws/install/description:/home/smr/workspaces/amrROS2_ws/install/python_pkg:/home/smr/workspaces/amrROS2_ws/install/action_autodock:/opt/ros/humble LD_LIBRARY_PATH=/home/smr/workspaces/amrROS2_ws/install/custom_interface/lib:/home/smr/workspaces/amrROS2_ws/install/micro_ros_agent/lib:/home/smr/workspaces/amrROS2_ws/install/micro_ros_msgs/lib:/opt/ros/humble/opt/rviz_ogre_vendor/lib:/opt/ros/humble/lib/aarch64-linux-gnu:/opt/ros/humble/lib /usr/bin/cmake --build /home/smr/workspaces/amrROS2_ws/build/dock_lidar -- -j8 -l8
[26.021s] DEBUG:colcon.colcon_core.event_handler.log_command:Invoking command in '/home/smr/workspaces/amrROS2_ws/build/dock_lidar': CMAKE_PREFIX_PATH=/home/smr/workspaces/amrROS2_ws/install/custom_interface:/home/smr/workspaces/amrROS2_ws/install/sllidar_ros2:/home/smr/workspaces/amrROS2_ws/install/navigation:/home/smr/workspaces/amrROS2_ws/install/micro_ros_setup:/home/smr/workspaces/amrROS2_ws/install/bringup:/home/smr/workspaces/amrROS2_ws/install/micro_ros_agent:/home/smr/workspaces/amrROS2_ws/install/micro_ros_msgs:/home/smr/workspaces/amrROS2_ws/install/example:/home/smr/workspaces/amrROS2_ws/install/dock_lidar:/home/smr/workspaces/amrROS2_ws/install/description:/home/smr/workspaces/amrROS2_ws/install/python_pkg:/home/smr/workspaces/amrROS2_ws/install/action_autodock:/opt/ros/humble LD_LIBRARY_PATH=/home/smr/workspaces/amrROS2_ws/install/custom_interface/lib:/home/smr/workspaces/amrROS2_ws/install/micro_ros_agent/lib:/home/smr/workspaces/amrROS2_ws/install/micro_ros_msgs/lib:/opt/ros/humble/opt/rviz_ogre_vendor/lib:/opt/ros/humble/lib/aarch64-linux-gnu:/opt/ros/humble/lib /usr/bin/cmake --install /home/smr/workspaces/amrROS2_ws/build/dock_lidar
[26.059s] Level 1:colcon.colcon_core.environment:create_environment_scripts_only(dock_lidar)
[26.061s] Level 1:colcon.colcon_core.environment:checking '/home/smr/workspaces/amrROS2_ws/install/dock_lidar' for CMake module files
[26.059s] DEBUG:colcon.colcon_core.event_handler.log_command:Invoked command in '/home/smr/workspaces/amrROS2_ws/build/dock_lidar' returned '0': CMAKE_PREFIX_PATH=/home/smr/workspaces/amrROS2_ws/install/custom_interface:/home/smr/workspaces/amrROS2_ws/install/sllidar_ros2:/home/smr/workspaces/amrROS2_ws/install/navigation:/home/smr/workspaces/amrROS2_ws/install/micro_ros_setup:/home/smr/workspaces/amrROS2_ws/install/bringup:/home/smr/workspaces/amrROS2_ws/install/micro_ros_agent:/home/smr/workspaces/amrROS2_ws/install/micro_ros_msgs:/home/smr/workspaces/amrROS2_ws/install/example:/home/smr/workspaces/amrROS2_ws/install/dock_lidar:/home/smr/workspaces/amrROS2_ws/install/description:/home/smr/workspaces/amrROS2_ws/install/python_pkg:/home/smr/workspaces/amrROS2_ws/install/action_autodock:/opt/ros/humble LD_LIBRARY_PATH=/home/smr/workspaces/amrROS2_ws/install/custom_interface/lib:/home/smr/workspaces/amrROS2_ws/install/micro_ros_agent/lib:/home/smr/workspaces/amrROS2_ws/install/micro_ros_msgs/lib:/opt/ros/humble/opt/rviz_ogre_vendor/lib:/opt/ros/humble/lib/aarch64-linux-gnu:/opt/ros/humble/lib /usr/bin/cmake --install /home/smr/workspaces/amrROS2_ws/build/dock_lidar
[26.062s] Level 1:colcon.colcon_core.environment:checking '/home/smr/workspaces/amrROS2_ws/install/dock_lidar' for CMake config files
[26.063s] Level 1:colcon.colcon_core.shell:create_environment_hook('dock_lidar', 'cmake_prefix_path')
[26.063s] INFO:colcon.colcon_core.shell:Creating environment hook '/home/smr/workspaces/amrROS2_ws/install/dock_lidar/share/dock_lidar/hook/cmake_prefix_path.ps1'
[26.064s] INFO:colcon.colcon_core.shell:Creating environment descriptor '/home/smr/workspaces/amrROS2_ws/install/dock_lidar/share/dock_lidar/hook/cmake_prefix_path.dsv'
[26.065s] INFO:colcon.colcon_core.shell:Creating environment hook '/home/smr/workspaces/amrROS2_ws/install/dock_lidar/share/dock_lidar/hook/cmake_prefix_path.sh'
[26.067s] Level 1:colcon.colcon_core.environment:checking '/home/smr/workspaces/amrROS2_ws/install/dock_lidar/lib'
[26.067s] Level 1:colcon.colcon_core.environment:checking '/home/smr/workspaces/amrROS2_ws/install/dock_lidar/bin'
[26.067s] Level 1:colcon.colcon_core.environment:checking '/home/smr/workspaces/amrROS2_ws/install/dock_lidar/lib/pkgconfig/dock_lidar.pc'
[26.067s] Level 1:colcon.colcon_core.environment:checking '/home/smr/workspaces/amrROS2_ws/install/dock_lidar/lib/python3.10/site-packages'
[26.068s] Level 1:colcon.colcon_core.environment:checking '/home/smr/workspaces/amrROS2_ws/install/dock_lidar/bin'
[26.069s] INFO:colcon.colcon_core.shell:Creating package script '/home/smr/workspaces/amrROS2_ws/install/dock_lidar/share/dock_lidar/package.ps1'
[26.069s] INFO:colcon.colcon_core.shell:Creating package descriptor '/home/smr/workspaces/amrROS2_ws/install/dock_lidar/share/dock_lidar/package.dsv'
[26.070s] INFO:colcon.colcon_core.shell:Creating package script '/home/smr/workspaces/amrROS2_ws/install/dock_lidar/share/dock_lidar/package.sh'
[26.071s] INFO:colcon.colcon_core.shell:Creating package script '/home/smr/workspaces/amrROS2_ws/install/dock_lidar/share/dock_lidar/package.bash'
[26.072s] INFO:colcon.colcon_core.shell:Creating package script '/home/smr/workspaces/amrROS2_ws/install/dock_lidar/share/dock_lidar/package.zsh'
[26.072s] Level 1:colcon.colcon_core.environment:create_file_with_runtime_dependencies(/home/smr/workspaces/amrROS2_ws/install/dock_lidar/share/colcon-core/packages/dock_lidar)
[26.175s] Level 1:colcon.colcon_core.environment:create_environment_scripts_only(dock_lidar)
[26.177s] Level 1:colcon.colcon_core.environment:checking '/home/smr/workspaces/amrROS2_ws/install/dock_lidar' for CMake module files
[26.181s] Level 1:colcon.colcon_core.environment:checking '/home/smr/workspaces/amrROS2_ws/install/dock_lidar' for CMake config files
[26.183s] Level 1:colcon.colcon_core.shell:create_environment_hook('dock_lidar', 'cmake_prefix_path')
[26.186s] INFO:colcon.colcon_core.shell:Creating environment hook '/home/smr/workspaces/amrROS2_ws/install/dock_lidar/share/dock_lidar/hook/cmake_prefix_path.ps1'
[26.189s] INFO:colcon.colcon_core.shell:Creating environment descriptor '/home/smr/workspaces/amrROS2_ws/install/dock_lidar/share/dock_lidar/hook/cmake_prefix_path.dsv'
[26.191s] INFO:colcon.colcon_core.shell:Creating environment hook '/home/smr/workspaces/amrROS2_ws/install/dock_lidar/share/dock_lidar/hook/cmake_prefix_path.sh'
[26.194s] Level 1:colcon.colcon_core.environment:checking '/home/smr/workspaces/amrROS2_ws/install/dock_lidar/lib'
[26.194s] Level 1:colcon.colcon_core.environment:checking '/home/smr/workspaces/amrROS2_ws/install/dock_lidar/bin'
[26.195s] Level 1:colcon.colcon_core.environment:checking '/home/smr/workspaces/amrROS2_ws/install/dock_lidar/lib/pkgconfig/dock_lidar.pc'
[26.196s] Level 1:colcon.colcon_core.environment:checking '/home/smr/workspaces/amrROS2_ws/install/dock_lidar/lib/python3.10/site-packages'
[26.198s] Level 1:colcon.colcon_core.environment:checking '/home/smr/workspaces/amrROS2_ws/install/dock_lidar/bin'
[26.199s] INFO:colcon.colcon_core.shell:Creating package script '/home/smr/workspaces/amrROS2_ws/install/dock_lidar/share/dock_lidar/package.ps1'
[26.202s] INFO:colcon.colcon_core.shell:Creating package descriptor '/home/smr/workspaces/amrROS2_ws/install/dock_lidar/share/dock_lidar/package.dsv'
[26.204s] INFO:colcon.colcon_core.shell:Creating package script '/home/smr/workspaces/amrROS2_ws/install/dock_lidar/share/dock_lidar/package.sh'
[26.207s] INFO:colcon.colcon_core.shell:Creating package script '/home/smr/workspaces/amrROS2_ws/install/dock_lidar/share/dock_lidar/package.bash'
[26.210s] INFO:colcon.colcon_core.shell:Creating package script '/home/smr/workspaces/amrROS2_ws/install/dock_lidar/share/dock_lidar/package.zsh'
[26.212s] Level 1:colcon.colcon_core.environment:create_file_with_runtime_dependencies(/home/smr/workspaces/amrROS2_ws/install/dock_lidar/share/colcon-core/packages/dock_lidar)
[26.214s] DEBUG:colcon.colcon_parallel_executor.executor.parallel:closing loop
[26.216s] DEBUG:colcon.colcon_parallel_executor.executor.parallel:loop closed
[26.216s] DEBUG:colcon.colcon_parallel_executor.executor.parallel:run_until_complete finished with '0'
[26.217s] DEBUG:colcon.colcon_core.event_reactor:joining thread
[26.270s] INFO:colcon.colcon_core.plugin_system:Skipping extension 'colcon_notification.desktop_notification.terminal_notifier': Not used on non-Darwin systems
[26.271s] INFO:colcon.colcon_core.plugin_system:Skipping extension 'colcon_notification.desktop_notification.win32': Not used on non-Windows systems
[26.271s] INFO:colcon.colcon_notification.desktop_notification:Sending desktop notification using 'notify2'
[26.302s] DEBUG:colcon.colcon_core.event_reactor:joined thread
[26.303s] INFO:colcon.colcon_core.shell:Creating prefix script '/home/smr/workspaces/amrROS2_ws/install/local_setup.ps1'
[26.305s] INFO:colcon.colcon_core.shell:Creating prefix util module '/home/smr/workspaces/amrROS2_ws/install/_local_setup_util_ps1.py'
[26.308s] INFO:colcon.colcon_core.shell:Creating prefix chain script '/home/smr/workspaces/amrROS2_ws/install/setup.ps1'
[26.311s] INFO:colcon.colcon_core.shell:Creating prefix script '/home/smr/workspaces/amrROS2_ws/install/local_setup.sh'
[26.312s] INFO:colcon.colcon_core.shell:Creating prefix util module '/home/smr/workspaces/amrROS2_ws/install/_local_setup_util_sh.py'
[26.313s] INFO:colcon.colcon_core.shell:Creating prefix chain script '/home/smr/workspaces/amrROS2_ws/install/setup.sh'
[26.315s] INFO:colcon.colcon_core.shell:Creating prefix script '/home/smr/workspaces/amrROS2_ws/install/local_setup.bash'
[26.318s] INFO:colcon.colcon_core.shell:Creating prefix chain script '/home/smr/workspaces/amrROS2_ws/install/setup.bash'
[26.321s] INFO:colcon.colcon_core.shell:Creating prefix script '/home/smr/workspaces/amrROS2_ws/install/local_setup.zsh'
[26.324s] INFO:colcon.colcon_core.shell:Creating prefix chain script '/home/smr/workspaces/amrROS2_ws/install/setup.zsh'
