[3.115s] Invoking command in '/home/smr/workspaces/amrROS2_ws/src/python_pkg': PYTHONPATH=/home/smr/workspaces/amrROS2_ws/build/python_pkg/prefix_override:/usr/lib/python3/dist-packages/colcon_core/task/python/colcon_distutils_commands:/home/smr/workspaces/amrROS2_ws/install/python_pkg/lib/python3.10/site-packages:${PYTHONPATH} /usr/bin/python3 -W ignore:setup.py install is deprecated setup.py egg_info --egg-base ../../build/python_pkg build --build-base /home/smr/workspaces/amrROS2_ws/build/python_pkg/build install --record /home/smr/workspaces/amrROS2_ws/build/python_pkg/install.log --single-version-externally-managed install_data
[3.589s] running egg_info
[3.591s] writing ../../build/python_pkg/python_pkg.egg-info/PKG-INFO
[3.591s] writing dependency_links to ../../build/python_pkg/python_pkg.egg-info/dependency_links.txt
[3.591s] writing entry points to ../../build/python_pkg/python_pkg.egg-info/entry_points.txt
[3.592s] writing requirements to ../../build/python_pkg/python_pkg.egg-info/requires.txt
[3.592s] writing top-level names to ../../build/python_pkg/python_pkg.egg-info/top_level.txt
[3.596s] reading manifest file '../../build/python_pkg/python_pkg.egg-info/SOURCES.txt'
[3.597s] adding license file 'LICENSE'
[3.602s] writing manifest file '../../build/python_pkg/python_pkg.egg-info/SOURCES.txt'
[3.603s] running build
[3.603s] running build_py
[3.603s] running install
[3.604s] running install_lib
[3.607s] running install_data
[3.607s] running install_egg_info
[3.611s] removing '/home/smr/workspaces/amrROS2_ws/install/python_pkg/lib/python3.10/site-packages/python_pkg-0.0.0-py3.10.egg-info' (and everything under it)
[3.611s] Copying ../../build/python_pkg/python_pkg.egg-info to /home/smr/workspaces/amrROS2_ws/install/python_pkg/lib/python3.10/site-packages/python_pkg-0.0.0-py3.10.egg-info
[3.616s] running install_scripts
[3.665s] Installing ip_publisher script to /home/smr/workspaces/amrROS2_ws/install/python_pkg/lib/python_pkg
[3.666s] writing list of installed files to '/home/smr/workspaces/amrROS2_ws/build/python_pkg/install.log'
[3.840s] Invoked command in '/home/smr/workspaces/amrROS2_ws/src/python_pkg' returned '0': PYTHONPATH=/home/smr/workspaces/amrROS2_ws/build/python_pkg/prefix_override:/usr/lib/python3/dist-packages/colcon_core/task/python/colcon_distutils_commands:/home/smr/workspaces/amrROS2_ws/install/python_pkg/lib/python3.10/site-packages:${PYTHONPATH} /usr/bin/python3 -W ignore:setup.py install is deprecated setup.py egg_info --egg-base ../../build/python_pkg build --build-base /home/smr/workspaces/amrROS2_ws/build/python_pkg/build install --record /home/smr/workspaces/amrROS2_ws/build/python_pkg/install.log --single-version-externally-managed install_data
