[0.086s] Invoking command in '/home/smr/workspaces/amrROS2_ws/build/navigation': CMAKE_PREFIX_PATH=${CMAKE_PREFIX_PATH}:/home/smr/workspaces/amrROS2_ws/install/python_pkg:/opt/ros/humble /usr/bin/cmake --build /home/smr/workspaces/amrROS2_ws/build/navigation -- -j8 -l8
[0.564s] Invoked command in '/home/smr/workspaces/amrROS2_ws/build/navigation' returned '0': CMAKE_PREFIX_PATH=${CMAKE_PREFIX_PATH}:/home/smr/workspaces/amrROS2_ws/install/python_pkg:/opt/ros/humble /usr/bin/cmake --build /home/smr/workspaces/amrROS2_ws/build/navigation -- -j8 -l8
[0.656s] Invoking command in '/home/smr/workspaces/amrROS2_ws/build/navigation': CMAKE_PREFIX_PATH=${CMAKE_PREFIX_PATH}:/home/smr/workspaces/amrROS2_ws/install/python_pkg:/opt/ros/humble /usr/bin/cmake --install /home/smr/workspaces/amrROS2_ws/build/navigation
[0.668s] -- Install configuration: ""
[0.671s] -- Up-to-date: /home/smr/workspaces/amrROS2_ws/install/navigation/share/navigation/launch
[0.672s] -- Up-to-date: /home/smr/workspaces/amrROS2_ws/install/navigation/share/navigation/launch/navigation_launch.py
[0.672s] -- Up-to-date: /home/smr/workspaces/amrROS2_ws/install/navigation/share/navigation/launch/collision_monitor_node.launch.py
[0.673s] -- Installing: /home/smr/workspaces/amrROS2_ws/install/navigation/share/navigation/launch/navigation.launch.py
[0.673s] -- Up-to-date: /home/smr/workspaces/amrROS2_ws/install/navigation/share/navigation/launch/slam.launch.py
[0.674s] -- Up-to-date: /home/smr/workspaces/amrROS2_ws/install/navigation/share/navigation/config
[0.675s] -- Up-to-date: /home/smr/workspaces/amrROS2_ws/install/navigation/share/navigation/config/navigation.yaml
[0.678s] -- Up-to-date: /home/smr/workspaces/amrROS2_ws/install/navigation/share/navigation/config/slam_localization.yaml
[0.679s] -- Up-to-date: /home/smr/workspaces/amrROS2_ws/install/navigation/share/navigation/config/mapper_params_online_async.yaml
[0.680s] -- Up-to-date: /home/smr/workspaces/amrROS2_ws/install/navigation/share/navigation/config/collision_monitor_params.yaml
[0.681s] -- Up-to-date: /home/smr/workspaces/amrROS2_ws/install/navigation/share/navigation/rviz
[0.681s] -- Up-to-date: /home/smr/workspaces/amrROS2_ws/install/navigation/share/navigation/rviz/slam.rviz
[0.682s] -- Up-to-date: /home/smr/workspaces/amrROS2_ws/install/navigation/share/navigation/rviz/navigation.rviz
[0.682s] -- Up-to-date: /home/smr/workspaces/amrROS2_ws/install/navigation/share/navigation/maps
[0.682s] -- Up-to-date: /home/smr/workspaces/amrROS2_ws/install/navigation/share/navigation/maps/Turtlebot_Arena_map.yaml
[0.682s] -- Up-to-date: /home/smr/workspaces/amrROS2_ws/install/navigation/share/navigation/maps/Turtlebot_Arena_map.pgm
[0.682s] -- Up-to-date: /home/smr/workspaces/amrROS2_ws/install/navigation/share/ament_index/resource_index/package_run_dependencies/navigation
[0.682s] -- Up-to-date: /home/smr/workspaces/amrROS2_ws/install/navigation/share/ament_index/resource_index/parent_prefix_path/navigation
[0.682s] -- Up-to-date: /home/smr/workspaces/amrROS2_ws/install/navigation/share/navigation/environment/ament_prefix_path.sh
[0.683s] -- Up-to-date: /home/smr/workspaces/amrROS2_ws/install/navigation/share/navigation/environment/ament_prefix_path.dsv
[0.683s] -- Up-to-date: /home/smr/workspaces/amrROS2_ws/install/navigation/share/navigation/environment/path.sh
[0.683s] -- Up-to-date: /home/smr/workspaces/amrROS2_ws/install/navigation/share/navigation/environment/path.dsv
[0.684s] -- Up-to-date: /home/smr/workspaces/amrROS2_ws/install/navigation/share/navigation/local_setup.bash
[0.685s] -- Up-to-date: /home/smr/workspaces/amrROS2_ws/install/navigation/share/navigation/local_setup.sh
[0.686s] -- Up-to-date: /home/smr/workspaces/amrROS2_ws/install/navigation/share/navigation/local_setup.zsh
[0.687s] -- Up-to-date: /home/smr/workspaces/amrROS2_ws/install/navigation/share/navigation/local_setup.dsv
[0.688s] -- Installing: /home/smr/workspaces/amrROS2_ws/install/navigation/share/navigation/package.dsv
[0.688s] -- Up-to-date: /home/smr/workspaces/amrROS2_ws/install/navigation/share/ament_index/resource_index/packages/navigation
[0.690s] -- Up-to-date: /home/smr/workspaces/amrROS2_ws/install/navigation/share/navigation/cmake/navigationConfig.cmake
[0.690s] -- Up-to-date: /home/smr/workspaces/amrROS2_ws/install/navigation/share/navigation/cmake/navigationConfig-version.cmake
[0.692s] -- Up-to-date: /home/smr/workspaces/amrROS2_ws/install/navigation/share/navigation/package.xml
[0.810s] Invoked command in '/home/smr/workspaces/amrROS2_ws/build/navigation' returned '0': CMAKE_PREFIX_PATH=${CMAKE_PREFIX_PATH}:/home/smr/workspaces/amrROS2_ws/install/python_pkg:/opt/ros/humble /usr/bin/cmake --install /home/smr/workspaces/amrROS2_ws/build/navigation
