[0.651s] Invoking command in '/home/smr/workspaces/amrROS2_ws/build/sllidar_ros2': CMAKE_PREFIX_PATH=${CMAKE_PREFIX_PATH}:/home/smr/workspaces/amrROS2_ws/install/python_pkg:/opt/ros/humble /usr/bin/cmake --build /home/smr/workspaces/amrROS2_ws/build/sllidar_ros2 -- -j8 -l8
[0.996s] [ 10%] Built target sllidar_client
[0.996s] [100%] Built target sllidar_node
[1.074s] Invoked command in '/home/smr/workspaces/amrROS2_ws/build/sllidar_ros2' returned '0': CMAKE_PREFIX_PATH=${CMAKE_PREFIX_PATH}:/home/smr/workspaces/amrROS2_ws/install/python_pkg:/opt/ros/humble /usr/bin/cmake --build /home/smr/workspaces/amrROS2_ws/build/sllidar_ros2 -- -j8 -l8
[1.279s] Invoking command in '/home/smr/workspaces/amrROS2_ws/build/sllidar_ros2': CMAKE_PREFIX_PATH=${CMAKE_PREFIX_PATH}:/home/smr/workspaces/amrROS2_ws/install/python_pkg:/opt/ros/humble /usr/bin/cmake --install /home/smr/workspaces/amrROS2_ws/build/sllidar_ros2
[1.300s] -- Install configuration: ""
[1.300s] -- Up-to-date: /home/smr/workspaces/amrROS2_ws/install/sllidar_ros2/share/sllidar_ros2/launch
[1.301s] -- Up-to-date: /home/smr/workspaces/amrROS2_ws/install/sllidar_ros2/share/sllidar_ros2/launch/sllidar_a3_launch.py
[1.301s] -- Up-to-date: /home/smr/workspaces/amrROS2_ws/install/sllidar_ros2/share/sllidar_ros2/launch/view_sllidar_a2m12_launch.py
[1.302s] -- Up-to-date: /home/smr/workspaces/amrROS2_ws/install/sllidar_ros2/share/sllidar_ros2/launch/sllidar_a2m7_launch.py
[1.302s] -- Up-to-date: /home/smr/workspaces/amrROS2_ws/install/sllidar_ros2/share/sllidar_ros2/launch/view_sllidar_a1_launch.py
[1.303s] -- Up-to-date: /home/smr/workspaces/amrROS2_ws/install/sllidar_ros2/share/sllidar_ros2/launch/view_sllidar_s2_launch.py
[1.305s] -- Up-to-date: /home/smr/workspaces/amrROS2_ws/install/sllidar_ros2/share/sllidar_ros2/launch/sllidar_a2m8_launch.py
[1.306s] -- Up-to-date: /home/smr/workspaces/amrROS2_ws/install/sllidar_ros2/share/sllidar_ros2/launch/sllidar_s3_launch.py
[1.307s] -- Up-to-date: /home/smr/workspaces/amrROS2_ws/install/sllidar_ros2/share/sllidar_ros2/launch/sllidar_t1_launch.py
[1.308s] -- Up-to-date: /home/smr/workspaces/amrROS2_ws/install/sllidar_ros2/share/sllidar_ros2/launch/sllidar_a2m12_launch .py
[1.310s] -- Up-to-date: /home/smr/workspaces/amrROS2_ws/install/sllidar_ros2/share/sllidar_ros2/launch/view_sllidar_s1_launch.py
[1.315s] -- Up-to-date: /home/smr/workspaces/amrROS2_ws/install/sllidar_ros2/share/sllidar_ros2/launch/sllidar_s2_launch.py
[1.317s] -- Up-to-date: /home/smr/workspaces/amrROS2_ws/install/sllidar_ros2/share/sllidar_ros2/launch/sllidar_s1_launch.py
[1.318s] -- Up-to-date: /home/smr/workspaces/amrROS2_ws/install/sllidar_ros2/share/sllidar_ros2/launch/view_sllidar_c1_launch.py
[1.318s] -- Up-to-date: /home/smr/workspaces/amrROS2_ws/install/sllidar_ros2/share/sllidar_ros2/launch/view_sllidar_a3_launch.py
[1.319s] -- Up-to-date: /home/smr/workspaces/amrROS2_ws/install/sllidar_ros2/share/sllidar_ros2/launch/view_sllidar_t1_launch.py
[1.320s] -- Up-to-date: /home/smr/workspaces/amrROS2_ws/install/sllidar_ros2/share/sllidar_ros2/launch/sllidar_s2e_launch.py
[1.320s] -- Up-to-date: /home/smr/workspaces/amrROS2_ws/install/sllidar_ros2/share/sllidar_ros2/launch/sllidar_a1_launch.py
[1.321s] -- Up-to-date: /home/smr/workspaces/amrROS2_ws/install/sllidar_ros2/share/sllidar_ros2/launch/view_sllidar_s2e_launch.py
[1.321s] -- Up-to-date: /home/smr/workspaces/amrROS2_ws/install/sllidar_ros2/share/sllidar_ros2/launch/view_sllidar_a2m7_launch.py
[1.322s] -- Up-to-date: /home/smr/workspaces/amrROS2_ws/install/sllidar_ros2/share/sllidar_ros2/launch/view_sllidar_s3_launch.py
[1.323s] -- Up-to-date: /home/smr/workspaces/amrROS2_ws/install/sllidar_ros2/share/sllidar_ros2/launch/sllidar_s1_tcp_launch.py
[1.323s] -- Up-to-date: /home/smr/workspaces/amrROS2_ws/install/sllidar_ros2/share/sllidar_ros2/launch/view_sllidar_s1_tcp_launch.py
[1.326s] -- Up-to-date: /home/smr/workspaces/amrROS2_ws/install/sllidar_ros2/share/sllidar_ros2/launch/sllidar_c1_launch.py
[1.337s] -- Up-to-date: /home/smr/workspaces/amrROS2_ws/install/sllidar_ros2/share/sllidar_ros2/launch/view_sllidar_a2m8_launch.py
[1.339s] -- Up-to-date: /home/smr/workspaces/amrROS2_ws/install/sllidar_ros2/share/sllidar_ros2/rviz
[1.339s] -- Up-to-date: /home/smr/workspaces/amrROS2_ws/install/sllidar_ros2/share/sllidar_ros2/rviz/sllidar_ros2.rviz
[1.340s] -- Up-to-date: /home/smr/workspaces/amrROS2_ws/install/sllidar_ros2/lib/sllidar_ros2/sllidar_node
[1.340s] -- Up-to-date: /home/smr/workspaces/amrROS2_ws/install/sllidar_ros2/lib/sllidar_ros2/sllidar_client
[1.341s] -- Up-to-date: /home/smr/workspaces/amrROS2_ws/install/sllidar_ros2/share/ament_index/resource_index/package_run_dependencies/sllidar_ros2
[1.341s] -- Up-to-date: /home/smr/workspaces/amrROS2_ws/install/sllidar_ros2/share/ament_index/resource_index/parent_prefix_path/sllidar_ros2
[1.342s] -- Up-to-date: /home/smr/workspaces/amrROS2_ws/install/sllidar_ros2/share/sllidar_ros2/environment/ament_prefix_path.sh
[1.343s] -- Up-to-date: /home/smr/workspaces/amrROS2_ws/install/sllidar_ros2/share/sllidar_ros2/environment/ament_prefix_path.dsv
[1.343s] -- Up-to-date: /home/smr/workspaces/amrROS2_ws/install/sllidar_ros2/share/sllidar_ros2/environment/path.sh
[1.344s] -- Up-to-date: /home/smr/workspaces/amrROS2_ws/install/sllidar_ros2/share/sllidar_ros2/environment/path.dsv
[1.344s] -- Up-to-date: /home/smr/workspaces/amrROS2_ws/install/sllidar_ros2/share/sllidar_ros2/local_setup.bash
[1.345s] -- Up-to-date: /home/smr/workspaces/amrROS2_ws/install/sllidar_ros2/share/sllidar_ros2/local_setup.sh
[1.345s] -- Up-to-date: /home/smr/workspaces/amrROS2_ws/install/sllidar_ros2/share/sllidar_ros2/local_setup.zsh
[1.345s] -- Up-to-date: /home/smr/workspaces/amrROS2_ws/install/sllidar_ros2/share/sllidar_ros2/local_setup.dsv
[1.346s] -- Installing: /home/smr/workspaces/amrROS2_ws/install/sllidar_ros2/share/sllidar_ros2/package.dsv
[1.346s] -- Up-to-date: /home/smr/workspaces/amrROS2_ws/install/sllidar_ros2/share/ament_index/resource_index/packages/sllidar_ros2
[1.347s] -- Up-to-date: /home/smr/workspaces/amrROS2_ws/install/sllidar_ros2/share/sllidar_ros2/cmake/ament_cmake_export_dependencies-extras.cmake
[1.347s] -- Up-to-date: /home/smr/workspaces/amrROS2_ws/install/sllidar_ros2/share/sllidar_ros2/cmake/ament_cmake_export_include_directories-extras.cmake
[1.348s] -- Up-to-date: /home/smr/workspaces/amrROS2_ws/install/sllidar_ros2/share/sllidar_ros2/cmake/sllidar_ros2Config.cmake
[1.348s] -- Up-to-date: /home/smr/workspaces/amrROS2_ws/install/sllidar_ros2/share/sllidar_ros2/cmake/sllidar_ros2Config-version.cmake
[1.348s] -- Up-to-date: /home/smr/workspaces/amrROS2_ws/install/sllidar_ros2/share/sllidar_ros2/package.xml
[1.350s] Invoked command in '/home/smr/workspaces/amrROS2_ws/build/sllidar_ros2' returned '0': CMAKE_PREFIX_PATH=${CMAKE_PREFIX_PATH}:/home/smr/workspaces/amrROS2_ws/install/python_pkg:/opt/ros/humble /usr/bin/cmake --install /home/smr/workspaces/amrROS2_ws/build/sllidar_ros2
