[3.525s] Invoking command in '/home/smr/workspaces/amrROS2_ws/src/python_pkg': PYTHONPATH=/home/smr/workspaces/amrROS2_ws/build/python_pkg/prefix_override:/usr/lib/python3/dist-packages/colcon_core/task/python/colcon_distutils_commands:/home/smr/workspaces/amrROS2_ws/install/python_pkg/lib/python3.10/site-packages:${PYTHONPATH} /usr/bin/python3 -W ignore:setup.py install is deprecated setup.py egg_info --egg-base ../../build/python_pkg build --build-base /home/smr/workspaces/amrROS2_ws/build/python_pkg/build install --record /home/smr/workspaces/amrROS2_ws/build/python_pkg/install.log --single-version-externally-managed install_data
[5.048s] running egg_info
[5.065s] writing ../../build/python_pkg/python_pkg.egg-info/PKG-INFO
[5.065s] writing dependency_links to ../../build/python_pkg/python_pkg.egg-info/dependency_links.txt
[5.066s] writing entry points to ../../build/python_pkg/python_pkg.egg-info/entry_points.txt
[5.066s] writing requirements to ../../build/python_pkg/python_pkg.egg-info/requires.txt
[5.066s] writing top-level names to ../../build/python_pkg/python_pkg.egg-info/top_level.txt
[5.066s] reading manifest file '../../build/python_pkg/python_pkg.egg-info/SOURCES.txt'
[5.066s] adding license file 'LICENSE'
[5.066s] writing manifest file '../../build/python_pkg/python_pkg.egg-info/SOURCES.txt'
[5.066s] running build
[5.066s] running build_py
[5.067s] running install
[5.067s] running install_lib
[5.067s] running install_data
[5.067s] running install_egg_info
[5.071s] removing '/home/smr/workspaces/amrROS2_ws/install/python_pkg/lib/python3.10/site-packages/python_pkg-0.0.0-py3.10.egg-info' (and everything under it)
[5.071s] Copying ../../build/python_pkg/python_pkg.egg-info to /home/smr/workspaces/amrROS2_ws/install/python_pkg/lib/python3.10/site-packages/python_pkg-0.0.0-py3.10.egg-info
[5.073s] running install_scripts
[5.122s] Installing ip_publisher script to /home/smr/workspaces/amrROS2_ws/install/python_pkg/lib/python_pkg
[5.123s] writing list of installed files to '/home/smr/workspaces/amrROS2_ws/build/python_pkg/install.log'
[5.261s] Invoked command in '/home/smr/workspaces/amrROS2_ws/src/python_pkg' returned '0': PYTHONPATH=/home/smr/workspaces/amrROS2_ws/build/python_pkg/prefix_override:/usr/lib/python3/dist-packages/colcon_core/task/python/colcon_distutils_commands:/home/smr/workspaces/amrROS2_ws/install/python_pkg/lib/python3.10/site-packages:${PYTHONPATH} /usr/bin/python3 -W ignore:setup.py install is deprecated setup.py egg_info --egg-base ../../build/python_pkg build --build-base /home/smr/workspaces/amrROS2_ws/build/python_pkg/build install --record /home/smr/workspaces/amrROS2_ws/build/python_pkg/install.log --single-version-externally-managed install_data
