[0.498s] Invoking command in '/home/smr/workspaces/amrROS2_ws/build/description': CMAKE_PREFIX_PATH=${CMAKE_PREFIX_PATH}:/home/smr/workspaces/amrROS2_ws/install/robot_nav_tool:/home/smr/workspaces/amrROS2_ws/install/robot_data_tool:/home/smr/workspaces/amrROS2_ws/install/python_pkg:/home/smr/workspaces/amrROS2_ws/install/action_autodock:/opt/ros/humble /usr/bin/cmake --build /home/smr/workspaces/amrROS2_ws/build/description -- -j8 -l8
[1.126s] Invoked command in '/home/smr/workspaces/amrROS2_ws/build/description' returned '0': CMAKE_PREFIX_PATH=${CMAKE_PREFIX_PATH}:/home/smr/workspaces/amrROS2_ws/install/robot_nav_tool:/home/smr/workspaces/amrROS2_ws/install/robot_data_tool:/home/smr/workspaces/amrROS2_ws/install/python_pkg:/home/smr/workspaces/amrROS2_ws/install/action_autodock:/opt/ros/humble /usr/bin/cmake --build /home/smr/workspaces/amrROS2_ws/build/description -- -j8 -l8
[1.329s] Invoking command in '/home/smr/workspaces/amrROS2_ws/build/description': CMAKE_PREFIX_PATH=${CMAKE_PREFIX_PATH}:/home/smr/workspaces/amrROS2_ws/install/robot_nav_tool:/home/smr/workspaces/amrROS2_ws/install/robot_data_tool:/home/smr/workspaces/amrROS2_ws/install/python_pkg:/home/smr/workspaces/amrROS2_ws/install/action_autodock:/opt/ros/humble /usr/bin/cmake --install /home/smr/workspaces/amrROS2_ws/build/description
[1.363s] -- Install configuration: ""
[1.366s] -- Up-to-date: /home/smr/workspaces/amrROS2_ws/install/description/share/description/urdf
[1.366s] -- Up-to-date: /home/smr/workspaces/amrROS2_ws/install/description/share/description/urdf/property
[1.366s] -- Up-to-date: /home/smr/workspaces/amrROS2_ws/install/description/share/description/urdf/property/robot_property.urdf.xacro
[1.366s] -- Up-to-date: /home/smr/workspaces/amrROS2_ws/install/description/share/description/urdf/sensors
[1.367s] -- Up-to-date: /home/smr/workspaces/amrROS2_ws/install/description/share/description/urdf/sensors/range_sensor.urdf.xacro
[1.367s] -- Up-to-date: /home/smr/workspaces/amrROS2_ws/install/description/share/description/urdf/sensors/imu.urdf.xacro
[1.367s] -- Up-to-date: /home/smr/workspaces/amrROS2_ws/install/description/share/description/urdf/sensors/laser.urdf.xacro
[1.367s] -- Up-to-date: /home/smr/workspaces/amrROS2_ws/install/description/share/description/urdf/sensors/camera.urdf.xacro
[1.367s] -- Up-to-date: /home/smr/workspaces/amrROS2_ws/install/description/share/description/urdf/controllers
[1.367s] -- Up-to-date: /home/smr/workspaces/amrROS2_ws/install/description/share/description/urdf/controllers/diff_drive_controller.urdf.xacro
[1.367s] -- Up-to-date: /home/smr/workspaces/amrROS2_ws/install/description/share/description/urdf/mech
[1.367s] -- Up-to-date: /home/smr/workspaces/amrROS2_ws/install/description/share/description/urdf/mech/wheel.urdf.xacro
[1.367s] -- Up-to-date: /home/smr/workspaces/amrROS2_ws/install/description/share/description/urdf/mech/caster_wheel.urdf.xacro
[1.367s] -- Up-to-date: /home/smr/workspaces/amrROS2_ws/install/description/share/description/urdf/mech/base.urdf.xacro
[1.367s] -- Up-to-date: /home/smr/workspaces/amrROS2_ws/install/description/share/description/urdf/robot
[1.368s] -- Up-to-date: /home/smr/workspaces/amrROS2_ws/install/description/share/description/urdf/robot/robot.urdf.xacro
[1.368s] -- Up-to-date: /home/smr/workspaces/amrROS2_ws/install/description/share/description/rviz
[1.368s] -- Up-to-date: /home/smr/workspaces/amrROS2_ws/install/description/share/description/rviz/description.rviz
[1.368s] -- Up-to-date: /home/smr/workspaces/amrROS2_ws/install/description/share/description/launch
[1.368s] -- Up-to-date: /home/smr/workspaces/amrROS2_ws/install/description/share/description/launch/description.launch.py
[1.368s] -- Up-to-date: /home/smr/workspaces/amrROS2_ws/install/description/share/ament_index/resource_index/package_run_dependencies/description
[1.368s] -- Up-to-date: /home/smr/workspaces/amrROS2_ws/install/description/share/ament_index/resource_index/parent_prefix_path/description
[1.368s] -- Up-to-date: /home/smr/workspaces/amrROS2_ws/install/description/share/description/environment/ament_prefix_path.sh
[1.369s] -- Up-to-date: /home/smr/workspaces/amrROS2_ws/install/description/share/description/environment/ament_prefix_path.dsv
[1.369s] -- Up-to-date: /home/smr/workspaces/amrROS2_ws/install/description/share/description/environment/path.sh
[1.369s] -- Up-to-date: /home/smr/workspaces/amrROS2_ws/install/description/share/description/environment/path.dsv
[1.369s] -- Up-to-date: /home/smr/workspaces/amrROS2_ws/install/description/share/description/local_setup.bash
[1.369s] -- Up-to-date: /home/smr/workspaces/amrROS2_ws/install/description/share/description/local_setup.sh
[1.369s] -- Up-to-date: /home/smr/workspaces/amrROS2_ws/install/description/share/description/local_setup.zsh
[1.369s] -- Up-to-date: /home/smr/workspaces/amrROS2_ws/install/description/share/description/local_setup.dsv
[1.369s] -- Installing: /home/smr/workspaces/amrROS2_ws/install/description/share/description/package.dsv
[1.369s] -- Up-to-date: /home/smr/workspaces/amrROS2_ws/install/description/share/ament_index/resource_index/packages/description
[1.369s] -- Up-to-date: /home/smr/workspaces/amrROS2_ws/install/description/share/description/cmake/descriptionConfig.cmake
[1.370s] -- Up-to-date: /home/smr/workspaces/amrROS2_ws/install/description/share/description/cmake/descriptionConfig-version.cmake
[1.370s] -- Up-to-date: /home/smr/workspaces/amrROS2_ws/install/description/share/description/package.xml
[1.468s] Invoked command in '/home/smr/workspaces/amrROS2_ws/build/description' returned '0': CMAKE_PREFIX_PATH=${CMAKE_PREFIX_PATH}:/home/smr/workspaces/amrROS2_ws/install/robot_nav_tool:/home/smr/workspaces/amrROS2_ws/install/robot_data_tool:/home/smr/workspaces/amrROS2_ws/install/python_pkg:/home/smr/workspaces/amrROS2_ws/install/action_autodock:/opt/ros/humble /usr/bin/cmake --install /home/smr/workspaces/amrROS2_ws/build/description
