[0.626s] Invoking command in '/home/smr/workspaces/amrROS2_ws/build/navigation': CMAKE_PREFIX_PATH=${CMAKE_PREFIX_PATH}:/home/smr/workspaces/amrROS2_ws/install/python_pkg:/home/smr/workspaces/amrROS2_ws/install/action_autodock:/opt/ros/humble /usr/bin/cmake --build /home/smr/workspaces/amrROS2_ws/build/navigation -- -j8 -l8
[1.299s] Invoked command in '/home/smr/workspaces/amrROS2_ws/build/navigation' returned '0': CMAKE_PREFIX_PATH=${CMAKE_PREFIX_PATH}:/home/smr/workspaces/amrROS2_ws/install/python_pkg:/home/smr/workspaces/amrROS2_ws/install/action_autodock:/opt/ros/humble /usr/bin/cmake --build /home/smr/workspaces/amrROS2_ws/build/navigation -- -j8 -l8
[1.392s] Invoking command in '/home/smr/workspaces/amrROS2_ws/build/navigation': CMAKE_PREFIX_PATH=${CMAKE_PREFIX_PATH}:/home/smr/workspaces/amrROS2_ws/install/python_pkg:/home/smr/workspaces/amrROS2_ws/install/action_autodock:/opt/ros/humble /usr/bin/cmake --install /home/smr/workspaces/amrROS2_ws/build/navigation
[1.497s] -- Install configuration: ""
[1.498s] -- Up-to-date: /home/smr/workspaces/amrROS2_ws/install/navigation/share/navigation/launch
[1.499s] -- Installing: /home/smr/workspaces/amrROS2_ws/install/navigation/share/navigation/launch/navigation_launch.py
[1.520s] -- Installing: /home/smr/workspaces/amrROS2_ws/install/navigation/share/navigation/launch/collision_monitor_node.launch.py
[1.524s] -- Installing: /home/smr/workspaces/amrROS2_ws/install/navigation/share/navigation/launch/navigation.launch.py
[1.529s] -- Installing: /home/smr/workspaces/amrROS2_ws/install/navigation/share/navigation/launch/slam.launch.py
[1.535s] -- Up-to-date: /home/smr/workspaces/amrROS2_ws/install/navigation/share/navigation/config
[1.536s] -- Installing: /home/smr/workspaces/amrROS2_ws/install/navigation/share/navigation/config/navigation.yaml
[1.552s] -- Installing: /home/smr/workspaces/amrROS2_ws/install/navigation/share/navigation/config/slam_localization.yaml
[1.552s] -- Installing: /home/smr/workspaces/amrROS2_ws/install/navigation/share/navigation/config/mapper_params_online_async.yaml
[1.553s] -- Installing: /home/smr/workspaces/amrROS2_ws/install/navigation/share/navigation/config/collision_monitor_params.yaml
[1.553s] -- Up-to-date: /home/smr/workspaces/amrROS2_ws/install/navigation/share/navigation/rviz
[1.554s] -- Up-to-date: /home/smr/workspaces/amrROS2_ws/install/navigation/share/navigation/rviz/slam.rviz
[1.554s] -- Installing: /home/smr/workspaces/amrROS2_ws/install/navigation/share/navigation/rviz/navigation.rviz
[1.554s] -- Up-to-date: /home/smr/workspaces/amrROS2_ws/install/navigation/share/navigation/maps
[1.554s] -- Up-to-date: /home/smr/workspaces/amrROS2_ws/install/navigation/share/navigation/maps/Turtlebot_Arena_map.yaml
[1.554s] -- Up-to-date: /home/smr/workspaces/amrROS2_ws/install/navigation/share/navigation/maps/Turtlebot_Arena_map.pgm
[1.555s] -- Up-to-date: /home/smr/workspaces/amrROS2_ws/install/navigation/share/ament_index/resource_index/package_run_dependencies/navigation
[1.555s] -- Up-to-date: /home/smr/workspaces/amrROS2_ws/install/navigation/share/ament_index/resource_index/parent_prefix_path/navigation
[1.555s] -- Up-to-date: /home/smr/workspaces/amrROS2_ws/install/navigation/share/navigation/environment/ament_prefix_path.sh
[1.555s] -- Up-to-date: /home/smr/workspaces/amrROS2_ws/install/navigation/share/navigation/environment/ament_prefix_path.dsv
[1.555s] -- Up-to-date: /home/smr/workspaces/amrROS2_ws/install/navigation/share/navigation/environment/path.sh
[1.555s] -- Up-to-date: /home/smr/workspaces/amrROS2_ws/install/navigation/share/navigation/environment/path.dsv
[1.555s] -- Up-to-date: /home/smr/workspaces/amrROS2_ws/install/navigation/share/navigation/local_setup.bash
[1.555s] -- Up-to-date: /home/smr/workspaces/amrROS2_ws/install/navigation/share/navigation/local_setup.sh
[1.555s] -- Up-to-date: /home/smr/workspaces/amrROS2_ws/install/navigation/share/navigation/local_setup.zsh
[1.555s] -- Up-to-date: /home/smr/workspaces/amrROS2_ws/install/navigation/share/navigation/local_setup.dsv
[1.555s] -- Installing: /home/smr/workspaces/amrROS2_ws/install/navigation/share/navigation/package.dsv
[1.556s] -- Up-to-date: /home/smr/workspaces/amrROS2_ws/install/navigation/share/ament_index/resource_index/packages/navigation
[1.556s] -- Up-to-date: /home/smr/workspaces/amrROS2_ws/install/navigation/share/navigation/cmake/navigationConfig.cmake
[1.556s] -- Up-to-date: /home/smr/workspaces/amrROS2_ws/install/navigation/share/navigation/cmake/navigationConfig-version.cmake
[1.556s] -- Up-to-date: /home/smr/workspaces/amrROS2_ws/install/navigation/share/navigation/package.xml
[1.585s] Invoked command in '/home/smr/workspaces/amrROS2_ws/build/navigation' returned '0': CMAKE_PREFIX_PATH=${CMAKE_PREFIX_PATH}:/home/smr/workspaces/amrROS2_ws/install/python_pkg:/home/smr/workspaces/amrROS2_ws/install/action_autodock:/opt/ros/humble /usr/bin/cmake --install /home/smr/workspaces/amrROS2_ws/build/navigation
