[2.675s] Invoking command in '/home/smr/workspaces/amrROS2_ws/src/action_autodock': PYTHONPATH=/home/smr/workspaces/amrROS2_ws/build/action_autodock/prefix_override:/usr/lib/python3/dist-packages/colcon_core/task/python/colcon_distutils_commands:/home/smr/workspaces/amrROS2_ws/install/action_autodock/lib/python3.10/site-packages:${PYTHONPATH} /usr/bin/python3 -W ignore:setup.py install is deprecated setup.py egg_info --egg-base ../../build/action_autodock build --build-base /home/smr/workspaces/amrROS2_ws/build/action_autodock/build install --record /home/smr/workspaces/amrROS2_ws/build/action_autodock/install.log --single-version-externally-managed install_data
[3.148s] running egg_info
[3.150s] writing ../../build/action_autodock/action_autodock.egg-info/PKG-INFO
[3.150s] writing dependency_links to ../../build/action_autodock/action_autodock.egg-info/dependency_links.txt
[3.151s] writing entry points to ../../build/action_autodock/action_autodock.egg-info/entry_points.txt
[3.152s] writing requirements to ../../build/action_autodock/action_autodock.egg-info/requires.txt
[3.152s] writing top-level names to ../../build/action_autodock/action_autodock.egg-info/top_level.txt
[3.154s] reading manifest file '../../build/action_autodock/action_autodock.egg-info/SOURCES.txt'
[3.155s] adding license file 'LICENSE'
[3.156s] writing manifest file '../../build/action_autodock/action_autodock.egg-info/SOURCES.txt'
[3.157s] running build
[3.157s] running build_py
[3.158s] running install
[3.158s] running install_lib
[3.159s] running install_data
[3.160s] running install_egg_info
[3.164s] removing '/home/smr/workspaces/amrROS2_ws/install/action_autodock/lib/python3.10/site-packages/action_autodock-0.0.0-py3.10.egg-info' (and everything under it)
[3.165s] Copying ../../build/action_autodock/action_autodock.egg-info to /home/smr/workspaces/amrROS2_ws/install/action_autodock/lib/python3.10/site-packages/action_autodock-0.0.0-py3.10.egg-info
[3.165s] running install_scripts
[3.212s] Installing autodock_action_server script to /home/smr/workspaces/amrROS2_ws/install/action_autodock/lib/action_autodock
[3.213s] writing list of installed files to '/home/smr/workspaces/amrROS2_ws/build/action_autodock/install.log'
[3.343s] Invoked command in '/home/smr/workspaces/amrROS2_ws/src/action_autodock' returned '0': PYTHONPATH=/home/smr/workspaces/amrROS2_ws/build/action_autodock/prefix_override:/usr/lib/python3/dist-packages/colcon_core/task/python/colcon_distutils_commands:/home/smr/workspaces/amrROS2_ws/install/action_autodock/lib/python3.10/site-packages:${PYTHONPATH} /usr/bin/python3 -W ignore:setup.py install is deprecated setup.py egg_info --egg-base ../../build/action_autodock build --build-base /home/smr/workspaces/amrROS2_ws/build/action_autodock/build install --record /home/smr/workspaces/amrROS2_ws/build/action_autodock/install.log --single-version-externally-managed install_data
