[2.981s] Invoking command in '/home/smr/workspaces/amrROS2_ws/src/python_pkg': PYTHONPATH=/home/smr/workspaces/amrROS2_ws/build/python_pkg/prefix_override:/usr/lib/python3/dist-packages/colcon_core/task/python/colcon_distutils_commands:/home/smr/workspaces/amrROS2_ws/install/python_pkg/lib/python3.10/site-packages:${PYTHONPATH} /usr/bin/python3 -W ignore:setup.py install is deprecated setup.py egg_info --egg-base ../../build/python_pkg build --build-base /home/smr/workspaces/amrROS2_ws/build/python_pkg/build install --record /home/smr/workspaces/amrROS2_ws/build/python_pkg/install.log --single-version-externally-managed install_data
[4.398s] running egg_info
[4.399s] writing ../../build/python_pkg/python_pkg.egg-info/PKG-INFO
[4.400s] writing dependency_links to ../../build/python_pkg/python_pkg.egg-info/dependency_links.txt
[4.401s] writing entry points to ../../build/python_pkg/python_pkg.egg-info/entry_points.txt
[4.402s] writing requirements to ../../build/python_pkg/python_pkg.egg-info/requires.txt
[4.402s] writing top-level names to ../../build/python_pkg/python_pkg.egg-info/top_level.txt
[4.405s] reading manifest file '../../build/python_pkg/python_pkg.egg-info/SOURCES.txt'
[4.409s] adding license file 'LICENSE'
[4.412s] writing manifest file '../../build/python_pkg/python_pkg.egg-info/SOURCES.txt'
[4.412s] running build
[4.413s] running build_py
[4.414s] running install
[4.416s] running install_lib
[4.423s] running install_data
[4.423s] running install_egg_info
[4.439s] removing '/home/smr/workspaces/amrROS2_ws/install/python_pkg/lib/python3.10/site-packages/python_pkg-0.0.0-py3.10.egg-info' (and everything under it)
[4.440s] Copying ../../build/python_pkg/python_pkg.egg-info to /home/smr/workspaces/amrROS2_ws/install/python_pkg/lib/python3.10/site-packages/python_pkg-0.0.0-py3.10.egg-info
[4.443s] running install_scripts
[4.499s] Installing ip_publisher script to /home/smr/workspaces/amrROS2_ws/install/python_pkg/lib/python_pkg
[4.499s] writing list of installed files to '/home/smr/workspaces/amrROS2_ws/build/python_pkg/install.log'
[4.585s] Invoked command in '/home/smr/workspaces/amrROS2_ws/src/python_pkg' returned '0': PYTHONPATH=/home/smr/workspaces/amrROS2_ws/build/python_pkg/prefix_override:/usr/lib/python3/dist-packages/colcon_core/task/python/colcon_distutils_commands:/home/smr/workspaces/amrROS2_ws/install/python_pkg/lib/python3.10/site-packages:${PYTHONPATH} /usr/bin/python3 -W ignore:setup.py install is deprecated setup.py egg_info --egg-base ../../build/python_pkg build --build-base /home/smr/workspaces/amrROS2_ws/build/python_pkg/build install --record /home/smr/workspaces/amrROS2_ws/build/python_pkg/install.log --single-version-externally-managed install_data
