[7.517s] Invoking command in '/home/smr/workspaces/amrROS2_ws/src/python_pkg': PYTHONPATH=/home/smr/workspaces/amrROS2_ws/build/python_pkg/prefix_override:/usr/lib/python3/dist-packages/colcon_core/task/python/colcon_distutils_commands:/home/smr/workspaces/amrROS2_ws/install/python_pkg/lib/python3.10/site-packages:${PYTHONPATH} /usr/bin/python3 -W ignore:setup.py install is deprecated setup.py egg_info --egg-base ../../build/python_pkg build --build-base /home/smr/workspaces/amrROS2_ws/build/python_pkg/build install --record /home/smr/workspaces/amrROS2_ws/build/python_pkg/install.log --single-version-externally-managed install_data
[8.295s] running egg_info
[8.296s] writing ../../build/python_pkg/python_pkg.egg-info/PKG-INFO
[8.297s] writing dependency_links to ../../build/python_pkg/python_pkg.egg-info/dependency_links.txt
[8.297s] writing entry points to ../../build/python_pkg/python_pkg.egg-info/entry_points.txt
[8.298s] writing requirements to ../../build/python_pkg/python_pkg.egg-info/requires.txt
[8.298s] writing top-level names to ../../build/python_pkg/python_pkg.egg-info/top_level.txt
[8.301s] reading manifest file '../../build/python_pkg/python_pkg.egg-info/SOURCES.txt'
[8.305s] adding license file 'LICENSE'
[8.306s] writing manifest file '../../build/python_pkg/python_pkg.egg-info/SOURCES.txt'
[8.306s] running build
[8.307s] running build_py
[8.307s] running install
[8.307s] running install_lib
[8.319s] running install_data
[8.320s] running install_egg_info
[8.322s] removing '/home/smr/workspaces/amrROS2_ws/install/python_pkg/lib/python3.10/site-packages/python_pkg-0.0.0-py3.10.egg-info' (and everything under it)
[8.323s] Copying ../../build/python_pkg/python_pkg.egg-info to /home/smr/workspaces/amrROS2_ws/install/python_pkg/lib/python3.10/site-packages/python_pkg-0.0.0-py3.10.egg-info
[8.329s] running install_scripts
[8.365s] Installing ip_publisher script to /home/smr/workspaces/amrROS2_ws/install/python_pkg/lib/python_pkg
[8.366s] writing list of installed files to '/home/smr/workspaces/amrROS2_ws/build/python_pkg/install.log'
[8.437s] Invoked command in '/home/smr/workspaces/amrROS2_ws/src/python_pkg' returned '0': PYTHONPATH=/home/smr/workspaces/amrROS2_ws/build/python_pkg/prefix_override:/usr/lib/python3/dist-packages/colcon_core/task/python/colcon_distutils_commands:/home/smr/workspaces/amrROS2_ws/install/python_pkg/lib/python3.10/site-packages:${PYTHONPATH} /usr/bin/python3 -W ignore:setup.py install is deprecated setup.py egg_info --egg-base ../../build/python_pkg build --build-base /home/smr/workspaces/amrROS2_ws/build/python_pkg/build install --record /home/smr/workspaces/amrROS2_ws/build/python_pkg/install.log --single-version-externally-managed install_data
