[1.998s] Invoking command in '/home/smr/workspaces/amrROS2_ws/src/robot_data_tool': PYTHONPATH=/home/smr/workspaces/amrROS2_ws/build/robot_data_tool/prefix_override:/usr/lib/python3/dist-packages/colcon_core/task/python/colcon_distutils_commands:/home/smr/workspaces/amrROS2_ws/install/robot_data_tool/lib/python3.10/site-packages:${PYTHONPATH} /usr/bin/python3 -W ignore:setup.py install is deprecated setup.py egg_info --egg-base ../../build/robot_data_tool build --build-base /home/smr/workspaces/amrROS2_ws/build/robot_data_tool/build install --record /home/smr/workspaces/amrROS2_ws/build/robot_data_tool/install.log --single-version-externally-managed install_data
[2.432s] running egg_info
[2.434s] creating ../../build/robot_data_tool/robot_data_tool.egg-info
[2.435s] writing ../../build/robot_data_tool/robot_data_tool.egg-info/PKG-INFO
[2.447s] writing dependency_links to ../../build/robot_data_tool/robot_data_tool.egg-info/dependency_links.txt
[2.448s] writing entry points to ../../build/robot_data_tool/robot_data_tool.egg-info/entry_points.txt
[2.448s] writing requirements to ../../build/robot_data_tool/robot_data_tool.egg-info/requires.txt
[2.449s] writing top-level names to ../../build/robot_data_tool/robot_data_tool.egg-info/top_level.txt
[2.449s] writing manifest file '../../build/robot_data_tool/robot_data_tool.egg-info/SOURCES.txt'
[2.450s] reading manifest file '../../build/robot_data_tool/robot_data_tool.egg-info/SOURCES.txt'
[2.451s] writing manifest file '../../build/robot_data_tool/robot_data_tool.egg-info/SOURCES.txt'
[2.452s] running build
[2.456s] running build_py
[2.457s] creating /home/smr/workspaces/amrROS2_ws/build/robot_data_tool/build
[2.458s] creating /home/smr/workspaces/amrROS2_ws/build/robot_data_tool/build/lib
[2.458s] creating /home/smr/workspaces/amrROS2_ws/build/robot_data_tool/build/lib/robot_data_tool
[2.458s] copying robot_data_tool/map_pose_provider.py -> /home/smr/workspaces/amrROS2_ws/build/robot_data_tool/build/lib/robot_data_tool
[2.458s] copying robot_data_tool/__init__.py -> /home/smr/workspaces/amrROS2_ws/build/robot_data_tool/build/lib/robot_data_tool
[2.458s] copying robot_data_tool/robot_detail.py -> /home/smr/workspaces/amrROS2_ws/build/robot_data_tool/build/lib/robot_data_tool
[2.458s] copying robot_data_tool/absolute_origin_laser.py -> /home/smr/workspaces/amrROS2_ws/build/robot_data_tool/build/lib/robot_data_tool
[2.458s] running install
[2.458s] running install_lib
[2.459s] creating /home/smr/workspaces/amrROS2_ws/install/robot_data_tool/lib/python3.10/site-packages/robot_data_tool
[2.459s] copying /home/smr/workspaces/amrROS2_ws/build/robot_data_tool/build/lib/robot_data_tool/map_pose_provider.py -> /home/smr/workspaces/amrROS2_ws/install/robot_data_tool/lib/python3.10/site-packages/robot_data_tool
[2.459s] copying /home/smr/workspaces/amrROS2_ws/build/robot_data_tool/build/lib/robot_data_tool/__init__.py -> /home/smr/workspaces/amrROS2_ws/install/robot_data_tool/lib/python3.10/site-packages/robot_data_tool
[2.459s] copying /home/smr/workspaces/amrROS2_ws/build/robot_data_tool/build/lib/robot_data_tool/robot_detail.py -> /home/smr/workspaces/amrROS2_ws/install/robot_data_tool/lib/python3.10/site-packages/robot_data_tool
[2.459s] copying /home/smr/workspaces/amrROS2_ws/build/robot_data_tool/build/lib/robot_data_tool/absolute_origin_laser.py -> /home/smr/workspaces/amrROS2_ws/install/robot_data_tool/lib/python3.10/site-packages/robot_data_tool
[2.459s] byte-compiling /home/smr/workspaces/amrROS2_ws/install/robot_data_tool/lib/python3.10/site-packages/robot_data_tool/map_pose_provider.py to map_pose_provider.cpython-310.pyc
[2.460s] byte-compiling /home/smr/workspaces/amrROS2_ws/install/robot_data_tool/lib/python3.10/site-packages/robot_data_tool/__init__.py to __init__.cpython-310.pyc
[2.460s] byte-compiling /home/smr/workspaces/amrROS2_ws/install/robot_data_tool/lib/python3.10/site-packages/robot_data_tool/robot_detail.py to robot_detail.cpython-310.pyc
[2.461s] byte-compiling /home/smr/workspaces/amrROS2_ws/install/robot_data_tool/lib/python3.10/site-packages/robot_data_tool/absolute_origin_laser.py to absolute_origin_laser.cpython-310.pyc
[2.461s] running install_data
[2.461s] creating /home/smr/workspaces/amrROS2_ws/install/robot_data_tool/share/ament_index
[2.461s] creating /home/smr/workspaces/amrROS2_ws/install/robot_data_tool/share/ament_index/resource_index
[2.461s] creating /home/smr/workspaces/amrROS2_ws/install/robot_data_tool/share/ament_index/resource_index/packages
[2.461s] copying resource/robot_data_tool -> /home/smr/workspaces/amrROS2_ws/install/robot_data_tool/share/ament_index/resource_index/packages
[2.461s] copying package.xml -> /home/smr/workspaces/amrROS2_ws/install/robot_data_tool/share/robot_data_tool
[2.461s] running install_egg_info
[2.461s] Copying ../../build/robot_data_tool/robot_data_tool.egg-info to /home/smr/workspaces/amrROS2_ws/install/robot_data_tool/lib/python3.10/site-packages/robot_data_tool-0.0.0-py3.10.egg-info
[2.461s] running install_scripts
[2.493s] Installing absolute_origin_laser script to /home/smr/workspaces/amrROS2_ws/install/robot_data_tool/lib/robot_data_tool
[2.493s] Installing map_pose_provider script to /home/smr/workspaces/amrROS2_ws/install/robot_data_tool/lib/robot_data_tool
[2.493s] Installing robot_detail script to /home/smr/workspaces/amrROS2_ws/install/robot_data_tool/lib/robot_data_tool
[2.494s] writing list of installed files to '/home/smr/workspaces/amrROS2_ws/build/robot_data_tool/install.log'
[2.589s] Invoked command in '/home/smr/workspaces/amrROS2_ws/src/robot_data_tool' returned '0': PYTHONPATH=/home/smr/workspaces/amrROS2_ws/build/robot_data_tool/prefix_override:/usr/lib/python3/dist-packages/colcon_core/task/python/colcon_distutils_commands:/home/smr/workspaces/amrROS2_ws/install/robot_data_tool/lib/python3.10/site-packages:${PYTHONPATH} /usr/bin/python3 -W ignore:setup.py install is deprecated setup.py egg_info --egg-base ../../build/robot_data_tool build --build-base /home/smr/workspaces/amrROS2_ws/build/robot_data_tool/build install --record /home/smr/workspaces/amrROS2_ws/build/robot_data_tool/install.log --single-version-externally-managed install_data
