/home/smr/workspaces/amrROS2_ws/install/action_autodock/lib/python3.10/site-packages/action_autodock/autodock_action_server.py
/home/smr/workspaces/amrROS2_ws/install/action_autodock/lib/python3.10/site-packages/action_autodock/robot_navigator.py
/home/smr/workspaces/amrROS2_ws/install/action_autodock/lib/python3.10/site-packages/action_autodock/__init__.py
/home/smr/workspaces/amrROS2_ws/install/action_autodock/lib/python3.10/site-packages/action_autodock/example_nav_to_pose.py
/home/smr/workspaces/amrROS2_ws/install/action_autodock/lib/python3.10/site-packages/action_autodock/__pycache__/autodock_action_server.cpython-310.pyc
/home/smr/workspaces/amrROS2_ws/install/action_autodock/lib/python3.10/site-packages/action_autodock/__pycache__/robot_navigator.cpython-310.pyc
/home/smr/workspaces/amrROS2_ws/install/action_autodock/lib/python3.10/site-packages/action_autodock/__pycache__/__init__.cpython-310.pyc
/home/smr/workspaces/amrROS2_ws/install/action_autodock/lib/python3.10/site-packages/action_autodock/__pycache__/example_nav_to_pose.cpython-310.pyc
/home/smr/workspaces/amrROS2_ws/install/action_autodock/share/ament_index/resource_index/packages/action_autodock
/home/smr/workspaces/amrROS2_ws/install/action_autodock/share/action_autodock/package.xml
/home/smr/workspaces/amrROS2_ws/install/action_autodock/share/action_autodock/launch/auto_dock_launch.py
/home/smr/workspaces/amrROS2_ws/install/action_autodock/share/action_autodock/config/auto_dock_config.yaml
/home/smr/workspaces/amrROS2_ws/install/action_autodock/lib/python3.10/site-packages/action_autodock-0.0.0-py3.10.egg-info/zip-safe
/home/smr/workspaces/amrROS2_ws/install/action_autodock/lib/python3.10/site-packages/action_autodock-0.0.0-py3.10.egg-info/entry_points.txt
/home/smr/workspaces/amrROS2_ws/install/action_autodock/lib/python3.10/site-packages/action_autodock-0.0.0-py3.10.egg-info/dependency_links.txt
/home/smr/workspaces/amrROS2_ws/install/action_autodock/lib/python3.10/site-packages/action_autodock-0.0.0-py3.10.egg-info/requires.txt
/home/smr/workspaces/amrROS2_ws/install/action_autodock/lib/python3.10/site-packages/action_autodock-0.0.0-py3.10.egg-info/top_level.txt
/home/smr/workspaces/amrROS2_ws/install/action_autodock/lib/python3.10/site-packages/action_autodock-0.0.0-py3.10.egg-info/SOURCES.txt
/home/smr/workspaces/amrROS2_ws/install/action_autodock/lib/python3.10/site-packages/action_autodock-0.0.0-py3.10.egg-info/PKG-INFO
/home/smr/workspaces/amrROS2_ws/install/action_autodock/lib/action_autodock/autodock_action_server
