[0.101s] Invoking command in '/home/smr/workspaces/amrROS2_ws/build/description': CMAKE_PREFIX_PATH=${CMAKE_PREFIX_PATH}:/home/smr/workspaces/amrROS2_ws/install/python_pkg:/opt/ros/humble /usr/bin/cmake --build /home/smr/workspaces/amrROS2_ws/build/description -- -j8 -l8
[2.561s] Invoked command in '/home/smr/workspaces/amrROS2_ws/build/description' returned '0': CMAKE_PREFIX_PATH=${CMAKE_PREFIX_PATH}:/home/smr/workspaces/amrROS2_ws/install/python_pkg:/opt/ros/humble /usr/bin/cmake --build /home/smr/workspaces/amrROS2_ws/build/description -- -j8 -l8
[2.635s] Invoking command in '/home/smr/workspaces/amrROS2_ws/build/description': CMAKE_PREFIX_PATH=${CMAKE_PREFIX_PATH}:/home/smr/workspaces/amrROS2_ws/install/python_pkg:/opt/ros/humble /usr/bin/cmake --install /home/smr/workspaces/amrROS2_ws/build/description
[2.657s] -- Install configuration: ""
[2.695s] -- Up-to-date: /home/smr/workspaces/amrROS2_ws/install/description/share/description/urdf
[2.695s] -- Up-to-date: /home/smr/workspaces/amrROS2_ws/install/description/share/description/urdf/property
[2.695s] -- Up-to-date: /home/smr/workspaces/amrROS2_ws/install/description/share/description/urdf/property/robot_property.urdf.xacro
[2.695s] -- Up-to-date: /home/smr/workspaces/amrROS2_ws/install/description/share/description/urdf/sensors
[2.695s] -- Up-to-date: /home/smr/workspaces/amrROS2_ws/install/description/share/description/urdf/sensors/range_sensor.urdf.xacro
[2.696s] -- Up-to-date: /home/smr/workspaces/amrROS2_ws/install/description/share/description/urdf/sensors/imu.urdf.xacro
[2.696s] -- Up-to-date: /home/smr/workspaces/amrROS2_ws/install/description/share/description/urdf/sensors/laser.urdf.xacro
[2.698s] -- Up-to-date: /home/smr/workspaces/amrROS2_ws/install/description/share/description/urdf/sensors/camera.urdf.xacro
[2.699s] -- Up-to-date: /home/smr/workspaces/amrROS2_ws/install/description/share/description/urdf/controllers
[2.699s] -- Up-to-date: /home/smr/workspaces/amrROS2_ws/install/description/share/description/urdf/controllers/diff_drive_controller.urdf.xacro
[2.700s] -- Up-to-date: /home/smr/workspaces/amrROS2_ws/install/description/share/description/urdf/mech
[2.700s] -- Up-to-date: /home/smr/workspaces/amrROS2_ws/install/description/share/description/urdf/mech/wheel.urdf.xacro
[2.700s] -- Up-to-date: /home/smr/workspaces/amrROS2_ws/install/description/share/description/urdf/mech/caster_wheel.urdf.xacro
[2.700s] -- Up-to-date: /home/smr/workspaces/amrROS2_ws/install/description/share/description/urdf/mech/base.urdf.xacro
[2.700s] -- Up-to-date: /home/smr/workspaces/amrROS2_ws/install/description/share/description/urdf/robot
[2.701s] -- Up-to-date: /home/smr/workspaces/amrROS2_ws/install/description/share/description/urdf/robot/robot.urdf.xacro
[2.701s] -- Up-to-date: /home/smr/workspaces/amrROS2_ws/install/description/share/description/rviz
[2.701s] -- Up-to-date: /home/smr/workspaces/amrROS2_ws/install/description/share/description/rviz/description.rviz
[2.702s] -- Up-to-date: /home/smr/workspaces/amrROS2_ws/install/description/share/description/launch
[2.702s] -- Up-to-date: /home/smr/workspaces/amrROS2_ws/install/description/share/description/launch/description.launch.py
[2.703s] -- Up-to-date: /home/smr/workspaces/amrROS2_ws/install/description/share/ament_index/resource_index/package_run_dependencies/description
[2.703s] -- Up-to-date: /home/smr/workspaces/amrROS2_ws/install/description/share/ament_index/resource_index/parent_prefix_path/description
[2.712s] -- Up-to-date: /home/smr/workspaces/amrROS2_ws/install/description/share/description/environment/ament_prefix_path.sh
[2.713s] -- Up-to-date: /home/smr/workspaces/amrROS2_ws/install/description/share/description/environment/ament_prefix_path.dsv
[2.714s] -- Up-to-date: /home/smr/workspaces/amrROS2_ws/install/description/share/description/environment/path.sh
[2.714s] -- Up-to-date: /home/smr/workspaces/amrROS2_ws/install/description/share/description/environment/path.dsv
[2.715s] -- Up-to-date: /home/smr/workspaces/amrROS2_ws/install/description/share/description/local_setup.bash
[2.717s] -- Up-to-date: /home/smr/workspaces/amrROS2_ws/install/description/share/description/local_setup.sh
[2.717s] -- Up-to-date: /home/smr/workspaces/amrROS2_ws/install/description/share/description/local_setup.zsh
[2.724s] -- Up-to-date: /home/smr/workspaces/amrROS2_ws/install/description/share/description/local_setup.dsv
[2.726s] -- Installing: /home/smr/workspaces/amrROS2_ws/install/description/share/description/package.dsv
[2.745s] -- Up-to-date: /home/smr/workspaces/amrROS2_ws/install/description/share/ament_index/resource_index/packages/description
[2.745s] -- Up-to-date: /home/smr/workspaces/amrROS2_ws/install/description/share/description/cmake/descriptionConfig.cmake
[2.745s] -- Up-to-date: /home/smr/workspaces/amrROS2_ws/install/description/share/description/cmake/descriptionConfig-version.cmake
[2.745s] -- Up-to-date: /home/smr/workspaces/amrROS2_ws/install/description/share/description/package.xml
[2.993s] Invoked command in '/home/smr/workspaces/amrROS2_ws/build/description' returned '0': CMAKE_PREFIX_PATH=${CMAKE_PREFIX_PATH}:/home/smr/workspaces/amrROS2_ws/install/python_pkg:/opt/ros/humble /usr/bin/cmake --install /home/smr/workspaces/amrROS2_ws/build/description
