[1.920s] Invoking command in '/home/smr/workspaces/amrROS2_ws/src/action_autodock': PYTHONPATH=/home/smr/workspaces/amrROS2_ws/build/action_autodock/prefix_override:/usr/lib/python3/dist-packages/colcon_core/task/python/colcon_distutils_commands:/home/smr/workspaces/amrROS2_ws/install/action_autodock/lib/python3.10/site-packages:${PYTHONPATH} /usr/bin/python3 -W ignore:setup.py install is deprecated setup.py egg_info --egg-base ../../build/action_autodock build --build-base /home/smr/workspaces/amrROS2_ws/build/action_autodock/build install --record /home/smr/workspaces/amrROS2_ws/build/action_autodock/install.log --single-version-externally-managed install_data
[2.335s] running egg_info
[2.338s] writing ../../build/action_autodock/action_autodock.egg-info/PKG-INFO
[2.339s] writing dependency_links to ../../build/action_autodock/action_autodock.egg-info/dependency_links.txt
[2.339s] writing entry points to ../../build/action_autodock/action_autodock.egg-info/entry_points.txt
[2.340s] writing requirements to ../../build/action_autodock/action_autodock.egg-info/requires.txt
[2.341s] writing top-level names to ../../build/action_autodock/action_autodock.egg-info/top_level.txt
[2.342s] reading manifest file '../../build/action_autodock/action_autodock.egg-info/SOURCES.txt'
[2.342s] adding license file 'LICENSE'
[2.343s] writing manifest file '../../build/action_autodock/action_autodock.egg-info/SOURCES.txt'
[2.343s] running build
[2.343s] running build_py
[2.344s] running install
[2.348s] running install_lib
[2.360s] running install_data
[2.361s] copying config/auto_dock_config.yaml -> /home/smr/workspaces/amrROS2_ws/install/action_autodock/share/action_autodock/config
[2.361s] running install_egg_info
[2.361s] removing '/home/smr/workspaces/amrROS2_ws/install/action_autodock/lib/python3.10/site-packages/action_autodock-0.0.0-py3.10.egg-info' (and everything under it)
[2.362s] Copying ../../build/action_autodock/action_autodock.egg-info to /home/smr/workspaces/amrROS2_ws/install/action_autodock/lib/python3.10/site-packages/action_autodock-0.0.0-py3.10.egg-info
[2.362s] running install_scripts
[2.394s] Installing autodock_action_server script to /home/smr/workspaces/amrROS2_ws/install/action_autodock/lib/action_autodock
[2.395s] writing list of installed files to '/home/smr/workspaces/amrROS2_ws/build/action_autodock/install.log'
[2.502s] Invoked command in '/home/smr/workspaces/amrROS2_ws/src/action_autodock' returned '0': PYTHONPATH=/home/smr/workspaces/amrROS2_ws/build/action_autodock/prefix_override:/usr/lib/python3/dist-packages/colcon_core/task/python/colcon_distutils_commands:/home/smr/workspaces/amrROS2_ws/install/action_autodock/lib/python3.10/site-packages:${PYTHONPATH} /usr/bin/python3 -W ignore:setup.py install is deprecated setup.py egg_info --egg-base ../../build/action_autodock build --build-base /home/smr/workspaces/amrROS2_ws/build/action_autodock/build install --record /home/smr/workspaces/amrROS2_ws/build/action_autodock/install.log --single-version-externally-managed install_data
