[1.590s] Invoking command in '/home/smr/workspaces/amrROS2_ws/src/robot_nav_tool': PYTHONPATH=/home/smr/workspaces/amrROS2_ws/build/robot_nav_tool/prefix_override:/usr/lib/python3/dist-packages/colcon_core/task/python/colcon_distutils_commands:/home/smr/workspaces/amrROS2_ws/install/robot_nav_tool/lib/python3.10/site-packages:${PYTHONPATH} /usr/bin/python3 -W ignore:setup.py install is deprecated setup.py egg_info --egg-base ../../build/robot_nav_tool build --build-base /home/smr/workspaces/amrROS2_ws/build/robot_nav_tool/build install --record /home/smr/workspaces/amrROS2_ws/build/robot_nav_tool/install.log --single-version-externally-managed install_data
[1.993s] running egg_info
[1.994s] writing ../../build/robot_nav_tool/robot_nav_tool.egg-info/PKG-INFO
[1.995s] writing dependency_links to ../../build/robot_nav_tool/robot_nav_tool.egg-info/dependency_links.txt
[1.996s] writing entry points to ../../build/robot_nav_tool/robot_nav_tool.egg-info/entry_points.txt
[1.996s] writing requirements to ../../build/robot_nav_tool/robot_nav_tool.egg-info/requires.txt
[1.997s] writing top-level names to ../../build/robot_nav_tool/robot_nav_tool.egg-info/top_level.txt
[2.005s] reading manifest file '../../build/robot_nav_tool/robot_nav_tool.egg-info/SOURCES.txt'
[2.005s] writing manifest file '../../build/robot_nav_tool/robot_nav_tool.egg-info/SOURCES.txt'
[2.006s] running build
[2.006s] running build_py
[2.007s] running install
[2.007s] running install_lib
[2.008s] running install_data
[2.008s] running install_egg_info
[2.008s] removing '/home/smr/workspaces/amrROS2_ws/install/robot_nav_tool/lib/python3.10/site-packages/robot_nav_tool-0.0.0-py3.10.egg-info' (and everything under it)
[2.009s] Copying ../../build/robot_nav_tool/robot_nav_tool.egg-info to /home/smr/workspaces/amrROS2_ws/install/robot_nav_tool/lib/python3.10/site-packages/robot_nav_tool-0.0.0-py3.10.egg-info
[2.009s] running install_scripts
[2.056s] Installing nav_gui_bridge script to /home/smr/workspaces/amrROS2_ws/install/robot_nav_tool/lib/robot_nav_tool
[2.056s] writing list of installed files to '/home/smr/workspaces/amrROS2_ws/build/robot_nav_tool/install.log'
[2.127s] Invoked command in '/home/smr/workspaces/amrROS2_ws/src/robot_nav_tool' returned '0': PYTHONPATH=/home/smr/workspaces/amrROS2_ws/build/robot_nav_tool/prefix_override:/usr/lib/python3/dist-packages/colcon_core/task/python/colcon_distutils_commands:/home/smr/workspaces/amrROS2_ws/install/robot_nav_tool/lib/python3.10/site-packages:${PYTHONPATH} /usr/bin/python3 -W ignore:setup.py install is deprecated setup.py egg_info --egg-base ../../build/robot_nav_tool build --build-base /home/smr/workspaces/amrROS2_ws/build/robot_nav_tool/build install --record /home/smr/workspaces/amrROS2_ws/build/robot_nav_tool/install.log --single-version-externally-managed install_data
