[0.163s] DEBUG:colcon:Command line arguments: ['/usr/bin/colcon', 'build', '--packages-select', 'dock_lidar', 'action_autodock', 'custom_interface']
[0.164s] DEBUG:colcon:Parsed command line arguments: Namespace(log_base=None, log_level=None, verb_name='build', build_base='build', install_base='install', merge_install=False, symlink_install=False, test_result_base=None, continue_on_error=False, executor='parallel', parallel_workers=8, event_handlers=None, ignore_user_meta=False, metas=['./colcon.meta'], base_paths=['.'], packages_ignore=None, packages_ignore_regex=None, paths=None, packages_up_to=None, packages_up_to_regex=None, packages_above=None, packages_above_and_dependencies=None, packages_above_depth=None, packages_select_by_dep=None, packages_skip_by_dep=None, packages_skip_up_to=None, packages_select_build_failed=False, packages_skip_build_finished=False, packages_select_test_failures=False, packages_skip_test_passed=False, packages_select=['dock_lidar', 'action_autodock', 'custom_interface'], packages_skip=None, packages_select_regex=None, packages_skip_regex=None, packages_start=None, packages_end=None, allow_overriding=[], cmake_args=None, cmake_target=None, cmake_target_skip_unavailable=False, cmake_clean_cache=False, cmake_clean_first=False, cmake_force_configure=False, ament_cmake_args=None, catkin_cmake_args=None, catkin_skip_building_tests=False, verb_parser=<colcon_defaults.argument_parser.defaults.DefaultArgumentsDecorator object at 0xffffa2ee08b0>, verb_extension=<colcon_core.verb.build.BuildVerb object at 0xffffa308c6a0>, main=<bound method BuildVerb.main of <colcon_core.verb.build.BuildVerb object at 0xffffa308c6a0>>)
[0.403s] Level 1:colcon.colcon_core.package_discovery:discover_packages(colcon_meta) check parameters
[0.403s] Level 1:colcon.colcon_core.package_discovery:discover_packages(recursive) check parameters
[0.403s] Level 1:colcon.colcon_core.package_discovery:discover_packages(ignore) check parameters
[0.403s] Level 1:colcon.colcon_core.package_discovery:discover_packages(path) check parameters
[0.403s] Level 1:colcon.colcon_core.package_discovery:discover_packages(colcon_meta) discover
[0.403s] Level 1:colcon.colcon_core.package_discovery:discover_packages(recursive) discover
[0.404s] INFO:colcon.colcon_core.package_discovery:Crawling recursively for packages in '/home/smr/workspaces/amrROS2_ws'
[0.404s] Level 1:colcon.colcon_core.package_identification:_identify(.) by extensions ['ignore', 'ignore_ament_install']
[0.404s] Level 1:colcon.colcon_core.package_identification:_identify(.) by extension 'ignore'
[0.404s] Level 1:colcon.colcon_core.package_identification:_identify(.) by extension 'ignore_ament_install'
[0.404s] Level 1:colcon.colcon_core.package_identification:_identify(.) by extensions ['colcon_pkg']
[0.404s] Level 1:colcon.colcon_core.package_identification:_identify(.) by extension 'colcon_pkg'
[0.404s] Level 1:colcon.colcon_core.package_identification:_identify(.) by extensions ['colcon_meta']
[0.404s] Level 1:colcon.colcon_core.package_identification:_identify(.) by extension 'colcon_meta'
[0.404s] Level 1:colcon.colcon_core.package_identification:_identify(.) by extensions ['ros']
[0.404s] Level 1:colcon.colcon_core.package_identification:_identify(.) by extension 'ros'
[0.423s] Level 1:colcon.colcon_core.package_identification:_identify(.) by extensions ['cmake', 'python']
[0.424s] Level 1:colcon.colcon_core.package_identification:_identify(.) by extension 'cmake'
[0.424s] Level 1:colcon.colcon_core.package_identification:_identify(.) by extension 'python'
[0.424s] Level 1:colcon.colcon_core.package_identification:_identify(.) by extensions ['python_setup_py']
[0.424s] Level 1:colcon.colcon_core.package_identification:_identify(.) by extension 'python_setup_py'
[0.424s] Level 1:colcon.colcon_core.package_identification:_identify(build) by extensions ['ignore', 'ignore_ament_install']
[0.424s] Level 1:colcon.colcon_core.package_identification:_identify(build) by extension 'ignore'
[0.424s] Level 1:colcon.colcon_core.package_identification:_identify(build) ignored
[0.425s] Level 1:colcon.colcon_core.package_identification:_identify(install) by extensions ['ignore', 'ignore_ament_install']
[0.425s] Level 1:colcon.colcon_core.package_identification:_identify(install) by extension 'ignore'
[0.425s] Level 1:colcon.colcon_core.package_identification:_identify(install) ignored
[0.425s] Level 1:colcon.colcon_core.package_identification:_identify(log) by extensions ['ignore', 'ignore_ament_install']
[0.425s] Level 1:colcon.colcon_core.package_identification:_identify(log) by extension 'ignore'
[0.425s] Level 1:colcon.colcon_core.package_identification:_identify(log) ignored
[0.425s] Level 1:colcon.colcon_core.package_identification:_identify(src) by extensions ['ignore', 'ignore_ament_install']
[0.425s] Level 1:colcon.colcon_core.package_identification:_identify(src) by extension 'ignore'
[0.425s] Level 1:colcon.colcon_core.package_identification:_identify(src) by extension 'ignore_ament_install'
[0.425s] Level 1:colcon.colcon_core.package_identification:_identify(src) by extensions ['colcon_pkg']
[0.425s] Level 1:colcon.colcon_core.package_identification:_identify(src) by extension 'colcon_pkg'
[0.425s] Level 1:colcon.colcon_core.package_identification:_identify(src) by extensions ['colcon_meta']
[0.425s] Level 1:colcon.colcon_core.package_identification:_identify(src) by extension 'colcon_meta'
[0.426s] Level 1:colcon.colcon_core.package_identification:_identify(src) by extensions ['ros']
[0.426s] Level 1:colcon.colcon_core.package_identification:_identify(src) by extension 'ros'
[0.426s] Level 1:colcon.colcon_core.package_identification:_identify(src) by extensions ['cmake', 'python']
[0.426s] Level 1:colcon.colcon_core.package_identification:_identify(src) by extension 'cmake'
[0.426s] Level 1:colcon.colcon_core.package_identification:_identify(src) by extension 'python'
[0.426s] Level 1:colcon.colcon_core.package_identification:_identify(src) by extensions ['python_setup_py']
[0.426s] Level 1:colcon.colcon_core.package_identification:_identify(src) by extension 'python_setup_py'
[0.426s] Level 1:colcon.colcon_core.package_identification:_identify(src/action_autodock) by extensions ['ignore', 'ignore_ament_install']
[0.426s] Level 1:colcon.colcon_core.package_identification:_identify(src/action_autodock) by extension 'ignore'
[0.426s] Level 1:colcon.colcon_core.package_identification:_identify(src/action_autodock) by extension 'ignore_ament_install'
[0.426s] Level 1:colcon.colcon_core.package_identification:_identify(src/action_autodock) by extensions ['colcon_pkg']
[0.426s] Level 1:colcon.colcon_core.package_identification:_identify(src/action_autodock) by extension 'colcon_pkg'
[0.426s] Level 1:colcon.colcon_core.package_identification:_identify(src/action_autodock) by extensions ['colcon_meta']
[0.426s] Level 1:colcon.colcon_core.package_identification:_identify(src/action_autodock) by extension 'colcon_meta'
[0.426s] Level 1:colcon.colcon_core.package_identification:_identify(src/action_autodock) by extensions ['ros']
[0.426s] Level 1:colcon.colcon_core.package_identification:_identify(src/action_autodock) by extension 'ros'
[0.430s] DEBUG:colcon.colcon_core.package_identification:Package 'src/action_autodock' with type 'ros.ament_python' and name 'action_autodock'
[0.431s] Level 1:colcon.colcon_core.package_identification:_identify(src/bringup) by extensions ['ignore', 'ignore_ament_install']
[0.431s] Level 1:colcon.colcon_core.package_identification:_identify(src/bringup) by extension 'ignore'
[0.431s] Level 1:colcon.colcon_core.package_identification:_identify(src/bringup) by extension 'ignore_ament_install'
[0.431s] Level 1:colcon.colcon_core.package_identification:_identify(src/bringup) by extensions ['colcon_pkg']
[0.431s] Level 1:colcon.colcon_core.package_identification:_identify(src/bringup) by extension 'colcon_pkg'
[0.431s] Level 1:colcon.colcon_core.package_identification:_identify(src/bringup) by extensions ['colcon_meta']
[0.431s] Level 1:colcon.colcon_core.package_identification:_identify(src/bringup) by extension 'colcon_meta'
[0.431s] Level 1:colcon.colcon_core.package_identification:_identify(src/bringup) by extensions ['ros']
[0.431s] Level 1:colcon.colcon_core.package_identification:_identify(src/bringup) by extension 'ros'
[0.432s] DEBUG:colcon.colcon_core.package_identification:Package 'src/bringup' with type 'ros.ament_cmake' and name 'bringup'
[0.432s] Level 1:colcon.colcon_core.package_identification:_identify(src/custom_interface) by extensions ['ignore', 'ignore_ament_install']
[0.433s] Level 1:colcon.colcon_core.package_identification:_identify(src/custom_interface) by extension 'ignore'
[0.433s] Level 1:colcon.colcon_core.package_identification:_identify(src/custom_interface) by extension 'ignore_ament_install'
[0.433s] Level 1:colcon.colcon_core.package_identification:_identify(src/custom_interface) by extensions ['colcon_pkg']
[0.433s] Level 1:colcon.colcon_core.package_identification:_identify(src/custom_interface) by extension 'colcon_pkg'
[0.433s] Level 1:colcon.colcon_core.package_identification:_identify(src/custom_interface) by extensions ['colcon_meta']
[0.433s] Level 1:colcon.colcon_core.package_identification:_identify(src/custom_interface) by extension 'colcon_meta'
[0.433s] Level 1:colcon.colcon_core.package_identification:_identify(src/custom_interface) by extensions ['ros']
[0.433s] Level 1:colcon.colcon_core.package_identification:_identify(src/custom_interface) by extension 'ros'
[0.434s] DEBUG:colcon.colcon_core.package_identification:Package 'src/custom_interface' with type 'ros.ament_cmake' and name 'custom_interface'
[0.434s] Level 1:colcon.colcon_core.package_identification:_identify(src/description) by extensions ['ignore', 'ignore_ament_install']
[0.434s] Level 1:colcon.colcon_core.package_identification:_identify(src/description) by extension 'ignore'
[0.434s] Level 1:colcon.colcon_core.package_identification:_identify(src/description) by extension 'ignore_ament_install'
[0.434s] Level 1:colcon.colcon_core.package_identification:_identify(src/description) by extensions ['colcon_pkg']
[0.434s] Level 1:colcon.colcon_core.package_identification:_identify(src/description) by extension 'colcon_pkg'
[0.434s] Level 1:colcon.colcon_core.package_identification:_identify(src/description) by extensions ['colcon_meta']
[0.434s] Level 1:colcon.colcon_core.package_identification:_identify(src/description) by extension 'colcon_meta'
[0.434s] Level 1:colcon.colcon_core.package_identification:_identify(src/description) by extensions ['ros']
[0.434s] Level 1:colcon.colcon_core.package_identification:_identify(src/description) by extension 'ros'
[0.435s] DEBUG:colcon.colcon_core.package_identification:Package 'src/description' with type 'ros.ament_cmake' and name 'description'
[0.435s] Level 1:colcon.colcon_core.package_identification:_identify(src/dock_lidar) by extensions ['ignore', 'ignore_ament_install']
[0.436s] Level 1:colcon.colcon_core.package_identification:_identify(src/dock_lidar) by extension 'ignore'
[0.436s] Level 1:colcon.colcon_core.package_identification:_identify(src/dock_lidar) by extension 'ignore_ament_install'
[0.436s] Level 1:colcon.colcon_core.package_identification:_identify(src/dock_lidar) by extensions ['colcon_pkg']
[0.436s] Level 1:colcon.colcon_core.package_identification:_identify(src/dock_lidar) by extension 'colcon_pkg'
[0.436s] Level 1:colcon.colcon_core.package_identification:_identify(src/dock_lidar) by extensions ['colcon_meta']
[0.436s] Level 1:colcon.colcon_core.package_identification:_identify(src/dock_lidar) by extension 'colcon_meta'
[0.436s] Level 1:colcon.colcon_core.package_identification:_identify(src/dock_lidar) by extensions ['ros']
[0.436s] Level 1:colcon.colcon_core.package_identification:_identify(src/dock_lidar) by extension 'ros'
[0.438s] DEBUG:colcon.colcon_core.package_identification:Package 'src/dock_lidar' with type 'ros.ament_cmake' and name 'dock_lidar'
[0.438s] Level 1:colcon.colcon_core.package_identification:_identify(src/example) by extensions ['ignore', 'ignore_ament_install']
[0.438s] Level 1:colcon.colcon_core.package_identification:_identify(src/example) by extension 'ignore'
[0.438s] Level 1:colcon.colcon_core.package_identification:_identify(src/example) by extension 'ignore_ament_install'
[0.438s] Level 1:colcon.colcon_core.package_identification:_identify(src/example) by extensions ['colcon_pkg']
[0.439s] Level 1:colcon.colcon_core.package_identification:_identify(src/example) by extension 'colcon_pkg'
[0.439s] Level 1:colcon.colcon_core.package_identification:_identify(src/example) by extensions ['colcon_meta']
[0.439s] Level 1:colcon.colcon_core.package_identification:_identify(src/example) by extension 'colcon_meta'
[0.439s] Level 1:colcon.colcon_core.package_identification:_identify(src/example) by extensions ['ros']
[0.439s] Level 1:colcon.colcon_core.package_identification:_identify(src/example) by extension 'ros'
[0.439s] DEBUG:colcon.colcon_core.package_identification:Package 'src/example' with type 'ros.ament_cmake' and name 'example'
[0.440s] Level 1:colcon.colcon_core.package_identification:_identify(src/log) by extensions ['ignore', 'ignore_ament_install']
[0.440s] Level 1:colcon.colcon_core.package_identification:_identify(src/log) by extension 'ignore'
[0.440s] Level 1:colcon.colcon_core.package_identification:_identify(src/log) ignored
[0.440s] Level 1:colcon.colcon_core.package_identification:_identify(src/navigation) by extensions ['ignore', 'ignore_ament_install']
[0.440s] Level 1:colcon.colcon_core.package_identification:_identify(src/navigation) by extension 'ignore'
[0.440s] Level 1:colcon.colcon_core.package_identification:_identify(src/navigation) by extension 'ignore_ament_install'
[0.440s] Level 1:colcon.colcon_core.package_identification:_identify(src/navigation) by extensions ['colcon_pkg']
[0.440s] Level 1:colcon.colcon_core.package_identification:_identify(src/navigation) by extension 'colcon_pkg'
[0.440s] Level 1:colcon.colcon_core.package_identification:_identify(src/navigation) by extensions ['colcon_meta']
[0.440s] Level 1:colcon.colcon_core.package_identification:_identify(src/navigation) by extension 'colcon_meta'
[0.440s] Level 1:colcon.colcon_core.package_identification:_identify(src/navigation) by extensions ['ros']
[0.440s] Level 1:colcon.colcon_core.package_identification:_identify(src/navigation) by extension 'ros'
[0.441s] DEBUG:colcon.colcon_core.package_identification:Package 'src/navigation' with type 'ros.ament_cmake' and name 'navigation'
[0.441s] Level 1:colcon.colcon_core.package_identification:_identify(src/python_pkg) by extensions ['ignore', 'ignore_ament_install']
[0.442s] Level 1:colcon.colcon_core.package_identification:_identify(src/python_pkg) by extension 'ignore'
[0.442s] Level 1:colcon.colcon_core.package_identification:_identify(src/python_pkg) by extension 'ignore_ament_install'
[0.442s] Level 1:colcon.colcon_core.package_identification:_identify(src/python_pkg) by extensions ['colcon_pkg']
[0.442s] Level 1:colcon.colcon_core.package_identification:_identify(src/python_pkg) by extension 'colcon_pkg'
[0.442s] Level 1:colcon.colcon_core.package_identification:_identify(src/python_pkg) by extensions ['colcon_meta']
[0.442s] Level 1:colcon.colcon_core.package_identification:_identify(src/python_pkg) by extension 'colcon_meta'
[0.442s] Level 1:colcon.colcon_core.package_identification:_identify(src/python_pkg) by extensions ['ros']
[0.442s] Level 1:colcon.colcon_core.package_identification:_identify(src/python_pkg) by extension 'ros'
[0.443s] DEBUG:colcon.colcon_core.package_identification:Package 'src/python_pkg' with type 'ros.ament_python' and name 'python_pkg'
[0.443s] Level 1:colcon.colcon_core.package_identification:_identify(src/sllidar_ros2) by extensions ['ignore', 'ignore_ament_install']
[0.443s] Level 1:colcon.colcon_core.package_identification:_identify(src/sllidar_ros2) by extension 'ignore'
[0.443s] Level 1:colcon.colcon_core.package_identification:_identify(src/sllidar_ros2) by extension 'ignore_ament_install'
[0.444s] Level 1:colcon.colcon_core.package_identification:_identify(src/sllidar_ros2) by extensions ['colcon_pkg']
[0.444s] Level 1:colcon.colcon_core.package_identification:_identify(src/sllidar_ros2) by extension 'colcon_pkg'
[0.444s] Level 1:colcon.colcon_core.package_identification:_identify(src/sllidar_ros2) by extensions ['colcon_meta']
[0.444s] Level 1:colcon.colcon_core.package_identification:_identify(src/sllidar_ros2) by extension 'colcon_meta'
[0.444s] Level 1:colcon.colcon_core.package_identification:_identify(src/sllidar_ros2) by extensions ['ros']
[0.444s] Level 1:colcon.colcon_core.package_identification:_identify(src/sllidar_ros2) by extension 'ros'
[0.445s] DEBUG:colcon.colcon_core.package_identification:Package 'src/sllidar_ros2' with type 'ros.ament_cmake' and name 'sllidar_ros2'
[0.445s] Level 1:colcon.colcon_core.package_identification:_identify(src/src) by extensions ['ignore', 'ignore_ament_install']
[0.445s] Level 1:colcon.colcon_core.package_identification:_identify(src/src) by extension 'ignore'
[0.446s] Level 1:colcon.colcon_core.package_identification:_identify(src/src) by extension 'ignore_ament_install'
[0.446s] Level 1:colcon.colcon_core.package_identification:_identify(src/src) by extensions ['colcon_pkg']
[0.446s] Level 1:colcon.colcon_core.package_identification:_identify(src/src) by extension 'colcon_pkg'
[0.446s] Level 1:colcon.colcon_core.package_identification:_identify(src/src) by extensions ['colcon_meta']
[0.446s] Level 1:colcon.colcon_core.package_identification:_identify(src/src) by extension 'colcon_meta'
[0.446s] Level 1:colcon.colcon_core.package_identification:_identify(src/src) by extensions ['ros']
[0.446s] Level 1:colcon.colcon_core.package_identification:_identify(src/src) by extension 'ros'
[0.446s] Level 1:colcon.colcon_core.package_identification:_identify(src/src) by extensions ['cmake', 'python']
[0.446s] Level 1:colcon.colcon_core.package_identification:_identify(src/src) by extension 'cmake'
[0.446s] Level 1:colcon.colcon_core.package_identification:_identify(src/src) by extension 'python'
[0.446s] Level 1:colcon.colcon_core.package_identification:_identify(src/src) by extensions ['python_setup_py']
[0.446s] Level 1:colcon.colcon_core.package_identification:_identify(src/src) by extension 'python_setup_py'
[0.446s] Level 1:colcon.colcon_core.package_identification:_identify(src/src/micro_ros_setup) by extensions ['ignore', 'ignore_ament_install']
[0.446s] Level 1:colcon.colcon_core.package_identification:_identify(src/src/micro_ros_setup) by extension 'ignore'
[0.446s] Level 1:colcon.colcon_core.package_identification:_identify(src/src/micro_ros_setup) by extension 'ignore_ament_install'
[0.447s] Level 1:colcon.colcon_core.package_identification:_identify(src/src/micro_ros_setup) by extensions ['colcon_pkg']
[0.447s] Level 1:colcon.colcon_core.package_identification:_identify(src/src/micro_ros_setup) by extension 'colcon_pkg'
[0.447s] Level 1:colcon.colcon_core.package_identification:_identify(src/src/micro_ros_setup) by extensions ['colcon_meta']
[0.447s] Level 1:colcon.colcon_core.package_identification:_identify(src/src/micro_ros_setup) by extension 'colcon_meta'
[0.447s] Level 1:colcon.colcon_core.package_identification:_identify(src/src/micro_ros_setup) by extensions ['ros']
[0.447s] Level 1:colcon.colcon_core.package_identification:_identify(src/src/micro_ros_setup) by extension 'ros'
[0.448s] DEBUG:colcon.colcon_core.package_identification:Package 'src/src/micro_ros_setup' with type 'ros.ament_cmake' and name 'micro_ros_setup'
[0.448s] Level 1:colcon.colcon_core.package_identification:_identify(src/uros) by extensions ['ignore', 'ignore_ament_install']
[0.448s] Level 1:colcon.colcon_core.package_identification:_identify(src/uros) by extension 'ignore'
[0.449s] Level 1:colcon.colcon_core.package_identification:_identify(src/uros) by extension 'ignore_ament_install'
[0.449s] Level 1:colcon.colcon_core.package_identification:_identify(src/uros) by extensions ['colcon_pkg']
[0.449s] Level 1:colcon.colcon_core.package_identification:_identify(src/uros) by extension 'colcon_pkg'
[0.449s] Level 1:colcon.colcon_core.package_identification:_identify(src/uros) by extensions ['colcon_meta']
[0.449s] Level 1:colcon.colcon_core.package_identification:_identify(src/uros) by extension 'colcon_meta'
[0.449s] Level 1:colcon.colcon_core.package_identification:_identify(src/uros) by extensions ['ros']
[0.449s] Level 1:colcon.colcon_core.package_identification:_identify(src/uros) by extension 'ros'
[0.449s] Level 1:colcon.colcon_core.package_identification:_identify(src/uros) by extensions ['cmake', 'python']
[0.449s] Level 1:colcon.colcon_core.package_identification:_identify(src/uros) by extension 'cmake'
[0.449s] Level 1:colcon.colcon_core.package_identification:_identify(src/uros) by extension 'python'
[0.449s] Level 1:colcon.colcon_core.package_identification:_identify(src/uros) by extensions ['python_setup_py']
[0.449s] Level 1:colcon.colcon_core.package_identification:_identify(src/uros) by extension 'python_setup_py'
[0.449s] Level 1:colcon.colcon_core.package_identification:_identify(src/uros/micro-ROS-Agent) by extensions ['ignore', 'ignore_ament_install']
[0.449s] Level 1:colcon.colcon_core.package_identification:_identify(src/uros/micro-ROS-Agent) by extension 'ignore'
[0.450s] Level 1:colcon.colcon_core.package_identification:_identify(src/uros/micro-ROS-Agent) by extension 'ignore_ament_install'
[0.450s] Level 1:colcon.colcon_core.package_identification:_identify(src/uros/micro-ROS-Agent) by extensions ['colcon_pkg']
[0.450s] Level 1:colcon.colcon_core.package_identification:_identify(src/uros/micro-ROS-Agent) by extension 'colcon_pkg'
[0.450s] Level 1:colcon.colcon_core.package_identification:_identify(src/uros/micro-ROS-Agent) by extensions ['colcon_meta']
[0.450s] Level 1:colcon.colcon_core.package_identification:_identify(src/uros/micro-ROS-Agent) by extension 'colcon_meta'
[0.450s] Level 1:colcon.colcon_core.package_identification:_identify(src/uros/micro-ROS-Agent) by extensions ['ros']
[0.450s] Level 1:colcon.colcon_core.package_identification:_identify(src/uros/micro-ROS-Agent) by extension 'ros'
[0.450s] Level 1:colcon.colcon_core.package_identification:_identify(src/uros/micro-ROS-Agent) by extensions ['cmake', 'python']
[0.450s] Level 1:colcon.colcon_core.package_identification:_identify(src/uros/micro-ROS-Agent) by extension 'cmake'
[0.450s] Level 1:colcon.colcon_core.package_identification:_identify(src/uros/micro-ROS-Agent) by extension 'python'
[0.450s] Level 1:colcon.colcon_core.package_identification:_identify(src/uros/micro-ROS-Agent) by extensions ['python_setup_py']
[0.450s] Level 1:colcon.colcon_core.package_identification:_identify(src/uros/micro-ROS-Agent) by extension 'python_setup_py'
[0.450s] Level 1:colcon.colcon_core.package_identification:_identify(src/uros/micro-ROS-Agent/micro_ros_agent) by extensions ['ignore', 'ignore_ament_install']
[0.450s] Level 1:colcon.colcon_core.package_identification:_identify(src/uros/micro-ROS-Agent/micro_ros_agent) by extension 'ignore'
[0.450s] Level 1:colcon.colcon_core.package_identification:_identify(src/uros/micro-ROS-Agent/micro_ros_agent) by extension 'ignore_ament_install'
[0.450s] Level 1:colcon.colcon_core.package_identification:_identify(src/uros/micro-ROS-Agent/micro_ros_agent) by extensions ['colcon_pkg']
[0.451s] Level 1:colcon.colcon_core.package_identification:_identify(src/uros/micro-ROS-Agent/micro_ros_agent) by extension 'colcon_pkg'
[0.451s] Level 1:colcon.colcon_core.package_identification:_identify(src/uros/micro-ROS-Agent/micro_ros_agent) by extensions ['colcon_meta']
[0.451s] Level 1:colcon.colcon_core.package_identification:_identify(src/uros/micro-ROS-Agent/micro_ros_agent) by extension 'colcon_meta'
[0.451s] Level 1:colcon.colcon_core.package_identification:_identify(src/uros/micro-ROS-Agent/micro_ros_agent) by extensions ['ros']
[0.451s] Level 1:colcon.colcon_core.package_identification:_identify(src/uros/micro-ROS-Agent/micro_ros_agent) by extension 'ros'
[0.452s] DEBUG:colcon.colcon_core.package_identification:Package 'src/uros/micro-ROS-Agent/micro_ros_agent' with type 'ros.ament_cmake' and name 'micro_ros_agent'
[0.453s] Level 1:colcon.colcon_core.package_identification:_identify(src/uros/micro-ROS-Agent/snap) by extensions ['ignore', 'ignore_ament_install']
[0.453s] Level 1:colcon.colcon_core.package_identification:_identify(src/uros/micro-ROS-Agent/snap) by extension 'ignore'
[0.453s] Level 1:colcon.colcon_core.package_identification:_identify(src/uros/micro-ROS-Agent/snap) by extension 'ignore_ament_install'
[0.453s] Level 1:colcon.colcon_core.package_identification:_identify(src/uros/micro-ROS-Agent/snap) by extensions ['colcon_pkg']
[0.453s] Level 1:colcon.colcon_core.package_identification:_identify(src/uros/micro-ROS-Agent/snap) by extension 'colcon_pkg'
[0.453s] Level 1:colcon.colcon_core.package_identification:_identify(src/uros/micro-ROS-Agent/snap) by extensions ['colcon_meta']
[0.453s] Level 1:colcon.colcon_core.package_identification:_identify(src/uros/micro-ROS-Agent/snap) by extension 'colcon_meta'
[0.453s] Level 1:colcon.colcon_core.package_identification:_identify(src/uros/micro-ROS-Agent/snap) by extensions ['ros']
[0.453s] Level 1:colcon.colcon_core.package_identification:_identify(src/uros/micro-ROS-Agent/snap) by extension 'ros'
[0.453s] Level 1:colcon.colcon_core.package_identification:_identify(src/uros/micro-ROS-Agent/snap) by extensions ['cmake', 'python']
[0.453s] Level 1:colcon.colcon_core.package_identification:_identify(src/uros/micro-ROS-Agent/snap) by extension 'cmake'
[0.453s] Level 1:colcon.colcon_core.package_identification:_identify(src/uros/micro-ROS-Agent/snap) by extension 'python'
[0.454s] Level 1:colcon.colcon_core.package_identification:_identify(src/uros/micro-ROS-Agent/snap) by extensions ['python_setup_py']
[0.454s] Level 1:colcon.colcon_core.package_identification:_identify(src/uros/micro-ROS-Agent/snap) by extension 'python_setup_py'
[0.454s] Level 1:colcon.colcon_core.package_identification:_identify(src/uros/micro-ROS-Agent/snap/hooks) by extensions ['ignore', 'ignore_ament_install']
[0.454s] Level 1:colcon.colcon_core.package_identification:_identify(src/uros/micro-ROS-Agent/snap/hooks) by extension 'ignore'
[0.454s] Level 1:colcon.colcon_core.package_identification:_identify(src/uros/micro-ROS-Agent/snap/hooks) by extension 'ignore_ament_install'
[0.454s] Level 1:colcon.colcon_core.package_identification:_identify(src/uros/micro-ROS-Agent/snap/hooks) by extensions ['colcon_pkg']
[0.454s] Level 1:colcon.colcon_core.package_identification:_identify(src/uros/micro-ROS-Agent/snap/hooks) by extension 'colcon_pkg'
[0.454s] Level 1:colcon.colcon_core.package_identification:_identify(src/uros/micro-ROS-Agent/snap/hooks) by extensions ['colcon_meta']
[0.454s] Level 1:colcon.colcon_core.package_identification:_identify(src/uros/micro-ROS-Agent/snap/hooks) by extension 'colcon_meta'
[0.454s] Level 1:colcon.colcon_core.package_identification:_identify(src/uros/micro-ROS-Agent/snap/hooks) by extensions ['ros']
[0.454s] Level 1:colcon.colcon_core.package_identification:_identify(src/uros/micro-ROS-Agent/snap/hooks) by extension 'ros'
[0.454s] Level 1:colcon.colcon_core.package_identification:_identify(src/uros/micro-ROS-Agent/snap/hooks) by extensions ['cmake', 'python']
[0.454s] Level 1:colcon.colcon_core.package_identification:_identify(src/uros/micro-ROS-Agent/snap/hooks) by extension 'cmake'
[0.454s] Level 1:colcon.colcon_core.package_identification:_identify(src/uros/micro-ROS-Agent/snap/hooks) by extension 'python'
[0.455s] Level 1:colcon.colcon_core.package_identification:_identify(src/uros/micro-ROS-Agent/snap/hooks) by extensions ['python_setup_py']
[0.455s] Level 1:colcon.colcon_core.package_identification:_identify(src/uros/micro-ROS-Agent/snap/hooks) by extension 'python_setup_py'
[0.455s] Level 1:colcon.colcon_core.package_identification:_identify(src/uros/micro-ROS-Agent/snap/local) by extensions ['ignore', 'ignore_ament_install']
[0.455s] Level 1:colcon.colcon_core.package_identification:_identify(src/uros/micro-ROS-Agent/snap/local) by extension 'ignore'
[0.455s] Level 1:colcon.colcon_core.package_identification:_identify(src/uros/micro-ROS-Agent/snap/local) by extension 'ignore_ament_install'
[0.455s] Level 1:colcon.colcon_core.package_identification:_identify(src/uros/micro-ROS-Agent/snap/local) by extensions ['colcon_pkg']
[0.455s] Level 1:colcon.colcon_core.package_identification:_identify(src/uros/micro-ROS-Agent/snap/local) by extension 'colcon_pkg'
[0.455s] Level 1:colcon.colcon_core.package_identification:_identify(src/uros/micro-ROS-Agent/snap/local) by extensions ['colcon_meta']
[0.455s] Level 1:colcon.colcon_core.package_identification:_identify(src/uros/micro-ROS-Agent/snap/local) by extension 'colcon_meta'
[0.455s] Level 1:colcon.colcon_core.package_identification:_identify(src/uros/micro-ROS-Agent/snap/local) by extensions ['ros']
[0.455s] Level 1:colcon.colcon_core.package_identification:_identify(src/uros/micro-ROS-Agent/snap/local) by extension 'ros'
[0.455s] Level 1:colcon.colcon_core.package_identification:_identify(src/uros/micro-ROS-Agent/snap/local) by extensions ['cmake', 'python']
[0.455s] Level 1:colcon.colcon_core.package_identification:_identify(src/uros/micro-ROS-Agent/snap/local) by extension 'cmake'
[0.456s] Level 1:colcon.colcon_core.package_identification:_identify(src/uros/micro-ROS-Agent/snap/local) by extension 'python'
[0.456s] Level 1:colcon.colcon_core.package_identification:_identify(src/uros/micro-ROS-Agent/snap/local) by extensions ['python_setup_py']
[0.456s] Level 1:colcon.colcon_core.package_identification:_identify(src/uros/micro-ROS-Agent/snap/local) by extension 'python_setup_py'
[0.456s] Level 1:colcon.colcon_core.package_identification:_identify(src/uros/micro_ros_msgs) by extensions ['ignore', 'ignore_ament_install']
[0.456s] Level 1:colcon.colcon_core.package_identification:_identify(src/uros/micro_ros_msgs) by extension 'ignore'
[0.456s] Level 1:colcon.colcon_core.package_identification:_identify(src/uros/micro_ros_msgs) by extension 'ignore_ament_install'
[0.456s] Level 1:colcon.colcon_core.package_identification:_identify(src/uros/micro_ros_msgs) by extensions ['colcon_pkg']
[0.456s] Level 1:colcon.colcon_core.package_identification:_identify(src/uros/micro_ros_msgs) by extension 'colcon_pkg'
[0.456s] Level 1:colcon.colcon_core.package_identification:_identify(src/uros/micro_ros_msgs) by extensions ['colcon_meta']
[0.456s] Level 1:colcon.colcon_core.package_identification:_identify(src/uros/micro_ros_msgs) by extension 'colcon_meta'
[0.456s] Level 1:colcon.colcon_core.package_identification:_identify(src/uros/micro_ros_msgs) by extensions ['ros']
[0.456s] Level 1:colcon.colcon_core.package_identification:_identify(src/uros/micro_ros_msgs) by extension 'ros'
[0.458s] DEBUG:colcon.colcon_core.package_identification:Package 'src/uros/micro_ros_msgs' with type 'ros.ament_cmake' and name 'micro_ros_msgs'
[0.458s] Level 1:colcon.colcon_core.package_identification:_identify(temp) by extensions ['ignore', 'ignore_ament_install']
[0.458s] Level 1:colcon.colcon_core.package_identification:_identify(temp) by extension 'ignore'
[0.459s] Level 1:colcon.colcon_core.package_identification:_identify(temp) by extension 'ignore_ament_install'
[0.459s] Level 1:colcon.colcon_core.package_identification:_identify(temp) by extensions ['colcon_pkg']
[0.459s] Level 1:colcon.colcon_core.package_identification:_identify(temp) by extension 'colcon_pkg'
[0.459s] Level 1:colcon.colcon_core.package_identification:_identify(temp) by extensions ['colcon_meta']
[0.459s] Level 1:colcon.colcon_core.package_identification:_identify(temp) by extension 'colcon_meta'
[0.459s] Level 1:colcon.colcon_core.package_identification:_identify(temp) by extensions ['ros']
[0.459s] Level 1:colcon.colcon_core.package_identification:_identify(temp) by extension 'ros'
[0.459s] Level 1:colcon.colcon_core.package_identification:_identify(temp) by extensions ['cmake', 'python']
[0.459s] Level 1:colcon.colcon_core.package_identification:_identify(temp) by extension 'cmake'
[0.459s] Level 1:colcon.colcon_core.package_identification:_identify(temp) by extension 'python'
[0.459s] Level 1:colcon.colcon_core.package_identification:_identify(temp) by extensions ['python_setup_py']
[0.459s] Level 1:colcon.colcon_core.package_identification:_identify(temp) by extension 'python_setup_py'
[0.459s] Level 1:colcon.colcon_core.package_identification:_identify(temp/build) by extensions ['ignore', 'ignore_ament_install']
[0.459s] Level 1:colcon.colcon_core.package_identification:_identify(temp/build) by extension 'ignore'
[0.459s] Level 1:colcon.colcon_core.package_identification:_identify(temp/build) ignored
[0.460s] Level 1:colcon.colcon_core.package_identification:_identify(temp/install) by extensions ['ignore', 'ignore_ament_install']
[0.460s] Level 1:colcon.colcon_core.package_identification:_identify(temp/install) by extension 'ignore'
[0.460s] Level 1:colcon.colcon_core.package_identification:_identify(temp/install) ignored
[0.460s] Level 1:colcon.colcon_core.package_identification:_identify(temp/log) by extensions ['ignore', 'ignore_ament_install']
[0.460s] Level 1:colcon.colcon_core.package_identification:_identify(temp/log) by extension 'ignore'
[0.460s] Level 1:colcon.colcon_core.package_identification:_identify(temp/log) ignored
[0.460s] Level 1:colcon.colcon_core.package_identification:_identify(temp2) by extensions ['ignore', 'ignore_ament_install']
[0.460s] Level 1:colcon.colcon_core.package_identification:_identify(temp2) by extension 'ignore'
[0.460s] Level 1:colcon.colcon_core.package_identification:_identify(temp2) by extension 'ignore_ament_install'
[0.461s] Level 1:colcon.colcon_core.package_identification:_identify(temp2) by extensions ['colcon_pkg']
[0.461s] Level 1:colcon.colcon_core.package_identification:_identify(temp2) by extension 'colcon_pkg'
[0.461s] Level 1:colcon.colcon_core.package_identification:_identify(temp2) by extensions ['colcon_meta']
[0.461s] Level 1:colcon.colcon_core.package_identification:_identify(temp2) by extension 'colcon_meta'
[0.461s] Level 1:colcon.colcon_core.package_identification:_identify(temp2) by extensions ['ros']
[0.461s] Level 1:colcon.colcon_core.package_identification:_identify(temp2) by extension 'ros'
[0.461s] Level 1:colcon.colcon_core.package_identification:_identify(temp2) by extensions ['cmake', 'python']
[0.461s] Level 1:colcon.colcon_core.package_identification:_identify(temp2) by extension 'cmake'
[0.461s] Level 1:colcon.colcon_core.package_identification:_identify(temp2) by extension 'python'
[0.461s] Level 1:colcon.colcon_core.package_identification:_identify(temp2) by extensions ['python_setup_py']
[0.461s] Level 1:colcon.colcon_core.package_identification:_identify(temp2) by extension 'python_setup_py'
[0.461s] Level 1:colcon.colcon_core.package_identification:_identify(temp2/install) by extensions ['ignore', 'ignore_ament_install']
[0.461s] Level 1:colcon.colcon_core.package_identification:_identify(temp2/install) by extension 'ignore'
[0.462s] Level 1:colcon.colcon_core.package_identification:_identify(temp2/install) ignored
[0.462s] Level 1:colcon.colcon_core.package_discovery:discover_packages(recursive) using defaults
[0.462s] Level 1:colcon.colcon_core.package_discovery:discover_packages(ignore) discover
[0.462s] Level 1:colcon.colcon_core.package_discovery:discover_packages(ignore) using defaults
[0.462s] Level 1:colcon.colcon_core.package_discovery:discover_packages(path) discover
[0.462s] Level 1:colcon.colcon_core.package_discovery:discover_packages(path) using defaults
[0.498s] INFO:colcon.colcon_core.package_selection:Skipping not selected package 'description' in 'src/description'
[0.498s] INFO:colcon.colcon_core.package_selection:Skipping not selected package 'example' in 'src/example'
[0.498s] INFO:colcon.colcon_core.package_selection:Skipping not selected package 'micro_ros_msgs' in 'src/uros/micro_ros_msgs'
[0.498s] INFO:colcon.colcon_core.package_selection:Skipping not selected package 'micro_ros_setup' in 'src/src/micro_ros_setup'
[0.498s] INFO:colcon.colcon_core.package_selection:Skipping not selected package 'navigation' in 'src/navigation'
[0.498s] INFO:colcon.colcon_core.package_selection:Skipping not selected package 'python_pkg' in 'src/python_pkg'
[0.498s] INFO:colcon.colcon_core.package_selection:Skipping not selected package 'sllidar_ros2' in 'src/sllidar_ros2'
[0.498s] INFO:colcon.colcon_core.package_selection:Skipping not selected package 'micro_ros_agent' in 'src/uros/micro-ROS-Agent/micro_ros_agent'
[0.498s] INFO:colcon.colcon_core.package_selection:Skipping not selected package 'bringup' in 'src/bringup'
[0.499s] Level 1:colcon.colcon_core.package_discovery:discover_packages(prefix_path) check parameters
[0.499s] Level 1:colcon.colcon_core.package_discovery:discover_packages(prefix_path) discover
[0.503s] DEBUG:colcon.colcon_installed_package_information.package_discovery:Found 12 installed packages in /home/smr/workspaces/amrROS2_ws/install
[0.506s] DEBUG:colcon.colcon_installed_package_information.package_discovery:Found 336 installed packages in /opt/ros/humble
[0.537s] Level 1:colcon.colcon_core.package_discovery:discover_packages(prefix_path) using defaults
[0.601s] Level 5:colcon.colcon_core.verb:set package 'action_autodock' build argument 'cmake_args' from command line to 'None'
[0.602s] Level 5:colcon.colcon_core.verb:set package 'action_autodock' build argument 'cmake_target' from command line to 'None'
[0.602s] Level 5:colcon.colcon_core.verb:set package 'action_autodock' build argument 'cmake_target_skip_unavailable' from command line to 'False'
[0.602s] Level 5:colcon.colcon_core.verb:set package 'action_autodock' build argument 'cmake_clean_cache' from command line to 'False'
[0.602s] Level 5:colcon.colcon_core.verb:set package 'action_autodock' build argument 'cmake_clean_first' from command line to 'False'
[0.602s] Level 5:colcon.colcon_core.verb:set package 'action_autodock' build argument 'cmake_force_configure' from command line to 'False'
[0.602s] Level 5:colcon.colcon_core.verb:set package 'action_autodock' build argument 'ament_cmake_args' from command line to 'None'
[0.602s] Level 5:colcon.colcon_core.verb:set package 'action_autodock' build argument 'catkin_cmake_args' from command line to 'None'
[0.602s] Level 5:colcon.colcon_core.verb:set package 'action_autodock' build argument 'catkin_skip_building_tests' from command line to 'False'
[0.602s] DEBUG:colcon.colcon_core.verb:Building package 'action_autodock' with the following arguments: {'ament_cmake_args': None, 'build_base': '/home/smr/workspaces/amrROS2_ws/build/action_autodock', 'catkin_cmake_args': None, 'catkin_skip_building_tests': False, 'cmake_args': None, 'cmake_clean_cache': False, 'cmake_clean_first': False, 'cmake_force_configure': False, 'cmake_target': None, 'cmake_target_skip_unavailable': False, 'install_base': '/home/smr/workspaces/amrROS2_ws/install/action_autodock', 'merge_install': False, 'path': '/home/smr/workspaces/amrROS2_ws/src/action_autodock', 'symlink_install': False, 'test_result_base': None}
[0.602s] Level 5:colcon.colcon_core.verb:set package 'custom_interface' build argument 'cmake_args' from command line to 'None'
[0.603s] Level 5:colcon.colcon_core.verb:set package 'custom_interface' build argument 'cmake_target' from command line to 'None'
[0.603s] Level 5:colcon.colcon_core.verb:set package 'custom_interface' build argument 'cmake_target_skip_unavailable' from command line to 'False'
[0.603s] Level 5:colcon.colcon_core.verb:set package 'custom_interface' build argument 'cmake_clean_cache' from command line to 'False'
[0.603s] Level 5:colcon.colcon_core.verb:set package 'custom_interface' build argument 'cmake_clean_first' from command line to 'False'
[0.603s] Level 5:colcon.colcon_core.verb:set package 'custom_interface' build argument 'cmake_force_configure' from command line to 'False'
[0.603s] Level 5:colcon.colcon_core.verb:set package 'custom_interface' build argument 'ament_cmake_args' from command line to 'None'
[0.603s] Level 5:colcon.colcon_core.verb:set package 'custom_interface' build argument 'catkin_cmake_args' from command line to 'None'
[0.603s] Level 5:colcon.colcon_core.verb:set package 'custom_interface' build argument 'catkin_skip_building_tests' from command line to 'False'
[0.603s] DEBUG:colcon.colcon_core.verb:Building package 'custom_interface' with the following arguments: {'ament_cmake_args': None, 'build_base': '/home/smr/workspaces/amrROS2_ws/build/custom_interface', 'catkin_cmake_args': None, 'catkin_skip_building_tests': False, 'cmake_args': None, 'cmake_clean_cache': False, 'cmake_clean_first': False, 'cmake_force_configure': False, 'cmake_target': None, 'cmake_target_skip_unavailable': False, 'install_base': '/home/smr/workspaces/amrROS2_ws/install/custom_interface', 'merge_install': False, 'path': '/home/smr/workspaces/amrROS2_ws/src/custom_interface', 'symlink_install': False, 'test_result_base': None}
[0.603s] Level 5:colcon.colcon_core.verb:set package 'dock_lidar' build argument 'cmake_args' from command line to 'None'
[0.603s] Level 5:colcon.colcon_core.verb:set package 'dock_lidar' build argument 'cmake_target' from command line to 'None'
[0.603s] Level 5:colcon.colcon_core.verb:set package 'dock_lidar' build argument 'cmake_target_skip_unavailable' from command line to 'False'
[0.604s] Level 5:colcon.colcon_core.verb:set package 'dock_lidar' build argument 'cmake_clean_cache' from command line to 'False'
[0.604s] Level 5:colcon.colcon_core.verb:set package 'dock_lidar' build argument 'cmake_clean_first' from command line to 'False'
[0.604s] Level 5:colcon.colcon_core.verb:set package 'dock_lidar' build argument 'cmake_force_configure' from command line to 'False'
[0.604s] Level 5:colcon.colcon_core.verb:set package 'dock_lidar' build argument 'ament_cmake_args' from command line to 'None'
[0.604s] Level 5:colcon.colcon_core.verb:set package 'dock_lidar' build argument 'catkin_cmake_args' from command line to 'None'
[0.604s] Level 5:colcon.colcon_core.verb:set package 'dock_lidar' build argument 'catkin_skip_building_tests' from command line to 'False'
[0.604s] DEBUG:colcon.colcon_core.verb:Building package 'dock_lidar' with the following arguments: {'ament_cmake_args': None, 'build_base': '/home/smr/workspaces/amrROS2_ws/build/dock_lidar', 'catkin_cmake_args': None, 'catkin_skip_building_tests': False, 'cmake_args': None, 'cmake_clean_cache': False, 'cmake_clean_first': False, 'cmake_force_configure': False, 'cmake_target': None, 'cmake_target_skip_unavailable': False, 'install_base': '/home/smr/workspaces/amrROS2_ws/install/dock_lidar', 'merge_install': False, 'path': '/home/smr/workspaces/amrROS2_ws/src/dock_lidar', 'symlink_install': False, 'test_result_base': None}
[0.604s] INFO:colcon.colcon_core.executor:Executing jobs using 'parallel' executor
[0.606s] DEBUG:colcon.colcon_parallel_executor.executor.parallel:run_until_complete
[0.606s] INFO:colcon.colcon_ros.task.ament_cmake.build:Building ROS package in '/home/smr/workspaces/amrROS2_ws/src/custom_interface' with build type 'ament_cmake'
[0.606s] INFO:colcon.colcon_cmake.task.cmake.build:Building CMake package in '/home/smr/workspaces/amrROS2_ws/src/custom_interface'
[0.610s] INFO:colcon.colcon_core.plugin_system:Skipping extension 'colcon_core.shell.bat': Not used on non-Windows systems
[0.611s] INFO:colcon.colcon_core.shell:Skip shell extension 'powershell' for command environment: Not usable outside of PowerShell
[0.611s] DEBUG:colcon.colcon_core.shell:Skip shell extension 'dsv' for command environment
[0.619s] INFO:colcon.colcon_ros.task.ament_python.build:Building ROS package in '/home/smr/workspaces/amrROS2_ws/src/action_autodock' with build type 'ament_python'
[0.620s] Level 1:colcon.colcon_core.shell:create_environment_hook('action_autodock', 'ament_prefix_path')
[0.621s] INFO:colcon.colcon_core.shell:Creating environment hook '/home/smr/workspaces/amrROS2_ws/install/action_autodock/share/action_autodock/hook/ament_prefix_path.ps1'
[0.622s] INFO:colcon.colcon_core.shell:Creating environment descriptor '/home/smr/workspaces/amrROS2_ws/install/action_autodock/share/action_autodock/hook/ament_prefix_path.dsv'
[0.624s] INFO:colcon.colcon_core.shell:Creating environment hook '/home/smr/workspaces/amrROS2_ws/install/action_autodock/share/action_autodock/hook/ament_prefix_path.sh'
[0.625s] INFO:colcon.colcon_core.shell:Skip shell extension 'powershell' for command environment: Not usable outside of PowerShell
[0.626s] DEBUG:colcon.colcon_core.shell:Skip shell extension 'dsv' for command environment
[0.649s] DEBUG:colcon.colcon_core.event_handler.log_command:Invoking command in '/home/smr/workspaces/amrROS2_ws/build/custom_interface': CMAKE_PREFIX_PATH=${CMAKE_PREFIX_PATH}:/home/smr/workspaces/amrROS2_ws/install/python_pkg:/home/smr/workspaces/amrROS2_ws/install/action_autodock:/opt/ros/humble /usr/bin/cmake --build /home/smr/workspaces/amrROS2_ws/build/custom_interface -- -j8 -l8
[1.093s] INFO:colcon.colcon_core.task.python.build:Building Python package in '/home/smr/workspaces/amrROS2_ws/src/action_autodock'
[1.094s] INFO:colcon.colcon_core.shell:Skip shell extension 'powershell' for command environment: Not usable outside of PowerShell
[1.094s] DEBUG:colcon.colcon_core.shell:Skip shell extension 'dsv' for command environment
[1.538s] DEBUG:colcon.colcon_core.event_handler.log_command:Invoked command in '/home/smr/workspaces/amrROS2_ws/build/custom_interface' returned '0': CMAKE_PREFIX_PATH=${CMAKE_PREFIX_PATH}:/home/smr/workspaces/amrROS2_ws/install/python_pkg:/home/smr/workspaces/amrROS2_ws/install/action_autodock:/opt/ros/humble /usr/bin/cmake --build /home/smr/workspaces/amrROS2_ws/build/custom_interface -- -j8 -l8
[1.734s] DEBUG:colcon.colcon_core.event_handler.log_command:Invoking command in '/home/smr/workspaces/amrROS2_ws/src/action_autodock': PYTHONPATH=/home/smr/workspaces/amrROS2_ws/build/action_autodock/prefix_override:/usr/lib/python3/dist-packages/colcon_core/task/python/colcon_distutils_commands:/home/smr/workspaces/amrROS2_ws/install/action_autodock/lib/python3.10/site-packages:${PYTHONPATH} /usr/bin/python3 -W ignore:setup.py install is deprecated setup.py egg_info --egg-base ../../build/action_autodock build --build-base /home/smr/workspaces/amrROS2_ws/build/action_autodock/build install --record /home/smr/workspaces/amrROS2_ws/build/action_autodock/install.log --single-version-externally-managed install_data
[1.865s] DEBUG:colcon.colcon_core.event_handler.log_command:Invoking command in '/home/smr/workspaces/amrROS2_ws/build/custom_interface': CMAKE_PREFIX_PATH=${CMAKE_PREFIX_PATH}:/home/smr/workspaces/amrROS2_ws/install/python_pkg:/home/smr/workspaces/amrROS2_ws/install/action_autodock:/opt/ros/humble /usr/bin/cmake --install /home/smr/workspaces/amrROS2_ws/build/custom_interface
[2.005s] Level 1:colcon.colcon_core.environment:create_environment_scripts_only(custom_interface)
[2.010s] DEBUG:colcon.colcon_core.event_handler.log_command:Invoked command in '/home/smr/workspaces/amrROS2_ws/build/custom_interface' returned '0': CMAKE_PREFIX_PATH=${CMAKE_PREFIX_PATH}:/home/smr/workspaces/amrROS2_ws/install/python_pkg:/home/smr/workspaces/amrROS2_ws/install/action_autodock:/opt/ros/humble /usr/bin/cmake --install /home/smr/workspaces/amrROS2_ws/build/custom_interface
[2.021s] Level 1:colcon.colcon_core.environment:checking '/home/smr/workspaces/amrROS2_ws/install/custom_interface' for CMake module files
[2.025s] Level 1:colcon.colcon_core.environment:checking '/home/smr/workspaces/amrROS2_ws/install/custom_interface' for CMake config files
[2.031s] Level 1:colcon.colcon_core.shell:create_environment_hook('custom_interface', 'cmake_prefix_path')
[2.033s] INFO:colcon.colcon_core.shell:Creating environment hook '/home/smr/workspaces/amrROS2_ws/install/custom_interface/share/custom_interface/hook/cmake_prefix_path.ps1'
[2.036s] INFO:colcon.colcon_core.shell:Creating environment descriptor '/home/smr/workspaces/amrROS2_ws/install/custom_interface/share/custom_interface/hook/cmake_prefix_path.dsv'
[2.038s] INFO:colcon.colcon_core.shell:Creating environment hook '/home/smr/workspaces/amrROS2_ws/install/custom_interface/share/custom_interface/hook/cmake_prefix_path.sh'
[2.042s] Level 1:colcon.colcon_core.environment:checking '/home/smr/workspaces/amrROS2_ws/install/custom_interface/lib'
[2.043s] Level 1:colcon.colcon_core.shell:create_environment_hook('custom_interface', 'ld_library_path_lib')
[2.044s] INFO:colcon.colcon_core.shell:Creating environment hook '/home/smr/workspaces/amrROS2_ws/install/custom_interface/share/custom_interface/hook/ld_library_path_lib.ps1'
[2.046s] INFO:colcon.colcon_core.shell:Creating environment descriptor '/home/smr/workspaces/amrROS2_ws/install/custom_interface/share/custom_interface/hook/ld_library_path_lib.dsv'
[2.048s] INFO:colcon.colcon_core.shell:Creating environment hook '/home/smr/workspaces/amrROS2_ws/install/custom_interface/share/custom_interface/hook/ld_library_path_lib.sh'
[2.050s] Level 1:colcon.colcon_core.environment:checking '/home/smr/workspaces/amrROS2_ws/install/custom_interface/bin'
[2.051s] Level 1:colcon.colcon_core.environment:checking '/home/smr/workspaces/amrROS2_ws/install/custom_interface/lib/pkgconfig/custom_interface.pc'
[2.052s] Level 1:colcon.colcon_core.environment:checking '/home/smr/workspaces/amrROS2_ws/install/custom_interface/lib/python3.10/site-packages'
[2.054s] Level 1:colcon.colcon_core.environment:checking '/home/smr/workspaces/amrROS2_ws/install/custom_interface/bin'
[2.056s] INFO:colcon.colcon_core.shell:Creating package script '/home/smr/workspaces/amrROS2_ws/install/custom_interface/share/custom_interface/package.ps1'
[2.061s] INFO:colcon.colcon_core.shell:Creating package descriptor '/home/smr/workspaces/amrROS2_ws/install/custom_interface/share/custom_interface/package.dsv'
[2.064s] INFO:colcon.colcon_core.shell:Creating package script '/home/smr/workspaces/amrROS2_ws/install/custom_interface/share/custom_interface/package.sh'
[2.068s] INFO:colcon.colcon_core.shell:Creating package script '/home/smr/workspaces/amrROS2_ws/install/custom_interface/share/custom_interface/package.bash'
[2.071s] INFO:colcon.colcon_core.shell:Creating package script '/home/smr/workspaces/amrROS2_ws/install/custom_interface/share/custom_interface/package.zsh'
[2.072s] Level 1:colcon.colcon_core.environment:create_file_with_runtime_dependencies(/home/smr/workspaces/amrROS2_ws/install/custom_interface/share/colcon-core/packages/custom_interface)
[2.339s] Level 1:colcon.colcon_core.environment:create_environment_scripts_only(custom_interface)
[2.341s] Level 1:colcon.colcon_core.environment:checking '/home/smr/workspaces/amrROS2_ws/install/custom_interface' for CMake module files
[2.345s] Level 1:colcon.colcon_core.environment:checking '/home/smr/workspaces/amrROS2_ws/install/custom_interface' for CMake config files
[2.349s] Level 1:colcon.colcon_core.shell:create_environment_hook('custom_interface', 'cmake_prefix_path')
[2.350s] INFO:colcon.colcon_core.shell:Creating environment hook '/home/smr/workspaces/amrROS2_ws/install/custom_interface/share/custom_interface/hook/cmake_prefix_path.ps1'
[2.353s] INFO:colcon.colcon_core.shell:Creating environment descriptor '/home/smr/workspaces/amrROS2_ws/install/custom_interface/share/custom_interface/hook/cmake_prefix_path.dsv'
[2.355s] INFO:colcon.colcon_core.shell:Creating environment hook '/home/smr/workspaces/amrROS2_ws/install/custom_interface/share/custom_interface/hook/cmake_prefix_path.sh'
[2.357s] Level 1:colcon.colcon_core.environment:checking '/home/smr/workspaces/amrROS2_ws/install/custom_interface/lib'
[2.358s] Level 1:colcon.colcon_core.shell:create_environment_hook('custom_interface', 'ld_library_path_lib')
[2.360s] INFO:colcon.colcon_core.shell:Creating environment hook '/home/smr/workspaces/amrROS2_ws/install/custom_interface/share/custom_interface/hook/ld_library_path_lib.ps1'
[2.361s] INFO:colcon.colcon_core.shell:Creating environment descriptor '/home/smr/workspaces/amrROS2_ws/install/custom_interface/share/custom_interface/hook/ld_library_path_lib.dsv'
[2.363s] INFO:colcon.colcon_core.shell:Creating environment hook '/home/smr/workspaces/amrROS2_ws/install/custom_interface/share/custom_interface/hook/ld_library_path_lib.sh'
[2.365s] Level 1:colcon.colcon_core.environment:checking '/home/smr/workspaces/amrROS2_ws/install/custom_interface/bin'
[2.365s] Level 1:colcon.colcon_core.environment:checking '/home/smr/workspaces/amrROS2_ws/install/custom_interface/lib/pkgconfig/custom_interface.pc'
[2.366s] Level 1:colcon.colcon_core.environment:checking '/home/smr/workspaces/amrROS2_ws/install/custom_interface/lib/python3.10/site-packages'
[2.367s] Level 1:colcon.colcon_core.environment:checking '/home/smr/workspaces/amrROS2_ws/install/custom_interface/bin'
[2.369s] INFO:colcon.colcon_core.shell:Creating package script '/home/smr/workspaces/amrROS2_ws/install/custom_interface/share/custom_interface/package.ps1'
[2.372s] INFO:colcon.colcon_core.shell:Creating package descriptor '/home/smr/workspaces/amrROS2_ws/install/custom_interface/share/custom_interface/package.dsv'
[2.377s] INFO:colcon.colcon_core.shell:Creating package script '/home/smr/workspaces/amrROS2_ws/install/custom_interface/share/custom_interface/package.sh'
[2.381s] INFO:colcon.colcon_core.shell:Creating package script '/home/smr/workspaces/amrROS2_ws/install/custom_interface/share/custom_interface/package.bash'
[2.385s] INFO:colcon.colcon_core.shell:Creating package script '/home/smr/workspaces/amrROS2_ws/install/custom_interface/share/custom_interface/package.zsh'
[2.388s] Level 1:colcon.colcon_core.environment:create_file_with_runtime_dependencies(/home/smr/workspaces/amrROS2_ws/install/custom_interface/share/colcon-core/packages/custom_interface)
[2.389s] INFO:colcon.colcon_ros.task.ament_cmake.build:Building ROS package in '/home/smr/workspaces/amrROS2_ws/src/dock_lidar' with build type 'ament_cmake'
[2.390s] INFO:colcon.colcon_cmake.task.cmake.build:Building CMake package in '/home/smr/workspaces/amrROS2_ws/src/dock_lidar'
[2.390s] INFO:colcon.colcon_core.shell:Skip shell extension 'powershell' for command environment: Not usable outside of PowerShell
[2.390s] DEBUG:colcon.colcon_core.shell:Skip shell extension 'dsv' for command environment
[2.399s] Level 1:colcon.colcon_core.environment:checking '/home/smr/workspaces/amrROS2_ws/install/action_autodock' for CMake module files
[2.401s] DEBUG:colcon.colcon_core.event_handler.log_command:Invoked command in '/home/smr/workspaces/amrROS2_ws/src/action_autodock' returned '0': PYTHONPATH=/home/smr/workspaces/amrROS2_ws/build/action_autodock/prefix_override:/usr/lib/python3/dist-packages/colcon_core/task/python/colcon_distutils_commands:/home/smr/workspaces/amrROS2_ws/install/action_autodock/lib/python3.10/site-packages:${PYTHONPATH} /usr/bin/python3 -W ignore:setup.py install is deprecated setup.py egg_info --egg-base ../../build/action_autodock build --build-base /home/smr/workspaces/amrROS2_ws/build/action_autodock/build install --record /home/smr/workspaces/amrROS2_ws/build/action_autodock/install.log --single-version-externally-managed install_data
[2.403s] Level 1:colcon.colcon_core.environment:checking '/home/smr/workspaces/amrROS2_ws/install/action_autodock' for CMake config files
[2.406s] Level 1:colcon.colcon_core.environment:checking '/home/smr/workspaces/amrROS2_ws/install/action_autodock/lib'
[2.407s] Level 1:colcon.colcon_core.environment:checking '/home/smr/workspaces/amrROS2_ws/install/action_autodock/bin'
[2.408s] Level 1:colcon.colcon_core.environment:checking '/home/smr/workspaces/amrROS2_ws/install/action_autodock/lib/pkgconfig/action_autodock.pc'
[2.408s] Level 1:colcon.colcon_core.environment:checking '/home/smr/workspaces/amrROS2_ws/install/action_autodock/lib/python3.10/site-packages'
[2.408s] Level 1:colcon.colcon_core.shell:create_environment_hook('action_autodock', 'pythonpath')
[2.409s] INFO:colcon.colcon_core.shell:Creating environment hook '/home/smr/workspaces/amrROS2_ws/install/action_autodock/share/action_autodock/hook/pythonpath.ps1'
[2.410s] INFO:colcon.colcon_core.shell:Creating environment descriptor '/home/smr/workspaces/amrROS2_ws/install/action_autodock/share/action_autodock/hook/pythonpath.dsv'
[2.411s] INFO:colcon.colcon_core.shell:Creating environment hook '/home/smr/workspaces/amrROS2_ws/install/action_autodock/share/action_autodock/hook/pythonpath.sh'
[2.412s] Level 1:colcon.colcon_core.environment:checking '/home/smr/workspaces/amrROS2_ws/install/action_autodock/bin'
[2.413s] Level 1:colcon.colcon_core.environment:create_environment_scripts_only(action_autodock)
[2.413s] INFO:colcon.colcon_core.shell:Creating package script '/home/smr/workspaces/amrROS2_ws/install/action_autodock/share/action_autodock/package.ps1'
[2.415s] INFO:colcon.colcon_core.shell:Creating package descriptor '/home/smr/workspaces/amrROS2_ws/install/action_autodock/share/action_autodock/package.dsv'
[2.416s] INFO:colcon.colcon_core.shell:Creating package script '/home/smr/workspaces/amrROS2_ws/install/action_autodock/share/action_autodock/package.sh'
[2.417s] INFO:colcon.colcon_core.shell:Creating package script '/home/smr/workspaces/amrROS2_ws/install/action_autodock/share/action_autodock/package.bash'
[2.418s] INFO:colcon.colcon_core.shell:Creating package script '/home/smr/workspaces/amrROS2_ws/install/action_autodock/share/action_autodock/package.zsh'
[2.418s] Level 1:colcon.colcon_core.environment:create_file_with_runtime_dependencies(/home/smr/workspaces/amrROS2_ws/install/action_autodock/share/colcon-core/packages/action_autodock)
[2.431s] DEBUG:colcon.colcon_core.event_handler.log_command:Invoking command in '/home/smr/workspaces/amrROS2_ws/build/dock_lidar': CMAKE_PREFIX_PATH=/home/smr/workspaces/amrROS2_ws/install/custom_interface:/home/smr/workspaces/amrROS2_ws/install/sllidar_ros2:/home/smr/workspaces/amrROS2_ws/install/navigation:/home/smr/workspaces/amrROS2_ws/install/micro_ros_setup:/home/smr/workspaces/amrROS2_ws/install/bringup:/home/smr/workspaces/amrROS2_ws/install/micro_ros_agent:/home/smr/workspaces/amrROS2_ws/install/micro_ros_msgs:/home/smr/workspaces/amrROS2_ws/install/example:/home/smr/workspaces/amrROS2_ws/install/dock_lidar:/home/smr/workspaces/amrROS2_ws/install/description:/home/smr/workspaces/amrROS2_ws/install/python_pkg:/home/smr/workspaces/amrROS2_ws/install/action_autodock:/opt/ros/humble LD_LIBRARY_PATH=/home/smr/workspaces/amrROS2_ws/install/custom_interface/lib:/home/smr/workspaces/amrROS2_ws/install/micro_ros_agent/lib:/home/smr/workspaces/amrROS2_ws/install/micro_ros_msgs/lib:/opt/ros/humble/opt/rviz_ogre_vendor/lib:/opt/ros/humble/lib/aarch64-linux-gnu:/opt/ros/humble/lib /usr/bin/cmake --build /home/smr/workspaces/amrROS2_ws/build/dock_lidar -- -j8 -l8
[2.648s] DEBUG:colcon.colcon_core.event_handler.log_command:Invoked command in '/home/smr/workspaces/amrROS2_ws/build/dock_lidar' returned '0': CMAKE_PREFIX_PATH=/home/smr/workspaces/amrROS2_ws/install/custom_interface:/home/smr/workspaces/amrROS2_ws/install/sllidar_ros2:/home/smr/workspaces/amrROS2_ws/install/navigation:/home/smr/workspaces/amrROS2_ws/install/micro_ros_setup:/home/smr/workspaces/amrROS2_ws/install/bringup:/home/smr/workspaces/amrROS2_ws/install/micro_ros_agent:/home/smr/workspaces/amrROS2_ws/install/micro_ros_msgs:/home/smr/workspaces/amrROS2_ws/install/example:/home/smr/workspaces/amrROS2_ws/install/dock_lidar:/home/smr/workspaces/amrROS2_ws/install/description:/home/smr/workspaces/amrROS2_ws/install/python_pkg:/home/smr/workspaces/amrROS2_ws/install/action_autodock:/opt/ros/humble LD_LIBRARY_PATH=/home/smr/workspaces/amrROS2_ws/install/custom_interface/lib:/home/smr/workspaces/amrROS2_ws/install/micro_ros_agent/lib:/home/smr/workspaces/amrROS2_ws/install/micro_ros_msgs/lib:/opt/ros/humble/opt/rviz_ogre_vendor/lib:/opt/ros/humble/lib/aarch64-linux-gnu:/opt/ros/humble/lib /usr/bin/cmake --build /home/smr/workspaces/amrROS2_ws/build/dock_lidar -- -j8 -l8
[2.768s] DEBUG:colcon.colcon_core.event_handler.log_command:Invoking command in '/home/smr/workspaces/amrROS2_ws/build/dock_lidar': CMAKE_PREFIX_PATH=/home/smr/workspaces/amrROS2_ws/install/custom_interface:/home/smr/workspaces/amrROS2_ws/install/sllidar_ros2:/home/smr/workspaces/amrROS2_ws/install/navigation:/home/smr/workspaces/amrROS2_ws/install/micro_ros_setup:/home/smr/workspaces/amrROS2_ws/install/bringup:/home/smr/workspaces/amrROS2_ws/install/micro_ros_agent:/home/smr/workspaces/amrROS2_ws/install/micro_ros_msgs:/home/smr/workspaces/amrROS2_ws/install/example:/home/smr/workspaces/amrROS2_ws/install/dock_lidar:/home/smr/workspaces/amrROS2_ws/install/description:/home/smr/workspaces/amrROS2_ws/install/python_pkg:/home/smr/workspaces/amrROS2_ws/install/action_autodock:/opt/ros/humble LD_LIBRARY_PATH=/home/smr/workspaces/amrROS2_ws/install/custom_interface/lib:/home/smr/workspaces/amrROS2_ws/install/micro_ros_agent/lib:/home/smr/workspaces/amrROS2_ws/install/micro_ros_msgs/lib:/opt/ros/humble/opt/rviz_ogre_vendor/lib:/opt/ros/humble/lib/aarch64-linux-gnu:/opt/ros/humble/lib /usr/bin/cmake --install /home/smr/workspaces/amrROS2_ws/build/dock_lidar
[2.812s] Level 1:colcon.colcon_core.environment:create_environment_scripts_only(dock_lidar)
[2.814s] Level 1:colcon.colcon_core.environment:checking '/home/smr/workspaces/amrROS2_ws/install/dock_lidar' for CMake module files
[2.823s] Level 1:colcon.colcon_core.environment:checking '/home/smr/workspaces/amrROS2_ws/install/dock_lidar' for CMake config files
[2.826s] Level 1:colcon.colcon_core.shell:create_environment_hook('dock_lidar', 'cmake_prefix_path')
[2.828s] INFO:colcon.colcon_core.shell:Creating environment hook '/home/smr/workspaces/amrROS2_ws/install/dock_lidar/share/dock_lidar/hook/cmake_prefix_path.ps1'
[2.834s] DEBUG:colcon.colcon_core.event_handler.log_command:Invoked command in '/home/smr/workspaces/amrROS2_ws/build/dock_lidar' returned '0': CMAKE_PREFIX_PATH=/home/smr/workspaces/amrROS2_ws/install/custom_interface:/home/smr/workspaces/amrROS2_ws/install/sllidar_ros2:/home/smr/workspaces/amrROS2_ws/install/navigation:/home/smr/workspaces/amrROS2_ws/install/micro_ros_setup:/home/smr/workspaces/amrROS2_ws/install/bringup:/home/smr/workspaces/amrROS2_ws/install/micro_ros_agent:/home/smr/workspaces/amrROS2_ws/install/micro_ros_msgs:/home/smr/workspaces/amrROS2_ws/install/example:/home/smr/workspaces/amrROS2_ws/install/dock_lidar:/home/smr/workspaces/amrROS2_ws/install/description:/home/smr/workspaces/amrROS2_ws/install/python_pkg:/home/smr/workspaces/amrROS2_ws/install/action_autodock:/opt/ros/humble LD_LIBRARY_PATH=/home/smr/workspaces/amrROS2_ws/install/custom_interface/lib:/home/smr/workspaces/amrROS2_ws/install/micro_ros_agent/lib:/home/smr/workspaces/amrROS2_ws/install/micro_ros_msgs/lib:/opt/ros/humble/opt/rviz_ogre_vendor/lib:/opt/ros/humble/lib/aarch64-linux-gnu:/opt/ros/humble/lib /usr/bin/cmake --install /home/smr/workspaces/amrROS2_ws/build/dock_lidar
[2.836s] INFO:colcon.colcon_core.shell:Creating environment descriptor '/home/smr/workspaces/amrROS2_ws/install/dock_lidar/share/dock_lidar/hook/cmake_prefix_path.dsv'
[2.837s] INFO:colcon.colcon_core.shell:Creating environment hook '/home/smr/workspaces/amrROS2_ws/install/dock_lidar/share/dock_lidar/hook/cmake_prefix_path.sh'
[2.840s] Level 1:colcon.colcon_core.environment:checking '/home/smr/workspaces/amrROS2_ws/install/dock_lidar/lib'
[2.841s] Level 1:colcon.colcon_core.environment:checking '/home/smr/workspaces/amrROS2_ws/install/dock_lidar/bin'
[2.842s] Level 1:colcon.colcon_core.environment:checking '/home/smr/workspaces/amrROS2_ws/install/dock_lidar/lib/pkgconfig/dock_lidar.pc'
[2.843s] Level 1:colcon.colcon_core.environment:checking '/home/smr/workspaces/amrROS2_ws/install/dock_lidar/lib/python3.10/site-packages'
[2.844s] Level 1:colcon.colcon_core.environment:checking '/home/smr/workspaces/amrROS2_ws/install/dock_lidar/bin'
[2.846s] INFO:colcon.colcon_core.shell:Creating package script '/home/smr/workspaces/amrROS2_ws/install/dock_lidar/share/dock_lidar/package.ps1'
[2.848s] INFO:colcon.colcon_core.shell:Creating package descriptor '/home/smr/workspaces/amrROS2_ws/install/dock_lidar/share/dock_lidar/package.dsv'
[2.850s] INFO:colcon.colcon_core.shell:Creating package script '/home/smr/workspaces/amrROS2_ws/install/dock_lidar/share/dock_lidar/package.sh'
[2.853s] INFO:colcon.colcon_core.shell:Creating package script '/home/smr/workspaces/amrROS2_ws/install/dock_lidar/share/dock_lidar/package.bash'
[2.854s] INFO:colcon.colcon_core.shell:Creating package script '/home/smr/workspaces/amrROS2_ws/install/dock_lidar/share/dock_lidar/package.zsh'
[2.856s] Level 1:colcon.colcon_core.environment:create_file_with_runtime_dependencies(/home/smr/workspaces/amrROS2_ws/install/dock_lidar/share/colcon-core/packages/dock_lidar)
[3.005s] Level 1:colcon.colcon_core.environment:create_environment_scripts_only(dock_lidar)
[3.007s] Level 1:colcon.colcon_core.environment:checking '/home/smr/workspaces/amrROS2_ws/install/dock_lidar' for CMake module files
[3.012s] Level 1:colcon.colcon_core.environment:checking '/home/smr/workspaces/amrROS2_ws/install/dock_lidar' for CMake config files
[3.014s] Level 1:colcon.colcon_core.shell:create_environment_hook('dock_lidar', 'cmake_prefix_path')
[3.021s] INFO:colcon.colcon_core.shell:Creating environment hook '/home/smr/workspaces/amrROS2_ws/install/dock_lidar/share/dock_lidar/hook/cmake_prefix_path.ps1'
[3.023s] INFO:colcon.colcon_core.shell:Creating environment descriptor '/home/smr/workspaces/amrROS2_ws/install/dock_lidar/share/dock_lidar/hook/cmake_prefix_path.dsv'
[3.025s] INFO:colcon.colcon_core.shell:Creating environment hook '/home/smr/workspaces/amrROS2_ws/install/dock_lidar/share/dock_lidar/hook/cmake_prefix_path.sh'
[3.028s] Level 1:colcon.colcon_core.environment:checking '/home/smr/workspaces/amrROS2_ws/install/dock_lidar/lib'
[3.029s] Level 1:colcon.colcon_core.environment:checking '/home/smr/workspaces/amrROS2_ws/install/dock_lidar/bin'
[3.029s] Level 1:colcon.colcon_core.environment:checking '/home/smr/workspaces/amrROS2_ws/install/dock_lidar/lib/pkgconfig/dock_lidar.pc'
[3.030s] Level 1:colcon.colcon_core.environment:checking '/home/smr/workspaces/amrROS2_ws/install/dock_lidar/lib/python3.10/site-packages'
[3.032s] Level 1:colcon.colcon_core.environment:checking '/home/smr/workspaces/amrROS2_ws/install/dock_lidar/bin'
[3.033s] INFO:colcon.colcon_core.shell:Creating package script '/home/smr/workspaces/amrROS2_ws/install/dock_lidar/share/dock_lidar/package.ps1'
[3.036s] INFO:colcon.colcon_core.shell:Creating package descriptor '/home/smr/workspaces/amrROS2_ws/install/dock_lidar/share/dock_lidar/package.dsv'
[3.039s] INFO:colcon.colcon_core.shell:Creating package script '/home/smr/workspaces/amrROS2_ws/install/dock_lidar/share/dock_lidar/package.sh'
[3.042s] INFO:colcon.colcon_core.shell:Creating package script '/home/smr/workspaces/amrROS2_ws/install/dock_lidar/share/dock_lidar/package.bash'
[3.044s] INFO:colcon.colcon_core.shell:Creating package script '/home/smr/workspaces/amrROS2_ws/install/dock_lidar/share/dock_lidar/package.zsh'
[3.048s] Level 1:colcon.colcon_core.environment:create_file_with_runtime_dependencies(/home/smr/workspaces/amrROS2_ws/install/dock_lidar/share/colcon-core/packages/dock_lidar)
[3.050s] DEBUG:colcon.colcon_parallel_executor.executor.parallel:closing loop
[3.051s] DEBUG:colcon.colcon_parallel_executor.executor.parallel:loop closed
[3.052s] DEBUG:colcon.colcon_parallel_executor.executor.parallel:run_until_complete finished with '0'
[3.052s] DEBUG:colcon.colcon_core.event_reactor:joining thread
[3.088s] INFO:colcon.colcon_core.plugin_system:Skipping extension 'colcon_notification.desktop_notification.terminal_notifier': Not used on non-Darwin systems
[3.089s] INFO:colcon.colcon_core.plugin_system:Skipping extension 'colcon_notification.desktop_notification.win32': Not used on non-Windows systems
[3.089s] INFO:colcon.colcon_notification.desktop_notification:Sending desktop notification using 'notify2'
[3.123s] DEBUG:colcon.colcon_core.event_reactor:joined thread
[3.124s] INFO:colcon.colcon_core.shell:Creating prefix script '/home/smr/workspaces/amrROS2_ws/install/local_setup.ps1'
[3.127s] INFO:colcon.colcon_core.shell:Creating prefix util module '/home/smr/workspaces/amrROS2_ws/install/_local_setup_util_ps1.py'
[3.130s] INFO:colcon.colcon_core.shell:Creating prefix chain script '/home/smr/workspaces/amrROS2_ws/install/setup.ps1'
[3.135s] INFO:colcon.colcon_core.shell:Creating prefix script '/home/smr/workspaces/amrROS2_ws/install/local_setup.sh'
[3.136s] INFO:colcon.colcon_core.shell:Creating prefix util module '/home/smr/workspaces/amrROS2_ws/install/_local_setup_util_sh.py'
[3.136s] INFO:colcon.colcon_core.shell:Creating prefix chain script '/home/smr/workspaces/amrROS2_ws/install/setup.sh'
[3.140s] INFO:colcon.colcon_core.shell:Creating prefix script '/home/smr/workspaces/amrROS2_ws/install/local_setup.bash'
[3.140s] INFO:colcon.colcon_core.shell:Creating prefix chain script '/home/smr/workspaces/amrROS2_ws/install/setup.bash'
[3.143s] INFO:colcon.colcon_core.shell:Creating prefix script '/home/smr/workspaces/amrROS2_ws/install/local_setup.zsh'
[3.144s] INFO:colcon.colcon_core.shell:Creating prefix chain script '/home/smr/workspaces/amrROS2_ws/install/setup.zsh'
