[0.027s] Invoking command in '/home/smr/workspaces/amrROS2_ws/build/dock_lidar': AMENT_PREFIX_PATH=/home/smr/workspaces/amrROS2_ws/install/custom_interface:${AMENT_PREFIX_PATH} CMAKE_PREFIX_PATH=/home/smr/workspaces/amrROS2_ws/install/custom_interface:/home/smr/workspaces/amrROS2_ws/install/sllidar_ros2:/home/smr/workspaces/amrROS2_ws/install/navigation:/home/smr/workspaces/amrROS2_ws/install/micro_ros_setup:/home/smr/workspaces/amrROS2_ws/install/bringup:/home/smr/workspaces/amrROS2_ws/install/micro_ros_agent:/home/smr/workspaces/amrROS2_ws/install/micro_ros_msgs:/home/smr/workspaces/amrROS2_ws/install/example:/home/smr/workspaces/amrROS2_ws/install/description:/home/smr/workspaces/amrROS2_ws/install/python_pkg:/opt/ros/humble LD_LIBRARY_PATH=/home/smr/workspaces/amrROS2_ws/install/custom_interface/lib:${LD_LIBRARY_PATH} PYTHONPATH=/home/smr/workspaces/amrROS2_ws/install/custom_interface/local/lib/python3.10/dist-packages:${PYTHONPATH} /usr/bin/cmake /home/smr/workspaces/amrROS2_ws/src/dock_lidar -DCMAKE_INSTALL_PREFIX=/home/smr/workspaces/amrROS2_ws/install/dock_lidar
[0.197s] -- The C compiler identification is GNU 11.4.0
[0.306s] -- The CXX compiler identification is GNU 11.4.0
[0.335s] -- Detecting C compiler ABI info
[0.603s] -- Detecting C compiler ABI info - done
[0.649s] -- Check for working C compiler: /usr/bin/cc - skipped
[0.650s] -- Detecting C compile features
[0.651s] -- Detecting C compile features - done
[0.658s] -- Detecting CXX compiler ABI info
[0.819s] -- Detecting CXX compiler ABI info - done
[0.833s] -- Check for working CXX compiler: /usr/bin/c++ - skipped
[0.834s] -- Detecting CXX compile features
[0.835s] -- Detecting CXX compile features - done
[0.840s] -- Found ament_cmake: 1.3.10 (/opt/ros/humble/share/ament_cmake/cmake)
[1.319s] -- Found Python3: /usr/bin/python3 (found version "3.10.12") found components: Interpreter 
[1.553s] -- Found geometry_msgs: 4.2.4 (/opt/ros/humble/share/geometry_msgs/cmake)
[1.631s] -- Found rosidl_generator_c: 3.1.5 (/opt/ros/humble/share/rosidl_generator_c/cmake)
[1.642s] -- Found rosidl_adapter: 3.1.5 (/opt/ros/humble/share/rosidl_adapter/cmake)
[1.666s] -- Found rosidl_generator_cpp: 3.1.5 (/opt/ros/humble/share/rosidl_generator_cpp/cmake)
[1.683s] -- Using all available rosidl_typesupport_c: rosidl_typesupport_fastrtps_c;rosidl_typesupport_introspection_c
[1.714s] -- Using all available rosidl_typesupport_cpp: rosidl_typesupport_fastrtps_cpp;rosidl_typesupport_introspection_cpp
[1.799s] -- Found tf2: 0.25.7 (/opt/ros/humble/share/tf2/cmake)
[1.828s] -- Found tf2_ros: 0.25.7 (/opt/ros/humble/share/tf2_ros/cmake)
[2.059s] -- Found rmw_implementation_cmake: 6.1.2 (/opt/ros/humble/share/rmw_implementation_cmake/cmake)
[2.069s] -- Found rmw_cyclonedds_cpp: 1.3.4 (/opt/ros/humble/share/rmw_cyclonedds_cpp/cmake)
[2.144s] -- Using RMW implementation 'rmw_cyclonedds_cpp' as default
[2.171s] -- Looking for pthread.h
[2.417s] -- Looking for pthread.h - found
[2.417s] -- Performing Test CMAKE_HAVE_LIBC_PTHREAD
[2.701s] -- Performing Test CMAKE_HAVE_LIBC_PTHREAD - Success
[2.703s] -- Found Threads: TRUE  
[3.000s] -- Found tf2_geometry_msgs: 0.25.7 (/opt/ros/humble/share/tf2_geometry_msgs/cmake)
[3.047s] -- Found eigen3_cmake_module: 0.1.1 (/opt/ros/humble/share/eigen3_cmake_module/cmake)
[3.052s] -- Found Eigen3: TRUE (found version "3.4.0") 
[3.052s] -- Ensuring Eigen3 include directory is part of orocos-kdl CMake target
[3.059s] -- Found angles: 1.15.0 (/opt/ros/humble/share/angles/cmake)
[3.069s] -- Found sensor_msgs: 4.2.4 (/opt/ros/humble/share/sensor_msgs/cmake)
[3.120s] -- Found rclpy: 3.3.14 (/opt/ros/humble/share/rclpy/cmake)
[3.125s] -- Found nav_msgs: 4.2.4 (/opt/ros/humble/share/nav_msgs/cmake)
[3.178s] -- Found nav2_msgs: 1.1.16 (/opt/ros/humble/share/nav2_msgs/cmake)
[3.241s] -- Found custom_interface: 0.0.0 (/home/smr/workspaces/amrROS2_ws/install/custom_interface/share/custom_interface/cmake)
[3.283s] -- Found ament_lint_auto: 0.12.11 (/opt/ros/humble/share/ament_lint_auto/cmake)
[3.500s] -- Added test 'cppcheck' to perform static code analysis on C / C++ code
[3.501s] -- Configured cppcheck include dirs: $<BUILD_INTERFACE:/home/smr/workspaces/amrROS2_ws/src/dock_lidar/include>
[3.501s] -- Configured cppcheck exclude dirs and/or files: 
[3.504s] -- Added test 'lint_cmake' to check CMake code style
[3.508s] -- Added test 'uncrustify' to check C / C++ code style
[3.508s] -- Configured uncrustify additional arguments: 
[3.509s] -- Added test 'xmllint' to check XML markup files
[3.512s] -- Configuring done
[3.539s] -- Generating done
[3.542s] -- Build files have been written to: /home/smr/workspaces/amrROS2_ws/build/dock_lidar
[3.573s] Invoked command in '/home/smr/workspaces/amrROS2_ws/build/dock_lidar' returned '0': AMENT_PREFIX_PATH=/home/smr/workspaces/amrROS2_ws/install/custom_interface:${AMENT_PREFIX_PATH} CMAKE_PREFIX_PATH=/home/smr/workspaces/amrROS2_ws/install/custom_interface:/home/smr/workspaces/amrROS2_ws/install/sllidar_ros2:/home/smr/workspaces/amrROS2_ws/install/navigation:/home/smr/workspaces/amrROS2_ws/install/micro_ros_setup:/home/smr/workspaces/amrROS2_ws/install/bringup:/home/smr/workspaces/amrROS2_ws/install/micro_ros_agent:/home/smr/workspaces/amrROS2_ws/install/micro_ros_msgs:/home/smr/workspaces/amrROS2_ws/install/example:/home/smr/workspaces/amrROS2_ws/install/description:/home/smr/workspaces/amrROS2_ws/install/python_pkg:/opt/ros/humble LD_LIBRARY_PATH=/home/smr/workspaces/amrROS2_ws/install/custom_interface/lib:${LD_LIBRARY_PATH} PYTHONPATH=/home/smr/workspaces/amrROS2_ws/install/custom_interface/local/lib/python3.10/dist-packages:${PYTHONPATH} /usr/bin/cmake /home/smr/workspaces/amrROS2_ws/src/dock_lidar -DCMAKE_INSTALL_PREFIX=/home/smr/workspaces/amrROS2_ws/install/dock_lidar
[3.577s] Invoking command in '/home/smr/workspaces/amrROS2_ws/build/dock_lidar': AMENT_PREFIX_PATH=/home/smr/workspaces/amrROS2_ws/install/custom_interface:${AMENT_PREFIX_PATH} CMAKE_PREFIX_PATH=/home/smr/workspaces/amrROS2_ws/install/custom_interface:/home/smr/workspaces/amrROS2_ws/install/sllidar_ros2:/home/smr/workspaces/amrROS2_ws/install/navigation:/home/smr/workspaces/amrROS2_ws/install/micro_ros_setup:/home/smr/workspaces/amrROS2_ws/install/bringup:/home/smr/workspaces/amrROS2_ws/install/micro_ros_agent:/home/smr/workspaces/amrROS2_ws/install/micro_ros_msgs:/home/smr/workspaces/amrROS2_ws/install/example:/home/smr/workspaces/amrROS2_ws/install/description:/home/smr/workspaces/amrROS2_ws/install/python_pkg:/opt/ros/humble LD_LIBRARY_PATH=/home/smr/workspaces/amrROS2_ws/install/custom_interface/lib:${LD_LIBRARY_PATH} PYTHONPATH=/home/smr/workspaces/amrROS2_ws/install/custom_interface/local/lib/python3.10/dist-packages:${PYTHONPATH} /usr/bin/cmake --build /home/smr/workspaces/amrROS2_ws/build/dock_lidar -- -j8 -l8
[3.696s] [ 28%] [32mBuilding CXX object CMakeFiles/dock_coordinates.dir/src/dock_coordinates.cpp.o[0m
[3.701s] [ 28%] [32mBuilding CXX object CMakeFiles/dock_coordinates.dir/src/perception.cpp.o[0m
[3.705s] [ 42%] [32mBuilding CXX object CMakeFiles/dock_coordinates.dir/src/laser_processor.cpp.o[0m
[6.149s] [ 57%] [32mBuilding CXX object CMakeFiles/dock_coordinates.dir/src/tf2listener.cpp.o[0m
[6.160s] [ 71%] [32mBuilding CXX object CMakeFiles/dock_coordinates.dir/src/icp_2d.cpp.o[0m
[54.228s] [ 85%] [32mBuilding CXX object CMakeFiles/dock_coordinates.dir/src/linear_pose_filter_2d.cpp.o[0m
[56.398s] [100%] [32m[1mLinking CXX executable dock_coordinates[0m
[60.052s] [100%] Built target dock_coordinates
[60.400s] Invoked command in '/home/smr/workspaces/amrROS2_ws/build/dock_lidar' returned '0': AMENT_PREFIX_PATH=/home/smr/workspaces/amrROS2_ws/install/custom_interface:${AMENT_PREFIX_PATH} CMAKE_PREFIX_PATH=/home/smr/workspaces/amrROS2_ws/install/custom_interface:/home/smr/workspaces/amrROS2_ws/install/sllidar_ros2:/home/smr/workspaces/amrROS2_ws/install/navigation:/home/smr/workspaces/amrROS2_ws/install/micro_ros_setup:/home/smr/workspaces/amrROS2_ws/install/bringup:/home/smr/workspaces/amrROS2_ws/install/micro_ros_agent:/home/smr/workspaces/amrROS2_ws/install/micro_ros_msgs:/home/smr/workspaces/amrROS2_ws/install/example:/home/smr/workspaces/amrROS2_ws/install/description:/home/smr/workspaces/amrROS2_ws/install/python_pkg:/opt/ros/humble LD_LIBRARY_PATH=/home/smr/workspaces/amrROS2_ws/install/custom_interface/lib:${LD_LIBRARY_PATH} PYTHONPATH=/home/smr/workspaces/amrROS2_ws/install/custom_interface/local/lib/python3.10/dist-packages:${PYTHONPATH} /usr/bin/cmake --build /home/smr/workspaces/amrROS2_ws/build/dock_lidar -- -j8 -l8
[60.720s] Invoking command in '/home/smr/workspaces/amrROS2_ws/build/dock_lidar': AMENT_PREFIX_PATH=/home/smr/workspaces/amrROS2_ws/install/custom_interface:${AMENT_PREFIX_PATH} CMAKE_PREFIX_PATH=/home/smr/workspaces/amrROS2_ws/install/custom_interface:/home/smr/workspaces/amrROS2_ws/install/sllidar_ros2:/home/smr/workspaces/amrROS2_ws/install/navigation:/home/smr/workspaces/amrROS2_ws/install/micro_ros_setup:/home/smr/workspaces/amrROS2_ws/install/bringup:/home/smr/workspaces/amrROS2_ws/install/micro_ros_agent:/home/smr/workspaces/amrROS2_ws/install/micro_ros_msgs:/home/smr/workspaces/amrROS2_ws/install/example:/home/smr/workspaces/amrROS2_ws/install/description:/home/smr/workspaces/amrROS2_ws/install/python_pkg:/opt/ros/humble LD_LIBRARY_PATH=/home/smr/workspaces/amrROS2_ws/install/custom_interface/lib:${LD_LIBRARY_PATH} PYTHONPATH=/home/smr/workspaces/amrROS2_ws/install/custom_interface/local/lib/python3.10/dist-packages:${PYTHONPATH} /usr/bin/cmake --install /home/smr/workspaces/amrROS2_ws/build/dock_lidar
[60.752s] -- Install configuration: ""
[60.752s] -- Installing: /home/smr/workspaces/amrROS2_ws/install/dock_lidar/include
[60.752s] -- Installing: /home/smr/workspaces/amrROS2_ws/install/dock_lidar/include/dock_lidar
[60.752s] -- Installing: /home/smr/workspaces/amrROS2_ws/install/dock_lidar/include/dock_lidar/linear_pose_filter_2d.h
[60.752s] -- Installing: /home/smr/workspaces/amrROS2_ws/install/dock_lidar/include/dock_lidar/laser_processor.h
[60.752s] -- Installing: /home/smr/workspaces/amrROS2_ws/install/dock_lidar/include/dock_lidar/icp_2d.h
[60.752s] -- Installing: /home/smr/workspaces/amrROS2_ws/install/dock_lidar/include/dock_lidar/dock_candidate.h
[60.752s] -- Installing: /home/smr/workspaces/amrROS2_ws/install/dock_lidar/include/dock_lidar/perception.h
[60.753s] -- Installing: /home/smr/workspaces/amrROS2_ws/install/dock_lidar/include/dock_lidar/tf2listener.h
[60.753s] -- Installing: /home/smr/workspaces/amrROS2_ws/install/dock_lidar/share/dock_lidar/config
[60.753s] -- Installing: /home/smr/workspaces/amrROS2_ws/install/dock_lidar/share/dock_lidar/config/dock_config.yaml
[60.753s] -- Installing: /home/smr/workspaces/amrROS2_ws/install/dock_lidar/lib/dock_lidar/dock_coordinates
[60.765s] -- Set runtime path of "/home/smr/workspaces/amrROS2_ws/install/dock_lidar/lib/dock_lidar/dock_coordinates" to ""
[60.769s] -- Installing: /home/smr/workspaces/amrROS2_ws/install/dock_lidar/share/ament_index/resource_index/package_run_dependencies/dock_lidar
[60.772s] -- Installing: /home/smr/workspaces/amrROS2_ws/install/dock_lidar/share/ament_index/resource_index/parent_prefix_path/dock_lidar
[60.773s] -- Installing: /home/smr/workspaces/amrROS2_ws/install/dock_lidar/share/dock_lidar/environment/ament_prefix_path.sh
[60.775s] -- Installing: /home/smr/workspaces/amrROS2_ws/install/dock_lidar/share/dock_lidar/environment/ament_prefix_path.dsv
[60.782s] -- Installing: /home/smr/workspaces/amrROS2_ws/install/dock_lidar/share/dock_lidar/environment/path.sh
[60.783s] -- Installing: /home/smr/workspaces/amrROS2_ws/install/dock_lidar/share/dock_lidar/environment/path.dsv
[60.783s] -- Installing: /home/smr/workspaces/amrROS2_ws/install/dock_lidar/share/dock_lidar/local_setup.bash
[60.783s] -- Installing: /home/smr/workspaces/amrROS2_ws/install/dock_lidar/share/dock_lidar/local_setup.sh
[60.783s] -- Installing: /home/smr/workspaces/amrROS2_ws/install/dock_lidar/share/dock_lidar/local_setup.zsh
[60.783s] -- Installing: /home/smr/workspaces/amrROS2_ws/install/dock_lidar/share/dock_lidar/local_setup.dsv
[60.783s] -- Installing: /home/smr/workspaces/amrROS2_ws/install/dock_lidar/share/dock_lidar/package.dsv
[60.787s] -- Installing: /home/smr/workspaces/amrROS2_ws/install/dock_lidar/share/ament_index/resource_index/packages/dock_lidar
[60.788s] -- Installing: /home/smr/workspaces/amrROS2_ws/install/dock_lidar/share/dock_lidar/cmake/dock_lidarConfig.cmake
[60.788s] -- Installing: /home/smr/workspaces/amrROS2_ws/install/dock_lidar/share/dock_lidar/cmake/dock_lidarConfig-version.cmake
[60.788s] -- Installing: /home/smr/workspaces/amrROS2_ws/install/dock_lidar/share/dock_lidar/package.xml
[60.806s] Invoked command in '/home/smr/workspaces/amrROS2_ws/build/dock_lidar' returned '0': AMENT_PREFIX_PATH=/home/smr/workspaces/amrROS2_ws/install/custom_interface:${AMENT_PREFIX_PATH} CMAKE_PREFIX_PATH=/home/smr/workspaces/amrROS2_ws/install/custom_interface:/home/smr/workspaces/amrROS2_ws/install/sllidar_ros2:/home/smr/workspaces/amrROS2_ws/install/navigation:/home/smr/workspaces/amrROS2_ws/install/micro_ros_setup:/home/smr/workspaces/amrROS2_ws/install/bringup:/home/smr/workspaces/amrROS2_ws/install/micro_ros_agent:/home/smr/workspaces/amrROS2_ws/install/micro_ros_msgs:/home/smr/workspaces/amrROS2_ws/install/example:/home/smr/workspaces/amrROS2_ws/install/description:/home/smr/workspaces/amrROS2_ws/install/python_pkg:/opt/ros/humble LD_LIBRARY_PATH=/home/smr/workspaces/amrROS2_ws/install/custom_interface/lib:${LD_LIBRARY_PATH} PYTHONPATH=/home/smr/workspaces/amrROS2_ws/install/custom_interface/local/lib/python3.10/dist-packages:${PYTHONPATH} /usr/bin/cmake --install /home/smr/workspaces/amrROS2_ws/build/dock_lidar
