[0.138s] Invoking command in '/home/smr/workspaces/amrROS2_ws/build/robot_hardware_interface': CMAKE_PREFIX_PATH=${CMAKE_PREFIX_PATH}:/home/smr/workspaces/amrROS2_ws/install/robot_nav_tool:/home/smr/workspaces/amrROS2_ws/install/robot_data_tool:/home/smr/workspaces/amrROS2_ws/install/python_pkg:/home/smr/workspaces/amrROS2_ws/install/action_autodock:/opt/ros/humble /usr/bin/cmake /home/smr/workspaces/amrROS2_ws/src/robot_hardware_interface -DCMAKE_INSTALL_PREFIX=/home/smr/workspaces/amrROS2_ws/install/robot_hardware_interface
[0.748s] -- The C compiler identification is GNU 11.4.0
[1.466s] -- The CXX compiler identification is GNU 11.4.0
[1.505s] -- Detecting C compiler ABI info
[1.742s] -- Detecting C compiler ABI info - done
[1.753s] -- Check for working C compiler: /usr/bin/cc - skipped
[1.758s] -- Detecting C compile features
[1.764s] -- Detecting C compile features - done
[1.774s] -- Detecting CXX compiler ABI info
[2.023s] -- Detecting CXX compiler ABI info - done
[2.036s] -- Check for working CXX compiler: /usr/bin/c++ - skipped
[2.037s] -- Detecting CXX compile features
[2.039s] -- Detecting CXX compile features - done
[2.045s] -- Found ament_cmake: 1.3.10 (/opt/ros/humble/share/ament_cmake/cmake)
[2.506s] -- Found Python3: /usr/bin/python3 (found version "3.10.12") found components: Interpreter 
[2.778s] -- Found rclcpp: 16.0.10 (/opt/ros/humble/share/rclcpp/cmake)
[2.892s] -- Found rosidl_generator_c: 3.1.5 (/opt/ros/humble/share/rosidl_generator_c/cmake)
[2.906s] -- Found rosidl_adapter: 3.1.5 (/opt/ros/humble/share/rosidl_adapter/cmake)
[2.931s] -- Found rosidl_generator_cpp: 3.1.5 (/opt/ros/humble/share/rosidl_generator_cpp/cmake)
[2.963s] -- Using all available rosidl_typesupport_c: rosidl_typesupport_fastrtps_c;rosidl_typesupport_introspection_c
[3.002s] -- Using all available rosidl_typesupport_cpp: rosidl_typesupport_fastrtps_cpp;rosidl_typesupport_introspection_cpp
[3.134s] -- Found rmw_implementation_cmake: 6.1.2 (/opt/ros/humble/share/rmw_implementation_cmake/cmake)
[3.143s] -- Found rmw_cyclonedds_cpp: 1.3.4 (/opt/ros/humble/share/rmw_cyclonedds_cpp/cmake)
[3.209s] -- Using RMW implementation 'rmw_cyclonedds_cpp' as default
[3.239s] -- Looking for pthread.h
[3.493s] -- Looking for pthread.h - found
[3.493s] -- Performing Test CMAKE_HAVE_LIBC_PTHREAD
[3.723s] -- Performing Test CMAKE_HAVE_LIBC_PTHREAD - Success
[3.724s] -- Found Threads: TRUE  
[3.870s] -- Found geometry_msgs: 4.2.4 (/opt/ros/humble/share/geometry_msgs/cmake)
[3.908s] -- Found sensor_msgs: 4.2.4 (/opt/ros/humble/share/sensor_msgs/cmake)
[3.950s] -- Found nav_msgs: 4.2.4 (/opt/ros/humble/share/nav_msgs/cmake)
[3.991s] -- Found action_msgs: 1.2.1 (/opt/ros/humble/share/action_msgs/cmake)
[4.048s] -- LibSerial library found: /usr/lib/aarch64-linux-gnu/libserial.so
[4.059s] -- Found ament_lint_auto: 0.12.11 (/opt/ros/humble/share/ament_lint_auto/cmake)
[4.239s] -- Added test 'cppcheck' to perform static code analysis on C / C++ code
[4.239s] -- Configured cppcheck include dirs: /home/smr/workspaces/amrROS2_ws/src/robot_hardware_interface/include
[4.239s] -- Configured cppcheck exclude dirs and/or files: 
[4.242s] -- Added test 'lint_cmake' to check CMake code style
[4.243s] -- Added test 'uncrustify' to check C / C++ code style
[4.243s] -- Configured uncrustify additional arguments: 
[4.245s] -- Added test 'xmllint' to check XML markup files
[4.248s] -- Configuring done
[4.265s] -- Generating done
[4.268s] -- Build files have been written to: /home/smr/workspaces/amrROS2_ws/build/robot_hardware_interface
[4.297s] Invoked command in '/home/smr/workspaces/amrROS2_ws/build/robot_hardware_interface' returned '0': CMAKE_PREFIX_PATH=${CMAKE_PREFIX_PATH}:/home/smr/workspaces/amrROS2_ws/install/robot_nav_tool:/home/smr/workspaces/amrROS2_ws/install/robot_data_tool:/home/smr/workspaces/amrROS2_ws/install/python_pkg:/home/smr/workspaces/amrROS2_ws/install/action_autodock:/opt/ros/humble /usr/bin/cmake /home/smr/workspaces/amrROS2_ws/src/robot_hardware_interface -DCMAKE_INSTALL_PREFIX=/home/smr/workspaces/amrROS2_ws/install/robot_hardware_interface
[4.300s] Invoking command in '/home/smr/workspaces/amrROS2_ws/build/robot_hardware_interface': CMAKE_PREFIX_PATH=${CMAKE_PREFIX_PATH}:/home/smr/workspaces/amrROS2_ws/install/robot_nav_tool:/home/smr/workspaces/amrROS2_ws/install/robot_data_tool:/home/smr/workspaces/amrROS2_ws/install/python_pkg:/home/smr/workspaces/amrROS2_ws/install/action_autodock:/opt/ros/humble /usr/bin/cmake --build /home/smr/workspaces/amrROS2_ws/build/robot_hardware_interface -- -j8 -l8
[4.447s] [ 33%] [32mBuilding CXX object CMakeFiles/robot_hardware.dir/src/hardware_interface_node.cpp.o[0m
[4.461s] [ 66%] [32mBuilding CXX object CMakeFiles/robot_hardware.dir/src/robot_hardware_interface.cpp.o[0m
[5.294s] [01m[K/home/smr/workspaces/amrROS2_ws/src/robot_hardware_interface/src/robot_hardware_interface.cpp:[m[K In member function ‘[01m[Kvoid HardwareInterface::ReceiveData()[m[K’:
[5.294s] [01m[K/home/smr/workspaces/amrROS2_ws/src/robot_hardware_interface/src/robot_hardware_interface.cpp:187:17:[m[K [01;35m[Kwarning: [m[Kunused variable ‘[01m[Kdata_len[m[K’ [[01;35m[K]8;;https://gcc.gnu.org/onlinedocs/gcc/Warning-Options.html#index-Wunused-variable-Wunused-variable]8;;[m[K]
[5.295s]   187 |         uint8_t [01;35m[Kdata_len[m[K;
[5.295s]       |                 [01;35m[K^~~~~~~~[m[K
[5.295s] [01m[K/home/smr/workspaces/amrROS2_ws/src/robot_hardware_interface/src/robot_hardware_interface.cpp:190:17:[m[K [01;35m[Kwarning: [m[Kunused variable ‘[01m[Kcheck_sum[m[K’ [[01;35m[K]8;;https://gcc.gnu.org/onlinedocs/gcc/Warning-Options.html#index-Wunused-variable-Wunused-variable]8;;[m[K]
[5.296s]   190 |         uint8_t [01;35m[Kcheck_sum[m[K;
[5.296s]       |                 [01;35m[K^~~~~~~~~[m[K
[29.212s] [100%] [32m[1mLinking CXX executable robot_hardware[0m
[30.739s] [100%] Built target robot_hardware
[30.757s] Invoked command in '/home/smr/workspaces/amrROS2_ws/build/robot_hardware_interface' returned '0': CMAKE_PREFIX_PATH=${CMAKE_PREFIX_PATH}:/home/smr/workspaces/amrROS2_ws/install/robot_nav_tool:/home/smr/workspaces/amrROS2_ws/install/robot_data_tool:/home/smr/workspaces/amrROS2_ws/install/python_pkg:/home/smr/workspaces/amrROS2_ws/install/action_autodock:/opt/ros/humble /usr/bin/cmake --build /home/smr/workspaces/amrROS2_ws/build/robot_hardware_interface -- -j8 -l8
[30.844s] Invoking command in '/home/smr/workspaces/amrROS2_ws/build/robot_hardware_interface': CMAKE_PREFIX_PATH=${CMAKE_PREFIX_PATH}:/home/smr/workspaces/amrROS2_ws/install/robot_nav_tool:/home/smr/workspaces/amrROS2_ws/install/robot_data_tool:/home/smr/workspaces/amrROS2_ws/install/python_pkg:/home/smr/workspaces/amrROS2_ws/install/action_autodock:/opt/ros/humble /usr/bin/cmake --install /home/smr/workspaces/amrROS2_ws/build/robot_hardware_interface
[30.869s] -- Install configuration: ""
[30.869s] -- Installing: /home/smr/workspaces/amrROS2_ws/install/robot_hardware_interface/lib/robot_hardware_interface/robot_hardware
[30.881s] -- Set runtime path of "/home/smr/workspaces/amrROS2_ws/install/robot_hardware_interface/lib/robot_hardware_interface/robot_hardware" to ""
[30.881s] -- Installing: /home/smr/workspaces/amrROS2_ws/install/robot_hardware_interface/share/ament_index/resource_index/package_run_dependencies/robot_hardware_interface
[30.881s] -- Installing: /home/smr/workspaces/amrROS2_ws/install/robot_hardware_interface/share/ament_index/resource_index/parent_prefix_path/robot_hardware_interface
[30.882s] -- Installing: /home/smr/workspaces/amrROS2_ws/install/robot_hardware_interface/share/robot_hardware_interface/environment/ament_prefix_path.sh
[30.882s] -- Installing: /home/smr/workspaces/amrROS2_ws/install/robot_hardware_interface/share/robot_hardware_interface/environment/ament_prefix_path.dsv
[30.882s] -- Installing: /home/smr/workspaces/amrROS2_ws/install/robot_hardware_interface/share/robot_hardware_interface/environment/path.sh
[30.882s] -- Installing: /home/smr/workspaces/amrROS2_ws/install/robot_hardware_interface/share/robot_hardware_interface/environment/path.dsv
[30.882s] -- Installing: /home/smr/workspaces/amrROS2_ws/install/robot_hardware_interface/share/robot_hardware_interface/local_setup.bash
[30.882s] -- Installing: /home/smr/workspaces/amrROS2_ws/install/robot_hardware_interface/share/robot_hardware_interface/local_setup.sh
[30.882s] -- Installing: /home/smr/workspaces/amrROS2_ws/install/robot_hardware_interface/share/robot_hardware_interface/local_setup.zsh
[30.882s] -- Installing: /home/smr/workspaces/amrROS2_ws/install/robot_hardware_interface/share/robot_hardware_interface/local_setup.dsv
[30.883s] -- Installing: /home/smr/workspaces/amrROS2_ws/install/robot_hardware_interface/share/robot_hardware_interface/package.dsv
[30.883s] -- Installing: /home/smr/workspaces/amrROS2_ws/install/robot_hardware_interface/share/ament_index/resource_index/packages/robot_hardware_interface
[30.883s] -- Installing: /home/smr/workspaces/amrROS2_ws/install/robot_hardware_interface/share/robot_hardware_interface/cmake/robot_hardware_interfaceConfig.cmake
[30.883s] -- Installing: /home/smr/workspaces/amrROS2_ws/install/robot_hardware_interface/share/robot_hardware_interface/cmake/robot_hardware_interfaceConfig-version.cmake
[30.883s] -- Installing: /home/smr/workspaces/amrROS2_ws/install/robot_hardware_interface/share/robot_hardware_interface/package.xml
[30.888s] Invoked command in '/home/smr/workspaces/amrROS2_ws/build/robot_hardware_interface' returned '0': CMAKE_PREFIX_PATH=${CMAKE_PREFIX_PATH}:/home/smr/workspaces/amrROS2_ws/install/robot_nav_tool:/home/smr/workspaces/amrROS2_ws/install/robot_data_tool:/home/smr/workspaces/amrROS2_ws/install/python_pkg:/home/smr/workspaces/amrROS2_ws/install/action_autodock:/opt/ros/humble /usr/bin/cmake --install /home/smr/workspaces/amrROS2_ws/build/robot_hardware_interface
