[1.385s] Invoking command in '/home/smr/workspaces/amrROS2_ws/src/action_autodock': PYTHONPATH=/home/smr/workspaces/amrROS2_ws/build/action_autodock/prefix_override:/usr/lib/python3/dist-packages/colcon_core/task/python/colcon_distutils_commands:/home/smr/workspaces/amrROS2_ws/install/action_autodock/lib/python3.10/site-packages:${PYTHONPATH} /usr/bin/python3 -W ignore:setup.py install is deprecated setup.py egg_info --egg-base ../../build/action_autodock build --build-base /home/smr/workspaces/amrROS2_ws/build/action_autodock/build install --record /home/smr/workspaces/amrROS2_ws/build/action_autodock/install.log --single-version-externally-managed install_data
[1.816s] running egg_info
[1.818s] writing ../../build/action_autodock/action_autodock.egg-info/PKG-INFO
[1.819s] writing dependency_links to ../../build/action_autodock/action_autodock.egg-info/dependency_links.txt
[1.819s] writing entry points to ../../build/action_autodock/action_autodock.egg-info/entry_points.txt
[1.819s] writing requirements to ../../build/action_autodock/action_autodock.egg-info/requires.txt
[1.820s] writing top-level names to ../../build/action_autodock/action_autodock.egg-info/top_level.txt
[1.825s] reading manifest file '../../build/action_autodock/action_autodock.egg-info/SOURCES.txt'
[1.827s] adding license file 'LICENSE'
[1.828s] writing manifest file '../../build/action_autodock/action_autodock.egg-info/SOURCES.txt'
[1.829s] running build
[1.830s] running build_py
[1.831s] running install
[1.832s] running install_lib
[1.835s] running install_data
[1.836s] running install_egg_info
[1.838s] removing '/home/smr/workspaces/amrROS2_ws/install/action_autodock/lib/python3.10/site-packages/action_autodock-0.0.0-py3.10.egg-info' (and everything under it)
[1.838s] Copying ../../build/action_autodock/action_autodock.egg-info to /home/smr/workspaces/amrROS2_ws/install/action_autodock/lib/python3.10/site-packages/action_autodock-0.0.0-py3.10.egg-info
[1.841s] running install_scripts
[1.878s] Installing autodock_action_server script to /home/smr/workspaces/amrROS2_ws/install/action_autodock/lib/action_autodock
[1.878s] writing list of installed files to '/home/smr/workspaces/amrROS2_ws/build/action_autodock/install.log'
[1.955s] Invoked command in '/home/smr/workspaces/amrROS2_ws/src/action_autodock' returned '0': PYTHONPATH=/home/smr/workspaces/amrROS2_ws/build/action_autodock/prefix_override:/usr/lib/python3/dist-packages/colcon_core/task/python/colcon_distutils_commands:/home/smr/workspaces/amrROS2_ws/install/action_autodock/lib/python3.10/site-packages:${PYTHONPATH} /usr/bin/python3 -W ignore:setup.py install is deprecated setup.py egg_info --egg-base ../../build/action_autodock build --build-base /home/smr/workspaces/amrROS2_ws/build/action_autodock/build install --record /home/smr/workspaces/amrROS2_ws/build/action_autodock/install.log --single-version-externally-managed install_data
