[0.040s] Invoking command in '/home/smr/workspaces/amrROS2_ws/build/description': CMAKE_PREFIX_PATH=${CMAKE_PREFIX_PATH}:/home/smr/workspaces/amrROS2_ws/install/python_pkg:/opt/ros/humble /usr/bin/cmake /home/smr/workspaces/amrROS2_ws/src/description -DCMAKE_INSTALL_PREFIX=/home/smr/workspaces/amrROS2_ws/install/description
[0.565s] -- The C compiler identification is GNU 11.4.0
[0.566s] -- The CXX compiler identification is GNU 11.4.0
[0.567s] -- Detecting C compiler ABI info
[0.567s] -- Detecting C compiler ABI info - done
[0.567s] -- Check for working C compiler: /usr/bin/cc - skipped
[0.567s] -- Detecting C compile features
[0.567s] -- Detecting C compile features - done
[0.567s] -- Detecting CXX compiler ABI info
[0.728s] -- Detecting CXX compiler ABI info - done
[0.806s] -- Check for working CXX compiler: /usr/bin/c++ - skipped
[0.807s] -- Detecting CXX compile features
[0.810s] -- Detecting CXX compile features - done
[0.853s] -- Found ament_cmake: 1.3.10 (/opt/ros/humble/share/ament_cmake/cmake)
[1.361s] -- Found Python3: /usr/bin/python3 (found version "3.10.12") found components: Interpreter 
[1.662s] -- Found urdf: 2.6.0 (/opt/ros/humble/share/urdf/cmake)
[1.800s] -- Found TinyXML2 via Config file: /usr/local/lib/cmake/tinyxml2
[1.833s] -- Found ament_lint_auto: 0.12.11 (/opt/ros/humble/share/ament_lint_auto/cmake)
[2.058s] -- Added test 'cppcheck' to perform static code analysis on C / C++ code
[2.058s] -- Configured cppcheck include dirs: 
[2.058s] -- Configured cppcheck exclude dirs and/or files: 
[2.060s] -- Added test 'flake8' to check Python code syntax and style conventions
[2.064s] -- Added test 'lint_cmake' to check CMake code style
[2.066s] -- Added test 'pep257' to check Python code against some of the docstring style conventions in PEP 257
[2.077s] -- Added test 'uncrustify' to check C / C++ code style
[2.078s] -- Configured uncrustify additional arguments: 
[2.079s] -- Added test 'xmllint' to check XML markup files
[2.083s] -- Configuring done
[2.088s] -- Generating done
[2.103s] -- Build files have been written to: /home/smr/workspaces/amrROS2_ws/build/description
[2.103s] Invoked command in '/home/smr/workspaces/amrROS2_ws/build/description' returned '0': CMAKE_PREFIX_PATH=${CMAKE_PREFIX_PATH}:/home/smr/workspaces/amrROS2_ws/install/python_pkg:/opt/ros/humble /usr/bin/cmake /home/smr/workspaces/amrROS2_ws/src/description -DCMAKE_INSTALL_PREFIX=/home/smr/workspaces/amrROS2_ws/install/description
[2.104s] Invoking command in '/home/smr/workspaces/amrROS2_ws/build/description': CMAKE_PREFIX_PATH=${CMAKE_PREFIX_PATH}:/home/smr/workspaces/amrROS2_ws/install/python_pkg:/opt/ros/humble /usr/bin/cmake --build /home/smr/workspaces/amrROS2_ws/build/description -- -j8 -l8
[2.221s] Invoked command in '/home/smr/workspaces/amrROS2_ws/build/description' returned '0': CMAKE_PREFIX_PATH=${CMAKE_PREFIX_PATH}:/home/smr/workspaces/amrROS2_ws/install/python_pkg:/opt/ros/humble /usr/bin/cmake --build /home/smr/workspaces/amrROS2_ws/build/description -- -j8 -l8
[2.331s] Invoking command in '/home/smr/workspaces/amrROS2_ws/build/description': CMAKE_PREFIX_PATH=${CMAKE_PREFIX_PATH}:/home/smr/workspaces/amrROS2_ws/install/python_pkg:/opt/ros/humble /usr/bin/cmake --install /home/smr/workspaces/amrROS2_ws/build/description
[2.352s] -- Install configuration: ""
[2.352s] -- Installing: /home/smr/workspaces/amrROS2_ws/install/description/share/description/urdf
[2.353s] -- Installing: /home/smr/workspaces/amrROS2_ws/install/description/share/description/urdf/property
[2.354s] -- Installing: /home/smr/workspaces/amrROS2_ws/install/description/share/description/urdf/property/robot_property.urdf.xacro
[2.355s] -- Installing: /home/smr/workspaces/amrROS2_ws/install/description/share/description/urdf/sensors
[2.356s] -- Installing: /home/smr/workspaces/amrROS2_ws/install/description/share/description/urdf/sensors/range_sensor.urdf.xacro
[2.357s] -- Installing: /home/smr/workspaces/amrROS2_ws/install/description/share/description/urdf/sensors/imu.urdf.xacro
[2.358s] -- Installing: /home/smr/workspaces/amrROS2_ws/install/description/share/description/urdf/sensors/laser.urdf.xacro
[2.358s] -- Installing: /home/smr/workspaces/amrROS2_ws/install/description/share/description/urdf/sensors/camera.urdf.xacro
[2.375s] -- Installing: /home/smr/workspaces/amrROS2_ws/install/description/share/description/urdf/controllers
[2.376s] -- Installing: /home/smr/workspaces/amrROS2_ws/install/description/share/description/urdf/controllers/diff_drive_controller.urdf.xacro
[2.376s] -- Installing: /home/smr/workspaces/amrROS2_ws/install/description/share/description/urdf/mech
[2.376s] -- Installing: /home/smr/workspaces/amrROS2_ws/install/description/share/description/urdf/mech/wheel.urdf.xacro
[2.378s] -- Installing: /home/smr/workspaces/amrROS2_ws/install/description/share/description/urdf/mech/caster_wheel.urdf.xacro
[2.379s] -- Installing: /home/smr/workspaces/amrROS2_ws/install/description/share/description/urdf/mech/base.urdf.xacro
[2.379s] -- Installing: /home/smr/workspaces/amrROS2_ws/install/description/share/description/urdf/robot
[2.379s] -- Installing: /home/smr/workspaces/amrROS2_ws/install/description/share/description/urdf/robot/robot.urdf.xacro
[2.380s] -- Installing: /home/smr/workspaces/amrROS2_ws/install/description/share/description/rviz
[2.380s] -- Installing: /home/smr/workspaces/amrROS2_ws/install/description/share/description/rviz/description.rviz
[2.380s] -- Installing: /home/smr/workspaces/amrROS2_ws/install/description/share/description/launch
[2.382s] -- Installing: /home/smr/workspaces/amrROS2_ws/install/description/share/description/launch/description.launch.py
[2.382s] -- Installing: /home/smr/workspaces/amrROS2_ws/install/description/share/ament_index/resource_index/package_run_dependencies/description
[2.382s] -- Installing: /home/smr/workspaces/amrROS2_ws/install/description/share/ament_index/resource_index/parent_prefix_path/description
[2.383s] -- Installing: /home/smr/workspaces/amrROS2_ws/install/description/share/description/environment/ament_prefix_path.sh
[2.384s] -- Installing: /home/smr/workspaces/amrROS2_ws/install/description/share/description/environment/ament_prefix_path.dsv
[2.387s] -- Installing: /home/smr/workspaces/amrROS2_ws/install/description/share/description/environment/path.sh
[2.387s] -- Installing: /home/smr/workspaces/amrROS2_ws/install/description/share/description/environment/path.dsv
[2.388s] -- Installing: /home/smr/workspaces/amrROS2_ws/install/description/share/description/local_setup.bash
[2.388s] -- Installing: /home/smr/workspaces/amrROS2_ws/install/description/share/description/local_setup.sh
[2.388s] -- Installing: /home/smr/workspaces/amrROS2_ws/install/description/share/description/local_setup.zsh
[2.389s] -- Installing: /home/smr/workspaces/amrROS2_ws/install/description/share/description/local_setup.dsv
[2.389s] -- Installing: /home/smr/workspaces/amrROS2_ws/install/description/share/description/package.dsv
[2.390s] -- Installing: /home/smr/workspaces/amrROS2_ws/install/description/share/ament_index/resource_index/packages/description
[2.390s] -- Installing: /home/smr/workspaces/amrROS2_ws/install/description/share/description/cmake/descriptionConfig.cmake
[2.390s] -- Installing: /home/smr/workspaces/amrROS2_ws/install/description/share/description/cmake/descriptionConfig-version.cmake
[2.390s] -- Installing: /home/smr/workspaces/amrROS2_ws/install/description/share/description/package.xml
[2.391s] Invoked command in '/home/smr/workspaces/amrROS2_ws/build/description' returned '0': CMAKE_PREFIX_PATH=${CMAKE_PREFIX_PATH}:/home/smr/workspaces/amrROS2_ws/install/python_pkg:/opt/ros/humble /usr/bin/cmake --install /home/smr/workspaces/amrROS2_ws/build/description
