[0.085s] Invoking command in '/home/smr/workspaces/amrROS2_ws/build/custom_interface': CMAKE_PREFIX_PATH=${CMAKE_PREFIX_PATH}:/home/smr/workspaces/amrROS2_ws/install/python_pkg:/home/smr/workspaces/amrROS2_ws/install/action_autodock:/opt/ros/humble /usr/bin/cmake --build /home/smr/workspaces/amrROS2_ws/build/custom_interface -- -j8 -l8
[1.336s] [ 10%] Built target custom_interface__rosidl_generator_c
[1.336s] [ 12%] Built target custom_interface__cpp
[1.336s] [ 12%] Built target ament_cmake_python_copy_custom_interface
[1.336s] [ 23%] Built target custom_interface__rosidl_typesupport_fastrtps_c
[1.337s] [ 33%] Built target custom_interface__rosidl_typesupport_c
[1.337s] [ 43%] Built target custom_interface__rosidl_typesupport_introspection_c
[1.337s] [ 53%] Built target custom_interface__rosidl_typesupport_fastrtps_cpp
[1.337s] [ 64%] Built target custom_interface__rosidl_typesupport_cpp
[1.337s] [ 74%] Built target custom_interface__rosidl_typesupport_introspection_cpp
[1.337s] [ 74%] Built target custom_interface
[1.337s] [ 76%] Built target custom_interface__py
[1.337s] [ 84%] Built target custom_interface__rosidl_generator_py
[1.337s] running egg_info
[1.337s] writing custom_interface.egg-info/PKG-INFO
[1.337s] writing dependency_links to custom_interface.egg-info/dependency_links.txt
[1.337s] writing top-level names to custom_interface.egg-info/top_level.txt
[1.338s] reading manifest file 'custom_interface.egg-info/SOURCES.txt'
[1.338s] writing manifest file 'custom_interface.egg-info/SOURCES.txt'
[1.338s] [ 89%] Built target custom_interface__rosidl_typesupport_fastrtps_c__pyext
[1.338s] [ 94%] Built target custom_interface__rosidl_typesupport_c__pyext
[1.338s] [ 94%] Built target ament_cmake_python_build_custom_interface_egg
[1.338s] [100%] Built target custom_interface__rosidl_typesupport_introspection_c__pyext
[1.366s] Invoked command in '/home/smr/workspaces/amrROS2_ws/build/custom_interface' returned '0': CMAKE_PREFIX_PATH=${CMAKE_PREFIX_PATH}:/home/smr/workspaces/amrROS2_ws/install/python_pkg:/home/smr/workspaces/amrROS2_ws/install/action_autodock:/opt/ros/humble /usr/bin/cmake --build /home/smr/workspaces/amrROS2_ws/build/custom_interface -- -j8 -l8
[1.824s] Invoking command in '/home/smr/workspaces/amrROS2_ws/build/custom_interface': CMAKE_PREFIX_PATH=${CMAKE_PREFIX_PATH}:/home/smr/workspaces/amrROS2_ws/install/python_pkg:/home/smr/workspaces/amrROS2_ws/install/action_autodock:/opt/ros/humble /usr/bin/cmake --install /home/smr/workspaces/amrROS2_ws/build/custom_interface
[1.841s] -- Install configuration: ""
[1.842s] -- Up-to-date: /home/smr/workspaces/amrROS2_ws/install/custom_interface/share/ament_index/resource_index/rosidl_interfaces/custom_interface
[1.842s] -- Up-to-date: /home/smr/workspaces/amrROS2_ws/install/custom_interface/include/custom_interface/custom_interface
[1.842s] -- Up-to-date: /home/smr/workspaces/amrROS2_ws/install/custom_interface/include/custom_interface/custom_interface/msg
[1.842s] -- Up-to-date: /home/smr/workspaces/amrROS2_ws/install/custom_interface/include/custom_interface/custom_interface/msg/detail
[1.843s] -- Up-to-date: /home/smr/workspaces/amrROS2_ws/install/custom_interface/include/custom_interface/custom_interface/msg/detail/initdock__type_support.h
[1.843s] -- Up-to-date: /home/smr/workspaces/amrROS2_ws/install/custom_interface/include/custom_interface/custom_interface/msg/detail/initdock__functions.h
[1.843s] -- Up-to-date: /home/smr/workspaces/amrROS2_ws/install/custom_interface/include/custom_interface/custom_interface/msg/detail/initdock__functions.c
[1.843s] -- Up-to-date: /home/smr/workspaces/amrROS2_ws/install/custom_interface/include/custom_interface/custom_interface/msg/detail/initdock__struct.h
[1.844s] -- Up-to-date: /home/smr/workspaces/amrROS2_ws/install/custom_interface/include/custom_interface/custom_interface/msg/rosidl_generator_c__visibility_control.h
[1.844s] -- Up-to-date: /home/smr/workspaces/amrROS2_ws/install/custom_interface/include/custom_interface/custom_interface/msg/initdock.h
[1.844s] -- Up-to-date: /home/smr/workspaces/amrROS2_ws/install/custom_interface/include/custom_interface/custom_interface/action
[1.844s] -- Up-to-date: /home/smr/workspaces/amrROS2_ws/install/custom_interface/include/custom_interface/custom_interface/action/detail
[1.844s] -- Up-to-date: /home/smr/workspaces/amrROS2_ws/install/custom_interface/include/custom_interface/custom_interface/action/detail/autodock__functions.c
[1.845s] -- Up-to-date: /home/smr/workspaces/amrROS2_ws/install/custom_interface/include/custom_interface/custom_interface/action/detail/autodock__type_support.h
[1.845s] -- Up-to-date: /home/smr/workspaces/amrROS2_ws/install/custom_interface/include/custom_interface/custom_interface/action/detail/autodock__functions.h
[1.846s] -- Up-to-date: /home/smr/workspaces/amrROS2_ws/install/custom_interface/include/custom_interface/custom_interface/action/detail/autodock__struct.h
[1.846s] -- Up-to-date: /home/smr/workspaces/amrROS2_ws/install/custom_interface/include/custom_interface/custom_interface/action/autodock.h
[1.846s] -- Up-to-date: /home/smr/workspaces/amrROS2_ws/install/custom_interface/share/custom_interface/environment/library_path.sh
[1.847s] -- Up-to-date: /home/smr/workspaces/amrROS2_ws/install/custom_interface/share/custom_interface/environment/library_path.dsv
[1.847s] -- Up-to-date: /home/smr/workspaces/amrROS2_ws/install/custom_interface/lib/libcustom_interface__rosidl_generator_c.so
[1.848s] -- Up-to-date: /home/smr/workspaces/amrROS2_ws/install/custom_interface/include/custom_interface/custom_interface
[1.849s] -- Up-to-date: /home/smr/workspaces/amrROS2_ws/install/custom_interface/include/custom_interface/custom_interface/msg
[1.849s] -- Up-to-date: /home/smr/workspaces/amrROS2_ws/install/custom_interface/include/custom_interface/custom_interface/msg/detail
[1.850s] -- Up-to-date: /home/smr/workspaces/amrROS2_ws/install/custom_interface/include/custom_interface/custom_interface/msg/detail/initdock__rosidl_typesupport_fastrtps_c.h
[1.850s] -- Up-to-date: /home/smr/workspaces/amrROS2_ws/install/custom_interface/include/custom_interface/custom_interface/msg/rosidl_typesupport_fastrtps_c__visibility_control.h
[1.850s] -- Up-to-date: /home/smr/workspaces/amrROS2_ws/install/custom_interface/include/custom_interface/custom_interface/action
[1.851s] -- Up-to-date: /home/smr/workspaces/amrROS2_ws/install/custom_interface/include/custom_interface/custom_interface/action/detail
[1.851s] -- Up-to-date: /home/smr/workspaces/amrROS2_ws/install/custom_interface/include/custom_interface/custom_interface/action/detail/autodock__rosidl_typesupport_fastrtps_c.h
[1.852s] -- Up-to-date: /home/smr/workspaces/amrROS2_ws/install/custom_interface/lib/libcustom_interface__rosidl_typesupport_fastrtps_c.so
[1.852s] -- Up-to-date: /home/smr/workspaces/amrROS2_ws/install/custom_interface/include/custom_interface/custom_interface
[1.853s] -- Up-to-date: /home/smr/workspaces/amrROS2_ws/install/custom_interface/include/custom_interface/custom_interface/msg
[1.853s] -- Up-to-date: /home/smr/workspaces/amrROS2_ws/install/custom_interface/include/custom_interface/custom_interface/msg/detail
[1.853s] -- Up-to-date: /home/smr/workspaces/amrROS2_ws/install/custom_interface/include/custom_interface/custom_interface/msg/detail/initdock__rosidl_typesupport_introspection_c.h
[1.854s] -- Up-to-date: /home/smr/workspaces/amrROS2_ws/install/custom_interface/include/custom_interface/custom_interface/msg/detail/initdock__type_support.c
[1.854s] -- Up-to-date: /home/smr/workspaces/amrROS2_ws/install/custom_interface/include/custom_interface/custom_interface/msg/rosidl_typesupport_introspection_c__visibility_control.h
[1.855s] -- Up-to-date: /home/smr/workspaces/amrROS2_ws/install/custom_interface/include/custom_interface/custom_interface/action
[1.856s] -- Up-to-date: /home/smr/workspaces/amrROS2_ws/install/custom_interface/include/custom_interface/custom_interface/action/detail
[1.856s] -- Up-to-date: /home/smr/workspaces/amrROS2_ws/install/custom_interface/include/custom_interface/custom_interface/action/detail/autodock__rosidl_typesupport_introspection_c.h
[1.857s] -- Up-to-date: /home/smr/workspaces/amrROS2_ws/install/custom_interface/include/custom_interface/custom_interface/action/detail/autodock__type_support.c
[1.857s] -- Up-to-date: /home/smr/workspaces/amrROS2_ws/install/custom_interface/lib/libcustom_interface__rosidl_typesupport_introspection_c.so
[1.858s] -- Up-to-date: /home/smr/workspaces/amrROS2_ws/install/custom_interface/lib/libcustom_interface__rosidl_typesupport_c.so
[1.859s] -- Up-to-date: /home/smr/workspaces/amrROS2_ws/install/custom_interface/include/custom_interface/custom_interface
[1.859s] -- Up-to-date: /home/smr/workspaces/amrROS2_ws/install/custom_interface/include/custom_interface/custom_interface/msg
[1.860s] -- Up-to-date: /home/smr/workspaces/amrROS2_ws/install/custom_interface/include/custom_interface/custom_interface/msg/detail
[1.860s] -- Up-to-date: /home/smr/workspaces/amrROS2_ws/install/custom_interface/include/custom_interface/custom_interface/msg/detail/initdock__struct.hpp
[1.861s] -- Up-to-date: /home/smr/workspaces/amrROS2_ws/install/custom_interface/include/custom_interface/custom_interface/msg/detail/initdock__traits.hpp
[1.861s] -- Up-to-date: /home/smr/workspaces/amrROS2_ws/install/custom_interface/include/custom_interface/custom_interface/msg/detail/initdock__builder.hpp
[1.862s] -- Up-to-date: /home/smr/workspaces/amrROS2_ws/install/custom_interface/include/custom_interface/custom_interface/msg/initdock.hpp
[1.862s] -- Up-to-date: /home/smr/workspaces/amrROS2_ws/install/custom_interface/include/custom_interface/custom_interface/action
[1.863s] -- Up-to-date: /home/smr/workspaces/amrROS2_ws/install/custom_interface/include/custom_interface/custom_interface/action/detail
[1.863s] -- Up-to-date: /home/smr/workspaces/amrROS2_ws/install/custom_interface/include/custom_interface/custom_interface/action/detail/autodock__builder.hpp
[1.864s] -- Up-to-date: /home/smr/workspaces/amrROS2_ws/install/custom_interface/include/custom_interface/custom_interface/action/detail/autodock__struct.hpp
[1.864s] -- Up-to-date: /home/smr/workspaces/amrROS2_ws/install/custom_interface/include/custom_interface/custom_interface/action/detail/autodock__traits.hpp
[1.864s] -- Up-to-date: /home/smr/workspaces/amrROS2_ws/install/custom_interface/include/custom_interface/custom_interface/action/autodock.hpp
[1.887s] -- Up-to-date: /home/smr/workspaces/amrROS2_ws/install/custom_interface/include/custom_interface/custom_interface
[1.888s] -- Up-to-date: /home/smr/workspaces/amrROS2_ws/install/custom_interface/include/custom_interface/custom_interface/msg
[1.889s] -- Up-to-date: /home/smr/workspaces/amrROS2_ws/install/custom_interface/include/custom_interface/custom_interface/msg/detail
[1.889s] -- Up-to-date: /home/smr/workspaces/amrROS2_ws/install/custom_interface/include/custom_interface/custom_interface/msg/detail/dds_fastrtps
[1.890s] -- Up-to-date: /home/smr/workspaces/amrROS2_ws/install/custom_interface/include/custom_interface/custom_interface/msg/detail/initdock__rosidl_typesupport_fastrtps_cpp.hpp
[1.890s] -- Up-to-date: /home/smr/workspaces/amrROS2_ws/install/custom_interface/include/custom_interface/custom_interface/msg/rosidl_typesupport_fastrtps_cpp__visibility_control.h
[1.890s] -- Up-to-date: /home/smr/workspaces/amrROS2_ws/install/custom_interface/include/custom_interface/custom_interface/action
[1.891s] -- Up-to-date: /home/smr/workspaces/amrROS2_ws/install/custom_interface/include/custom_interface/custom_interface/action/detail
[1.891s] -- Up-to-date: /home/smr/workspaces/amrROS2_ws/install/custom_interface/include/custom_interface/custom_interface/action/detail/autodock__rosidl_typesupport_fastrtps_cpp.hpp
[1.892s] -- Up-to-date: /home/smr/workspaces/amrROS2_ws/install/custom_interface/include/custom_interface/custom_interface/action/detail/dds_fastrtps
[1.892s] -- Up-to-date: /home/smr/workspaces/amrROS2_ws/install/custom_interface/lib/libcustom_interface__rosidl_typesupport_fastrtps_cpp.so
[1.893s] -- Up-to-date: /home/smr/workspaces/amrROS2_ws/install/custom_interface/include/custom_interface/custom_interface
[1.893s] -- Up-to-date: /home/smr/workspaces/amrROS2_ws/install/custom_interface/include/custom_interface/custom_interface/msg
[1.893s] -- Up-to-date: /home/smr/workspaces/amrROS2_ws/install/custom_interface/include/custom_interface/custom_interface/msg/detail
[1.894s] -- Up-to-date: /home/smr/workspaces/amrROS2_ws/install/custom_interface/include/custom_interface/custom_interface/msg/detail/initdock__rosidl_typesupport_introspection_cpp.hpp
[1.894s] -- Up-to-date: /home/smr/workspaces/amrROS2_ws/install/custom_interface/include/custom_interface/custom_interface/msg/detail/initdock__type_support.cpp
[1.895s] -- Up-to-date: /home/smr/workspaces/amrROS2_ws/install/custom_interface/include/custom_interface/custom_interface/action
[1.895s] -- Up-to-date: /home/smr/workspaces/amrROS2_ws/install/custom_interface/include/custom_interface/custom_interface/action/detail
[1.896s] -- Up-to-date: /home/smr/workspaces/amrROS2_ws/install/custom_interface/include/custom_interface/custom_interface/action/detail/autodock__type_support.cpp
[1.896s] -- Up-to-date: /home/smr/workspaces/amrROS2_ws/install/custom_interface/include/custom_interface/custom_interface/action/detail/autodock__rosidl_typesupport_introspection_cpp.hpp
[1.896s] -- Up-to-date: /home/smr/workspaces/amrROS2_ws/install/custom_interface/lib/libcustom_interface__rosidl_typesupport_introspection_cpp.so
[1.897s] -- Up-to-date: /home/smr/workspaces/amrROS2_ws/install/custom_interface/lib/libcustom_interface__rosidl_typesupport_cpp.so
[1.897s] -- Up-to-date: /home/smr/workspaces/amrROS2_ws/install/custom_interface/share/custom_interface/environment/pythonpath.sh
[1.897s] -- Up-to-date: /home/smr/workspaces/amrROS2_ws/install/custom_interface/share/custom_interface/environment/pythonpath.dsv
[1.906s] -- Up-to-date: /home/smr/workspaces/amrROS2_ws/install/custom_interface/local/lib/python3.10/dist-packages/custom_interface-0.0.0-py3.10.egg-info
[1.916s] -- Installing: /home/smr/workspaces/amrROS2_ws/install/custom_interface/local/lib/python3.10/dist-packages/custom_interface-0.0.0-py3.10.egg-info/dependency_links.txt
[1.917s] -- Installing: /home/smr/workspaces/amrROS2_ws/install/custom_interface/local/lib/python3.10/dist-packages/custom_interface-0.0.0-py3.10.egg-info/top_level.txt
[1.917s] -- Installing: /home/smr/workspaces/amrROS2_ws/install/custom_interface/local/lib/python3.10/dist-packages/custom_interface-0.0.0-py3.10.egg-info/SOURCES.txt
[1.918s] -- Installing: /home/smr/workspaces/amrROS2_ws/install/custom_interface/local/lib/python3.10/dist-packages/custom_interface-0.0.0-py3.10.egg-info/PKG-INFO
[1.934s] -- Up-to-date: /home/smr/workspaces/amrROS2_ws/install/custom_interface/local/lib/python3.10/dist-packages/custom_interface
[1.939s] -- Up-to-date: /home/smr/workspaces/amrROS2_ws/install/custom_interface/local/lib/python3.10/dist-packages/custom_interface/custom_interface_s__rosidl_typesupport_introspection_c.cpython-310-aarch64-linux-gnu.so
[1.944s] -- Up-to-date: /home/smr/workspaces/amrROS2_ws/install/custom_interface/local/lib/python3.10/dist-packages/custom_interface/_custom_interface_s.ep.rosidl_typesupport_introspection_c.c
[1.944s] -- Up-to-date: /home/smr/workspaces/amrROS2_ws/install/custom_interface/local/lib/python3.10/dist-packages/custom_interface/_custom_interface_s.ep.rosidl_typesupport_c.c
[1.944s] -- Up-to-date: /home/smr/workspaces/amrROS2_ws/install/custom_interface/local/lib/python3.10/dist-packages/custom_interface/libcustom_interface__rosidl_generator_py.so
[1.944s] -- Up-to-date: /home/smr/workspaces/amrROS2_ws/install/custom_interface/local/lib/python3.10/dist-packages/custom_interface/msg
[1.944s] -- Up-to-date: /home/smr/workspaces/amrROS2_ws/install/custom_interface/local/lib/python3.10/dist-packages/custom_interface/msg/_initdock.py
[1.944s] -- Up-to-date: /home/smr/workspaces/amrROS2_ws/install/custom_interface/local/lib/python3.10/dist-packages/custom_interface/msg/__init__.py
[1.945s] -- Up-to-date: /home/smr/workspaces/amrROS2_ws/install/custom_interface/local/lib/python3.10/dist-packages/custom_interface/msg/_initdock_s.c
[1.945s] -- Up-to-date: /home/smr/workspaces/amrROS2_ws/install/custom_interface/local/lib/python3.10/dist-packages/custom_interface/custom_interface_s__rosidl_typesupport_fastrtps_c.cpython-310-aarch64-linux-gnu.so
[1.945s] -- Up-to-date: /home/smr/workspaces/amrROS2_ws/install/custom_interface/local/lib/python3.10/dist-packages/custom_interface/__init__.py
[1.945s] -- Up-to-date: /home/smr/workspaces/amrROS2_ws/install/custom_interface/local/lib/python3.10/dist-packages/custom_interface/_custom_interface_s.ep.rosidl_typesupport_fastrtps_c.c
[1.945s] -- Up-to-date: /home/smr/workspaces/amrROS2_ws/install/custom_interface/local/lib/python3.10/dist-packages/custom_interface/custom_interface_s__rosidl_typesupport_c.cpython-310-aarch64-linux-gnu.so
[1.945s] -- Up-to-date: /home/smr/workspaces/amrROS2_ws/install/custom_interface/local/lib/python3.10/dist-packages/custom_interface/action
[1.945s] -- Up-to-date: /home/smr/workspaces/amrROS2_ws/install/custom_interface/local/lib/python3.10/dist-packages/custom_interface/action/_autodock.py
[1.945s] -- Up-to-date: /home/smr/workspaces/amrROS2_ws/install/custom_interface/local/lib/python3.10/dist-packages/custom_interface/action/__init__.py
[1.945s] -- Up-to-date: /home/smr/workspaces/amrROS2_ws/install/custom_interface/local/lib/python3.10/dist-packages/custom_interface/action/_autodock_s.c
[1.945s] Listing '/home/smr/workspaces/amrROS2_ws/install/custom_interface/local/lib/python3.10/dist-packages/custom_interface'...
[1.946s] Listing '/home/smr/workspaces/amrROS2_ws/install/custom_interface/local/lib/python3.10/dist-packages/custom_interface/action'...
[1.946s] Listing '/home/smr/workspaces/amrROS2_ws/install/custom_interface/local/lib/python3.10/dist-packages/custom_interface/msg'...
[1.946s] -- Up-to-date: /home/smr/workspaces/amrROS2_ws/install/custom_interface/local/lib/python3.10/dist-packages/custom_interface/custom_interface_s__rosidl_typesupport_fastrtps_c.cpython-310-aarch64-linux-gnu.so
[1.953s] -- Up-to-date: /home/smr/workspaces/amrROS2_ws/install/custom_interface/local/lib/python3.10/dist-packages/custom_interface/custom_interface_s__rosidl_typesupport_introspection_c.cpython-310-aarch64-linux-gnu.so
[1.954s] -- Up-to-date: /home/smr/workspaces/amrROS2_ws/install/custom_interface/local/lib/python3.10/dist-packages/custom_interface/custom_interface_s__rosidl_typesupport_c.cpython-310-aarch64-linux-gnu.so
[1.954s] -- Up-to-date: /home/smr/workspaces/amrROS2_ws/install/custom_interface/lib/libcustom_interface__rosidl_generator_py.so
[1.954s] -- Up-to-date: /home/smr/workspaces/amrROS2_ws/install/custom_interface/share/custom_interface/action/Autodock.idl
[1.954s] -- Up-to-date: /home/smr/workspaces/amrROS2_ws/install/custom_interface/share/custom_interface/msg/Initdock.idl
[1.954s] -- Up-to-date: /home/smr/workspaces/amrROS2_ws/install/custom_interface/share/custom_interface/action/Autodock.action
[1.954s] -- Up-to-date: /home/smr/workspaces/amrROS2_ws/install/custom_interface/share/custom_interface/msg/Initdock.msg
[1.954s] -- Up-to-date: /home/smr/workspaces/amrROS2_ws/install/custom_interface/share/ament_index/resource_index/package_run_dependencies/custom_interface
[1.954s] -- Up-to-date: /home/smr/workspaces/amrROS2_ws/install/custom_interface/share/ament_index/resource_index/parent_prefix_path/custom_interface
[1.954s] -- Up-to-date: /home/smr/workspaces/amrROS2_ws/install/custom_interface/share/custom_interface/environment/ament_prefix_path.sh
[1.954s] -- Up-to-date: /home/smr/workspaces/amrROS2_ws/install/custom_interface/share/custom_interface/environment/ament_prefix_path.dsv
[1.955s] -- Up-to-date: /home/smr/workspaces/amrROS2_ws/install/custom_interface/share/custom_interface/environment/path.sh
[1.955s] -- Up-to-date: /home/smr/workspaces/amrROS2_ws/install/custom_interface/share/custom_interface/environment/path.dsv
[1.955s] -- Up-to-date: /home/smr/workspaces/amrROS2_ws/install/custom_interface/share/custom_interface/local_setup.bash
[1.955s] -- Up-to-date: /home/smr/workspaces/amrROS2_ws/install/custom_interface/share/custom_interface/local_setup.sh
[1.955s] -- Up-to-date: /home/smr/workspaces/amrROS2_ws/install/custom_interface/share/custom_interface/local_setup.zsh
[1.955s] -- Up-to-date: /home/smr/workspaces/amrROS2_ws/install/custom_interface/share/custom_interface/local_setup.dsv
[1.955s] -- Installing: /home/smr/workspaces/amrROS2_ws/install/custom_interface/share/custom_interface/package.dsv
[1.955s] -- Up-to-date: /home/smr/workspaces/amrROS2_ws/install/custom_interface/share/ament_index/resource_index/packages/custom_interface
[1.955s] -- Up-to-date: /home/smr/workspaces/amrROS2_ws/install/custom_interface/share/custom_interface/cmake/export_custom_interface__rosidl_generator_cExport.cmake
[1.959s] -- Up-to-date: /home/smr/workspaces/amrROS2_ws/install/custom_interface/share/custom_interface/cmake/export_custom_interface__rosidl_generator_cExport-noconfig.cmake
[1.960s] -- Up-to-date: /home/smr/workspaces/amrROS2_ws/install/custom_interface/share/custom_interface/cmake/export_custom_interface__rosidl_typesupport_fastrtps_cExport.cmake
[1.960s] -- Up-to-date: /home/smr/workspaces/amrROS2_ws/install/custom_interface/share/custom_interface/cmake/export_custom_interface__rosidl_typesupport_fastrtps_cExport-noconfig.cmake
[1.960s] -- Up-to-date: /home/smr/workspaces/amrROS2_ws/install/custom_interface/share/custom_interface/cmake/custom_interface__rosidl_typesupport_introspection_cExport.cmake
[1.960s] -- Up-to-date: /home/smr/workspaces/amrROS2_ws/install/custom_interface/share/custom_interface/cmake/custom_interface__rosidl_typesupport_introspection_cExport-noconfig.cmake
[1.960s] -- Up-to-date: /home/smr/workspaces/amrROS2_ws/install/custom_interface/share/custom_interface/cmake/custom_interface__rosidl_typesupport_cExport.cmake
[1.960s] -- Up-to-date: /home/smr/workspaces/amrROS2_ws/install/custom_interface/share/custom_interface/cmake/custom_interface__rosidl_typesupport_cExport-noconfig.cmake
[1.960s] -- Up-to-date: /home/smr/workspaces/amrROS2_ws/install/custom_interface/share/custom_interface/cmake/export_custom_interface__rosidl_generator_cppExport.cmake
[1.960s] -- Up-to-date: /home/smr/workspaces/amrROS2_ws/install/custom_interface/share/custom_interface/cmake/export_custom_interface__rosidl_typesupport_fastrtps_cppExport.cmake
[1.960s] -- Up-to-date: /home/smr/workspaces/amrROS2_ws/install/custom_interface/share/custom_interface/cmake/export_custom_interface__rosidl_typesupport_fastrtps_cppExport-noconfig.cmake
[1.963s] -- Up-to-date: /home/smr/workspaces/amrROS2_ws/install/custom_interface/share/custom_interface/cmake/custom_interface__rosidl_typesupport_introspection_cppExport.cmake
[1.964s] -- Up-to-date: /home/smr/workspaces/amrROS2_ws/install/custom_interface/share/custom_interface/cmake/custom_interface__rosidl_typesupport_introspection_cppExport-noconfig.cmake
[1.964s] -- Up-to-date: /home/smr/workspaces/amrROS2_ws/install/custom_interface/share/custom_interface/cmake/custom_interface__rosidl_typesupport_cppExport.cmake
[1.964s] -- Up-to-date: /home/smr/workspaces/amrROS2_ws/install/custom_interface/share/custom_interface/cmake/custom_interface__rosidl_typesupport_cppExport-noconfig.cmake
[1.965s] -- Up-to-date: /home/smr/workspaces/amrROS2_ws/install/custom_interface/share/custom_interface/cmake/export_custom_interface__rosidl_generator_pyExport.cmake
[1.975s] -- Up-to-date: /home/smr/workspaces/amrROS2_ws/install/custom_interface/share/custom_interface/cmake/export_custom_interface__rosidl_generator_pyExport-noconfig.cmake
[1.975s] -- Up-to-date: /home/smr/workspaces/amrROS2_ws/install/custom_interface/share/custom_interface/cmake/rosidl_cmake-extras.cmake
[1.975s] -- Up-to-date: /home/smr/workspaces/amrROS2_ws/install/custom_interface/share/custom_interface/cmake/ament_cmake_export_dependencies-extras.cmake
[1.975s] -- Up-to-date: /home/smr/workspaces/amrROS2_ws/install/custom_interface/share/custom_interface/cmake/ament_cmake_export_include_directories-extras.cmake
[1.976s] -- Up-to-date: /home/smr/workspaces/amrROS2_ws/install/custom_interface/share/custom_interface/cmake/ament_cmake_export_libraries-extras.cmake
[1.976s] -- Up-to-date: /home/smr/workspaces/amrROS2_ws/install/custom_interface/share/custom_interface/cmake/ament_cmake_export_targets-extras.cmake
[1.976s] -- Up-to-date: /home/smr/workspaces/amrROS2_ws/install/custom_interface/share/custom_interface/cmake/rosidl_cmake_export_typesupport_targets-extras.cmake
[1.976s] -- Up-to-date: /home/smr/workspaces/amrROS2_ws/install/custom_interface/share/custom_interface/cmake/rosidl_cmake_export_typesupport_libraries-extras.cmake
[1.976s] -- Up-to-date: /home/smr/workspaces/amrROS2_ws/install/custom_interface/share/custom_interface/cmake/custom_interfaceConfig.cmake
[1.976s] -- Up-to-date: /home/smr/workspaces/amrROS2_ws/install/custom_interface/share/custom_interface/cmake/custom_interfaceConfig-version.cmake
[1.976s] -- Up-to-date: /home/smr/workspaces/amrROS2_ws/install/custom_interface/share/custom_interface/package.xml
[1.976s] Invoked command in '/home/smr/workspaces/amrROS2_ws/build/custom_interface' returned '0': CMAKE_PREFIX_PATH=${CMAKE_PREFIX_PATH}:/home/smr/workspaces/amrROS2_ws/install/python_pkg:/home/smr/workspaces/amrROS2_ws/install/action_autodock:/opt/ros/humble /usr/bin/cmake --install /home/smr/workspaces/amrROS2_ws/build/custom_interface
