[2.097s] Invoking command in '/home/smr/workspaces/amrROS2_ws/src/action_autodock': PYTHONPATH=/home/smr/workspaces/amrROS2_ws/build/action_autodock/prefix_override:/usr/lib/python3/dist-packages/colcon_core/task/python/colcon_distutils_commands:/home/smr/workspaces/amrROS2_ws/install/action_autodock/lib/python3.10/site-packages:${PYTHONPATH} /usr/bin/python3 -W ignore:setup.py install is deprecated setup.py egg_info --egg-base ../../build/action_autodock build --build-base /home/smr/workspaces/amrROS2_ws/build/action_autodock/build install --record /home/smr/workspaces/amrROS2_ws/build/action_autodock/install.log --single-version-externally-managed install_data
[2.477s] running egg_info
[2.479s] writing ../../build/action_autodock/action_autodock.egg-info/PKG-INFO
[2.480s] writing dependency_links to ../../build/action_autodock/action_autodock.egg-info/dependency_links.txt
[2.480s] writing entry points to ../../build/action_autodock/action_autodock.egg-info/entry_points.txt
[2.481s] writing requirements to ../../build/action_autodock/action_autodock.egg-info/requires.txt
[2.481s] writing top-level names to ../../build/action_autodock/action_autodock.egg-info/top_level.txt
[2.484s] reading manifest file '../../build/action_autodock/action_autodock.egg-info/SOURCES.txt'
[2.486s] adding license file 'LICENSE'
[2.486s] writing manifest file '../../build/action_autodock/action_autodock.egg-info/SOURCES.txt'
[2.487s] running build
[2.488s] running build_py
[2.489s] running install
[2.489s] running install_lib
[2.490s] running install_data
[2.490s] running install_egg_info
[2.493s] removing '/home/smr/workspaces/amrROS2_ws/install/action_autodock/lib/python3.10/site-packages/action_autodock-0.0.0-py3.10.egg-info' (and everything under it)
[2.495s] Copying ../../build/action_autodock/action_autodock.egg-info to /home/smr/workspaces/amrROS2_ws/install/action_autodock/lib/python3.10/site-packages/action_autodock-0.0.0-py3.10.egg-info
[2.495s] running install_scripts
[2.531s] Installing autodock_action_server script to /home/smr/workspaces/amrROS2_ws/install/action_autodock/lib/action_autodock
[2.532s] writing list of installed files to '/home/smr/workspaces/amrROS2_ws/build/action_autodock/install.log'
[2.729s] Invoked command in '/home/smr/workspaces/amrROS2_ws/src/action_autodock' returned '0': PYTHONPATH=/home/smr/workspaces/amrROS2_ws/build/action_autodock/prefix_override:/usr/lib/python3/dist-packages/colcon_core/task/python/colcon_distutils_commands:/home/smr/workspaces/amrROS2_ws/install/action_autodock/lib/python3.10/site-packages:${PYTHONPATH} /usr/bin/python3 -W ignore:setup.py install is deprecated setup.py egg_info --egg-base ../../build/action_autodock build --build-base /home/smr/workspaces/amrROS2_ws/build/action_autodock/build install --record /home/smr/workspaces/amrROS2_ws/build/action_autodock/install.log --single-version-externally-managed install_data
