[0.129s] Invoking command in '/home/smr/workspaces/amrROS2_ws/src/build/micro_ros_msgs': CMAKE_PREFIX_PATH=${CMAKE_PREFIX_PATH}:/home/smr/workspaces/amrROS2_ws/install/python_pkg:/opt/ros/humble /usr/bin/cmake /home/smr/workspaces/amrROS2_ws/src/uros/micro_ros_msgs -DCMAKE_INSTALL_PREFIX=/home/smr/workspaces/amrROS2_ws/src/install/micro_ros_msgs
[0.931s] -- The C compiler identification is GNU 11.4.0
[1.700s] -- The CXX compiler identification is GNU 11.4.0
[1.778s] -- Detecting C compiler ABI info
[2.170s] -- Detecting C compiler ABI info - done
[2.234s] -- Check for working C compiler: /usr/bin/cc - skipped
[2.235s] -- Detecting C compile features
[2.254s] -- Detecting C compile features - done
[2.258s] -- Detecting CXX compiler ABI info
[2.621s] -- Detecting CXX compiler ABI info - done
[2.649s] -- Check for working CXX compiler: /usr/bin/c++ - skipped
[2.665s] -- Detecting CXX compile features
[2.665s] -- Detecting CXX compile features - done
[2.666s] -- Found ament_cmake: 1.3.10 (/opt/ros/humble/share/ament_cmake/cmake)
[3.305s] -- Found Python3: /usr/bin/python3 (found version "3.10.12") found components: Interpreter 
[3.772s] -- Found rosidl_default_generators: 1.2.0 (/opt/ros/humble/share/rosidl_default_generators/cmake)
[3.829s] -- Using all available rosidl_typesupport_c: rosidl_typesupport_fastrtps_c;rosidl_typesupport_introspection_c
[3.887s] -- Found rosidl_adapter: 3.1.5 (/opt/ros/humble/share/rosidl_adapter/cmake)
[4.234s] -- Using all available rosidl_typesupport_cpp: rosidl_typesupport_fastrtps_cpp;rosidl_typesupport_introspection_cpp
[4.403s] -- Found ament_lint_auto: 0.12.11 (/opt/ros/humble/share/ament_lint_auto/cmake)
[5.336s] -- Found ament_cmake_ros: 0.10.0 (/opt/ros/humble/share/ament_cmake_ros/cmake)
[5.896s] -- Using all available rosidl_typesupport_c: rosidl_typesupport_fastrtps_c;rosidl_typesupport_introspection_c
[6.512s] -- Using all available rosidl_typesupport_cpp: rosidl_typesupport_fastrtps_cpp;rosidl_typesupport_introspection_cpp
[6.595s] -- Found PythonInterp: /usr/bin/python3 (found suitable version "3.10.12", minimum required is "3.6") 
[6.616s] -- Found python_cmake_module: 0.10.0 (/opt/ros/humble/share/python_cmake_module/cmake)
[6.717s] -- Found PythonLibs: /usr/lib/aarch64-linux-gnu/libpython3.10.so (found suitable version "3.10.12", minimum required is "3.5") 
[6.719s] -- Using PYTHON_EXECUTABLE: /usr/bin/python3
[6.719s] -- Using PYTHON_INCLUDE_DIRS: /usr/include/python3.10
[6.720s] -- Using PYTHON_LIBRARIES: /usr/lib/aarch64-linux-gnu/libpython3.10.so
[6.771s] -- Found PythonExtra: .so  
[6.890s] -- Added test 'copyright' to check source files copyright and LICENSE
[6.927s] -- Added test 'lint_cmake' to check CMake code style
[6.934s] -- Added test 'xmllint' to check XML markup files
[6.950s] -- Configuring done
[7.016s] -- Generating done
[7.024s] -- Build files have been written to: /home/smr/workspaces/amrROS2_ws/src/build/micro_ros_msgs
[7.039s] Invoked command in '/home/smr/workspaces/amrROS2_ws/src/build/micro_ros_msgs' returned '0': CMAKE_PREFIX_PATH=${CMAKE_PREFIX_PATH}:/home/smr/workspaces/amrROS2_ws/install/python_pkg:/opt/ros/humble /usr/bin/cmake /home/smr/workspaces/amrROS2_ws/src/uros/micro_ros_msgs -DCMAKE_INSTALL_PREFIX=/home/smr/workspaces/amrROS2_ws/src/install/micro_ros_msgs
[7.044s] Invoking command in '/home/smr/workspaces/amrROS2_ws/src/build/micro_ros_msgs': CMAKE_PREFIX_PATH=${CMAKE_PREFIX_PATH}:/home/smr/workspaces/amrROS2_ws/install/python_pkg:/opt/ros/humble /usr/bin/cmake --build /home/smr/workspaces/amrROS2_ws/src/build/micro_ros_msgs -- -j8 -l8
[7.220s] [  2%] [34m[1mGenerating C++ code for ROS interfaces[0m
[8.164s] [  2%] Built target micro_ros_msgs__cpp
[8.233s] [  2%] Built target ament_cmake_python_copy_micro_ros_msgs
[8.259s] [  4%] [34m[1mGenerating C++ introspection for ROS interfaces[0m
[8.989s] [  6%] [32mBuilding CXX object CMakeFiles/micro_ros_msgs__rosidl_typesupport_introspection_cpp.dir/rosidl_typesupport_introspection_cpp/micro_ros_msgs/msg/detail/graph__type_support.cpp.o[0m
[10.014s] [  8%] [32mBuilding CXX object CMakeFiles/micro_ros_msgs__rosidl_typesupport_introspection_cpp.dir/rosidl_typesupport_introspection_cpp/micro_ros_msgs/msg/detail/entity__type_support.cpp.o[0m
[10.749s] [ 10%] [32mBuilding CXX object CMakeFiles/micro_ros_msgs__rosidl_typesupport_introspection_cpp.dir/rosidl_typesupport_introspection_cpp/micro_ros_msgs/msg/detail/node__type_support.cpp.o[0m
[11.621s] [ 12%] [32m[1mLinking CXX shared library libmicro_ros_msgs__rosidl_typesupport_introspection_cpp.so[0m
[11.967s] [ 12%] Built target micro_ros_msgs__rosidl_typesupport_introspection_cpp
[12.447s] running egg_info
[12.450s] creating micro_ros_msgs.egg-info
[12.450s] writing micro_ros_msgs.egg-info/PKG-INFO
[12.451s] writing dependency_links to micro_ros_msgs.egg-info/dependency_links.txt
[12.452s] writing top-level names to micro_ros_msgs.egg-info/top_level.txt
[12.452s] writing manifest file 'micro_ros_msgs.egg-info/SOURCES.txt'
[12.455s] reading manifest file 'micro_ros_msgs.egg-info/SOURCES.txt'
[12.460s] writing manifest file 'micro_ros_msgs.egg-info/SOURCES.txt'
[12.562s] [ 12%] Built target ament_cmake_python_build_micro_ros_msgs_egg
[12.602s] [ 14%] [34m[1mGenerating C++ type support for eProsima Fast-RTPS[0m
[13.544s] [ 17%] [32mBuilding CXX object CMakeFiles/micro_ros_msgs__rosidl_typesupport_fastrtps_cpp.dir/rosidl_typesupport_fastrtps_cpp/micro_ros_msgs/msg/detail/dds_fastrtps/graph__type_support.cpp.o[0m
[14.501s] [ 19%] [32mBuilding CXX object CMakeFiles/micro_ros_msgs__rosidl_typesupport_fastrtps_cpp.dir/rosidl_typesupport_fastrtps_cpp/micro_ros_msgs/msg/detail/dds_fastrtps/entity__type_support.cpp.o[0m
[15.454s] [ 21%] [32mBuilding CXX object CMakeFiles/micro_ros_msgs__rosidl_typesupport_fastrtps_cpp.dir/rosidl_typesupport_fastrtps_cpp/micro_ros_msgs/msg/detail/dds_fastrtps/node__type_support.cpp.o[0m
[23.527s] [ 23%] [32m[1mLinking CXX shared library libmicro_ros_msgs__rosidl_typesupport_fastrtps_cpp.so[0m
[23.941s] [ 23%] Built target micro_ros_msgs__rosidl_typesupport_fastrtps_cpp
[23.985s] [ 25%] [34m[1mGenerating C++ type support dispatch for ROS interfaces[0m
[25.317s] [ 27%] [32mBuilding CXX object CMakeFiles/micro_ros_msgs__rosidl_typesupport_cpp.dir/rosidl_typesupport_cpp/micro_ros_msgs/msg/graph__type_support.cpp.o[0m
[26.063s] [ 29%] [32mBuilding CXX object CMakeFiles/micro_ros_msgs__rosidl_typesupport_cpp.dir/rosidl_typesupport_cpp/micro_ros_msgs/msg/entity__type_support.cpp.o[0m
[26.759s] [ 31%] [32mBuilding CXX object CMakeFiles/micro_ros_msgs__rosidl_typesupport_cpp.dir/rosidl_typesupport_cpp/micro_ros_msgs/msg/node__type_support.cpp.o[0m
[27.336s] [ 34%] [32m[1mLinking CXX shared library libmicro_ros_msgs__rosidl_typesupport_cpp.so[0m
[27.460s] [ 34%] Built target micro_ros_msgs__rosidl_typesupport_cpp
[27.508s] [ 36%] [34m[1mGenerating C code for ROS interfaces[0m
[29.149s] [ 38%] [32mBuilding C object CMakeFiles/micro_ros_msgs__rosidl_generator_c.dir/rosidl_generator_c/micro_ros_msgs/msg/detail/graph__functions.c.o[0m
[29.806s] [ 40%] [32mBuilding C object CMakeFiles/micro_ros_msgs__rosidl_generator_c.dir/rosidl_generator_c/micro_ros_msgs/msg/detail/entity__functions.c.o[0m
[29.964s] [ 42%] [32mBuilding C object CMakeFiles/micro_ros_msgs__rosidl_generator_c.dir/rosidl_generator_c/micro_ros_msgs/msg/detail/node__functions.c.o[0m
[30.116s] [ 44%] [32m[1mLinking C shared library libmicro_ros_msgs__rosidl_generator_c.so[0m
[30.307s] [ 44%] Built target micro_ros_msgs__rosidl_generator_c
[30.336s] [ 46%] [34m[1mGenerating C type support for eProsima Fast-RTPS[0m
[31.449s] [ 48%] [32mBuilding CXX object CMakeFiles/micro_ros_msgs__rosidl_typesupport_fastrtps_c.dir/rosidl_typesupport_fastrtps_c/micro_ros_msgs/msg/detail/graph__type_support_c.cpp.o[0m
[32.451s] [ 51%] [32mBuilding CXX object CMakeFiles/micro_ros_msgs__rosidl_typesupport_fastrtps_c.dir/rosidl_typesupport_fastrtps_c/micro_ros_msgs/msg/detail/entity__type_support_c.cpp.o[0m
[33.123s] [ 53%] [32mBuilding CXX object CMakeFiles/micro_ros_msgs__rosidl_typesupport_fastrtps_c.dir/rosidl_typesupport_fastrtps_c/micro_ros_msgs/msg/detail/node__type_support_c.cpp.o[0m
[33.808s] [ 55%] [32m[1mLinking CXX shared library libmicro_ros_msgs__rosidl_typesupport_fastrtps_c.so[0m
[34.044s] [ 55%] Built target micro_ros_msgs__rosidl_typesupport_fastrtps_c
[34.104s] [ 57%] [34m[1mGenerating C type support dispatch for ROS interfaces[0m
[34.775s] [ 59%] [32mBuilding CXX object CMakeFiles/micro_ros_msgs__rosidl_typesupport_c.dir/rosidl_typesupport_c/micro_ros_msgs/msg/graph__type_support.cpp.o[0m
[34.876s] [ 61%] [32mBuilding CXX object CMakeFiles/micro_ros_msgs__rosidl_typesupport_c.dir/rosidl_typesupport_c/micro_ros_msgs/msg/entity__type_support.cpp.o[0m
[35.021s] [ 63%] [32mBuilding CXX object CMakeFiles/micro_ros_msgs__rosidl_typesupport_c.dir/rosidl_typesupport_c/micro_ros_msgs/msg/node__type_support.cpp.o[0m
[35.101s] [ 65%] [32m[1mLinking CXX shared library libmicro_ros_msgs__rosidl_typesupport_c.so[0m
[35.190s] [ 65%] Built target micro_ros_msgs__rosidl_typesupport_c
[35.249s] [ 68%] [34m[1mGenerating C introspection for ROS interfaces[0m
[36.174s] [ 70%] [32mBuilding C object CMakeFiles/micro_ros_msgs__rosidl_typesupport_introspection_c.dir/rosidl_typesupport_introspection_c/micro_ros_msgs/msg/detail/graph__type_support.c.o[0m
[36.376s] [ 72%] [32mBuilding C object CMakeFiles/micro_ros_msgs__rosidl_typesupport_introspection_c.dir/rosidl_typesupport_introspection_c/micro_ros_msgs/msg/detail/entity__type_support.c.o[0m
[36.562s] [ 74%] [32mBuilding C object CMakeFiles/micro_ros_msgs__rosidl_typesupport_introspection_c.dir/rosidl_typesupport_introspection_c/micro_ros_msgs/msg/detail/node__type_support.c.o[0m
[36.655s] [ 76%] [32m[1mLinking C shared library libmicro_ros_msgs__rosidl_typesupport_introspection_c.so[0m
[36.814s] [ 76%] Built target micro_ros_msgs__rosidl_typesupport_introspection_c
[36.899s] [ 76%] Built target micro_ros_msgs
[36.964s] [ 78%] [34m[1mGenerating Python code for ROS interfaces[0m
[38.157s] [ 78%] Built target micro_ros_msgs__py
[38.275s] [ 80%] [32mBuilding C object CMakeFiles/micro_ros_msgs__rosidl_generator_py.dir/rosidl_generator_py/micro_ros_msgs/msg/_graph_s.c.o[0m
[38.669s] [ 82%] [32mBuilding C object CMakeFiles/micro_ros_msgs__rosidl_generator_py.dir/rosidl_generator_py/micro_ros_msgs/msg/_entity_s.c.o[0m
[38.860s] [ 85%] [32mBuilding C object CMakeFiles/micro_ros_msgs__rosidl_generator_py.dir/rosidl_generator_py/micro_ros_msgs/msg/_node_s.c.o[0m
[39.051s] [ 87%] [32m[1mLinking C shared library rosidl_generator_py/micro_ros_msgs/libmicro_ros_msgs__rosidl_generator_py.so[0m
[39.173s] [ 87%] Built target micro_ros_msgs__rosidl_generator_py
[39.297s] [ 89%] [32mBuilding C object CMakeFiles/micro_ros_msgs__rosidl_typesupport_fastrtps_c__pyext.dir/rosidl_generator_py/micro_ros_msgs/_micro_ros_msgs_s.ep.rosidl_typesupport_fastrtps_c.c.o[0m
[39.622s] [ 91%] [32m[1mLinking C shared library rosidl_generator_py/micro_ros_msgs/micro_ros_msgs_s__rosidl_typesupport_fastrtps_c.cpython-310-aarch64-linux-gnu.so[0m
[39.753s] [ 91%] Built target micro_ros_msgs__rosidl_typesupport_fastrtps_c__pyext
[39.854s] [ 93%] [32mBuilding C object CMakeFiles/micro_ros_msgs__rosidl_typesupport_c__pyext.dir/rosidl_generator_py/micro_ros_msgs/_micro_ros_msgs_s.ep.rosidl_typesupport_c.c.o[0m
[39.997s] [ 95%] [32m[1mLinking C shared library rosidl_generator_py/micro_ros_msgs/micro_ros_msgs_s__rosidl_typesupport_c.cpython-310-aarch64-linux-gnu.so[0m
[40.134s] [ 95%] Built target micro_ros_msgs__rosidl_typesupport_c__pyext
[40.191s] [ 97%] [32mBuilding C object CMakeFiles/micro_ros_msgs__rosidl_typesupport_introspection_c__pyext.dir/rosidl_generator_py/micro_ros_msgs/_micro_ros_msgs_s.ep.rosidl_typesupport_introspection_c.c.o[0m
[40.368s] [100%] [32m[1mLinking C shared library rosidl_generator_py/micro_ros_msgs/micro_ros_msgs_s__rosidl_typesupport_introspection_c.cpython-310-aarch64-linux-gnu.so[0m
[40.512s] [100%] Built target micro_ros_msgs__rosidl_typesupport_introspection_c__pyext
[40.582s] Invoked command in '/home/smr/workspaces/amrROS2_ws/src/build/micro_ros_msgs' returned '0': CMAKE_PREFIX_PATH=${CMAKE_PREFIX_PATH}:/home/smr/workspaces/amrROS2_ws/install/python_pkg:/opt/ros/humble /usr/bin/cmake --build /home/smr/workspaces/amrROS2_ws/src/build/micro_ros_msgs -- -j8 -l8
[41.002s] Invoking command in '/home/smr/workspaces/amrROS2_ws/src/build/micro_ros_msgs': CMAKE_PREFIX_PATH=${CMAKE_PREFIX_PATH}:/home/smr/workspaces/amrROS2_ws/install/python_pkg:/opt/ros/humble /usr/bin/cmake --install /home/smr/workspaces/amrROS2_ws/src/build/micro_ros_msgs
[41.036s] -- Install configuration: ""
[41.036s] -- Installing: /home/smr/workspaces/amrROS2_ws/src/install/micro_ros_msgs/share/ament_index/resource_index/rosidl_interfaces/micro_ros_msgs
[41.037s] -- Installing: /home/smr/workspaces/amrROS2_ws/src/install/micro_ros_msgs/include/micro_ros_msgs/micro_ros_msgs
[41.037s] -- Installing: /home/smr/workspaces/amrROS2_ws/src/install/micro_ros_msgs/include/micro_ros_msgs/micro_ros_msgs/msg
[41.038s] -- Installing: /home/smr/workspaces/amrROS2_ws/src/install/micro_ros_msgs/include/micro_ros_msgs/micro_ros_msgs/msg/node.h
[41.039s] -- Installing: /home/smr/workspaces/amrROS2_ws/src/install/micro_ros_msgs/include/micro_ros_msgs/micro_ros_msgs/msg/detail
[41.039s] -- Installing: /home/smr/workspaces/amrROS2_ws/src/install/micro_ros_msgs/include/micro_ros_msgs/micro_ros_msgs/msg/detail/node__functions.h
[41.040s] -- Installing: /home/smr/workspaces/amrROS2_ws/src/install/micro_ros_msgs/include/micro_ros_msgs/micro_ros_msgs/msg/detail/graph__functions.c
[41.040s] -- Installing: /home/smr/workspaces/amrROS2_ws/src/install/micro_ros_msgs/include/micro_ros_msgs/micro_ros_msgs/msg/detail/entity__struct.h
[41.042s] -- Installing: /home/smr/workspaces/amrROS2_ws/src/install/micro_ros_msgs/include/micro_ros_msgs/micro_ros_msgs/msg/detail/node__struct.h
[41.043s] -- Installing: /home/smr/workspaces/amrROS2_ws/src/install/micro_ros_msgs/include/micro_ros_msgs/micro_ros_msgs/msg/detail/node__functions.c
[41.043s] -- Installing: /home/smr/workspaces/amrROS2_ws/src/install/micro_ros_msgs/include/micro_ros_msgs/micro_ros_msgs/msg/detail/graph__functions.h
[41.044s] -- Installing: /home/smr/workspaces/amrROS2_ws/src/install/micro_ros_msgs/include/micro_ros_msgs/micro_ros_msgs/msg/detail/entity__type_support.h
[41.045s] -- Installing: /home/smr/workspaces/amrROS2_ws/src/install/micro_ros_msgs/include/micro_ros_msgs/micro_ros_msgs/msg/detail/entity__functions.c
[41.046s] -- Installing: /home/smr/workspaces/amrROS2_ws/src/install/micro_ros_msgs/include/micro_ros_msgs/micro_ros_msgs/msg/detail/graph__type_support.h
[41.046s] -- Installing: /home/smr/workspaces/amrROS2_ws/src/install/micro_ros_msgs/include/micro_ros_msgs/micro_ros_msgs/msg/detail/node__type_support.h
[41.047s] -- Installing: /home/smr/workspaces/amrROS2_ws/src/install/micro_ros_msgs/include/micro_ros_msgs/micro_ros_msgs/msg/detail/entity__functions.h
[41.048s] -- Installing: /home/smr/workspaces/amrROS2_ws/src/install/micro_ros_msgs/include/micro_ros_msgs/micro_ros_msgs/msg/detail/graph__struct.h
[41.048s] -- Installing: /home/smr/workspaces/amrROS2_ws/src/install/micro_ros_msgs/include/micro_ros_msgs/micro_ros_msgs/msg/rosidl_generator_c__visibility_control.h
[41.049s] -- Installing: /home/smr/workspaces/amrROS2_ws/src/install/micro_ros_msgs/include/micro_ros_msgs/micro_ros_msgs/msg/graph.h
[41.049s] -- Installing: /home/smr/workspaces/amrROS2_ws/src/install/micro_ros_msgs/include/micro_ros_msgs/micro_ros_msgs/msg/entity.h
[41.051s] -- Installing: /home/smr/workspaces/amrROS2_ws/src/install/micro_ros_msgs/share/micro_ros_msgs/environment/library_path.sh
[41.052s] -- Installing: /home/smr/workspaces/amrROS2_ws/src/install/micro_ros_msgs/share/micro_ros_msgs/environment/library_path.dsv
[41.053s] -- Installing: /home/smr/workspaces/amrROS2_ws/src/install/micro_ros_msgs/lib/libmicro_ros_msgs__rosidl_generator_c.so
[41.054s] -- Set runtime path of "/home/smr/workspaces/amrROS2_ws/src/install/micro_ros_msgs/lib/libmicro_ros_msgs__rosidl_generator_c.so" to ""
[41.055s] -- Up-to-date: /home/smr/workspaces/amrROS2_ws/src/install/micro_ros_msgs/include/micro_ros_msgs/micro_ros_msgs
[41.058s] -- Up-to-date: /home/smr/workspaces/amrROS2_ws/src/install/micro_ros_msgs/include/micro_ros_msgs/micro_ros_msgs/msg
[41.059s] -- Up-to-date: /home/smr/workspaces/amrROS2_ws/src/install/micro_ros_msgs/include/micro_ros_msgs/micro_ros_msgs/msg/detail
[41.059s] -- Installing: /home/smr/workspaces/amrROS2_ws/src/install/micro_ros_msgs/include/micro_ros_msgs/micro_ros_msgs/msg/detail/node__rosidl_typesupport_fastrtps_c.h
[41.060s] -- Installing: /home/smr/workspaces/amrROS2_ws/src/install/micro_ros_msgs/include/micro_ros_msgs/micro_ros_msgs/msg/detail/entity__rosidl_typesupport_fastrtps_c.h
[41.060s] -- Installing: /home/smr/workspaces/amrROS2_ws/src/install/micro_ros_msgs/include/micro_ros_msgs/micro_ros_msgs/msg/detail/graph__rosidl_typesupport_fastrtps_c.h
[41.061s] -- Installing: /home/smr/workspaces/amrROS2_ws/src/install/micro_ros_msgs/include/micro_ros_msgs/micro_ros_msgs/msg/rosidl_typesupport_fastrtps_c__visibility_control.h
[41.061s] -- Installing: /home/smr/workspaces/amrROS2_ws/src/install/micro_ros_msgs/lib/libmicro_ros_msgs__rosidl_typesupport_fastrtps_c.so
[41.061s] -- Set runtime path of "/home/smr/workspaces/amrROS2_ws/src/install/micro_ros_msgs/lib/libmicro_ros_msgs__rosidl_typesupport_fastrtps_c.so" to ""
[41.062s] -- Up-to-date: /home/smr/workspaces/amrROS2_ws/src/install/micro_ros_msgs/include/micro_ros_msgs/micro_ros_msgs
[41.062s] -- Up-to-date: /home/smr/workspaces/amrROS2_ws/src/install/micro_ros_msgs/include/micro_ros_msgs/micro_ros_msgs/msg
[41.063s] -- Up-to-date: /home/smr/workspaces/amrROS2_ws/src/install/micro_ros_msgs/include/micro_ros_msgs/micro_ros_msgs/msg/detail
[41.063s] -- Installing: /home/smr/workspaces/amrROS2_ws/src/install/micro_ros_msgs/include/micro_ros_msgs/micro_ros_msgs/msg/detail/node__type_support.c
[41.064s] -- Installing: /home/smr/workspaces/amrROS2_ws/src/install/micro_ros_msgs/include/micro_ros_msgs/micro_ros_msgs/msg/detail/entity__rosidl_typesupport_introspection_c.h
[41.064s] -- Installing: /home/smr/workspaces/amrROS2_ws/src/install/micro_ros_msgs/include/micro_ros_msgs/micro_ros_msgs/msg/detail/graph__type_support.c
[41.065s] -- Installing: /home/smr/workspaces/amrROS2_ws/src/install/micro_ros_msgs/include/micro_ros_msgs/micro_ros_msgs/msg/detail/graph__rosidl_typesupport_introspection_c.h
[41.065s] -- Installing: /home/smr/workspaces/amrROS2_ws/src/install/micro_ros_msgs/include/micro_ros_msgs/micro_ros_msgs/msg/detail/node__rosidl_typesupport_introspection_c.h
[41.066s] -- Installing: /home/smr/workspaces/amrROS2_ws/src/install/micro_ros_msgs/include/micro_ros_msgs/micro_ros_msgs/msg/detail/entity__type_support.c
[41.071s] -- Installing: /home/smr/workspaces/amrROS2_ws/src/install/micro_ros_msgs/include/micro_ros_msgs/micro_ros_msgs/msg/rosidl_typesupport_introspection_c__visibility_control.h
[41.072s] -- Installing: /home/smr/workspaces/amrROS2_ws/src/install/micro_ros_msgs/lib/libmicro_ros_msgs__rosidl_typesupport_introspection_c.so
[41.075s] -- Set runtime path of "/home/smr/workspaces/amrROS2_ws/src/install/micro_ros_msgs/lib/libmicro_ros_msgs__rosidl_typesupport_introspection_c.so" to ""
[41.075s] -- Installing: /home/smr/workspaces/amrROS2_ws/src/install/micro_ros_msgs/lib/libmicro_ros_msgs__rosidl_typesupport_c.so
[41.075s] -- Set runtime path of "/home/smr/workspaces/amrROS2_ws/src/install/micro_ros_msgs/lib/libmicro_ros_msgs__rosidl_typesupport_c.so" to ""
[41.075s] -- Up-to-date: /home/smr/workspaces/amrROS2_ws/src/install/micro_ros_msgs/include/micro_ros_msgs/micro_ros_msgs
[41.075s] -- Up-to-date: /home/smr/workspaces/amrROS2_ws/src/install/micro_ros_msgs/include/micro_ros_msgs/micro_ros_msgs/msg
[41.075s] -- Up-to-date: /home/smr/workspaces/amrROS2_ws/src/install/micro_ros_msgs/include/micro_ros_msgs/micro_ros_msgs/msg/detail
[41.075s] -- Installing: /home/smr/workspaces/amrROS2_ws/src/install/micro_ros_msgs/include/micro_ros_msgs/micro_ros_msgs/msg/detail/entity__traits.hpp
[41.075s] -- Installing: /home/smr/workspaces/amrROS2_ws/src/install/micro_ros_msgs/include/micro_ros_msgs/micro_ros_msgs/msg/detail/node__traits.hpp
[41.075s] -- Installing: /home/smr/workspaces/amrROS2_ws/src/install/micro_ros_msgs/include/micro_ros_msgs/micro_ros_msgs/msg/detail/entity__struct.hpp
[41.077s] -- Installing: /home/smr/workspaces/amrROS2_ws/src/install/micro_ros_msgs/include/micro_ros_msgs/micro_ros_msgs/msg/detail/graph__traits.hpp
[41.077s] -- Installing: /home/smr/workspaces/amrROS2_ws/src/install/micro_ros_msgs/include/micro_ros_msgs/micro_ros_msgs/msg/detail/graph__builder.hpp
[41.077s] -- Installing: /home/smr/workspaces/amrROS2_ws/src/install/micro_ros_msgs/include/micro_ros_msgs/micro_ros_msgs/msg/detail/node__struct.hpp
[41.077s] -- Installing: /home/smr/workspaces/amrROS2_ws/src/install/micro_ros_msgs/include/micro_ros_msgs/micro_ros_msgs/msg/detail/graph__struct.hpp
[41.077s] -- Installing: /home/smr/workspaces/amrROS2_ws/src/install/micro_ros_msgs/include/micro_ros_msgs/micro_ros_msgs/msg/detail/node__builder.hpp
[41.077s] -- Installing: /home/smr/workspaces/amrROS2_ws/src/install/micro_ros_msgs/include/micro_ros_msgs/micro_ros_msgs/msg/detail/entity__builder.hpp
[41.077s] -- Installing: /home/smr/workspaces/amrROS2_ws/src/install/micro_ros_msgs/include/micro_ros_msgs/micro_ros_msgs/msg/node.hpp
[41.077s] -- Installing: /home/smr/workspaces/amrROS2_ws/src/install/micro_ros_msgs/include/micro_ros_msgs/micro_ros_msgs/msg/graph.hpp
[41.077s] -- Installing: /home/smr/workspaces/amrROS2_ws/src/install/micro_ros_msgs/include/micro_ros_msgs/micro_ros_msgs/msg/entity.hpp
[41.078s] -- Up-to-date: /home/smr/workspaces/amrROS2_ws/src/install/micro_ros_msgs/include/micro_ros_msgs/micro_ros_msgs
[41.078s] -- Up-to-date: /home/smr/workspaces/amrROS2_ws/src/install/micro_ros_msgs/include/micro_ros_msgs/micro_ros_msgs/msg
[41.078s] -- Up-to-date: /home/smr/workspaces/amrROS2_ws/src/install/micro_ros_msgs/include/micro_ros_msgs/micro_ros_msgs/msg/detail
[41.079s] -- Installing: /home/smr/workspaces/amrROS2_ws/src/install/micro_ros_msgs/include/micro_ros_msgs/micro_ros_msgs/msg/detail/entity__rosidl_typesupport_fastrtps_cpp.hpp
[41.080s] -- Installing: /home/smr/workspaces/amrROS2_ws/src/install/micro_ros_msgs/include/micro_ros_msgs/micro_ros_msgs/msg/detail/graph__rosidl_typesupport_fastrtps_cpp.hpp
[41.080s] -- Installing: /home/smr/workspaces/amrROS2_ws/src/install/micro_ros_msgs/include/micro_ros_msgs/micro_ros_msgs/msg/detail/dds_fastrtps
[41.081s] -- Installing: /home/smr/workspaces/amrROS2_ws/src/install/micro_ros_msgs/include/micro_ros_msgs/micro_ros_msgs/msg/detail/node__rosidl_typesupport_fastrtps_cpp.hpp
[41.082s] -- Installing: /home/smr/workspaces/amrROS2_ws/src/install/micro_ros_msgs/include/micro_ros_msgs/micro_ros_msgs/msg/rosidl_typesupport_fastrtps_cpp__visibility_control.h
[41.083s] -- Installing: /home/smr/workspaces/amrROS2_ws/src/install/micro_ros_msgs/lib/libmicro_ros_msgs__rosidl_typesupport_fastrtps_cpp.so
[41.083s] -- Set runtime path of "/home/smr/workspaces/amrROS2_ws/src/install/micro_ros_msgs/lib/libmicro_ros_msgs__rosidl_typesupport_fastrtps_cpp.so" to ""
[41.083s] -- Up-to-date: /home/smr/workspaces/amrROS2_ws/src/install/micro_ros_msgs/include/micro_ros_msgs/micro_ros_msgs
[41.083s] -- Up-to-date: /home/smr/workspaces/amrROS2_ws/src/install/micro_ros_msgs/include/micro_ros_msgs/micro_ros_msgs/msg
[41.084s] -- Up-to-date: /home/smr/workspaces/amrROS2_ws/src/install/micro_ros_msgs/include/micro_ros_msgs/micro_ros_msgs/msg/detail
[41.084s] -- Installing: /home/smr/workspaces/amrROS2_ws/src/install/micro_ros_msgs/include/micro_ros_msgs/micro_ros_msgs/msg/detail/node__type_support.cpp
[41.084s] -- Installing: /home/smr/workspaces/amrROS2_ws/src/install/micro_ros_msgs/include/micro_ros_msgs/micro_ros_msgs/msg/detail/node__rosidl_typesupport_introspection_cpp.hpp
[41.084s] -- Installing: /home/smr/workspaces/amrROS2_ws/src/install/micro_ros_msgs/include/micro_ros_msgs/micro_ros_msgs/msg/detail/graph__rosidl_typesupport_introspection_cpp.hpp
[41.084s] -- Installing: /home/smr/workspaces/amrROS2_ws/src/install/micro_ros_msgs/include/micro_ros_msgs/micro_ros_msgs/msg/detail/entity__rosidl_typesupport_introspection_cpp.hpp
[41.085s] -- Installing: /home/smr/workspaces/amrROS2_ws/src/install/micro_ros_msgs/include/micro_ros_msgs/micro_ros_msgs/msg/detail/entity__type_support.cpp
[41.089s] -- Installing: /home/smr/workspaces/amrROS2_ws/src/install/micro_ros_msgs/include/micro_ros_msgs/micro_ros_msgs/msg/detail/graph__type_support.cpp
[41.090s] -- Installing: /home/smr/workspaces/amrROS2_ws/src/install/micro_ros_msgs/lib/libmicro_ros_msgs__rosidl_typesupport_introspection_cpp.so
[41.090s] -- Set runtime path of "/home/smr/workspaces/amrROS2_ws/src/install/micro_ros_msgs/lib/libmicro_ros_msgs__rosidl_typesupport_introspection_cpp.so" to ""
[41.091s] -- Installing: /home/smr/workspaces/amrROS2_ws/src/install/micro_ros_msgs/lib/libmicro_ros_msgs__rosidl_typesupport_cpp.so
[41.092s] -- Set runtime path of "/home/smr/workspaces/amrROS2_ws/src/install/micro_ros_msgs/lib/libmicro_ros_msgs__rosidl_typesupport_cpp.so" to ""
[41.092s] -- Installing: /home/smr/workspaces/amrROS2_ws/src/install/micro_ros_msgs/share/micro_ros_msgs/environment/pythonpath.sh
[41.094s] -- Installing: /home/smr/workspaces/amrROS2_ws/src/install/micro_ros_msgs/share/micro_ros_msgs/environment/pythonpath.dsv
[41.095s] -- Installing: /home/smr/workspaces/amrROS2_ws/src/install/micro_ros_msgs/local/lib/python3.10/dist-packages/micro_ros_msgs-3.0.1-py3.10.egg-info
[41.095s] -- Installing: /home/smr/workspaces/amrROS2_ws/src/install/micro_ros_msgs/local/lib/python3.10/dist-packages/micro_ros_msgs-3.0.1-py3.10.egg-info/dependency_links.txt
[41.096s] -- Installing: /home/smr/workspaces/amrROS2_ws/src/install/micro_ros_msgs/local/lib/python3.10/dist-packages/micro_ros_msgs-3.0.1-py3.10.egg-info/top_level.txt
[41.097s] -- Installing: /home/smr/workspaces/amrROS2_ws/src/install/micro_ros_msgs/local/lib/python3.10/dist-packages/micro_ros_msgs-3.0.1-py3.10.egg-info/SOURCES.txt
[41.097s] -- Installing: /home/smr/workspaces/amrROS2_ws/src/install/micro_ros_msgs/local/lib/python3.10/dist-packages/micro_ros_msgs-3.0.1-py3.10.egg-info/PKG-INFO
[41.097s] -- Installing: /home/smr/workspaces/amrROS2_ws/src/install/micro_ros_msgs/local/lib/python3.10/dist-packages/micro_ros_msgs
[41.097s] -- Installing: /home/smr/workspaces/amrROS2_ws/src/install/micro_ros_msgs/local/lib/python3.10/dist-packages/micro_ros_msgs/micro_ros_msgs_s__rosidl_typesupport_introspection_c.cpython-310-aarch64-linux-gnu.so
[41.098s] -- Installing: /home/smr/workspaces/amrROS2_ws/src/install/micro_ros_msgs/local/lib/python3.10/dist-packages/micro_ros_msgs/_micro_ros_msgs_s.ep.rosidl_typesupport_c.c
[41.098s] -- Installing: /home/smr/workspaces/amrROS2_ws/src/install/micro_ros_msgs/local/lib/python3.10/dist-packages/micro_ros_msgs/_micro_ros_msgs_s.ep.rosidl_typesupport_introspection_c.c
[41.098s] -- Installing: /home/smr/workspaces/amrROS2_ws/src/install/micro_ros_msgs/local/lib/python3.10/dist-packages/micro_ros_msgs/msg
[41.099s] -- Installing: /home/smr/workspaces/amrROS2_ws/src/install/micro_ros_msgs/local/lib/python3.10/dist-packages/micro_ros_msgs/msg/_node.py
[41.099s] -- Installing: /home/smr/workspaces/amrROS2_ws/src/install/micro_ros_msgs/local/lib/python3.10/dist-packages/micro_ros_msgs/msg/_graph_s.c
[41.100s] -- Installing: /home/smr/workspaces/amrROS2_ws/src/install/micro_ros_msgs/local/lib/python3.10/dist-packages/micro_ros_msgs/msg/_graph.py
[41.100s] -- Installing: /home/smr/workspaces/amrROS2_ws/src/install/micro_ros_msgs/local/lib/python3.10/dist-packages/micro_ros_msgs/msg/_entity_s.c
[41.100s] -- Installing: /home/smr/workspaces/amrROS2_ws/src/install/micro_ros_msgs/local/lib/python3.10/dist-packages/micro_ros_msgs/msg/_node_s.c
[41.101s] -- Installing: /home/smr/workspaces/amrROS2_ws/src/install/micro_ros_msgs/local/lib/python3.10/dist-packages/micro_ros_msgs/msg/_entity.py
[41.101s] -- Installing: /home/smr/workspaces/amrROS2_ws/src/install/micro_ros_msgs/local/lib/python3.10/dist-packages/micro_ros_msgs/msg/__init__.py
[41.102s] -- Installing: /home/smr/workspaces/amrROS2_ws/src/install/micro_ros_msgs/local/lib/python3.10/dist-packages/micro_ros_msgs/libmicro_ros_msgs__rosidl_generator_py.so
[41.102s] -- Installing: /home/smr/workspaces/amrROS2_ws/src/install/micro_ros_msgs/local/lib/python3.10/dist-packages/micro_ros_msgs/_micro_ros_msgs_s.ep.rosidl_typesupport_fastrtps_c.c
[41.102s] -- Installing: /home/smr/workspaces/amrROS2_ws/src/install/micro_ros_msgs/local/lib/python3.10/dist-packages/micro_ros_msgs/micro_ros_msgs_s__rosidl_typesupport_fastrtps_c.cpython-310-aarch64-linux-gnu.so
[41.103s] -- Installing: /home/smr/workspaces/amrROS2_ws/src/install/micro_ros_msgs/local/lib/python3.10/dist-packages/micro_ros_msgs/micro_ros_msgs_s__rosidl_typesupport_c.cpython-310-aarch64-linux-gnu.so
[41.103s] -- Installing: /home/smr/workspaces/amrROS2_ws/src/install/micro_ros_msgs/local/lib/python3.10/dist-packages/micro_ros_msgs/__init__.py
[41.192s] Listing '/home/smr/workspaces/amrROS2_ws/src/install/micro_ros_msgs/local/lib/python3.10/dist-packages/micro_ros_msgs'...
[41.192s] Compiling '/home/smr/workspaces/amrROS2_ws/src/install/micro_ros_msgs/local/lib/python3.10/dist-packages/micro_ros_msgs/__init__.py'...
[41.192s] Listing '/home/smr/workspaces/amrROS2_ws/src/install/micro_ros_msgs/local/lib/python3.10/dist-packages/micro_ros_msgs/msg'...
[41.192s] Compiling '/home/smr/workspaces/amrROS2_ws/src/install/micro_ros_msgs/local/lib/python3.10/dist-packages/micro_ros_msgs/msg/__init__.py'...
[41.192s] Compiling '/home/smr/workspaces/amrROS2_ws/src/install/micro_ros_msgs/local/lib/python3.10/dist-packages/micro_ros_msgs/msg/_entity.py'...
[41.193s] Compiling '/home/smr/workspaces/amrROS2_ws/src/install/micro_ros_msgs/local/lib/python3.10/dist-packages/micro_ros_msgs/msg/_graph.py'...
[41.193s] Compiling '/home/smr/workspaces/amrROS2_ws/src/install/micro_ros_msgs/local/lib/python3.10/dist-packages/micro_ros_msgs/msg/_node.py'...
[41.220s] -- Installing: /home/smr/workspaces/amrROS2_ws/src/install/micro_ros_msgs/local/lib/python3.10/dist-packages/micro_ros_msgs/micro_ros_msgs_s__rosidl_typesupport_fastrtps_c.cpython-310-aarch64-linux-gnu.so
[41.221s] -- Set runtime path of "/home/smr/workspaces/amrROS2_ws/src/install/micro_ros_msgs/local/lib/python3.10/dist-packages/micro_ros_msgs/micro_ros_msgs_s__rosidl_typesupport_fastrtps_c.cpython-310-aarch64-linux-gnu.so" to ""
[41.222s] -- Installing: /home/smr/workspaces/amrROS2_ws/src/install/micro_ros_msgs/local/lib/python3.10/dist-packages/micro_ros_msgs/micro_ros_msgs_s__rosidl_typesupport_introspection_c.cpython-310-aarch64-linux-gnu.so
[41.222s] -- Set runtime path of "/home/smr/workspaces/amrROS2_ws/src/install/micro_ros_msgs/local/lib/python3.10/dist-packages/micro_ros_msgs/micro_ros_msgs_s__rosidl_typesupport_introspection_c.cpython-310-aarch64-linux-gnu.so" to ""
[41.223s] -- Installing: /home/smr/workspaces/amrROS2_ws/src/install/micro_ros_msgs/local/lib/python3.10/dist-packages/micro_ros_msgs/micro_ros_msgs_s__rosidl_typesupport_c.cpython-310-aarch64-linux-gnu.so
[41.234s] -- Set runtime path of "/home/smr/workspaces/amrROS2_ws/src/install/micro_ros_msgs/local/lib/python3.10/dist-packages/micro_ros_msgs/micro_ros_msgs_s__rosidl_typesupport_c.cpython-310-aarch64-linux-gnu.so" to ""
[41.234s] -- Installing: /home/smr/workspaces/amrROS2_ws/src/install/micro_ros_msgs/lib/libmicro_ros_msgs__rosidl_generator_py.so
[41.235s] -- Set runtime path of "/home/smr/workspaces/amrROS2_ws/src/install/micro_ros_msgs/lib/libmicro_ros_msgs__rosidl_generator_py.so" to ""
[41.235s] -- Installing: /home/smr/workspaces/amrROS2_ws/src/install/micro_ros_msgs/share/micro_ros_msgs/msg/Graph.idl
[41.235s] -- Installing: /home/smr/workspaces/amrROS2_ws/src/install/micro_ros_msgs/share/micro_ros_msgs/msg/Node.idl
[41.235s] -- Installing: /home/smr/workspaces/amrROS2_ws/src/install/micro_ros_msgs/share/micro_ros_msgs/msg/Entity.idl
[41.235s] -- Installing: /home/smr/workspaces/amrROS2_ws/src/install/micro_ros_msgs/share/micro_ros_msgs/msg/Graph.msg
[41.235s] -- Installing: /home/smr/workspaces/amrROS2_ws/src/install/micro_ros_msgs/share/micro_ros_msgs/msg/Node.msg
[41.235s] -- Installing: /home/smr/workspaces/amrROS2_ws/src/install/micro_ros_msgs/share/micro_ros_msgs/msg/Entity.msg
[41.235s] -- Installing: /home/smr/workspaces/amrROS2_ws/src/install/micro_ros_msgs/share/ament_index/resource_index/package_run_dependencies/micro_ros_msgs
[41.235s] -- Installing: /home/smr/workspaces/amrROS2_ws/src/install/micro_ros_msgs/share/ament_index/resource_index/parent_prefix_path/micro_ros_msgs
[41.235s] -- Installing: /home/smr/workspaces/amrROS2_ws/src/install/micro_ros_msgs/share/micro_ros_msgs/environment/ament_prefix_path.sh
[41.235s] -- Installing: /home/smr/workspaces/amrROS2_ws/src/install/micro_ros_msgs/share/micro_ros_msgs/environment/ament_prefix_path.dsv
[41.236s] -- Installing: /home/smr/workspaces/amrROS2_ws/src/install/micro_ros_msgs/share/micro_ros_msgs/environment/path.sh
[41.236s] -- Installing: /home/smr/workspaces/amrROS2_ws/src/install/micro_ros_msgs/share/micro_ros_msgs/environment/path.dsv
[41.236s] -- Installing: /home/smr/workspaces/amrROS2_ws/src/install/micro_ros_msgs/share/micro_ros_msgs/local_setup.bash
[41.236s] -- Installing: /home/smr/workspaces/amrROS2_ws/src/install/micro_ros_msgs/share/micro_ros_msgs/local_setup.sh
[41.236s] -- Installing: /home/smr/workspaces/amrROS2_ws/src/install/micro_ros_msgs/share/micro_ros_msgs/local_setup.zsh
[41.236s] -- Installing: /home/smr/workspaces/amrROS2_ws/src/install/micro_ros_msgs/share/micro_ros_msgs/local_setup.dsv
[41.236s] -- Installing: /home/smr/workspaces/amrROS2_ws/src/install/micro_ros_msgs/share/micro_ros_msgs/package.dsv
[41.236s] -- Installing: /home/smr/workspaces/amrROS2_ws/src/install/micro_ros_msgs/share/ament_index/resource_index/packages/micro_ros_msgs
[41.237s] -- Installing: /home/smr/workspaces/amrROS2_ws/src/install/micro_ros_msgs/share/micro_ros_msgs/cmake/export_micro_ros_msgs__rosidl_generator_cExport.cmake
[41.238s] -- Installing: /home/smr/workspaces/amrROS2_ws/src/install/micro_ros_msgs/share/micro_ros_msgs/cmake/export_micro_ros_msgs__rosidl_generator_cExport-noconfig.cmake
[41.239s] -- Installing: /home/smr/workspaces/amrROS2_ws/src/install/micro_ros_msgs/share/micro_ros_msgs/cmake/export_micro_ros_msgs__rosidl_typesupport_fastrtps_cExport.cmake
[41.241s] -- Installing: /home/smr/workspaces/amrROS2_ws/src/install/micro_ros_msgs/share/micro_ros_msgs/cmake/export_micro_ros_msgs__rosidl_typesupport_fastrtps_cExport-noconfig.cmake
[41.242s] -- Installing: /home/smr/workspaces/amrROS2_ws/src/install/micro_ros_msgs/share/micro_ros_msgs/cmake/micro_ros_msgs__rosidl_typesupport_introspection_cExport.cmake
[41.244s] -- Installing: /home/smr/workspaces/amrROS2_ws/src/install/micro_ros_msgs/share/micro_ros_msgs/cmake/micro_ros_msgs__rosidl_typesupport_introspection_cExport-noconfig.cmake
[41.246s] -- Installing: /home/smr/workspaces/amrROS2_ws/src/install/micro_ros_msgs/share/micro_ros_msgs/cmake/micro_ros_msgs__rosidl_typesupport_cExport.cmake
[41.248s] -- Installing: /home/smr/workspaces/amrROS2_ws/src/install/micro_ros_msgs/share/micro_ros_msgs/cmake/micro_ros_msgs__rosidl_typesupport_cExport-noconfig.cmake
[41.279s] -- Installing: /home/smr/workspaces/amrROS2_ws/src/install/micro_ros_msgs/share/micro_ros_msgs/cmake/export_micro_ros_msgs__rosidl_generator_cppExport.cmake
[41.281s] -- Installing: /home/smr/workspaces/amrROS2_ws/src/install/micro_ros_msgs/share/micro_ros_msgs/cmake/export_micro_ros_msgs__rosidl_typesupport_fastrtps_cppExport.cmake
[41.281s] -- Installing: /home/smr/workspaces/amrROS2_ws/src/install/micro_ros_msgs/share/micro_ros_msgs/cmake/export_micro_ros_msgs__rosidl_typesupport_fastrtps_cppExport-noconfig.cmake
[41.282s] -- Installing: /home/smr/workspaces/amrROS2_ws/src/install/micro_ros_msgs/share/micro_ros_msgs/cmake/micro_ros_msgs__rosidl_typesupport_introspection_cppExport.cmake
[41.283s] -- Installing: /home/smr/workspaces/amrROS2_ws/src/install/micro_ros_msgs/share/micro_ros_msgs/cmake/micro_ros_msgs__rosidl_typesupport_introspection_cppExport-noconfig.cmake
[41.289s] -- Installing: /home/smr/workspaces/amrROS2_ws/src/install/micro_ros_msgs/share/micro_ros_msgs/cmake/micro_ros_msgs__rosidl_typesupport_cppExport.cmake
[41.293s] -- Installing: /home/smr/workspaces/amrROS2_ws/src/install/micro_ros_msgs/share/micro_ros_msgs/cmake/micro_ros_msgs__rosidl_typesupport_cppExport-noconfig.cmake
[41.294s] -- Installing: /home/smr/workspaces/amrROS2_ws/src/install/micro_ros_msgs/share/micro_ros_msgs/cmake/export_micro_ros_msgs__rosidl_generator_pyExport.cmake
[41.294s] -- Installing: /home/smr/workspaces/amrROS2_ws/src/install/micro_ros_msgs/share/micro_ros_msgs/cmake/export_micro_ros_msgs__rosidl_generator_pyExport-noconfig.cmake
[41.295s] -- Installing: /home/smr/workspaces/amrROS2_ws/src/install/micro_ros_msgs/share/micro_ros_msgs/cmake/rosidl_cmake-extras.cmake
[41.296s] -- Installing: /home/smr/workspaces/amrROS2_ws/src/install/micro_ros_msgs/share/micro_ros_msgs/cmake/ament_cmake_export_include_directories-extras.cmake
[41.297s] -- Installing: /home/smr/workspaces/amrROS2_ws/src/install/micro_ros_msgs/share/micro_ros_msgs/cmake/ament_cmake_export_libraries-extras.cmake
[41.297s] -- Installing: /home/smr/workspaces/amrROS2_ws/src/install/micro_ros_msgs/share/micro_ros_msgs/cmake/ament_cmake_export_targets-extras.cmake
[41.298s] -- Installing: /home/smr/workspaces/amrROS2_ws/src/install/micro_ros_msgs/share/micro_ros_msgs/cmake/rosidl_cmake_export_typesupport_targets-extras.cmake
[41.299s] -- Installing: /home/smr/workspaces/amrROS2_ws/src/install/micro_ros_msgs/share/micro_ros_msgs/cmake/ament_cmake_export_dependencies-extras.cmake
[41.300s] -- Installing: /home/smr/workspaces/amrROS2_ws/src/install/micro_ros_msgs/share/micro_ros_msgs/cmake/rosidl_cmake_export_typesupport_libraries-extras.cmake
[41.301s] -- Installing: /home/smr/workspaces/amrROS2_ws/src/install/micro_ros_msgs/share/micro_ros_msgs/cmake/micro_ros_msgsConfig.cmake
[41.302s] -- Installing: /home/smr/workspaces/amrROS2_ws/src/install/micro_ros_msgs/share/micro_ros_msgs/cmake/micro_ros_msgsConfig-version.cmake
[41.304s] -- Installing: /home/smr/workspaces/amrROS2_ws/src/install/micro_ros_msgs/share/micro_ros_msgs/package.xml
[41.325s] Invoked command in '/home/smr/workspaces/amrROS2_ws/src/build/micro_ros_msgs' returned '0': CMAKE_PREFIX_PATH=${CMAKE_PREFIX_PATH}:/home/smr/workspaces/amrROS2_ws/install/python_pkg:/opt/ros/humble /usr/bin/cmake --install /home/smr/workspaces/amrROS2_ws/src/build/micro_ros_msgs
