[0.688s] Invoking command in '/home/smr/workspaces/amrROS2_ws/src/build/example': CMAKE_PREFIX_PATH=${CMAKE_PREFIX_PATH}:/home/smr/workspaces/amrROS2_ws/install/python_pkg:/opt/ros/humble /usr/bin/cmake /home/smr/workspaces/amrROS2_ws/src/example -DCMAKE_INSTALL_PREFIX=/home/smr/workspaces/amrROS2_ws/src/install/example
[1.007s] -- The C compiler identification is GNU 11.4.0
[1.446s] -- The CXX compiler identification is GNU 11.4.0
[1.505s] -- Detecting C compiler ABI info
[1.794s] -- Detecting C compiler ABI info - done
[1.815s] -- Check for working C compiler: /usr/bin/cc - skipped
[1.818s] -- Detecting C compile features
[1.821s] -- Detecting C compile features - done
[1.843s] -- Detecting CXX compiler ABI info
[2.126s] -- Detecting CXX compiler ABI info - done
[2.138s] -- Check for working CXX compiler: /usr/bin/c++ - skipped
[2.138s] -- Detecting CXX compile features
[2.139s] -- Detecting CXX compile features - done
[2.177s] -- Found ament_cmake: 1.3.10 (/opt/ros/humble/share/ament_cmake/cmake)
[2.748s] -- Found Python3: /usr/bin/python3 (found version "3.10.12") found components: Interpreter 
[3.410s] -- Found ament_lint_auto: 0.12.11 (/opt/ros/humble/share/ament_lint_auto/cmake)
[3.782s] -- Added test 'lint_cmake' to check CMake code style
[3.784s] -- Added test 'xmllint' to check XML markup files
[3.788s] -- Configuring done
[3.808s] -- Generating done
[3.823s] -- Build files have been written to: /home/smr/workspaces/amrROS2_ws/src/build/example
[3.841s] Invoked command in '/home/smr/workspaces/amrROS2_ws/src/build/example' returned '0': CMAKE_PREFIX_PATH=${CMAKE_PREFIX_PATH}:/home/smr/workspaces/amrROS2_ws/install/python_pkg:/opt/ros/humble /usr/bin/cmake /home/smr/workspaces/amrROS2_ws/src/example -DCMAKE_INSTALL_PREFIX=/home/smr/workspaces/amrROS2_ws/src/install/example
[3.842s] Invoking command in '/home/smr/workspaces/amrROS2_ws/src/build/example': CMAKE_PREFIX_PATH=${CMAKE_PREFIX_PATH}:/home/smr/workspaces/amrROS2_ws/install/python_pkg:/opt/ros/humble /usr/bin/cmake --build /home/smr/workspaces/amrROS2_ws/src/build/example -- -j8 -l8
[3.997s] Invoked command in '/home/smr/workspaces/amrROS2_ws/src/build/example' returned '0': CMAKE_PREFIX_PATH=${CMAKE_PREFIX_PATH}:/home/smr/workspaces/amrROS2_ws/install/python_pkg:/opt/ros/humble /usr/bin/cmake --build /home/smr/workspaces/amrROS2_ws/src/build/example -- -j8 -l8
[4.144s] Invoking command in '/home/smr/workspaces/amrROS2_ws/src/build/example': CMAKE_PREFIX_PATH=${CMAKE_PREFIX_PATH}:/home/smr/workspaces/amrROS2_ws/install/python_pkg:/opt/ros/humble /usr/bin/cmake --install /home/smr/workspaces/amrROS2_ws/src/build/example
[4.207s] -- Install configuration: ""
[4.208s] -- Installing: /home/smr/workspaces/amrROS2_ws/src/install/example/share/example/urdf
[4.208s] -- Installing: /home/smr/workspaces/amrROS2_ws/src/install/example/share/example/urdf/robot.urdf
[4.241s] -- Installing: /home/smr/workspaces/amrROS2_ws/src/install/example/share/example/urdf/robotgot.urdf
[4.243s] -- Installing: /home/smr/workspaces/amrROS2_ws/src/install/example/share/ament_index/resource_index/package_run_dependencies/example
[4.243s] -- Installing: /home/smr/workspaces/amrROS2_ws/src/install/example/share/ament_index/resource_index/parent_prefix_path/example
[4.244s] -- Installing: /home/smr/workspaces/amrROS2_ws/src/install/example/share/example/environment/ament_prefix_path.sh
[4.246s] -- Installing: /home/smr/workspaces/amrROS2_ws/src/install/example/share/example/environment/ament_prefix_path.dsv
[4.248s] -- Installing: /home/smr/workspaces/amrROS2_ws/src/install/example/share/example/environment/path.sh
[4.252s] -- Installing: /home/smr/workspaces/amrROS2_ws/src/install/example/share/example/environment/path.dsv
[4.267s] -- Installing: /home/smr/workspaces/amrROS2_ws/src/install/example/share/example/local_setup.bash
[4.267s] -- Installing: /home/smr/workspaces/amrROS2_ws/src/install/example/share/example/local_setup.sh
[4.267s] -- Installing: /home/smr/workspaces/amrROS2_ws/src/install/example/share/example/local_setup.zsh
[4.267s] -- Installing: /home/smr/workspaces/amrROS2_ws/src/install/example/share/example/local_setup.dsv
[4.268s] -- Installing: /home/smr/workspaces/amrROS2_ws/src/install/example/share/example/package.dsv
[4.270s] -- Installing: /home/smr/workspaces/amrROS2_ws/src/install/example/share/ament_index/resource_index/packages/example
[4.271s] -- Installing: /home/smr/workspaces/amrROS2_ws/src/install/example/share/example/cmake/exampleConfig.cmake
[4.272s] -- Installing: /home/smr/workspaces/amrROS2_ws/src/install/example/share/example/cmake/exampleConfig-version.cmake
[4.272s] -- Installing: /home/smr/workspaces/amrROS2_ws/src/install/example/share/example/package.xml
[4.273s] Invoked command in '/home/smr/workspaces/amrROS2_ws/src/build/example' returned '0': CMAKE_PREFIX_PATH=${CMAKE_PREFIX_PATH}:/home/smr/workspaces/amrROS2_ws/install/python_pkg:/opt/ros/humble /usr/bin/cmake --install /home/smr/workspaces/amrROS2_ws/src/build/example
