[0.104s] Invoking command in '/home/smr/workspaces/amrROS2_ws/build/example': CMAKE_PREFIX_PATH=${CMAKE_PREFIX_PATH}:/home/smr/workspaces/amrROS2_ws/install/python_pkg:/opt/ros/humble /usr/bin/cmake --build /home/smr/workspaces/amrROS2_ws/build/example -- -j8 -l8
[0.649s] Invoked command in '/home/smr/workspaces/amrROS2_ws/build/example' returned '0': CMAKE_PREFIX_PATH=${CMAKE_PREFIX_PATH}:/home/smr/workspaces/amrROS2_ws/install/python_pkg:/opt/ros/humble /usr/bin/cmake --build /home/smr/workspaces/amrROS2_ws/build/example -- -j8 -l8
[0.792s] Invoking command in '/home/smr/workspaces/amrROS2_ws/build/example': CMAKE_PREFIX_PATH=${CMAKE_PREFIX_PATH}:/home/smr/workspaces/amrROS2_ws/install/python_pkg:/opt/ros/humble /usr/bin/cmake --install /home/smr/workspaces/amrROS2_ws/build/example
[0.810s] -- Install configuration: ""
[0.813s] -- Up-to-date: /home/smr/workspaces/amrROS2_ws/install/example/share/example/urdf
[0.839s] -- Installing: /home/smr/workspaces/amrROS2_ws/install/example/share/example/urdf/robot.urdf
[0.880s] -- Installing: /home/smr/workspaces/amrROS2_ws/install/example/share/example/urdf/robotgot.urdf
[0.881s] -- Up-to-date: /home/smr/workspaces/amrROS2_ws/install/example/share/ament_index/resource_index/package_run_dependencies/example
[0.881s] -- Up-to-date: /home/smr/workspaces/amrROS2_ws/install/example/share/ament_index/resource_index/parent_prefix_path/example
[0.883s] -- Up-to-date: /home/smr/workspaces/amrROS2_ws/install/example/share/example/environment/ament_prefix_path.sh
[0.883s] -- Up-to-date: /home/smr/workspaces/amrROS2_ws/install/example/share/example/environment/ament_prefix_path.dsv
[0.883s] -- Up-to-date: /home/smr/workspaces/amrROS2_ws/install/example/share/example/environment/path.sh
[0.883s] -- Up-to-date: /home/smr/workspaces/amrROS2_ws/install/example/share/example/environment/path.dsv
[0.884s] -- Up-to-date: /home/smr/workspaces/amrROS2_ws/install/example/share/example/local_setup.bash
[0.884s] -- Up-to-date: /home/smr/workspaces/amrROS2_ws/install/example/share/example/local_setup.sh
[0.884s] -- Up-to-date: /home/smr/workspaces/amrROS2_ws/install/example/share/example/local_setup.zsh
[0.884s] -- Up-to-date: /home/smr/workspaces/amrROS2_ws/install/example/share/example/local_setup.dsv
[0.884s] -- Installing: /home/smr/workspaces/amrROS2_ws/install/example/share/example/package.dsv
[0.884s] -- Up-to-date: /home/smr/workspaces/amrROS2_ws/install/example/share/ament_index/resource_index/packages/example
[0.885s] -- Up-to-date: /home/smr/workspaces/amrROS2_ws/install/example/share/example/cmake/exampleConfig.cmake
[0.886s] -- Up-to-date: /home/smr/workspaces/amrROS2_ws/install/example/share/example/cmake/exampleConfig-version.cmake
[0.886s] -- Up-to-date: /home/smr/workspaces/amrROS2_ws/install/example/share/example/package.xml
[1.104s] Invoked command in '/home/smr/workspaces/amrROS2_ws/build/example' returned '0': CMAKE_PREFIX_PATH=${CMAKE_PREFIX_PATH}:/home/smr/workspaces/amrROS2_ws/install/python_pkg:/opt/ros/humble /usr/bin/cmake --install /home/smr/workspaces/amrROS2_ws/build/example
