[1.310s] Invoking command in '/home/smr/workspaces/amrROS2_ws/src/action_autodock': PYTHONPATH=/home/smr/workspaces/amrROS2_ws/build/action_autodock/prefix_override:/usr/lib/python3/dist-packages/colcon_core/task/python/colcon_distutils_commands:/home/smr/workspaces/amrROS2_ws/install/action_autodock/lib/python3.10/site-packages:${PYTHONPATH} /usr/bin/python3 -W ignore:setup.py install is deprecated setup.py egg_info --egg-base ../../build/action_autodock build --build-base /home/smr/workspaces/amrROS2_ws/build/action_autodock/build install --record /home/smr/workspaces/amrROS2_ws/build/action_autodock/install.log --single-version-externally-managed install_data
[1.694s] running egg_info
[1.698s] writing ../../build/action_autodock/action_autodock.egg-info/PKG-INFO
[1.700s] writing dependency_links to ../../build/action_autodock/action_autodock.egg-info/dependency_links.txt
[1.701s] writing entry points to ../../build/action_autodock/action_autodock.egg-info/entry_points.txt
[1.702s] writing requirements to ../../build/action_autodock/action_autodock.egg-info/requires.txt
[1.703s] writing top-level names to ../../build/action_autodock/action_autodock.egg-info/top_level.txt
[1.704s] reading manifest file '../../build/action_autodock/action_autodock.egg-info/SOURCES.txt'
[1.705s] adding license file 'LICENSE'
[1.706s] writing manifest file '../../build/action_autodock/action_autodock.egg-info/SOURCES.txt'
[1.706s] running build
[1.707s] running build_py
[1.708s] running install
[1.708s] running install_lib
[1.713s] running install_data
[1.714s] copying config/auto_dock_config.yaml -> /home/smr/workspaces/amrROS2_ws/install/action_autodock/share/action_autodock/config
[1.715s] running install_egg_info
[1.716s] removing '/home/smr/workspaces/amrROS2_ws/install/action_autodock/lib/python3.10/site-packages/action_autodock-0.0.0-py3.10.egg-info' (and everything under it)
[1.718s] Copying ../../build/action_autodock/action_autodock.egg-info to /home/smr/workspaces/amrROS2_ws/install/action_autodock/lib/python3.10/site-packages/action_autodock-0.0.0-py3.10.egg-info
[1.718s] running install_scripts
[1.773s] Installing autodock_action_server script to /home/smr/workspaces/amrROS2_ws/install/action_autodock/lib/action_autodock
[1.773s] writing list of installed files to '/home/smr/workspaces/amrROS2_ws/build/action_autodock/install.log'
[1.853s] Invoked command in '/home/smr/workspaces/amrROS2_ws/src/action_autodock' returned '0': PYTHONPATH=/home/smr/workspaces/amrROS2_ws/build/action_autodock/prefix_override:/usr/lib/python3/dist-packages/colcon_core/task/python/colcon_distutils_commands:/home/smr/workspaces/amrROS2_ws/install/action_autodock/lib/python3.10/site-packages:${PYTHONPATH} /usr/bin/python3 -W ignore:setup.py install is deprecated setup.py egg_info --egg-base ../../build/action_autodock build --build-base /home/smr/workspaces/amrROS2_ws/build/action_autodock/build install --record /home/smr/workspaces/amrROS2_ws/build/action_autodock/install.log --single-version-externally-managed install_data
