[0.056s] Invoking command in '/home/smr/workspaces/amrROS2_ws/build/bringup': CMAKE_PREFIX_PATH=/home/smr/workspaces/amrROS2_ws/install/micro_ros_agent:/home/smr/workspaces/amrROS2_ws/install/micro_ros_msgs:/home/smr/workspaces/amrROS2_ws/install/sllidar_ros2:/home/smr/workspaces/amrROS2_ws/install/navigation:/home/smr/workspaces/amrROS2_ws/install/micro_ros_setup:/home/smr/workspaces/amrROS2_ws/install/bringup:/home/smr/workspaces/amrROS2_ws/install/description:/home/smr/workspaces/amrROS2_ws/install/python_pkg:/opt/ros/humble /usr/bin/cmake --build /home/smr/workspaces/amrROS2_ws/build/bringup -- -j8 -l8
[0.198s] Invoked command in '/home/smr/workspaces/amrROS2_ws/build/bringup' returned '0': CMAKE_PREFIX_PATH=/home/smr/workspaces/amrROS2_ws/install/micro_ros_agent:/home/smr/workspaces/amrROS2_ws/install/micro_ros_msgs:/home/smr/workspaces/amrROS2_ws/install/sllidar_ros2:/home/smr/workspaces/amrROS2_ws/install/navigation:/home/smr/workspaces/amrROS2_ws/install/micro_ros_setup:/home/smr/workspaces/amrROS2_ws/install/bringup:/home/smr/workspaces/amrROS2_ws/install/description:/home/smr/workspaces/amrROS2_ws/install/python_pkg:/opt/ros/humble /usr/bin/cmake --build /home/smr/workspaces/amrROS2_ws/build/bringup -- -j8 -l8
[0.304s] Invoking command in '/home/smr/workspaces/amrROS2_ws/build/bringup': CMAKE_PREFIX_PATH=/home/smr/workspaces/amrROS2_ws/install/micro_ros_agent:/home/smr/workspaces/amrROS2_ws/install/micro_ros_msgs:/home/smr/workspaces/amrROS2_ws/install/sllidar_ros2:/home/smr/workspaces/amrROS2_ws/install/navigation:/home/smr/workspaces/amrROS2_ws/install/micro_ros_setup:/home/smr/workspaces/amrROS2_ws/install/bringup:/home/smr/workspaces/amrROS2_ws/install/description:/home/smr/workspaces/amrROS2_ws/install/python_pkg:/opt/ros/humble /usr/bin/cmake --install /home/smr/workspaces/amrROS2_ws/build/bringup
[0.322s] -- Install configuration: ""
[0.324s] -- Up-to-date: /home/smr/workspaces/amrROS2_ws/install/bringup/share/bringup/launch
[0.328s] -- Up-to-date: /home/smr/workspaces/amrROS2_ws/install/bringup/share/bringup/launch/bringup.launch.py
[0.329s] -- Up-to-date: /home/smr/workspaces/amrROS2_ws/install/bringup/share/bringup/launch/camera.launch.py
[0.331s] -- Up-to-date: /home/smr/workspaces/amrROS2_ws/install/bringup/share/bringup/config
[0.345s] -- Up-to-date: /home/smr/workspaces/amrROS2_ws/install/bringup/share/bringup/config/ekf.yaml
[0.355s] -- Up-to-date: /home/smr/workspaces/amrROS2_ws/install/bringup/share/bringup/config/usbcam.yaml
[0.356s] -- Up-to-date: /home/smr/workspaces/amrROS2_ws/install/bringup/share/ament_index/resource_index/package_run_dependencies/bringup
[0.356s] -- Up-to-date: /home/smr/workspaces/amrROS2_ws/install/bringup/share/ament_index/resource_index/parent_prefix_path/bringup
[0.357s] -- Up-to-date: /home/smr/workspaces/amrROS2_ws/install/bringup/share/bringup/environment/ament_prefix_path.sh
[0.358s] -- Up-to-date: /home/smr/workspaces/amrROS2_ws/install/bringup/share/bringup/environment/ament_prefix_path.dsv
[0.358s] -- Up-to-date: /home/smr/workspaces/amrROS2_ws/install/bringup/share/bringup/environment/path.sh
[0.358s] -- Up-to-date: /home/smr/workspaces/amrROS2_ws/install/bringup/share/bringup/environment/path.dsv
[0.359s] -- Up-to-date: /home/smr/workspaces/amrROS2_ws/install/bringup/share/bringup/local_setup.bash
[0.359s] -- Up-to-date: /home/smr/workspaces/amrROS2_ws/install/bringup/share/bringup/local_setup.sh
[0.360s] -- Up-to-date: /home/smr/workspaces/amrROS2_ws/install/bringup/share/bringup/local_setup.zsh
[0.360s] -- Up-to-date: /home/smr/workspaces/amrROS2_ws/install/bringup/share/bringup/local_setup.dsv
[0.361s] -- Installing: /home/smr/workspaces/amrROS2_ws/install/bringup/share/bringup/package.dsv
[0.361s] -- Up-to-date: /home/smr/workspaces/amrROS2_ws/install/bringup/share/ament_index/resource_index/packages/bringup
[0.362s] -- Up-to-date: /home/smr/workspaces/amrROS2_ws/install/bringup/share/bringup/cmake/bringupConfig.cmake
[0.362s] -- Up-to-date: /home/smr/workspaces/amrROS2_ws/install/bringup/share/bringup/cmake/bringupConfig-version.cmake
[0.363s] -- Up-to-date: /home/smr/workspaces/amrROS2_ws/install/bringup/share/bringup/package.xml
[0.364s] Invoked command in '/home/smr/workspaces/amrROS2_ws/build/bringup' returned '0': CMAKE_PREFIX_PATH=/home/smr/workspaces/amrROS2_ws/install/micro_ros_agent:/home/smr/workspaces/amrROS2_ws/install/micro_ros_msgs:/home/smr/workspaces/amrROS2_ws/install/sllidar_ros2:/home/smr/workspaces/amrROS2_ws/install/navigation:/home/smr/workspaces/amrROS2_ws/install/micro_ros_setup:/home/smr/workspaces/amrROS2_ws/install/bringup:/home/smr/workspaces/amrROS2_ws/install/description:/home/smr/workspaces/amrROS2_ws/install/python_pkg:/opt/ros/humble /usr/bin/cmake --install /home/smr/workspaces/amrROS2_ws/build/bringup
