[0.728s] Invoking command in '/home/smr/workspaces/amrROS2_ws/build/description': CMAKE_PREFIX_PATH=${CMAKE_PREFIX_PATH}:/home/smr/workspaces/amrROS2_ws/install/robot_nav_tool:/home/smr/workspaces/amrROS2_ws/install/robot_data_tool:/home/smr/workspaces/amrROS2_ws/install/python_pkg:/home/smr/workspaces/amrROS2_ws/install/action_autodock:/opt/ros/humble /usr/bin/cmake --build /home/smr/workspaces/amrROS2_ws/build/description -- -j8 -l8
[1.473s] Invoked command in '/home/smr/workspaces/amrROS2_ws/build/description' returned '0': CMAKE_PREFIX_PATH=${CMAKE_PREFIX_PATH}:/home/smr/workspaces/amrROS2_ws/install/robot_nav_tool:/home/smr/workspaces/amrROS2_ws/install/robot_data_tool:/home/smr/workspaces/amrROS2_ws/install/python_pkg:/home/smr/workspaces/amrROS2_ws/install/action_autodock:/opt/ros/humble /usr/bin/cmake --build /home/smr/workspaces/amrROS2_ws/build/description -- -j8 -l8
[1.572s] Invoking command in '/home/smr/workspaces/amrROS2_ws/build/description': CMAKE_PREFIX_PATH=${CMAKE_PREFIX_PATH}:/home/smr/workspaces/amrROS2_ws/install/robot_nav_tool:/home/smr/workspaces/amrROS2_ws/install/robot_data_tool:/home/smr/workspaces/amrROS2_ws/install/python_pkg:/home/smr/workspaces/amrROS2_ws/install/action_autodock:/opt/ros/humble /usr/bin/cmake --install /home/smr/workspaces/amrROS2_ws/build/description
[1.608s] -- Install configuration: ""
[1.609s] -- Up-to-date: /home/smr/workspaces/amrROS2_ws/install/description/share/description/urdf
[1.609s] -- Up-to-date: /home/smr/workspaces/amrROS2_ws/install/description/share/description/urdf/property
[1.610s] -- Up-to-date: /home/smr/workspaces/amrROS2_ws/install/description/share/description/urdf/property/robot_property.urdf.xacro
[1.610s] -- Up-to-date: /home/smr/workspaces/amrROS2_ws/install/description/share/description/urdf/sensors
[1.611s] -- Up-to-date: /home/smr/workspaces/amrROS2_ws/install/description/share/description/urdf/sensors/range_sensor.urdf.xacro
[1.611s] -- Up-to-date: /home/smr/workspaces/amrROS2_ws/install/description/share/description/urdf/sensors/imu.urdf.xacro
[1.612s] -- Up-to-date: /home/smr/workspaces/amrROS2_ws/install/description/share/description/urdf/sensors/laser.urdf.xacro
[1.612s] -- Up-to-date: /home/smr/workspaces/amrROS2_ws/install/description/share/description/urdf/sensors/camera.urdf.xacro
[1.614s] -- Up-to-date: /home/smr/workspaces/amrROS2_ws/install/description/share/description/urdf/controllers
[1.616s] -- Up-to-date: /home/smr/workspaces/amrROS2_ws/install/description/share/description/urdf/controllers/diff_drive_controller.urdf.xacro
[1.617s] -- Up-to-date: /home/smr/workspaces/amrROS2_ws/install/description/share/description/urdf/mech
[1.619s] -- Up-to-date: /home/smr/workspaces/amrROS2_ws/install/description/share/description/urdf/mech/wheel.urdf.xacro
[1.633s] -- Up-to-date: /home/smr/workspaces/amrROS2_ws/install/description/share/description/urdf/mech/caster_wheel.urdf.xacro
[1.634s] -- Up-to-date: /home/smr/workspaces/amrROS2_ws/install/description/share/description/urdf/mech/base.urdf.xacro
[1.635s] -- Up-to-date: /home/smr/workspaces/amrROS2_ws/install/description/share/description/urdf/robot
[1.636s] -- Up-to-date: /home/smr/workspaces/amrROS2_ws/install/description/share/description/urdf/robot/robot.urdf.xacro
[1.637s] -- Up-to-date: /home/smr/workspaces/amrROS2_ws/install/description/share/description/rviz
[1.639s] -- Up-to-date: /home/smr/workspaces/amrROS2_ws/install/description/share/description/rviz/description.rviz
[1.640s] -- Up-to-date: /home/smr/workspaces/amrROS2_ws/install/description/share/description/launch
[1.640s] -- Up-to-date: /home/smr/workspaces/amrROS2_ws/install/description/share/description/launch/description.launch.py
[1.641s] -- Up-to-date: /home/smr/workspaces/amrROS2_ws/install/description/share/ament_index/resource_index/package_run_dependencies/description
[1.641s] -- Up-to-date: /home/smr/workspaces/amrROS2_ws/install/description/share/ament_index/resource_index/parent_prefix_path/description
[1.642s] -- Up-to-date: /home/smr/workspaces/amrROS2_ws/install/description/share/description/environment/ament_prefix_path.sh
[1.645s] -- Up-to-date: /home/smr/workspaces/amrROS2_ws/install/description/share/description/environment/ament_prefix_path.dsv
[1.646s] -- Up-to-date: /home/smr/workspaces/amrROS2_ws/install/description/share/description/environment/path.sh
[1.647s] -- Up-to-date: /home/smr/workspaces/amrROS2_ws/install/description/share/description/environment/path.dsv
[1.648s] -- Up-to-date: /home/smr/workspaces/amrROS2_ws/install/description/share/description/local_setup.bash
[1.650s] -- Up-to-date: /home/smr/workspaces/amrROS2_ws/install/description/share/description/local_setup.sh
[1.660s] -- Up-to-date: /home/smr/workspaces/amrROS2_ws/install/description/share/description/local_setup.zsh
[1.660s] -- Up-to-date: /home/smr/workspaces/amrROS2_ws/install/description/share/description/local_setup.dsv
[1.661s] -- Installing: /home/smr/workspaces/amrROS2_ws/install/description/share/description/package.dsv
[1.661s] -- Up-to-date: /home/smr/workspaces/amrROS2_ws/install/description/share/ament_index/resource_index/packages/description
[1.662s] -- Up-to-date: /home/smr/workspaces/amrROS2_ws/install/description/share/description/cmake/descriptionConfig.cmake
[1.662s] -- Up-to-date: /home/smr/workspaces/amrROS2_ws/install/description/share/description/cmake/descriptionConfig-version.cmake
[1.662s] -- Up-to-date: /home/smr/workspaces/amrROS2_ws/install/description/share/description/package.xml
[1.880s] Invoked command in '/home/smr/workspaces/amrROS2_ws/build/description' returned '0': CMAKE_PREFIX_PATH=${CMAKE_PREFIX_PATH}:/home/smr/workspaces/amrROS2_ws/install/robot_nav_tool:/home/smr/workspaces/amrROS2_ws/install/robot_data_tool:/home/smr/workspaces/amrROS2_ws/install/python_pkg:/home/smr/workspaces/amrROS2_ws/install/action_autodock:/opt/ros/humble /usr/bin/cmake --install /home/smr/workspaces/amrROS2_ws/build/description
