[3.683s] Invoking command in '/home/smr/workspaces/amrROS2_ws/src/python_pkg': PYTHONPATH=/home/smr/workspaces/amrROS2_ws/build/python_pkg/prefix_override:/usr/lib/python3/dist-packages/colcon_core/task/python/colcon_distutils_commands:/home/smr/workspaces/amrROS2_ws/install/python_pkg/lib/python3.10/site-packages:${PYTHONPATH} /usr/bin/python3 -W ignore:setup.py install is deprecated setup.py egg_info --egg-base ../../build/python_pkg build --build-base /home/smr/workspaces/amrROS2_ws/build/python_pkg/build install --record /home/smr/workspaces/amrROS2_ws/build/python_pkg/install.log --single-version-externally-managed install_data
[4.061s] running egg_info
[4.062s] writing ../../build/python_pkg/python_pkg.egg-info/PKG-INFO
[4.064s] writing dependency_links to ../../build/python_pkg/python_pkg.egg-info/dependency_links.txt
[4.064s] writing entry points to ../../build/python_pkg/python_pkg.egg-info/entry_points.txt
[4.065s] writing requirements to ../../build/python_pkg/python_pkg.egg-info/requires.txt
[4.065s] writing top-level names to ../../build/python_pkg/python_pkg.egg-info/top_level.txt
[4.069s] reading manifest file '../../build/python_pkg/python_pkg.egg-info/SOURCES.txt'
[4.071s] adding license file 'LICENSE'
[4.072s] writing manifest file '../../build/python_pkg/python_pkg.egg-info/SOURCES.txt'
[4.073s] running build
[4.074s] running build_py
[4.080s] running install
[4.081s] running install_lib
[4.082s] running install_data
[4.083s] running install_egg_info
[4.084s] removing '/home/smr/workspaces/amrROS2_ws/install/python_pkg/lib/python3.10/site-packages/python_pkg-0.0.0-py3.10.egg-info' (and everything under it)
[4.084s] Copying ../../build/python_pkg/python_pkg.egg-info to /home/smr/workspaces/amrROS2_ws/install/python_pkg/lib/python3.10/site-packages/python_pkg-0.0.0-py3.10.egg-info
[4.086s] running install_scripts
[4.128s] Installing ip_publisher script to /home/smr/workspaces/amrROS2_ws/install/python_pkg/lib/python_pkg
[4.130s] writing list of installed files to '/home/smr/workspaces/amrROS2_ws/build/python_pkg/install.log'
[4.237s] Invoked command in '/home/smr/workspaces/amrROS2_ws/src/python_pkg' returned '0': PYTHONPATH=/home/smr/workspaces/amrROS2_ws/build/python_pkg/prefix_override:/usr/lib/python3/dist-packages/colcon_core/task/python/colcon_distutils_commands:/home/smr/workspaces/amrROS2_ws/install/python_pkg/lib/python3.10/site-packages:${PYTHONPATH} /usr/bin/python3 -W ignore:setup.py install is deprecated setup.py egg_info --egg-base ../../build/python_pkg build --build-base /home/smr/workspaces/amrROS2_ws/build/python_pkg/build install --record /home/smr/workspaces/amrROS2_ws/build/python_pkg/install.log --single-version-externally-managed install_data
