running egg_info
writing ../../build/python_pkg/python_pkg.egg-info/PKG-INFO
writing dependency_links to ../../build/python_pkg/python_pkg.egg-info/dependency_links.txt
writing entry points to ../../build/python_pkg/python_pkg.egg-info/entry_points.txt
writing requirements to ../../build/python_pkg/python_pkg.egg-info/requires.txt
writing top-level names to ../../build/python_pkg/python_pkg.egg-info/top_level.txt
reading manifest file '../../build/python_pkg/python_pkg.egg-info/SOURCES.txt'
adding license file 'LICENSE'
writing manifest file '../../build/python_pkg/python_pkg.egg-info/SOURCES.txt'
running build
running build_py
copying python_pkg/ip_address_publisher.py -> /home/smr/workspaces/amrROS2_ws/build/python_pkg/build/lib/python_pkg
running install
running install_lib
copying /home/smr/workspaces/amrROS2_ws/build/python_pkg/build/lib/python_pkg/ip_address_publisher.py -> /home/smr/workspaces/amrROS2_ws/install/python_pkg/lib/python3.10/site-packages/python_pkg
byte-compiling /home/smr/workspaces/amrROS2_ws/install/python_pkg/lib/python3.10/site-packages/python_pkg/ip_address_publisher.py to ip_address_publisher.cpython-310.pyc
running install_data
running install_egg_info
removing '/home/smr/workspaces/amrROS2_ws/install/python_pkg/lib/python3.10/site-packages/python_pkg-0.0.0-py3.10.egg-info' (and everything under it)
Copying ../../build/python_pkg/python_pkg.egg-info to /home/smr/workspaces/amrROS2_ws/install/python_pkg/lib/python3.10/site-packages/python_pkg-0.0.0-py3.10.egg-info
running install_scripts
Installing ip_publisher script to /home/smr/workspaces/amrROS2_ws/install/python_pkg/lib/python_pkg
writing list of installed files to '/home/smr/workspaces/amrROS2_ws/build/python_pkg/install.log'
