[0.043s] Invoking command in '/home/smr/workspaces/amrROS2_ws/build/bringup': CMAKE_PREFIX_PATH=/home/smr/workspaces/amrROS2_ws/install/micro_ros_agent:/home/smr/workspaces/amrROS2_ws/install/micro_ros_msgs:/home/smr/workspaces/amrROS2_ws/install/sllidar_ros2:/home/smr/workspaces/amrROS2_ws/install/navigation:/home/smr/workspaces/amrROS2_ws/install/micro_ros_setup:/home/smr/workspaces/amrROS2_ws/install/bringup:/home/smr/workspaces/amrROS2_ws/install/example:/home/smr/workspaces/amrROS2_ws/install/dock_lidar:/home/smr/workspaces/amrROS2_ws/install/description:/home/smr/workspaces/amrROS2_ws/install/custom_interface:/home/smr/workspaces/amrROS2_ws/install/python_pkg:/home/smr/workspaces/amrROS2_ws/install/action_autodock:/opt/ros/humble /usr/bin/cmake --build /home/smr/workspaces/amrROS2_ws/build/bringup -- -j8 -l8
[0.147s] Invoked command in '/home/smr/workspaces/amrROS2_ws/build/bringup' returned '0': CMAKE_PREFIX_PATH=/home/smr/workspaces/amrROS2_ws/install/micro_ros_agent:/home/smr/workspaces/amrROS2_ws/install/micro_ros_msgs:/home/smr/workspaces/amrROS2_ws/install/sllidar_ros2:/home/smr/workspaces/amrROS2_ws/install/navigation:/home/smr/workspaces/amrROS2_ws/install/micro_ros_setup:/home/smr/workspaces/amrROS2_ws/install/bringup:/home/smr/workspaces/amrROS2_ws/install/example:/home/smr/workspaces/amrROS2_ws/install/dock_lidar:/home/smr/workspaces/amrROS2_ws/install/description:/home/smr/workspaces/amrROS2_ws/install/custom_interface:/home/smr/workspaces/amrROS2_ws/install/python_pkg:/home/smr/workspaces/amrROS2_ws/install/action_autodock:/opt/ros/humble /usr/bin/cmake --build /home/smr/workspaces/amrROS2_ws/build/bringup -- -j8 -l8
[0.213s] Invoking command in '/home/smr/workspaces/amrROS2_ws/build/bringup': CMAKE_PREFIX_PATH=/home/smr/workspaces/amrROS2_ws/install/micro_ros_agent:/home/smr/workspaces/amrROS2_ws/install/micro_ros_msgs:/home/smr/workspaces/amrROS2_ws/install/sllidar_ros2:/home/smr/workspaces/amrROS2_ws/install/navigation:/home/smr/workspaces/amrROS2_ws/install/micro_ros_setup:/home/smr/workspaces/amrROS2_ws/install/bringup:/home/smr/workspaces/amrROS2_ws/install/example:/home/smr/workspaces/amrROS2_ws/install/dock_lidar:/home/smr/workspaces/amrROS2_ws/install/description:/home/smr/workspaces/amrROS2_ws/install/custom_interface:/home/smr/workspaces/amrROS2_ws/install/python_pkg:/home/smr/workspaces/amrROS2_ws/install/action_autodock:/opt/ros/humble /usr/bin/cmake --install /home/smr/workspaces/amrROS2_ws/build/bringup
[0.243s] -- Install configuration: ""
[0.244s] -- Up-to-date: /home/smr/workspaces/amrROS2_ws/install/bringup/share/bringup/launch
[0.245s] -- Up-to-date: /home/smr/workspaces/amrROS2_ws/install/bringup/share/bringup/launch/.bringup.launch.py.swp
[0.246s] -- Up-to-date: /home/smr/workspaces/amrROS2_ws/install/bringup/share/bringup/launch/bringup.launch.py
[0.247s] -- Up-to-date: /home/smr/workspaces/amrROS2_ws/install/bringup/share/bringup/launch/camera.launch.py
[0.249s] -- Up-to-date: /home/smr/workspaces/amrROS2_ws/install/bringup/share/bringup/config
[0.256s] -- Up-to-date: /home/smr/workspaces/amrROS2_ws/install/bringup/share/bringup/config/ekf.yaml
[0.258s] -- Up-to-date: /home/smr/workspaces/amrROS2_ws/install/bringup/share/bringup/config/usbcam.yaml
[0.262s] -- Up-to-date: /home/smr/workspaces/amrROS2_ws/install/bringup/share/ament_index/resource_index/package_run_dependencies/bringup
[0.262s] -- Up-to-date: /home/smr/workspaces/amrROS2_ws/install/bringup/share/ament_index/resource_index/parent_prefix_path/bringup
[0.263s] -- Up-to-date: /home/smr/workspaces/amrROS2_ws/install/bringup/share/bringup/environment/ament_prefix_path.sh
[0.264s] -- Up-to-date: /home/smr/workspaces/amrROS2_ws/install/bringup/share/bringup/environment/ament_prefix_path.dsv
[0.264s] -- Up-to-date: /home/smr/workspaces/amrROS2_ws/install/bringup/share/bringup/environment/path.sh
[0.265s] -- Up-to-date: /home/smr/workspaces/amrROS2_ws/install/bringup/share/bringup/environment/path.dsv
[0.266s] -- Up-to-date: /home/smr/workspaces/amrROS2_ws/install/bringup/share/bringup/local_setup.bash
[0.267s] -- Up-to-date: /home/smr/workspaces/amrROS2_ws/install/bringup/share/bringup/local_setup.sh
[0.268s] -- Up-to-date: /home/smr/workspaces/amrROS2_ws/install/bringup/share/bringup/local_setup.zsh
[0.270s] -- Up-to-date: /home/smr/workspaces/amrROS2_ws/install/bringup/share/bringup/local_setup.dsv
[0.270s] -- Installing: /home/smr/workspaces/amrROS2_ws/install/bringup/share/bringup/package.dsv
[0.271s] -- Up-to-date: /home/smr/workspaces/amrROS2_ws/install/bringup/share/ament_index/resource_index/packages/bringup
[0.271s] -- Up-to-date: /home/smr/workspaces/amrROS2_ws/install/bringup/share/bringup/cmake/bringupConfig.cmake
[0.271s] -- Up-to-date: /home/smr/workspaces/amrROS2_ws/install/bringup/share/bringup/cmake/bringupConfig-version.cmake
[0.272s] -- Up-to-date: /home/smr/workspaces/amrROS2_ws/install/bringup/share/bringup/package.xml
[0.273s] Invoked command in '/home/smr/workspaces/amrROS2_ws/build/bringup' returned '0': CMAKE_PREFIX_PATH=/home/smr/workspaces/amrROS2_ws/install/micro_ros_agent:/home/smr/workspaces/amrROS2_ws/install/micro_ros_msgs:/home/smr/workspaces/amrROS2_ws/install/sllidar_ros2:/home/smr/workspaces/amrROS2_ws/install/navigation:/home/smr/workspaces/amrROS2_ws/install/micro_ros_setup:/home/smr/workspaces/amrROS2_ws/install/bringup:/home/smr/workspaces/amrROS2_ws/install/example:/home/smr/workspaces/amrROS2_ws/install/dock_lidar:/home/smr/workspaces/amrROS2_ws/install/description:/home/smr/workspaces/amrROS2_ws/install/custom_interface:/home/smr/workspaces/amrROS2_ws/install/python_pkg:/home/smr/workspaces/amrROS2_ws/install/action_autodock:/opt/ros/humble /usr/bin/cmake --install /home/smr/workspaces/amrROS2_ws/build/bringup
