[1.106s] Invoking command in '/home/smr/workspaces/amrROS2_ws/build/sllidar_ros2': CMAKE_PREFIX_PATH=${CMAKE_PREFIX_PATH}:/home/smr/workspaces/amrROS2_ws/install/robot_nav_tool:/home/smr/workspaces/amrROS2_ws/install/robot_data_tool:/home/smr/workspaces/amrROS2_ws/install/python_pkg:/home/smr/workspaces/amrROS2_ws/install/action_autodock:/opt/ros/humble /usr/bin/cmake --build /home/smr/workspaces/amrROS2_ws/build/sllidar_ros2 -- -j8 -l8
[1.308s] [ 10%] Built target sllidar_client
[1.354s] [100%] Built target sllidar_node
[1.407s] Invoked command in '/home/smr/workspaces/amrROS2_ws/build/sllidar_ros2' returned '0': CMAKE_PREFIX_PATH=${CMAKE_PREFIX_PATH}:/home/smr/workspaces/amrROS2_ws/install/robot_nav_tool:/home/smr/workspaces/amrROS2_ws/install/robot_data_tool:/home/smr/workspaces/amrROS2_ws/install/python_pkg:/home/smr/workspaces/amrROS2_ws/install/action_autodock:/opt/ros/humble /usr/bin/cmake --build /home/smr/workspaces/amrROS2_ws/build/sllidar_ros2 -- -j8 -l8
[1.747s] Invoking command in '/home/smr/workspaces/amrROS2_ws/build/sllidar_ros2': CMAKE_PREFIX_PATH=${CMAKE_PREFIX_PATH}:/home/smr/workspaces/amrROS2_ws/install/robot_nav_tool:/home/smr/workspaces/amrROS2_ws/install/robot_data_tool:/home/smr/workspaces/amrROS2_ws/install/python_pkg:/home/smr/workspaces/amrROS2_ws/install/action_autodock:/opt/ros/humble /usr/bin/cmake --install /home/smr/workspaces/amrROS2_ws/build/sllidar_ros2
[1.774s] -- Install configuration: ""
[1.774s] -- Up-to-date: /home/smr/workspaces/amrROS2_ws/install/sllidar_ros2/share/sllidar_ros2/launch
[1.775s] -- Up-to-date: /home/smr/workspaces/amrROS2_ws/install/sllidar_ros2/share/sllidar_ros2/launch/sllidar_a3_launch.py
[1.775s] -- Up-to-date: /home/smr/workspaces/amrROS2_ws/install/sllidar_ros2/share/sllidar_ros2/launch/view_sllidar_a2m12_launch.py
[1.775s] -- Up-to-date: /home/smr/workspaces/amrROS2_ws/install/sllidar_ros2/share/sllidar_ros2/launch/sllidar_a2m7_launch.py
[1.775s] -- Up-to-date: /home/smr/workspaces/amrROS2_ws/install/sllidar_ros2/share/sllidar_ros2/launch/view_sllidar_a1_launch.py
[1.776s] -- Up-to-date: /home/smr/workspaces/amrROS2_ws/install/sllidar_ros2/share/sllidar_ros2/launch/view_sllidar_s2_launch.py
[1.776s] -- Up-to-date: /home/smr/workspaces/amrROS2_ws/install/sllidar_ros2/share/sllidar_ros2/launch/sllidar_a2m8_launch.py
[1.776s] -- Up-to-date: /home/smr/workspaces/amrROS2_ws/install/sllidar_ros2/share/sllidar_ros2/launch/sllidar_s3_launch.py
[1.776s] -- Up-to-date: /home/smr/workspaces/amrROS2_ws/install/sllidar_ros2/share/sllidar_ros2/launch/sllidar_t1_launch.py
[1.776s] -- Up-to-date: /home/smr/workspaces/amrROS2_ws/install/sllidar_ros2/share/sllidar_ros2/launch/sllidar_a2m12_launch .py
[1.776s] -- Up-to-date: /home/smr/workspaces/amrROS2_ws/install/sllidar_ros2/share/sllidar_ros2/launch/view_sllidar_s1_launch.py
[1.777s] -- Up-to-date: /home/smr/workspaces/amrROS2_ws/install/sllidar_ros2/share/sllidar_ros2/launch/sllidar_s2_launch.py
[1.777s] -- Up-to-date: /home/smr/workspaces/amrROS2_ws/install/sllidar_ros2/share/sllidar_ros2/launch/sllidar_s1_launch.py
[1.777s] -- Up-to-date: /home/smr/workspaces/amrROS2_ws/install/sllidar_ros2/share/sllidar_ros2/launch/view_sllidar_c1_launch.py
[1.777s] -- Up-to-date: /home/smr/workspaces/amrROS2_ws/install/sllidar_ros2/share/sllidar_ros2/launch/view_sllidar_a3_launch.py
[1.777s] -- Up-to-date: /home/smr/workspaces/amrROS2_ws/install/sllidar_ros2/share/sllidar_ros2/launch/view_sllidar_t1_launch.py
[1.777s] -- Up-to-date: /home/smr/workspaces/amrROS2_ws/install/sllidar_ros2/share/sllidar_ros2/launch/sllidar_s2e_launch.py
[1.777s] -- Up-to-date: /home/smr/workspaces/amrROS2_ws/install/sllidar_ros2/share/sllidar_ros2/launch/sllidar_a1_launch.py
[1.777s] -- Up-to-date: /home/smr/workspaces/amrROS2_ws/install/sllidar_ros2/share/sllidar_ros2/launch/view_sllidar_s2e_launch.py
[1.777s] -- Up-to-date: /home/smr/workspaces/amrROS2_ws/install/sllidar_ros2/share/sllidar_ros2/launch/view_sllidar_a2m7_launch.py
[1.778s] -- Up-to-date: /home/smr/workspaces/amrROS2_ws/install/sllidar_ros2/share/sllidar_ros2/launch/view_sllidar_s3_launch.py
[1.778s] -- Up-to-date: /home/smr/workspaces/amrROS2_ws/install/sllidar_ros2/share/sllidar_ros2/launch/sllidar_s1_tcp_launch.py
[1.778s] -- Up-to-date: /home/smr/workspaces/amrROS2_ws/install/sllidar_ros2/share/sllidar_ros2/launch/view_sllidar_s1_tcp_launch.py
[1.778s] -- Up-to-date: /home/smr/workspaces/amrROS2_ws/install/sllidar_ros2/share/sllidar_ros2/launch/sllidar_c1_launch.py
[1.778s] -- Up-to-date: /home/smr/workspaces/amrROS2_ws/install/sllidar_ros2/share/sllidar_ros2/launch/view_sllidar_a2m8_launch.py
[1.778s] -- Up-to-date: /home/smr/workspaces/amrROS2_ws/install/sllidar_ros2/share/sllidar_ros2/rviz
[1.778s] -- Up-to-date: /home/smr/workspaces/amrROS2_ws/install/sllidar_ros2/share/sllidar_ros2/rviz/sllidar_ros2.rviz
[1.778s] -- Up-to-date: /home/smr/workspaces/amrROS2_ws/install/sllidar_ros2/lib/sllidar_ros2/sllidar_node
[1.779s] -- Up-to-date: /home/smr/workspaces/amrROS2_ws/install/sllidar_ros2/lib/sllidar_ros2/sllidar_client
[1.780s] -- Up-to-date: /home/smr/workspaces/amrROS2_ws/install/sllidar_ros2/share/ament_index/resource_index/package_run_dependencies/sllidar_ros2
[1.781s] -- Up-to-date: /home/smr/workspaces/amrROS2_ws/install/sllidar_ros2/share/ament_index/resource_index/parent_prefix_path/sllidar_ros2
[1.781s] -- Up-to-date: /home/smr/workspaces/amrROS2_ws/install/sllidar_ros2/share/sllidar_ros2/environment/ament_prefix_path.sh
[1.781s] -- Up-to-date: /home/smr/workspaces/amrROS2_ws/install/sllidar_ros2/share/sllidar_ros2/environment/ament_prefix_path.dsv
[1.781s] -- Up-to-date: /home/smr/workspaces/amrROS2_ws/install/sllidar_ros2/share/sllidar_ros2/environment/path.sh
[1.782s] -- Up-to-date: /home/smr/workspaces/amrROS2_ws/install/sllidar_ros2/share/sllidar_ros2/environment/path.dsv
[1.782s] -- Up-to-date: /home/smr/workspaces/amrROS2_ws/install/sllidar_ros2/share/sllidar_ros2/local_setup.bash
[1.782s] -- Up-to-date: /home/smr/workspaces/amrROS2_ws/install/sllidar_ros2/share/sllidar_ros2/local_setup.sh
[1.782s] -- Up-to-date: /home/smr/workspaces/amrROS2_ws/install/sllidar_ros2/share/sllidar_ros2/local_setup.zsh
[1.783s] -- Up-to-date: /home/smr/workspaces/amrROS2_ws/install/sllidar_ros2/share/sllidar_ros2/local_setup.dsv
[1.783s] -- Installing: /home/smr/workspaces/amrROS2_ws/install/sllidar_ros2/share/sllidar_ros2/package.dsv
[1.784s] -- Up-to-date: /home/smr/workspaces/amrROS2_ws/install/sllidar_ros2/share/ament_index/resource_index/packages/sllidar_ros2
[1.784s] -- Up-to-date: /home/smr/workspaces/amrROS2_ws/install/sllidar_ros2/share/sllidar_ros2/cmake/ament_cmake_export_dependencies-extras.cmake
[1.785s] -- Up-to-date: /home/smr/workspaces/amrROS2_ws/install/sllidar_ros2/share/sllidar_ros2/cmake/ament_cmake_export_include_directories-extras.cmake
[1.785s] -- Up-to-date: /home/smr/workspaces/amrROS2_ws/install/sllidar_ros2/share/sllidar_ros2/cmake/sllidar_ros2Config.cmake
[1.785s] -- Up-to-date: /home/smr/workspaces/amrROS2_ws/install/sllidar_ros2/share/sllidar_ros2/cmake/sllidar_ros2Config-version.cmake
[1.785s] -- Up-to-date: /home/smr/workspaces/amrROS2_ws/install/sllidar_ros2/share/sllidar_ros2/package.xml
[1.795s] Invoked command in '/home/smr/workspaces/amrROS2_ws/build/sllidar_ros2' returned '0': CMAKE_PREFIX_PATH=${CMAKE_PREFIX_PATH}:/home/smr/workspaces/amrROS2_ws/install/robot_nav_tool:/home/smr/workspaces/amrROS2_ws/install/robot_data_tool:/home/smr/workspaces/amrROS2_ws/install/python_pkg:/home/smr/workspaces/amrROS2_ws/install/action_autodock:/opt/ros/humble /usr/bin/cmake --install /home/smr/workspaces/amrROS2_ws/build/sllidar_ros2
