[0.501s] Invoking command in '/home/smr/workspaces/amrROS2_ws/build/robot_hardware_interface': CMAKE_PREFIX_PATH=${CMAKE_PREFIX_PATH}:/home/smr/workspaces/amrROS2_ws/install/robot_nav_tool:/home/smr/workspaces/amrROS2_ws/install/robot_data_tool:/home/smr/workspaces/amrROS2_ws/install/python_pkg:/home/smr/workspaces/amrROS2_ws/install/action_autodock:/opt/ros/humble /usr/bin/cmake --build /home/smr/workspaces/amrROS2_ws/build/robot_hardware_interface -- -j8 -l8
[0.988s] [35m[1mConsolidate compiler generated dependencies of target robot_hardware[0m
[0.988s] [ 33%] [32mBuilding CXX object CMakeFiles/robot_hardware.dir/src/hardware_interface_node.cpp.o[0m
[0.989s] [ 66%] [32mBuilding CXX object CMakeFiles/robot_hardware.dir/src/robot_hardware_interface.cpp.o[0m
[2.547s] [01m[K/home/smr/workspaces/amrROS2_ws/src/robot_hardware_interface/src/robot_hardware_interface.cpp:[m[K In member function ‘[01m[Kvoid HardwareInterface::ReceiveData()[m[K’:
[2.548s] [01m[K/home/smr/workspaces/amrROS2_ws/src/robot_hardware_interface/src/robot_hardware_interface.cpp:197:17:[m[K [01;35m[Kwarning: [m[Kunused variable ‘[01m[Kdata_len[m[K’ [[01;35m[K]8;;https://gcc.gnu.org/onlinedocs/gcc/Warning-Options.html#index-Wunused-variable-Wunused-variable]8;;[m[K]
[2.548s]   197 |         uint8_t [01;35m[Kdata_len[m[K;
[2.548s]       |                 [01;35m[K^~~~~~~~[m[K
[2.548s] [01m[K/home/smr/workspaces/amrROS2_ws/src/robot_hardware_interface/src/robot_hardware_interface.cpp:200:17:[m[K [01;35m[Kwarning: [m[Kunused variable ‘[01m[Kcheck_sum[m[K’ [[01;35m[K]8;;https://gcc.gnu.org/onlinedocs/gcc/Warning-Options.html#index-Wunused-variable-Wunused-variable]8;;[m[K]
[2.548s]   200 |         uint8_t [01;35m[Kcheck_sum[m[K;
[2.548s]       |                 [01;35m[K^~~~~~~~~[m[K
[27.502s] [100%] [32m[1mLinking CXX executable robot_hardware[0m
[29.064s] [100%] Built target robot_hardware
[29.329s] Invoked command in '/home/smr/workspaces/amrROS2_ws/build/robot_hardware_interface' returned '0': CMAKE_PREFIX_PATH=${CMAKE_PREFIX_PATH}:/home/smr/workspaces/amrROS2_ws/install/robot_nav_tool:/home/smr/workspaces/amrROS2_ws/install/robot_data_tool:/home/smr/workspaces/amrROS2_ws/install/python_pkg:/home/smr/workspaces/amrROS2_ws/install/action_autodock:/opt/ros/humble /usr/bin/cmake --build /home/smr/workspaces/amrROS2_ws/build/robot_hardware_interface -- -j8 -l8
[29.413s] Invoking command in '/home/smr/workspaces/amrROS2_ws/build/robot_hardware_interface': CMAKE_PREFIX_PATH=${CMAKE_PREFIX_PATH}:/home/smr/workspaces/amrROS2_ws/install/robot_nav_tool:/home/smr/workspaces/amrROS2_ws/install/robot_data_tool:/home/smr/workspaces/amrROS2_ws/install/python_pkg:/home/smr/workspaces/amrROS2_ws/install/action_autodock:/opt/ros/humble /usr/bin/cmake --install /home/smr/workspaces/amrROS2_ws/build/robot_hardware_interface
[29.444s] -- Install configuration: ""
[29.445s] -- Installing: /home/smr/workspaces/amrROS2_ws/install/robot_hardware_interface/lib/robot_hardware_interface/robot_hardware
[29.459s] -- Set runtime path of "/home/smr/workspaces/amrROS2_ws/install/robot_hardware_interface/lib/robot_hardware_interface/robot_hardware" to ""
[29.459s] -- Up-to-date: /home/smr/workspaces/amrROS2_ws/install/robot_hardware_interface/share/ament_index/resource_index/package_run_dependencies/robot_hardware_interface
[29.461s] -- Up-to-date: /home/smr/workspaces/amrROS2_ws/install/robot_hardware_interface/share/ament_index/resource_index/parent_prefix_path/robot_hardware_interface
[29.461s] -- Up-to-date: /home/smr/workspaces/amrROS2_ws/install/robot_hardware_interface/share/robot_hardware_interface/environment/ament_prefix_path.sh
[29.462s] -- Up-to-date: /home/smr/workspaces/amrROS2_ws/install/robot_hardware_interface/share/robot_hardware_interface/environment/ament_prefix_path.dsv
[29.462s] -- Up-to-date: /home/smr/workspaces/amrROS2_ws/install/robot_hardware_interface/share/robot_hardware_interface/environment/path.sh
[29.463s] -- Up-to-date: /home/smr/workspaces/amrROS2_ws/install/robot_hardware_interface/share/robot_hardware_interface/environment/path.dsv
[29.463s] -- Up-to-date: /home/smr/workspaces/amrROS2_ws/install/robot_hardware_interface/share/robot_hardware_interface/local_setup.bash
[29.463s] -- Up-to-date: /home/smr/workspaces/amrROS2_ws/install/robot_hardware_interface/share/robot_hardware_interface/local_setup.sh
[29.464s] -- Up-to-date: /home/smr/workspaces/amrROS2_ws/install/robot_hardware_interface/share/robot_hardware_interface/local_setup.zsh
[29.464s] -- Up-to-date: /home/smr/workspaces/amrROS2_ws/install/robot_hardware_interface/share/robot_hardware_interface/local_setup.dsv
[29.464s] -- Installing: /home/smr/workspaces/amrROS2_ws/install/robot_hardware_interface/share/robot_hardware_interface/package.dsv
[29.465s] -- Up-to-date: /home/smr/workspaces/amrROS2_ws/install/robot_hardware_interface/share/ament_index/resource_index/packages/robot_hardware_interface
[29.465s] -- Up-to-date: /home/smr/workspaces/amrROS2_ws/install/robot_hardware_interface/share/robot_hardware_interface/cmake/robot_hardware_interfaceConfig.cmake
[29.465s] -- Up-to-date: /home/smr/workspaces/amrROS2_ws/install/robot_hardware_interface/share/robot_hardware_interface/cmake/robot_hardware_interfaceConfig-version.cmake
[29.466s] -- Up-to-date: /home/smr/workspaces/amrROS2_ws/install/robot_hardware_interface/share/robot_hardware_interface/package.xml
[29.472s] Invoked command in '/home/smr/workspaces/amrROS2_ws/build/robot_hardware_interface' returned '0': CMAKE_PREFIX_PATH=${CMAKE_PREFIX_PATH}:/home/smr/workspaces/amrROS2_ws/install/robot_nav_tool:/home/smr/workspaces/amrROS2_ws/install/robot_data_tool:/home/smr/workspaces/amrROS2_ws/install/python_pkg:/home/smr/workspaces/amrROS2_ws/install/action_autodock:/opt/ros/humble /usr/bin/cmake --install /home/smr/workspaces/amrROS2_ws/build/robot_hardware_interface
