[0.201s] Invoking command in '/home/smr/workspaces/amrROS2_ws/src/build/dock_lidar': AMENT_PREFIX_PATH=/home/smr/workspaces/amrROS2_ws/src/install/custom_interface:${AMENT_PREFIX_PATH} CMAKE_PREFIX_PATH=/home/smr/workspaces/amrROS2_ws/src/install/custom_interface:/home/smr/workspaces/amrROS2_ws/install/sllidar_ros2:/home/smr/workspaces/amrROS2_ws/install/navigation:/home/smr/workspaces/amrROS2_ws/install/micro_ros_setup:/home/smr/workspaces/amrROS2_ws/install/bringup:/home/smr/workspaces/amrROS2_ws/install/micro_ros_agent:/home/smr/workspaces/amrROS2_ws/install/micro_ros_msgs:/home/smr/workspaces/amrROS2_ws/install/example:/home/smr/workspaces/amrROS2_ws/install/description:/home/smr/workspaces/amrROS2_ws/install/python_pkg:/opt/ros/humble LD_LIBRARY_PATH=/home/smr/workspaces/amrROS2_ws/src/install/custom_interface/lib:${LD_LIBRARY_PATH} PYTHONPATH=/home/smr/workspaces/amrROS2_ws/src/install/custom_interface/local/lib/python3.10/dist-packages:${PYTHONPATH} /usr/bin/cmake --build /home/smr/workspaces/amrROS2_ws/src/build/dock_lidar -- -j8 -l8
[0.442s] [35m[1mConsolidate compiler generated dependencies of target dock_coordinates[0m
[0.509s] [ 14%] [32mBuilding CXX object CMakeFiles/dock_coordinates.dir/src/dock_coordinates.cpp.o[0m
[29.044s] [ 28%] [32mBuilding CXX object CMakeFiles/dock_coordinates.dir/src/tf2listener.cpp.o[0m
[35.978s] [ 42%] [32mBuilding CXX object CMakeFiles/dock_coordinates.dir/src/icp_2d.cpp.o[0m
[63.886s] [ 57%] [32mBuilding CXX object CMakeFiles/dock_coordinates.dir/src/perception.cpp.o[0m
[82.697s] [ 71%] [32m[1mLinking CXX executable dock_coordinates[0m
[86.347s] [100%] Built target dock_coordinates
[86.520s] Invoked command in '/home/smr/workspaces/amrROS2_ws/src/build/dock_lidar' returned '0': AMENT_PREFIX_PATH=/home/smr/workspaces/amrROS2_ws/src/install/custom_interface:${AMENT_PREFIX_PATH} CMAKE_PREFIX_PATH=/home/smr/workspaces/amrROS2_ws/src/install/custom_interface:/home/smr/workspaces/amrROS2_ws/install/sllidar_ros2:/home/smr/workspaces/amrROS2_ws/install/navigation:/home/smr/workspaces/amrROS2_ws/install/micro_ros_setup:/home/smr/workspaces/amrROS2_ws/install/bringup:/home/smr/workspaces/amrROS2_ws/install/micro_ros_agent:/home/smr/workspaces/amrROS2_ws/install/micro_ros_msgs:/home/smr/workspaces/amrROS2_ws/install/example:/home/smr/workspaces/amrROS2_ws/install/description:/home/smr/workspaces/amrROS2_ws/install/python_pkg:/opt/ros/humble LD_LIBRARY_PATH=/home/smr/workspaces/amrROS2_ws/src/install/custom_interface/lib:${LD_LIBRARY_PATH} PYTHONPATH=/home/smr/workspaces/amrROS2_ws/src/install/custom_interface/local/lib/python3.10/dist-packages:${PYTHONPATH} /usr/bin/cmake --build /home/smr/workspaces/amrROS2_ws/src/build/dock_lidar -- -j8 -l8
[86.641s] Invoking command in '/home/smr/workspaces/amrROS2_ws/src/build/dock_lidar': AMENT_PREFIX_PATH=/home/smr/workspaces/amrROS2_ws/src/install/custom_interface:${AMENT_PREFIX_PATH} CMAKE_PREFIX_PATH=/home/smr/workspaces/amrROS2_ws/src/install/custom_interface:/home/smr/workspaces/amrROS2_ws/install/sllidar_ros2:/home/smr/workspaces/amrROS2_ws/install/navigation:/home/smr/workspaces/amrROS2_ws/install/micro_ros_setup:/home/smr/workspaces/amrROS2_ws/install/bringup:/home/smr/workspaces/amrROS2_ws/install/micro_ros_agent:/home/smr/workspaces/amrROS2_ws/install/micro_ros_msgs:/home/smr/workspaces/amrROS2_ws/install/example:/home/smr/workspaces/amrROS2_ws/install/description:/home/smr/workspaces/amrROS2_ws/install/python_pkg:/opt/ros/humble LD_LIBRARY_PATH=/home/smr/workspaces/amrROS2_ws/src/install/custom_interface/lib:${LD_LIBRARY_PATH} PYTHONPATH=/home/smr/workspaces/amrROS2_ws/src/install/custom_interface/local/lib/python3.10/dist-packages:${PYTHONPATH} /usr/bin/cmake --install /home/smr/workspaces/amrROS2_ws/src/build/dock_lidar
[86.660s] -- Install configuration: ""
[86.660s] -- Installing: /home/smr/workspaces/amrROS2_ws/src/install/dock_lidar/include
[86.661s] -- Installing: /home/smr/workspaces/amrROS2_ws/src/install/dock_lidar/include/dock_lidar
[86.662s] -- Installing: /home/smr/workspaces/amrROS2_ws/src/install/dock_lidar/include/dock_lidar/linear_pose_filter_2d.h
[86.662s] -- Installing: /home/smr/workspaces/amrROS2_ws/src/install/dock_lidar/include/dock_lidar/laser_processor.h
[86.663s] -- Installing: /home/smr/workspaces/amrROS2_ws/src/install/dock_lidar/include/dock_lidar/icp_2d.h
[86.663s] -- Installing: /home/smr/workspaces/amrROS2_ws/src/install/dock_lidar/include/dock_lidar/dock_candidate.h
[86.664s] -- Installing: /home/smr/workspaces/amrROS2_ws/src/install/dock_lidar/include/dock_lidar/perception.h
[86.664s] -- Installing: /home/smr/workspaces/amrROS2_ws/src/install/dock_lidar/include/dock_lidar/tf2listener.h
[86.665s] -- Installing: /home/smr/workspaces/amrROS2_ws/src/install/dock_lidar/share/dock_lidar/config
[86.665s] -- Installing: /home/smr/workspaces/amrROS2_ws/src/install/dock_lidar/share/dock_lidar/config/dock_config.yaml
[86.666s] -- Installing: /home/smr/workspaces/amrROS2_ws/src/install/dock_lidar/lib/dock_lidar/dock_coordinates
[86.683s] -- Set runtime path of "/home/smr/workspaces/amrROS2_ws/src/install/dock_lidar/lib/dock_lidar/dock_coordinates" to ""
[86.689s] -- Installing: /home/smr/workspaces/amrROS2_ws/src/install/dock_lidar/share/ament_index/resource_index/package_run_dependencies/dock_lidar
[86.691s] -- Installing: /home/smr/workspaces/amrROS2_ws/src/install/dock_lidar/share/ament_index/resource_index/parent_prefix_path/dock_lidar
[86.693s] -- Installing: /home/smr/workspaces/amrROS2_ws/src/install/dock_lidar/share/dock_lidar/environment/ament_prefix_path.sh
[86.694s] -- Installing: /home/smr/workspaces/amrROS2_ws/src/install/dock_lidar/share/dock_lidar/environment/ament_prefix_path.dsv
[86.695s] -- Installing: /home/smr/workspaces/amrROS2_ws/src/install/dock_lidar/share/dock_lidar/environment/path.sh
[86.696s] -- Installing: /home/smr/workspaces/amrROS2_ws/src/install/dock_lidar/share/dock_lidar/environment/path.dsv
[86.696s] -- Installing: /home/smr/workspaces/amrROS2_ws/src/install/dock_lidar/share/dock_lidar/local_setup.bash
[86.697s] -- Installing: /home/smr/workspaces/amrROS2_ws/src/install/dock_lidar/share/dock_lidar/local_setup.sh
[86.697s] -- Installing: /home/smr/workspaces/amrROS2_ws/src/install/dock_lidar/share/dock_lidar/local_setup.zsh
[86.698s] -- Installing: /home/smr/workspaces/amrROS2_ws/src/install/dock_lidar/share/dock_lidar/local_setup.dsv
[86.702s] -- Installing: /home/smr/workspaces/amrROS2_ws/src/install/dock_lidar/share/dock_lidar/package.dsv
[86.703s] -- Installing: /home/smr/workspaces/amrROS2_ws/src/install/dock_lidar/share/ament_index/resource_index/packages/dock_lidar
[86.703s] -- Installing: /home/smr/workspaces/amrROS2_ws/src/install/dock_lidar/share/dock_lidar/cmake/dock_lidarConfig.cmake
[86.704s] -- Installing: /home/smr/workspaces/amrROS2_ws/src/install/dock_lidar/share/dock_lidar/cmake/dock_lidarConfig-version.cmake
[86.705s] -- Installing: /home/smr/workspaces/amrROS2_ws/src/install/dock_lidar/share/dock_lidar/package.xml
[86.715s] Invoked command in '/home/smr/workspaces/amrROS2_ws/src/build/dock_lidar' returned '0': AMENT_PREFIX_PATH=/home/smr/workspaces/amrROS2_ws/src/install/custom_interface:${AMENT_PREFIX_PATH} CMAKE_PREFIX_PATH=/home/smr/workspaces/amrROS2_ws/src/install/custom_interface:/home/smr/workspaces/amrROS2_ws/install/sllidar_ros2:/home/smr/workspaces/amrROS2_ws/install/navigation:/home/smr/workspaces/amrROS2_ws/install/micro_ros_setup:/home/smr/workspaces/amrROS2_ws/install/bringup:/home/smr/workspaces/amrROS2_ws/install/micro_ros_agent:/home/smr/workspaces/amrROS2_ws/install/micro_ros_msgs:/home/smr/workspaces/amrROS2_ws/install/example:/home/smr/workspaces/amrROS2_ws/install/description:/home/smr/workspaces/amrROS2_ws/install/python_pkg:/opt/ros/humble LD_LIBRARY_PATH=/home/smr/workspaces/amrROS2_ws/src/install/custom_interface/lib:${LD_LIBRARY_PATH} PYTHONPATH=/home/smr/workspaces/amrROS2_ws/src/install/custom_interface/local/lib/python3.10/dist-packages:${PYTHONPATH} /usr/bin/cmake --install /home/smr/workspaces/amrROS2_ws/src/build/dock_lidar
