[1.890s] Invoking command in '/home/smr/workspaces/amrROS2_ws/src/python_pkg': PYTHONPATH=/home/smr/workspaces/amrROS2_ws/build/python_pkg/prefix_override:/usr/lib/python3/dist-packages/colcon_core/task/python/colcon_distutils_commands:/home/smr/workspaces/amrROS2_ws/install/python_pkg/lib/python3.10/site-packages:${PYTHONPATH} /usr/bin/python3 -W ignore:setup.py install is deprecated setup.py egg_info --egg-base ../../build/python_pkg build --build-base /home/smr/workspaces/amrROS2_ws/build/python_pkg/build install --record /home/smr/workspaces/amrROS2_ws/build/python_pkg/install.log --single-version-externally-managed install_data
[2.406s] running egg_info
[2.407s] writing ../../build/python_pkg/python_pkg.egg-info/PKG-INFO
[2.408s] writing dependency_links to ../../build/python_pkg/python_pkg.egg-info/dependency_links.txt
[2.410s] writing entry points to ../../build/python_pkg/python_pkg.egg-info/entry_points.txt
[2.410s] writing requirements to ../../build/python_pkg/python_pkg.egg-info/requires.txt
[2.411s] writing top-level names to ../../build/python_pkg/python_pkg.egg-info/top_level.txt
[2.417s] reading manifest file '../../build/python_pkg/python_pkg.egg-info/SOURCES.txt'
[2.417s] adding license file 'LICENSE'
[2.419s] writing manifest file '../../build/python_pkg/python_pkg.egg-info/SOURCES.txt'
[2.420s] running build
[2.420s] running build_py
[2.421s] running install
[2.422s] running install_lib
[2.424s] running install_data
[2.425s] running install_egg_info
[2.429s] removing '/home/smr/workspaces/amrROS2_ws/install/python_pkg/lib/python3.10/site-packages/python_pkg-0.0.0-py3.10.egg-info' (and everything under it)
[2.431s] Copying ../../build/python_pkg/python_pkg.egg-info to /home/smr/workspaces/amrROS2_ws/install/python_pkg/lib/python3.10/site-packages/python_pkg-0.0.0-py3.10.egg-info
[2.432s] running install_scripts
[2.486s] Installing ip_publisher script to /home/smr/workspaces/amrROS2_ws/install/python_pkg/lib/python_pkg
[2.487s] writing list of installed files to '/home/smr/workspaces/amrROS2_ws/build/python_pkg/install.log'
[2.594s] Invoked command in '/home/smr/workspaces/amrROS2_ws/src/python_pkg' returned '0': PYTHONPATH=/home/smr/workspaces/amrROS2_ws/build/python_pkg/prefix_override:/usr/lib/python3/dist-packages/colcon_core/task/python/colcon_distutils_commands:/home/smr/workspaces/amrROS2_ws/install/python_pkg/lib/python3.10/site-packages:${PYTHONPATH} /usr/bin/python3 -W ignore:setup.py install is deprecated setup.py egg_info --egg-base ../../build/python_pkg build --build-base /home/smr/workspaces/amrROS2_ws/build/python_pkg/build install --record /home/smr/workspaces/amrROS2_ws/build/python_pkg/install.log --single-version-externally-managed install_data
