[0.599s] Invoking command in '/home/smr/workspaces/amrROS2_ws/build/robot_hardware_interface': CMAKE_PREFIX_PATH=${CMAKE_PREFIX_PATH}:/home/smr/workspaces/amrROS2_ws/install/robot_nav_tool:/home/smr/workspaces/amrROS2_ws/install/robot_data_tool:/home/smr/workspaces/amrROS2_ws/install/python_pkg:/home/smr/workspaces/amrROS2_ws/install/action_autodock:/opt/ros/humble /usr/bin/cmake --build /home/smr/workspaces/amrROS2_ws/build/robot_hardware_interface -- -j8 -l8
[0.841s] [100%] Built target robot_hardware
[1.112s] Invoked command in '/home/smr/workspaces/amrROS2_ws/build/robot_hardware_interface' returned '0': CMAKE_PREFIX_PATH=${CMAKE_PREFIX_PATH}:/home/smr/workspaces/amrROS2_ws/install/robot_nav_tool:/home/smr/workspaces/amrROS2_ws/install/robot_data_tool:/home/smr/workspaces/amrROS2_ws/install/python_pkg:/home/smr/workspaces/amrROS2_ws/install/action_autodock:/opt/ros/humble /usr/bin/cmake --build /home/smr/workspaces/amrROS2_ws/build/robot_hardware_interface -- -j8 -l8
[1.210s] Invoking command in '/home/smr/workspaces/amrROS2_ws/build/robot_hardware_interface': CMAKE_PREFIX_PATH=${CMAKE_PREFIX_PATH}:/home/smr/workspaces/amrROS2_ws/install/robot_nav_tool:/home/smr/workspaces/amrROS2_ws/install/robot_data_tool:/home/smr/workspaces/amrROS2_ws/install/python_pkg:/home/smr/workspaces/amrROS2_ws/install/action_autodock:/opt/ros/humble /usr/bin/cmake --install /home/smr/workspaces/amrROS2_ws/build/robot_hardware_interface
[1.219s] -- Install configuration: ""
[1.228s] -- Up-to-date: /home/smr/workspaces/amrROS2_ws/install/robot_hardware_interface/lib/robot_hardware_interface/robot_hardware
[1.229s] -- Up-to-date: /home/smr/workspaces/amrROS2_ws/install/robot_hardware_interface/share/ament_index/resource_index/package_run_dependencies/robot_hardware_interface
[1.229s] -- Up-to-date: /home/smr/workspaces/amrROS2_ws/install/robot_hardware_interface/share/ament_index/resource_index/parent_prefix_path/robot_hardware_interface
[1.229s] -- Up-to-date: /home/smr/workspaces/amrROS2_ws/install/robot_hardware_interface/share/robot_hardware_interface/environment/ament_prefix_path.sh
[1.229s] -- Up-to-date: /home/smr/workspaces/amrROS2_ws/install/robot_hardware_interface/share/robot_hardware_interface/environment/ament_prefix_path.dsv
[1.229s] -- Up-to-date: /home/smr/workspaces/amrROS2_ws/install/robot_hardware_interface/share/robot_hardware_interface/environment/path.sh
[1.229s] -- Up-to-date: /home/smr/workspaces/amrROS2_ws/install/robot_hardware_interface/share/robot_hardware_interface/environment/path.dsv
[1.229s] -- Up-to-date: /home/smr/workspaces/amrROS2_ws/install/robot_hardware_interface/share/robot_hardware_interface/local_setup.bash
[1.229s] -- Up-to-date: /home/smr/workspaces/amrROS2_ws/install/robot_hardware_interface/share/robot_hardware_interface/local_setup.sh
[1.230s] -- Up-to-date: /home/smr/workspaces/amrROS2_ws/install/robot_hardware_interface/share/robot_hardware_interface/local_setup.zsh
[1.230s] -- Up-to-date: /home/smr/workspaces/amrROS2_ws/install/robot_hardware_interface/share/robot_hardware_interface/local_setup.dsv
[1.230s] -- Installing: /home/smr/workspaces/amrROS2_ws/install/robot_hardware_interface/share/robot_hardware_interface/package.dsv
[1.230s] -- Up-to-date: /home/smr/workspaces/amrROS2_ws/install/robot_hardware_interface/share/ament_index/resource_index/packages/robot_hardware_interface
[1.230s] -- Up-to-date: /home/smr/workspaces/amrROS2_ws/install/robot_hardware_interface/share/robot_hardware_interface/cmake/robot_hardware_interfaceConfig.cmake
[1.230s] -- Up-to-date: /home/smr/workspaces/amrROS2_ws/install/robot_hardware_interface/share/robot_hardware_interface/cmake/robot_hardware_interfaceConfig-version.cmake
[1.231s] -- Up-to-date: /home/smr/workspaces/amrROS2_ws/install/robot_hardware_interface/share/robot_hardware_interface/package.xml
[1.236s] Invoked command in '/home/smr/workspaces/amrROS2_ws/build/robot_hardware_interface' returned '0': CMAKE_PREFIX_PATH=${CMAKE_PREFIX_PATH}:/home/smr/workspaces/amrROS2_ws/install/robot_nav_tool:/home/smr/workspaces/amrROS2_ws/install/robot_data_tool:/home/smr/workspaces/amrROS2_ws/install/python_pkg:/home/smr/workspaces/amrROS2_ws/install/action_autodock:/opt/ros/humble /usr/bin/cmake --install /home/smr/workspaces/amrROS2_ws/build/robot_hardware_interface
