[0.100s] Invoking command in '/home/smr/workspaces/amrROS2_ws/build/example': CMAKE_PREFIX_PATH=${CMAKE_PREFIX_PATH}:/home/smr/workspaces/amrROS2_ws/install/python_pkg:/opt/ros/humble /usr/bin/cmake /home/smr/workspaces/amrROS2_ws/src/example -DCMAKE_INSTALL_PREFIX=/home/smr/workspaces/amrROS2_ws/install/example
[2.494s] -- The C compiler identification is GNU 11.4.0
[3.020s] -- The CXX compiler identification is GNU 11.4.0
[3.207s] -- Detecting C compiler ABI info
[4.450s] -- Detecting C compiler ABI info - done
[4.498s] -- Check for working C compiler: /usr/bin/cc - skipped
[4.503s] -- Detecting C compile features
[4.509s] -- Detecting C compile features - done
[4.560s] -- Detecting CXX compiler ABI info
[5.629s] -- Detecting CXX compiler ABI info - done
[5.632s] -- Check for working CXX compiler: /usr/bin/c++ - skipped
[5.632s] -- Detecting CXX compile features
[5.640s] -- Detecting CXX compile features - done
[5.692s] -- Found ament_cmake: 1.3.10 (/opt/ros/humble/share/ament_cmake/cmake)
[6.253s] -- Found Python3: /usr/bin/python3 (found version "3.10.12") found components: Interpreter 
[6.952s] -- Found ament_lint_auto: 0.12.11 (/opt/ros/humble/share/ament_lint_auto/cmake)
[7.381s] -- Added test 'lint_cmake' to check CMake code style
[7.395s] -- Added test 'xmllint' to check XML markup files
[7.402s] -- Configuring done
[7.407s] -- Generating done
[7.408s] -- Build files have been written to: /home/smr/workspaces/amrROS2_ws/build/example
[7.420s] Invoked command in '/home/smr/workspaces/amrROS2_ws/build/example' returned '0': CMAKE_PREFIX_PATH=${CMAKE_PREFIX_PATH}:/home/smr/workspaces/amrROS2_ws/install/python_pkg:/opt/ros/humble /usr/bin/cmake /home/smr/workspaces/amrROS2_ws/src/example -DCMAKE_INSTALL_PREFIX=/home/smr/workspaces/amrROS2_ws/install/example
[7.423s] Invoking command in '/home/smr/workspaces/amrROS2_ws/build/example': CMAKE_PREFIX_PATH=${CMAKE_PREFIX_PATH}:/home/smr/workspaces/amrROS2_ws/install/python_pkg:/opt/ros/humble /usr/bin/cmake --build /home/smr/workspaces/amrROS2_ws/build/example -- -j8 -l8
[7.532s] Invoked command in '/home/smr/workspaces/amrROS2_ws/build/example' returned '0': CMAKE_PREFIX_PATH=${CMAKE_PREFIX_PATH}:/home/smr/workspaces/amrROS2_ws/install/python_pkg:/opt/ros/humble /usr/bin/cmake --build /home/smr/workspaces/amrROS2_ws/build/example -- -j8 -l8
[7.594s] Invoking command in '/home/smr/workspaces/amrROS2_ws/build/example': CMAKE_PREFIX_PATH=${CMAKE_PREFIX_PATH}:/home/smr/workspaces/amrROS2_ws/install/python_pkg:/opt/ros/humble /usr/bin/cmake --install /home/smr/workspaces/amrROS2_ws/build/example
[7.607s] -- Install configuration: ""
[7.607s] -- Installing: /home/smr/workspaces/amrROS2_ws/install/example/share/example/urdf
[7.608s] -- Installing: /home/smr/workspaces/amrROS2_ws/install/example/share/example/urdf/robot.urdf
[7.610s] -- Installing: /home/smr/workspaces/amrROS2_ws/install/example/share/ament_index/resource_index/package_run_dependencies/example
[7.611s] -- Installing: /home/smr/workspaces/amrROS2_ws/install/example/share/ament_index/resource_index/parent_prefix_path/example
[7.612s] -- Installing: /home/smr/workspaces/amrROS2_ws/install/example/share/example/environment/ament_prefix_path.sh
[7.612s] -- Installing: /home/smr/workspaces/amrROS2_ws/install/example/share/example/environment/ament_prefix_path.dsv
[7.613s] -- Installing: /home/smr/workspaces/amrROS2_ws/install/example/share/example/environment/path.sh
[7.613s] -- Installing: /home/smr/workspaces/amrROS2_ws/install/example/share/example/environment/path.dsv
[7.614s] -- Installing: /home/smr/workspaces/amrROS2_ws/install/example/share/example/local_setup.bash
[7.614s] -- Installing: /home/smr/workspaces/amrROS2_ws/install/example/share/example/local_setup.sh
[7.615s] -- Installing: /home/smr/workspaces/amrROS2_ws/install/example/share/example/local_setup.zsh
[7.619s] -- Installing: /home/smr/workspaces/amrROS2_ws/install/example/share/example/local_setup.dsv
[7.620s] -- Installing: /home/smr/workspaces/amrROS2_ws/install/example/share/example/package.dsv
[7.620s] -- Installing: /home/smr/workspaces/amrROS2_ws/install/example/share/ament_index/resource_index/packages/example
[7.620s] -- Installing: /home/smr/workspaces/amrROS2_ws/install/example/share/example/cmake/exampleConfig.cmake
[7.620s] -- Installing: /home/smr/workspaces/amrROS2_ws/install/example/share/example/cmake/exampleConfig-version.cmake
[7.620s] -- Installing: /home/smr/workspaces/amrROS2_ws/install/example/share/example/package.xml
[7.625s] Invoked command in '/home/smr/workspaces/amrROS2_ws/build/example' returned '0': CMAKE_PREFIX_PATH=${CMAKE_PREFIX_PATH}:/home/smr/workspaces/amrROS2_ws/install/python_pkg:/opt/ros/humble /usr/bin/cmake --install /home/smr/workspaces/amrROS2_ws/build/example
