[3.596s] Invoking command in '/home/smr/workspaces/amrROS2_ws/src/python_pkg': PYTHONPATH=/home/smr/workspaces/amrROS2_ws/build/python_pkg/prefix_override:/usr/lib/python3/dist-packages/colcon_core/task/python/colcon_distutils_commands:/home/smr/workspaces/amrROS2_ws/install/python_pkg/lib/python3.10/site-packages:${PYTHONPATH} /usr/bin/python3 -W ignore:setup.py install is deprecated setup.py egg_info --egg-base ../../build/python_pkg build --build-base /home/smr/workspaces/amrROS2_ws/build/python_pkg/build install --record /home/smr/workspaces/amrROS2_ws/build/python_pkg/install.log --single-version-externally-managed install_data
[3.964s] running egg_info
[3.964s] writing ../../build/python_pkg/python_pkg.egg-info/PKG-INFO
[3.965s] writing dependency_links to ../../build/python_pkg/python_pkg.egg-info/dependency_links.txt
[3.965s] writing entry points to ../../build/python_pkg/python_pkg.egg-info/entry_points.txt
[3.965s] writing requirements to ../../build/python_pkg/python_pkg.egg-info/requires.txt
[3.965s] writing top-level names to ../../build/python_pkg/python_pkg.egg-info/top_level.txt
[3.969s] reading manifest file '../../build/python_pkg/python_pkg.egg-info/SOURCES.txt'
[3.973s] adding license file 'LICENSE'
[3.974s] writing manifest file '../../build/python_pkg/python_pkg.egg-info/SOURCES.txt'
[3.975s] running build
[3.976s] running build_py
[3.976s] running install
[3.976s] running install_lib
[3.977s] running install_data
[3.978s] running install_egg_info
[3.982s] removing '/home/smr/workspaces/amrROS2_ws/install/python_pkg/lib/python3.10/site-packages/python_pkg-0.0.0-py3.10.egg-info' (and everything under it)
[3.982s] Copying ../../build/python_pkg/python_pkg.egg-info to /home/smr/workspaces/amrROS2_ws/install/python_pkg/lib/python3.10/site-packages/python_pkg-0.0.0-py3.10.egg-info
[3.984s] running install_scripts
[4.019s] Installing ip_publisher script to /home/smr/workspaces/amrROS2_ws/install/python_pkg/lib/python_pkg
[4.020s] writing list of installed files to '/home/smr/workspaces/amrROS2_ws/build/python_pkg/install.log'
[4.099s] Invoked command in '/home/smr/workspaces/amrROS2_ws/src/python_pkg' returned '0': PYTHONPATH=/home/smr/workspaces/amrROS2_ws/build/python_pkg/prefix_override:/usr/lib/python3/dist-packages/colcon_core/task/python/colcon_distutils_commands:/home/smr/workspaces/amrROS2_ws/install/python_pkg/lib/python3.10/site-packages:${PYTHONPATH} /usr/bin/python3 -W ignore:setup.py install is deprecated setup.py egg_info --egg-base ../../build/python_pkg build --build-base /home/smr/workspaces/amrROS2_ws/build/python_pkg/build install --record /home/smr/workspaces/amrROS2_ws/build/python_pkg/install.log --single-version-externally-managed install_data
