[1.114s] Invoking command in '/home/smr/workspaces/amrROS2_ws/build/sllidar_ros2': CMAKE_PREFIX_PATH=${CMAKE_PREFIX_PATH}:/home/smr/workspaces/amrROS2_ws/install/python_pkg:/opt/ros/humble /usr/bin/cmake --build /home/smr/workspaces/amrROS2_ws/build/sllidar_ros2 -- -j8 -l8
[2.637s] [ 10%] Built target sllidar_client
[2.761s] [100%] Built target sllidar_node
[2.800s] Invoked command in '/home/smr/workspaces/amrROS2_ws/build/sllidar_ros2' returned '0': CMAKE_PREFIX_PATH=${CMAKE_PREFIX_PATH}:/home/smr/workspaces/amrROS2_ws/install/python_pkg:/opt/ros/humble /usr/bin/cmake --build /home/smr/workspaces/amrROS2_ws/build/sllidar_ros2 -- -j8 -l8
[2.989s] Invoking command in '/home/smr/workspaces/amrROS2_ws/build/sllidar_ros2': CMAKE_PREFIX_PATH=${CMAKE_PREFIX_PATH}:/home/smr/workspaces/amrROS2_ws/install/python_pkg:/opt/ros/humble /usr/bin/cmake --install /home/smr/workspaces/amrROS2_ws/build/sllidar_ros2
[3.011s] -- Install configuration: ""
[3.014s] -- Up-to-date: /home/smr/workspaces/amrROS2_ws/install/sllidar_ros2/share/sllidar_ros2/launch
[3.021s] -- Up-to-date: /home/smr/workspaces/amrROS2_ws/install/sllidar_ros2/share/sllidar_ros2/launch/sllidar_a3_launch.py
[3.021s] -- Up-to-date: /home/smr/workspaces/amrROS2_ws/install/sllidar_ros2/share/sllidar_ros2/launch/view_sllidar_a2m12_launch.py
[3.022s] -- Up-to-date: /home/smr/workspaces/amrROS2_ws/install/sllidar_ros2/share/sllidar_ros2/launch/sllidar_a2m7_launch.py
[3.022s] -- Up-to-date: /home/smr/workspaces/amrROS2_ws/install/sllidar_ros2/share/sllidar_ros2/launch/view_sllidar_a1_launch.py
[3.022s] -- Up-to-date: /home/smr/workspaces/amrROS2_ws/install/sllidar_ros2/share/sllidar_ros2/launch/view_sllidar_s2_launch.py
[3.022s] -- Up-to-date: /home/smr/workspaces/amrROS2_ws/install/sllidar_ros2/share/sllidar_ros2/launch/sllidar_a2m8_launch.py
[3.022s] -- Up-to-date: /home/smr/workspaces/amrROS2_ws/install/sllidar_ros2/share/sllidar_ros2/launch/sllidar_s3_launch.py
[3.022s] -- Up-to-date: /home/smr/workspaces/amrROS2_ws/install/sllidar_ros2/share/sllidar_ros2/launch/sllidar_t1_launch.py
[3.023s] -- Up-to-date: /home/smr/workspaces/amrROS2_ws/install/sllidar_ros2/share/sllidar_ros2/launch/sllidar_a2m12_launch .py
[3.023s] -- Up-to-date: /home/smr/workspaces/amrROS2_ws/install/sllidar_ros2/share/sllidar_ros2/launch/view_sllidar_s1_launch.py
[3.023s] -- Up-to-date: /home/smr/workspaces/amrROS2_ws/install/sllidar_ros2/share/sllidar_ros2/launch/sllidar_s2_launch.py
[3.023s] -- Up-to-date: /home/smr/workspaces/amrROS2_ws/install/sllidar_ros2/share/sllidar_ros2/launch/sllidar_s1_launch.py
[3.024s] -- Up-to-date: /home/smr/workspaces/amrROS2_ws/install/sllidar_ros2/share/sllidar_ros2/launch/view_sllidar_c1_launch.py
[3.024s] -- Up-to-date: /home/smr/workspaces/amrROS2_ws/install/sllidar_ros2/share/sllidar_ros2/launch/view_sllidar_a3_launch.py
[3.024s] -- Up-to-date: /home/smr/workspaces/amrROS2_ws/install/sllidar_ros2/share/sllidar_ros2/launch/view_sllidar_t1_launch.py
[3.024s] -- Up-to-date: /home/smr/workspaces/amrROS2_ws/install/sllidar_ros2/share/sllidar_ros2/launch/sllidar_s2e_launch.py
[3.024s] -- Up-to-date: /home/smr/workspaces/amrROS2_ws/install/sllidar_ros2/share/sllidar_ros2/launch/sllidar_a1_launch.py
[3.024s] -- Up-to-date: /home/smr/workspaces/amrROS2_ws/install/sllidar_ros2/share/sllidar_ros2/launch/view_sllidar_s2e_launch.py
[3.024s] -- Up-to-date: /home/smr/workspaces/amrROS2_ws/install/sllidar_ros2/share/sllidar_ros2/launch/view_sllidar_a2m7_launch.py
[3.024s] -- Up-to-date: /home/smr/workspaces/amrROS2_ws/install/sllidar_ros2/share/sllidar_ros2/launch/view_sllidar_s3_launch.py
[3.025s] -- Up-to-date: /home/smr/workspaces/amrROS2_ws/install/sllidar_ros2/share/sllidar_ros2/launch/sllidar_s1_tcp_launch.py
[3.025s] -- Up-to-date: /home/smr/workspaces/amrROS2_ws/install/sllidar_ros2/share/sllidar_ros2/launch/view_sllidar_s1_tcp_launch.py
[3.025s] -- Up-to-date: /home/smr/workspaces/amrROS2_ws/install/sllidar_ros2/share/sllidar_ros2/launch/sllidar_c1_launch.py
[3.025s] -- Up-to-date: /home/smr/workspaces/amrROS2_ws/install/sllidar_ros2/share/sllidar_ros2/launch/view_sllidar_a2m8_launch.py
[3.025s] -- Up-to-date: /home/smr/workspaces/amrROS2_ws/install/sllidar_ros2/share/sllidar_ros2/rviz
[3.025s] -- Up-to-date: /home/smr/workspaces/amrROS2_ws/install/sllidar_ros2/share/sllidar_ros2/rviz/sllidar_ros2.rviz
[3.031s] -- Up-to-date: /home/smr/workspaces/amrROS2_ws/install/sllidar_ros2/lib/sllidar_ros2/sllidar_node
[3.039s] -- Up-to-date: /home/smr/workspaces/amrROS2_ws/install/sllidar_ros2/lib/sllidar_ros2/sllidar_client
[3.039s] -- Up-to-date: /home/smr/workspaces/amrROS2_ws/install/sllidar_ros2/share/ament_index/resource_index/package_run_dependencies/sllidar_ros2
[3.041s] -- Up-to-date: /home/smr/workspaces/amrROS2_ws/install/sllidar_ros2/share/ament_index/resource_index/parent_prefix_path/sllidar_ros2
[3.044s] -- Up-to-date: /home/smr/workspaces/amrROS2_ws/install/sllidar_ros2/share/sllidar_ros2/environment/ament_prefix_path.sh
[3.044s] -- Up-to-date: /home/smr/workspaces/amrROS2_ws/install/sllidar_ros2/share/sllidar_ros2/environment/ament_prefix_path.dsv
[3.045s] -- Up-to-date: /home/smr/workspaces/amrROS2_ws/install/sllidar_ros2/share/sllidar_ros2/environment/path.sh
[3.045s] -- Up-to-date: /home/smr/workspaces/amrROS2_ws/install/sllidar_ros2/share/sllidar_ros2/environment/path.dsv
[3.045s] -- Up-to-date: /home/smr/workspaces/amrROS2_ws/install/sllidar_ros2/share/sllidar_ros2/local_setup.bash
[3.045s] -- Up-to-date: /home/smr/workspaces/amrROS2_ws/install/sllidar_ros2/share/sllidar_ros2/local_setup.sh
[3.045s] -- Up-to-date: /home/smr/workspaces/amrROS2_ws/install/sllidar_ros2/share/sllidar_ros2/local_setup.zsh
[3.045s] -- Up-to-date: /home/smr/workspaces/amrROS2_ws/install/sllidar_ros2/share/sllidar_ros2/local_setup.dsv
[3.045s] -- Installing: /home/smr/workspaces/amrROS2_ws/install/sllidar_ros2/share/sllidar_ros2/package.dsv
[3.048s] -- Up-to-date: /home/smr/workspaces/amrROS2_ws/install/sllidar_ros2/share/ament_index/resource_index/packages/sllidar_ros2
[3.054s] -- Up-to-date: /home/smr/workspaces/amrROS2_ws/install/sllidar_ros2/share/sllidar_ros2/cmake/ament_cmake_export_dependencies-extras.cmake
[3.055s] -- Up-to-date: /home/smr/workspaces/amrROS2_ws/install/sllidar_ros2/share/sllidar_ros2/cmake/ament_cmake_export_include_directories-extras.cmake
[3.056s] -- Up-to-date: /home/smr/workspaces/amrROS2_ws/install/sllidar_ros2/share/sllidar_ros2/cmake/sllidar_ros2Config.cmake
[3.057s] -- Up-to-date: /home/smr/workspaces/amrROS2_ws/install/sllidar_ros2/share/sllidar_ros2/cmake/sllidar_ros2Config-version.cmake
[3.057s] -- Up-to-date: /home/smr/workspaces/amrROS2_ws/install/sllidar_ros2/share/sllidar_ros2/package.xml
[3.065s] Invoked command in '/home/smr/workspaces/amrROS2_ws/build/sllidar_ros2' returned '0': CMAKE_PREFIX_PATH=${CMAKE_PREFIX_PATH}:/home/smr/workspaces/amrROS2_ws/install/python_pkg:/opt/ros/humble /usr/bin/cmake --install /home/smr/workspaces/amrROS2_ws/build/sllidar_ros2
