[2.554s] Invoking command in '/home/smr/workspaces/amrROS2_ws/src/robot_nav_tool': PYTHONPATH=/home/smr/workspaces/amrROS2_ws/build/robot_nav_tool/prefix_override:/usr/lib/python3/dist-packages/colcon_core/task/python/colcon_distutils_commands:/home/smr/workspaces/amrROS2_ws/install/robot_nav_tool/lib/python3.10/site-packages:${PYTHONPATH} /usr/bin/python3 -W ignore:setup.py install is deprecated setup.py egg_info --egg-base ../../build/robot_nav_tool build --build-base /home/smr/workspaces/amrROS2_ws/build/robot_nav_tool/build install --record /home/smr/workspaces/amrROS2_ws/build/robot_nav_tool/install.log --single-version-externally-managed install_data
[3.074s] running egg_info
[3.075s] writing ../../build/robot_nav_tool/robot_nav_tool.egg-info/PKG-INFO
[3.075s] writing dependency_links to ../../build/robot_nav_tool/robot_nav_tool.egg-info/dependency_links.txt
[3.076s] writing entry points to ../../build/robot_nav_tool/robot_nav_tool.egg-info/entry_points.txt
[3.077s] writing requirements to ../../build/robot_nav_tool/robot_nav_tool.egg-info/requires.txt
[3.077s] writing top-level names to ../../build/robot_nav_tool/robot_nav_tool.egg-info/top_level.txt
[3.080s] reading manifest file '../../build/robot_nav_tool/robot_nav_tool.egg-info/SOURCES.txt'
[3.082s] writing manifest file '../../build/robot_nav_tool/robot_nav_tool.egg-info/SOURCES.txt'
[3.083s] running build
[3.084s] running build_py
[3.085s] running install
[3.088s] running install_lib
[3.105s] running install_data
[3.112s] copying launch/nav_gui_bridge.launch.py -> /home/smr/workspaces/amrROS2_ws/install/robot_nav_tool/share/robot_nav_tool/launch
[3.117s] running install_egg_info
[3.119s] removing '/home/smr/workspaces/amrROS2_ws/install/robot_nav_tool/lib/python3.10/site-packages/robot_nav_tool-0.0.0-py3.10.egg-info' (and everything under it)
[3.119s] Copying ../../build/robot_nav_tool/robot_nav_tool.egg-info to /home/smr/workspaces/amrROS2_ws/install/robot_nav_tool/lib/python3.10/site-packages/robot_nav_tool-0.0.0-py3.10.egg-info
[3.120s] running install_scripts
[3.137s] Installing nav_gui_bridge script to /home/smr/workspaces/amrROS2_ws/install/robot_nav_tool/lib/robot_nav_tool
[3.139s] writing list of installed files to '/home/smr/workspaces/amrROS2_ws/build/robot_nav_tool/install.log'
[3.225s] Invoked command in '/home/smr/workspaces/amrROS2_ws/src/robot_nav_tool' returned '0': PYTHONPATH=/home/smr/workspaces/amrROS2_ws/build/robot_nav_tool/prefix_override:/usr/lib/python3/dist-packages/colcon_core/task/python/colcon_distutils_commands:/home/smr/workspaces/amrROS2_ws/install/robot_nav_tool/lib/python3.10/site-packages:${PYTHONPATH} /usr/bin/python3 -W ignore:setup.py install is deprecated setup.py egg_info --egg-base ../../build/robot_nav_tool build --build-base /home/smr/workspaces/amrROS2_ws/build/robot_nav_tool/build install --record /home/smr/workspaces/amrROS2_ws/build/robot_nav_tool/install.log --single-version-externally-managed install_data
