[0.042s] Invoking command in '/home/smr/workspaces/amrROS2_ws/build/custom_interface': CMAKE_PREFIX_PATH=${CMAKE_PREFIX_PATH}:/home/smr/workspaces/amrROS2_ws/install/python_pkg:/home/smr/workspaces/amrROS2_ws/install/action_autodock:/opt/ros/humble /usr/bin/cmake --build /home/smr/workspaces/amrROS2_ws/build/custom_interface -- -j8 -l8
[0.202s] [  2%] Built target custom_interface__cpp
[0.267s] [  2%] Built target ament_cmake_python_copy_custom_interface
[0.272s] [ 12%] Built target custom_interface__rosidl_generator_c
[0.352s] [ 23%] Built target custom_interface__rosidl_typesupport_cpp
[0.353s] [ 33%] Built target custom_interface__rosidl_typesupport_introspection_cpp
[0.376s] [ 43%] Built target custom_interface__rosidl_typesupport_fastrtps_cpp
[0.406s] [ 56%] Built target custom_interface__rosidl_typesupport_fastrtps_c
[0.414s] [ 64%] Built target custom_interface__rosidl_typesupport_introspection_c
[0.430s] [ 74%] Built target custom_interface__rosidl_typesupport_c
[0.506s] [ 74%] Built target custom_interface
[0.637s] [ 76%] Built target custom_interface__py
[0.713s] [ 84%] Built target custom_interface__rosidl_generator_py
[0.859s] [ 89%] Built target custom_interface__rosidl_typesupport_introspection_c__pyext
[0.871s] [ 94%] Built target custom_interface__rosidl_typesupport_fastrtps_c__pyext
[0.871s] running egg_info
[0.881s] writing custom_interface.egg-info/PKG-INFO
[0.881s] writing dependency_links to custom_interface.egg-info/dependency_links.txt
[0.882s] writing top-level names to custom_interface.egg-info/top_level.txt
[0.883s] [100%] Built target custom_interface__rosidl_typesupport_c__pyext
[0.883s] reading manifest file 'custom_interface.egg-info/SOURCES.txt'
[0.888s] writing manifest file 'custom_interface.egg-info/SOURCES.txt'
[0.987s] [100%] Built target ament_cmake_python_build_custom_interface_egg
[1.037s] Invoked command in '/home/smr/workspaces/amrROS2_ws/build/custom_interface' returned '0': CMAKE_PREFIX_PATH=${CMAKE_PREFIX_PATH}:/home/smr/workspaces/amrROS2_ws/install/python_pkg:/home/smr/workspaces/amrROS2_ws/install/action_autodock:/opt/ros/humble /usr/bin/cmake --build /home/smr/workspaces/amrROS2_ws/build/custom_interface -- -j8 -l8
[1.372s] Invoking command in '/home/smr/workspaces/amrROS2_ws/build/custom_interface': CMAKE_PREFIX_PATH=${CMAKE_PREFIX_PATH}:/home/smr/workspaces/amrROS2_ws/install/python_pkg:/home/smr/workspaces/amrROS2_ws/install/action_autodock:/opt/ros/humble /usr/bin/cmake --install /home/smr/workspaces/amrROS2_ws/build/custom_interface
[1.394s] -- Install configuration: ""
[1.395s] -- Up-to-date: /home/smr/workspaces/amrROS2_ws/install/custom_interface/share/ament_index/resource_index/rosidl_interfaces/custom_interface
[1.395s] -- Up-to-date: /home/smr/workspaces/amrROS2_ws/install/custom_interface/include/custom_interface/custom_interface
[1.395s] -- Up-to-date: /home/smr/workspaces/amrROS2_ws/install/custom_interface/include/custom_interface/custom_interface/msg
[1.395s] -- Up-to-date: /home/smr/workspaces/amrROS2_ws/install/custom_interface/include/custom_interface/custom_interface/msg/detail
[1.395s] -- Up-to-date: /home/smr/workspaces/amrROS2_ws/install/custom_interface/include/custom_interface/custom_interface/msg/detail/initdock__type_support.h
[1.395s] -- Up-to-date: /home/smr/workspaces/amrROS2_ws/install/custom_interface/include/custom_interface/custom_interface/msg/detail/initdock__functions.h
[1.395s] -- Up-to-date: /home/smr/workspaces/amrROS2_ws/install/custom_interface/include/custom_interface/custom_interface/msg/detail/initdock__functions.c
[1.395s] -- Up-to-date: /home/smr/workspaces/amrROS2_ws/install/custom_interface/include/custom_interface/custom_interface/msg/detail/initdock__struct.h
[1.396s] -- Up-to-date: /home/smr/workspaces/amrROS2_ws/install/custom_interface/include/custom_interface/custom_interface/msg/rosidl_generator_c__visibility_control.h
[1.396s] -- Up-to-date: /home/smr/workspaces/amrROS2_ws/install/custom_interface/include/custom_interface/custom_interface/msg/initdock.h
[1.396s] -- Up-to-date: /home/smr/workspaces/amrROS2_ws/install/custom_interface/include/custom_interface/custom_interface/action
[1.396s] -- Up-to-date: /home/smr/workspaces/amrROS2_ws/install/custom_interface/include/custom_interface/custom_interface/action/detail
[1.396s] -- Up-to-date: /home/smr/workspaces/amrROS2_ws/install/custom_interface/include/custom_interface/custom_interface/action/detail/autodock__functions.c
[1.396s] -- Up-to-date: /home/smr/workspaces/amrROS2_ws/install/custom_interface/include/custom_interface/custom_interface/action/detail/autodock__type_support.h
[1.396s] -- Up-to-date: /home/smr/workspaces/amrROS2_ws/install/custom_interface/include/custom_interface/custom_interface/action/detail/autodock__functions.h
[1.396s] -- Up-to-date: /home/smr/workspaces/amrROS2_ws/install/custom_interface/include/custom_interface/custom_interface/action/detail/autodock__struct.h
[1.396s] -- Up-to-date: /home/smr/workspaces/amrROS2_ws/install/custom_interface/include/custom_interface/custom_interface/action/autodock.h
[1.396s] -- Up-to-date: /home/smr/workspaces/amrROS2_ws/install/custom_interface/share/custom_interface/environment/library_path.sh
[1.397s] -- Up-to-date: /home/smr/workspaces/amrROS2_ws/install/custom_interface/share/custom_interface/environment/library_path.dsv
[1.397s] -- Up-to-date: /home/smr/workspaces/amrROS2_ws/install/custom_interface/lib/libcustom_interface__rosidl_generator_c.so
[1.398s] -- Up-to-date: /home/smr/workspaces/amrROS2_ws/install/custom_interface/include/custom_interface/custom_interface
[1.398s] -- Up-to-date: /home/smr/workspaces/amrROS2_ws/install/custom_interface/include/custom_interface/custom_interface/msg
[1.399s] -- Up-to-date: /home/smr/workspaces/amrROS2_ws/install/custom_interface/include/custom_interface/custom_interface/msg/detail
[1.399s] -- Up-to-date: /home/smr/workspaces/amrROS2_ws/install/custom_interface/include/custom_interface/custom_interface/msg/detail/initdock__rosidl_typesupport_fastrtps_c.h
[1.399s] -- Up-to-date: /home/smr/workspaces/amrROS2_ws/install/custom_interface/include/custom_interface/custom_interface/msg/rosidl_typesupport_fastrtps_c__visibility_control.h
[1.399s] -- Up-to-date: /home/smr/workspaces/amrROS2_ws/install/custom_interface/include/custom_interface/custom_interface/action
[1.400s] -- Up-to-date: /home/smr/workspaces/amrROS2_ws/install/custom_interface/include/custom_interface/custom_interface/action/detail
[1.401s] -- Up-to-date: /home/smr/workspaces/amrROS2_ws/install/custom_interface/include/custom_interface/custom_interface/action/detail/autodock__rosidl_typesupport_fastrtps_c.h
[1.401s] -- Up-to-date: /home/smr/workspaces/amrROS2_ws/install/custom_interface/lib/libcustom_interface__rosidl_typesupport_fastrtps_c.so
[1.402s] -- Up-to-date: /home/smr/workspaces/amrROS2_ws/install/custom_interface/include/custom_interface/custom_interface
[1.402s] -- Up-to-date: /home/smr/workspaces/amrROS2_ws/install/custom_interface/include/custom_interface/custom_interface/msg
[1.402s] -- Up-to-date: /home/smr/workspaces/amrROS2_ws/install/custom_interface/include/custom_interface/custom_interface/msg/detail
[1.402s] -- Up-to-date: /home/smr/workspaces/amrROS2_ws/install/custom_interface/include/custom_interface/custom_interface/msg/detail/initdock__rosidl_typesupport_introspection_c.h
[1.402s] -- Up-to-date: /home/smr/workspaces/amrROS2_ws/install/custom_interface/include/custom_interface/custom_interface/msg/detail/initdock__type_support.c
[1.402s] -- Up-to-date: /home/smr/workspaces/amrROS2_ws/install/custom_interface/include/custom_interface/custom_interface/msg/rosidl_typesupport_introspection_c__visibility_control.h
[1.403s] -- Up-to-date: /home/smr/workspaces/amrROS2_ws/install/custom_interface/include/custom_interface/custom_interface/action
[1.403s] -- Up-to-date: /home/smr/workspaces/amrROS2_ws/install/custom_interface/include/custom_interface/custom_interface/action/detail
[1.403s] -- Up-to-date: /home/smr/workspaces/amrROS2_ws/install/custom_interface/include/custom_interface/custom_interface/action/detail/autodock__rosidl_typesupport_introspection_c.h
[1.403s] -- Up-to-date: /home/smr/workspaces/amrROS2_ws/install/custom_interface/include/custom_interface/custom_interface/action/detail/autodock__type_support.c
[1.403s] -- Up-to-date: /home/smr/workspaces/amrROS2_ws/install/custom_interface/lib/libcustom_interface__rosidl_typesupport_introspection_c.so
[1.403s] -- Up-to-date: /home/smr/workspaces/amrROS2_ws/install/custom_interface/lib/libcustom_interface__rosidl_typesupport_c.so
[1.403s] -- Up-to-date: /home/smr/workspaces/amrROS2_ws/install/custom_interface/include/custom_interface/custom_interface
[1.403s] -- Up-to-date: /home/smr/workspaces/amrROS2_ws/install/custom_interface/include/custom_interface/custom_interface/msg
[1.403s] -- Up-to-date: /home/smr/workspaces/amrROS2_ws/install/custom_interface/include/custom_interface/custom_interface/msg/detail
[1.404s] -- Up-to-date: /home/smr/workspaces/amrROS2_ws/install/custom_interface/include/custom_interface/custom_interface/msg/detail/initdock__struct.hpp
[1.404s] -- Up-to-date: /home/smr/workspaces/amrROS2_ws/install/custom_interface/include/custom_interface/custom_interface/msg/detail/initdock__traits.hpp
[1.404s] -- Up-to-date: /home/smr/workspaces/amrROS2_ws/install/custom_interface/include/custom_interface/custom_interface/msg/detail/initdock__builder.hpp
[1.404s] -- Up-to-date: /home/smr/workspaces/amrROS2_ws/install/custom_interface/include/custom_interface/custom_interface/msg/initdock.hpp
[1.404s] -- Up-to-date: /home/smr/workspaces/amrROS2_ws/install/custom_interface/include/custom_interface/custom_interface/action
[1.404s] -- Up-to-date: /home/smr/workspaces/amrROS2_ws/install/custom_interface/include/custom_interface/custom_interface/action/detail
[1.404s] -- Up-to-date: /home/smr/workspaces/amrROS2_ws/install/custom_interface/include/custom_interface/custom_interface/action/detail/autodock__builder.hpp
[1.404s] -- Up-to-date: /home/smr/workspaces/amrROS2_ws/install/custom_interface/include/custom_interface/custom_interface/action/detail/autodock__struct.hpp
[1.404s] -- Up-to-date: /home/smr/workspaces/amrROS2_ws/install/custom_interface/include/custom_interface/custom_interface/action/detail/autodock__traits.hpp
[1.404s] -- Up-to-date: /home/smr/workspaces/amrROS2_ws/install/custom_interface/include/custom_interface/custom_interface/action/autodock.hpp
[1.404s] -- Up-to-date: /home/smr/workspaces/amrROS2_ws/install/custom_interface/include/custom_interface/custom_interface
[1.405s] -- Up-to-date: /home/smr/workspaces/amrROS2_ws/install/custom_interface/include/custom_interface/custom_interface/msg
[1.405s] -- Up-to-date: /home/smr/workspaces/amrROS2_ws/install/custom_interface/include/custom_interface/custom_interface/msg/detail
[1.405s] -- Up-to-date: /home/smr/workspaces/amrROS2_ws/install/custom_interface/include/custom_interface/custom_interface/msg/detail/dds_fastrtps
[1.406s] -- Up-to-date: /home/smr/workspaces/amrROS2_ws/install/custom_interface/include/custom_interface/custom_interface/msg/detail/initdock__rosidl_typesupport_fastrtps_cpp.hpp
[1.407s] -- Up-to-date: /home/smr/workspaces/amrROS2_ws/install/custom_interface/include/custom_interface/custom_interface/msg/rosidl_typesupport_fastrtps_cpp__visibility_control.h
[1.407s] -- Up-to-date: /home/smr/workspaces/amrROS2_ws/install/custom_interface/include/custom_interface/custom_interface/action
[1.408s] -- Up-to-date: /home/smr/workspaces/amrROS2_ws/install/custom_interface/include/custom_interface/custom_interface/action/detail
[1.409s] -- Up-to-date: /home/smr/workspaces/amrROS2_ws/install/custom_interface/include/custom_interface/custom_interface/action/detail/autodock__rosidl_typesupport_fastrtps_cpp.hpp
[1.409s] -- Up-to-date: /home/smr/workspaces/amrROS2_ws/install/custom_interface/include/custom_interface/custom_interface/action/detail/dds_fastrtps
[1.411s] -- Up-to-date: /home/smr/workspaces/amrROS2_ws/install/custom_interface/lib/libcustom_interface__rosidl_typesupport_fastrtps_cpp.so
[1.411s] -- Up-to-date: /home/smr/workspaces/amrROS2_ws/install/custom_interface/include/custom_interface/custom_interface
[1.413s] -- Up-to-date: /home/smr/workspaces/amrROS2_ws/install/custom_interface/include/custom_interface/custom_interface/msg
[1.415s] -- Up-to-date: /home/smr/workspaces/amrROS2_ws/install/custom_interface/include/custom_interface/custom_interface/msg/detail
[1.415s] -- Up-to-date: /home/smr/workspaces/amrROS2_ws/install/custom_interface/include/custom_interface/custom_interface/msg/detail/initdock__rosidl_typesupport_introspection_cpp.hpp
[1.416s] -- Up-to-date: /home/smr/workspaces/amrROS2_ws/install/custom_interface/include/custom_interface/custom_interface/msg/detail/initdock__type_support.cpp
[1.416s] -- Up-to-date: /home/smr/workspaces/amrROS2_ws/install/custom_interface/include/custom_interface/custom_interface/action
[1.417s] -- Up-to-date: /home/smr/workspaces/amrROS2_ws/install/custom_interface/include/custom_interface/custom_interface/action/detail
[1.417s] -- Up-to-date: /home/smr/workspaces/amrROS2_ws/install/custom_interface/include/custom_interface/custom_interface/action/detail/autodock__type_support.cpp
[1.417s] -- Up-to-date: /home/smr/workspaces/amrROS2_ws/install/custom_interface/include/custom_interface/custom_interface/action/detail/autodock__rosidl_typesupport_introspection_cpp.hpp
[1.418s] -- Up-to-date: /home/smr/workspaces/amrROS2_ws/install/custom_interface/lib/libcustom_interface__rosidl_typesupport_introspection_cpp.so
[1.418s] -- Up-to-date: /home/smr/workspaces/amrROS2_ws/install/custom_interface/lib/libcustom_interface__rosidl_typesupport_cpp.so
[1.419s] -- Up-to-date: /home/smr/workspaces/amrROS2_ws/install/custom_interface/share/custom_interface/environment/pythonpath.sh
[1.419s] -- Up-to-date: /home/smr/workspaces/amrROS2_ws/install/custom_interface/share/custom_interface/environment/pythonpath.dsv
[1.420s] -- Up-to-date: /home/smr/workspaces/amrROS2_ws/install/custom_interface/local/lib/python3.10/dist-packages/custom_interface-0.0.0-py3.10.egg-info
[1.420s] -- Installing: /home/smr/workspaces/amrROS2_ws/install/custom_interface/local/lib/python3.10/dist-packages/custom_interface-0.0.0-py3.10.egg-info/dependency_links.txt
[1.421s] -- Installing: /home/smr/workspaces/amrROS2_ws/install/custom_interface/local/lib/python3.10/dist-packages/custom_interface-0.0.0-py3.10.egg-info/top_level.txt
[1.422s] -- Installing: /home/smr/workspaces/amrROS2_ws/install/custom_interface/local/lib/python3.10/dist-packages/custom_interface-0.0.0-py3.10.egg-info/SOURCES.txt
[1.422s] -- Installing: /home/smr/workspaces/amrROS2_ws/install/custom_interface/local/lib/python3.10/dist-packages/custom_interface-0.0.0-py3.10.egg-info/PKG-INFO
[1.423s] -- Up-to-date: /home/smr/workspaces/amrROS2_ws/install/custom_interface/local/lib/python3.10/dist-packages/custom_interface
[1.423s] -- Up-to-date: /home/smr/workspaces/amrROS2_ws/install/custom_interface/local/lib/python3.10/dist-packages/custom_interface/custom_interface_s__rosidl_typesupport_introspection_c.cpython-310-aarch64-linux-gnu.so
[1.425s] -- Up-to-date: /home/smr/workspaces/amrROS2_ws/install/custom_interface/local/lib/python3.10/dist-packages/custom_interface/_custom_interface_s.ep.rosidl_typesupport_introspection_c.c
[1.426s] -- Up-to-date: /home/smr/workspaces/amrROS2_ws/install/custom_interface/local/lib/python3.10/dist-packages/custom_interface/_custom_interface_s.ep.rosidl_typesupport_c.c
[1.426s] -- Up-to-date: /home/smr/workspaces/amrROS2_ws/install/custom_interface/local/lib/python3.10/dist-packages/custom_interface/libcustom_interface__rosidl_generator_py.so
[1.427s] -- Up-to-date: /home/smr/workspaces/amrROS2_ws/install/custom_interface/local/lib/python3.10/dist-packages/custom_interface/msg
[1.427s] -- Up-to-date: /home/smr/workspaces/amrROS2_ws/install/custom_interface/local/lib/python3.10/dist-packages/custom_interface/msg/_initdock.py
[1.428s] -- Up-to-date: /home/smr/workspaces/amrROS2_ws/install/custom_interface/local/lib/python3.10/dist-packages/custom_interface/msg/__init__.py
[1.428s] -- Up-to-date: /home/smr/workspaces/amrROS2_ws/install/custom_interface/local/lib/python3.10/dist-packages/custom_interface/msg/_initdock_s.c
[1.429s] -- Up-to-date: /home/smr/workspaces/amrROS2_ws/install/custom_interface/local/lib/python3.10/dist-packages/custom_interface/custom_interface_s__rosidl_typesupport_fastrtps_c.cpython-310-aarch64-linux-gnu.so
[1.429s] -- Up-to-date: /home/smr/workspaces/amrROS2_ws/install/custom_interface/local/lib/python3.10/dist-packages/custom_interface/__init__.py
[1.430s] -- Up-to-date: /home/smr/workspaces/amrROS2_ws/install/custom_interface/local/lib/python3.10/dist-packages/custom_interface/_custom_interface_s.ep.rosidl_typesupport_fastrtps_c.c
[1.430s] -- Up-to-date: /home/smr/workspaces/amrROS2_ws/install/custom_interface/local/lib/python3.10/dist-packages/custom_interface/custom_interface_s__rosidl_typesupport_c.cpython-310-aarch64-linux-gnu.so
[1.431s] -- Up-to-date: /home/smr/workspaces/amrROS2_ws/install/custom_interface/local/lib/python3.10/dist-packages/custom_interface/action
[1.431s] -- Up-to-date: /home/smr/workspaces/amrROS2_ws/install/custom_interface/local/lib/python3.10/dist-packages/custom_interface/action/_autodock.py
[1.432s] -- Up-to-date: /home/smr/workspaces/amrROS2_ws/install/custom_interface/local/lib/python3.10/dist-packages/custom_interface/action/__init__.py
[1.433s] -- Up-to-date: /home/smr/workspaces/amrROS2_ws/install/custom_interface/local/lib/python3.10/dist-packages/custom_interface/action/_autodock_s.c
[1.458s] Listing '/home/smr/workspaces/amrROS2_ws/install/custom_interface/local/lib/python3.10/dist-packages/custom_interface'...
[1.458s] Listing '/home/smr/workspaces/amrROS2_ws/install/custom_interface/local/lib/python3.10/dist-packages/custom_interface/action'...
[1.458s] Listing '/home/smr/workspaces/amrROS2_ws/install/custom_interface/local/lib/python3.10/dist-packages/custom_interface/msg'...
[1.468s] -- Up-to-date: /home/smr/workspaces/amrROS2_ws/install/custom_interface/local/lib/python3.10/dist-packages/custom_interface/custom_interface_s__rosidl_typesupport_fastrtps_c.cpython-310-aarch64-linux-gnu.so
[1.469s] -- Up-to-date: /home/smr/workspaces/amrROS2_ws/install/custom_interface/local/lib/python3.10/dist-packages/custom_interface/custom_interface_s__rosidl_typesupport_introspection_c.cpython-310-aarch64-linux-gnu.so
[1.469s] -- Up-to-date: /home/smr/workspaces/amrROS2_ws/install/custom_interface/local/lib/python3.10/dist-packages/custom_interface/custom_interface_s__rosidl_typesupport_c.cpython-310-aarch64-linux-gnu.so
[1.470s] -- Up-to-date: /home/smr/workspaces/amrROS2_ws/install/custom_interface/lib/libcustom_interface__rosidl_generator_py.so
[1.470s] -- Up-to-date: /home/smr/workspaces/amrROS2_ws/install/custom_interface/share/custom_interface/action/Autodock.idl
[1.470s] -- Up-to-date: /home/smr/workspaces/amrROS2_ws/install/custom_interface/share/custom_interface/msg/Initdock.idl
[1.470s] -- Up-to-date: /home/smr/workspaces/amrROS2_ws/install/custom_interface/share/custom_interface/action/Autodock.action
[1.470s] -- Up-to-date: /home/smr/workspaces/amrROS2_ws/install/custom_interface/share/custom_interface/msg/Initdock.msg
[1.471s] -- Up-to-date: /home/smr/workspaces/amrROS2_ws/install/custom_interface/share/ament_index/resource_index/package_run_dependencies/custom_interface
[1.471s] -- Up-to-date: /home/smr/workspaces/amrROS2_ws/install/custom_interface/share/ament_index/resource_index/parent_prefix_path/custom_interface
[1.471s] -- Up-to-date: /home/smr/workspaces/amrROS2_ws/install/custom_interface/share/custom_interface/environment/ament_prefix_path.sh
[1.471s] -- Up-to-date: /home/smr/workspaces/amrROS2_ws/install/custom_interface/share/custom_interface/environment/ament_prefix_path.dsv
[1.471s] -- Up-to-date: /home/smr/workspaces/amrROS2_ws/install/custom_interface/share/custom_interface/environment/path.sh
[1.471s] -- Up-to-date: /home/smr/workspaces/amrROS2_ws/install/custom_interface/share/custom_interface/environment/path.dsv
[1.471s] -- Up-to-date: /home/smr/workspaces/amrROS2_ws/install/custom_interface/share/custom_interface/local_setup.bash
[1.472s] -- Up-to-date: /home/smr/workspaces/amrROS2_ws/install/custom_interface/share/custom_interface/local_setup.sh
[1.473s] -- Up-to-date: /home/smr/workspaces/amrROS2_ws/install/custom_interface/share/custom_interface/local_setup.zsh
[1.473s] -- Up-to-date: /home/smr/workspaces/amrROS2_ws/install/custom_interface/share/custom_interface/local_setup.dsv
[1.473s] -- Installing: /home/smr/workspaces/amrROS2_ws/install/custom_interface/share/custom_interface/package.dsv
[1.473s] -- Up-to-date: /home/smr/workspaces/amrROS2_ws/install/custom_interface/share/ament_index/resource_index/packages/custom_interface
[1.473s] -- Up-to-date: /home/smr/workspaces/amrROS2_ws/install/custom_interface/share/custom_interface/cmake/export_custom_interface__rosidl_generator_cExport.cmake
[1.473s] -- Up-to-date: /home/smr/workspaces/amrROS2_ws/install/custom_interface/share/custom_interface/cmake/export_custom_interface__rosidl_generator_cExport-noconfig.cmake
[1.473s] -- Up-to-date: /home/smr/workspaces/amrROS2_ws/install/custom_interface/share/custom_interface/cmake/export_custom_interface__rosidl_typesupport_fastrtps_cExport.cmake
[1.476s] -- Up-to-date: /home/smr/workspaces/amrROS2_ws/install/custom_interface/share/custom_interface/cmake/export_custom_interface__rosidl_typesupport_fastrtps_cExport-noconfig.cmake
[1.476s] -- Up-to-date: /home/smr/workspaces/amrROS2_ws/install/custom_interface/share/custom_interface/cmake/custom_interface__rosidl_typesupport_introspection_cExport.cmake
[1.477s] -- Up-to-date: /home/smr/workspaces/amrROS2_ws/install/custom_interface/share/custom_interface/cmake/custom_interface__rosidl_typesupport_introspection_cExport-noconfig.cmake
[1.477s] -- Up-to-date: /home/smr/workspaces/amrROS2_ws/install/custom_interface/share/custom_interface/cmake/custom_interface__rosidl_typesupport_cExport.cmake
[1.477s] -- Up-to-date: /home/smr/workspaces/amrROS2_ws/install/custom_interface/share/custom_interface/cmake/custom_interface__rosidl_typesupport_cExport-noconfig.cmake
[1.477s] -- Up-to-date: /home/smr/workspaces/amrROS2_ws/install/custom_interface/share/custom_interface/cmake/export_custom_interface__rosidl_generator_cppExport.cmake
[1.477s] -- Up-to-date: /home/smr/workspaces/amrROS2_ws/install/custom_interface/share/custom_interface/cmake/export_custom_interface__rosidl_typesupport_fastrtps_cppExport.cmake
[1.477s] -- Up-to-date: /home/smr/workspaces/amrROS2_ws/install/custom_interface/share/custom_interface/cmake/export_custom_interface__rosidl_typesupport_fastrtps_cppExport-noconfig.cmake
[1.477s] -- Up-to-date: /home/smr/workspaces/amrROS2_ws/install/custom_interface/share/custom_interface/cmake/custom_interface__rosidl_typesupport_introspection_cppExport.cmake
[1.477s] -- Up-to-date: /home/smr/workspaces/amrROS2_ws/install/custom_interface/share/custom_interface/cmake/custom_interface__rosidl_typesupport_introspection_cppExport-noconfig.cmake
[1.478s] -- Up-to-date: /home/smr/workspaces/amrROS2_ws/install/custom_interface/share/custom_interface/cmake/custom_interface__rosidl_typesupport_cppExport.cmake
[1.478s] -- Up-to-date: /home/smr/workspaces/amrROS2_ws/install/custom_interface/share/custom_interface/cmake/custom_interface__rosidl_typesupport_cppExport-noconfig.cmake
[1.478s] -- Up-to-date: /home/smr/workspaces/amrROS2_ws/install/custom_interface/share/custom_interface/cmake/export_custom_interface__rosidl_generator_pyExport.cmake
[1.478s] -- Up-to-date: /home/smr/workspaces/amrROS2_ws/install/custom_interface/share/custom_interface/cmake/export_custom_interface__rosidl_generator_pyExport-noconfig.cmake
[1.478s] -- Up-to-date: /home/smr/workspaces/amrROS2_ws/install/custom_interface/share/custom_interface/cmake/rosidl_cmake-extras.cmake
[1.478s] -- Up-to-date: /home/smr/workspaces/amrROS2_ws/install/custom_interface/share/custom_interface/cmake/ament_cmake_export_dependencies-extras.cmake
[1.478s] -- Up-to-date: /home/smr/workspaces/amrROS2_ws/install/custom_interface/share/custom_interface/cmake/ament_cmake_export_include_directories-extras.cmake
[1.478s] -- Up-to-date: /home/smr/workspaces/amrROS2_ws/install/custom_interface/share/custom_interface/cmake/ament_cmake_export_libraries-extras.cmake
[1.480s] -- Up-to-date: /home/smr/workspaces/amrROS2_ws/install/custom_interface/share/custom_interface/cmake/ament_cmake_export_targets-extras.cmake
[1.495s] -- Up-to-date: /home/smr/workspaces/amrROS2_ws/install/custom_interface/share/custom_interface/cmake/rosidl_cmake_export_typesupport_targets-extras.cmake
[1.504s] -- Up-to-date: /home/smr/workspaces/amrROS2_ws/install/custom_interface/share/custom_interface/cmake/rosidl_cmake_export_typesupport_libraries-extras.cmake
[1.505s] -- Up-to-date: /home/smr/workspaces/amrROS2_ws/install/custom_interface/share/custom_interface/cmake/custom_interfaceConfig.cmake
[1.505s] -- Up-to-date: /home/smr/workspaces/amrROS2_ws/install/custom_interface/share/custom_interface/cmake/custom_interfaceConfig-version.cmake
[1.506s] -- Up-to-date: /home/smr/workspaces/amrROS2_ws/install/custom_interface/share/custom_interface/package.xml
[1.507s] Invoked command in '/home/smr/workspaces/amrROS2_ws/build/custom_interface' returned '0': CMAKE_PREFIX_PATH=${CMAKE_PREFIX_PATH}:/home/smr/workspaces/amrROS2_ws/install/python_pkg:/home/smr/workspaces/amrROS2_ws/install/action_autodock:/opt/ros/humble /usr/bin/cmake --install /home/smr/workspaces/amrROS2_ws/build/custom_interface
