[2.880s] Invoking command in '/home/smr/workspaces/amrROS2_ws/src/python_pkg': PYTHONPATH=/home/smr/workspaces/amrROS2_ws/build/python_pkg/prefix_override:/usr/lib/python3/dist-packages/colcon_core/task/python/colcon_distutils_commands:/home/smr/workspaces/amrROS2_ws/install/python_pkg/lib/python3.10/site-packages:${PYTHONPATH} /usr/bin/python3 -W ignore:setup.py install is deprecated setup.py egg_info --egg-base ../../build/python_pkg build --build-base /home/smr/workspaces/amrROS2_ws/build/python_pkg/build install --record /home/smr/workspaces/amrROS2_ws/build/python_pkg/install.log --single-version-externally-managed install_data
[3.396s] running egg_info
[3.402s] writing ../../build/python_pkg/python_pkg.egg-info/PKG-INFO
[3.403s] writing dependency_links to ../../build/python_pkg/python_pkg.egg-info/dependency_links.txt
[3.404s] writing entry points to ../../build/python_pkg/python_pkg.egg-info/entry_points.txt
[3.404s] writing requirements to ../../build/python_pkg/python_pkg.egg-info/requires.txt
[3.405s] writing top-level names to ../../build/python_pkg/python_pkg.egg-info/top_level.txt
[3.407s] reading manifest file '../../build/python_pkg/python_pkg.egg-info/SOURCES.txt'
[3.545s] adding license file 'LICENSE'
[3.563s] writing manifest file '../../build/python_pkg/python_pkg.egg-info/SOURCES.txt'
[3.568s] running build
[3.568s] running build_py
[3.569s] running install
[3.581s] running install_lib
[3.605s] running install_data
[3.606s] running install_egg_info
[3.606s] removing '/home/smr/workspaces/amrROS2_ws/install/python_pkg/lib/python3.10/site-packages/python_pkg-0.0.0-py3.10.egg-info' (and everything under it)
[3.606s] Copying ../../build/python_pkg/python_pkg.egg-info to /home/smr/workspaces/amrROS2_ws/install/python_pkg/lib/python3.10/site-packages/python_pkg-0.0.0-py3.10.egg-info
[3.606s] running install_scripts
[3.779s] Installing ip_publisher script to /home/smr/workspaces/amrROS2_ws/install/python_pkg/lib/python_pkg
[3.782s] writing list of installed files to '/home/smr/workspaces/amrROS2_ws/build/python_pkg/install.log'
[3.850s] Invoked command in '/home/smr/workspaces/amrROS2_ws/src/python_pkg' returned '0': PYTHONPATH=/home/smr/workspaces/amrROS2_ws/build/python_pkg/prefix_override:/usr/lib/python3/dist-packages/colcon_core/task/python/colcon_distutils_commands:/home/smr/workspaces/amrROS2_ws/install/python_pkg/lib/python3.10/site-packages:${PYTHONPATH} /usr/bin/python3 -W ignore:setup.py install is deprecated setup.py egg_info --egg-base ../../build/python_pkg build --build-base /home/smr/workspaces/amrROS2_ws/build/python_pkg/build install --record /home/smr/workspaces/amrROS2_ws/build/python_pkg/install.log --single-version-externally-managed install_data
