[3.780s] Invoking command in '/home/smr/workspaces/amrROS2_ws/src/python_pkg': PYTHONPATH=/home/smr/workspaces/amrROS2_ws/build/python_pkg/prefix_override:/usr/lib/python3/dist-packages/colcon_core/task/python/colcon_distutils_commands:/home/smr/workspaces/amrROS2_ws/install/python_pkg/lib/python3.10/site-packages:${PYTHONPATH} /usr/bin/python3 -W ignore:setup.py install is deprecated setup.py egg_info --egg-base ../../build/python_pkg build --build-base /home/smr/workspaces/amrROS2_ws/build/python_pkg/build install --record /home/smr/workspaces/amrROS2_ws/build/python_pkg/install.log --single-version-externally-managed install_data
[4.304s] running egg_info
[4.306s] writing ../../build/python_pkg/python_pkg.egg-info/PKG-INFO
[4.306s] writing dependency_links to ../../build/python_pkg/python_pkg.egg-info/dependency_links.txt
[4.307s] writing entry points to ../../build/python_pkg/python_pkg.egg-info/entry_points.txt
[4.307s] writing requirements to ../../build/python_pkg/python_pkg.egg-info/requires.txt
[4.307s] writing top-level names to ../../build/python_pkg/python_pkg.egg-info/top_level.txt
[4.312s] reading manifest file '../../build/python_pkg/python_pkg.egg-info/SOURCES.txt'
[4.313s] adding license file 'LICENSE'
[4.319s] writing manifest file '../../build/python_pkg/python_pkg.egg-info/SOURCES.txt'
[4.319s] running build
[4.319s] running build_py
[4.319s] running install
[4.319s] running install_lib
[4.321s] running install_data
[4.322s] running install_egg_info
[4.327s] removing '/home/smr/workspaces/amrROS2_ws/install/python_pkg/lib/python3.10/site-packages/python_pkg-0.0.0-py3.10.egg-info' (and everything under it)
[4.329s] Copying ../../build/python_pkg/python_pkg.egg-info to /home/smr/workspaces/amrROS2_ws/install/python_pkg/lib/python3.10/site-packages/python_pkg-0.0.0-py3.10.egg-info
[4.333s] running install_scripts
[4.389s] Installing ip_publisher script to /home/smr/workspaces/amrROS2_ws/install/python_pkg/lib/python_pkg
[4.390s] writing list of installed files to '/home/smr/workspaces/amrROS2_ws/build/python_pkg/install.log'
[4.509s] Invoked command in '/home/smr/workspaces/amrROS2_ws/src/python_pkg' returned '0': PYTHONPATH=/home/smr/workspaces/amrROS2_ws/build/python_pkg/prefix_override:/usr/lib/python3/dist-packages/colcon_core/task/python/colcon_distutils_commands:/home/smr/workspaces/amrROS2_ws/install/python_pkg/lib/python3.10/site-packages:${PYTHONPATH} /usr/bin/python3 -W ignore:setup.py install is deprecated setup.py egg_info --egg-base ../../build/python_pkg build --build-base /home/smr/workspaces/amrROS2_ws/build/python_pkg/build install --record /home/smr/workspaces/amrROS2_ws/build/python_pkg/install.log --single-version-externally-managed install_data
