[2.154s] Invoking command in '/home/smr/workspaces/amrROS2_ws/src/robot_nav_tool': PYTHONPATH=/home/smr/workspaces/amrROS2_ws/build/robot_nav_tool/prefix_override:/usr/lib/python3/dist-packages/colcon_core/task/python/colcon_distutils_commands:/home/smr/workspaces/amrROS2_ws/install/robot_nav_tool/lib/python3.10/site-packages:${PYTHONPATH} /usr/bin/python3 -W ignore:setup.py install is deprecated setup.py egg_info --egg-base ../../build/robot_nav_tool build --build-base /home/smr/workspaces/amrROS2_ws/build/robot_nav_tool/build install --record /home/smr/workspaces/amrROS2_ws/build/robot_nav_tool/install.log --single-version-externally-managed install_data
[2.716s] running egg_info
[2.718s] creating ../../build/robot_nav_tool/robot_nav_tool.egg-info
[2.724s] writing ../../build/robot_nav_tool/robot_nav_tool.egg-info/PKG-INFO
[2.728s] writing dependency_links to ../../build/robot_nav_tool/robot_nav_tool.egg-info/dependency_links.txt
[2.730s] writing entry points to ../../build/robot_nav_tool/robot_nav_tool.egg-info/entry_points.txt
[2.731s] writing requirements to ../../build/robot_nav_tool/robot_nav_tool.egg-info/requires.txt
[2.732s] writing top-level names to ../../build/robot_nav_tool/robot_nav_tool.egg-info/top_level.txt
[2.733s] writing manifest file '../../build/robot_nav_tool/robot_nav_tool.egg-info/SOURCES.txt'
[2.734s] reading manifest file '../../build/robot_nav_tool/robot_nav_tool.egg-info/SOURCES.txt'
[2.734s] writing manifest file '../../build/robot_nav_tool/robot_nav_tool.egg-info/SOURCES.txt'
[2.734s] running build
[2.734s] running build_py
[2.736s] creating /home/smr/workspaces/amrROS2_ws/build/robot_nav_tool/build
[2.737s] creating /home/smr/workspaces/amrROS2_ws/build/robot_nav_tool/build/lib
[2.737s] creating /home/smr/workspaces/amrROS2_ws/build/robot_nav_tool/build/lib/robot_nav_tool
[2.737s] copying robot_nav_tool/robot_nav_operator.py -> /home/smr/workspaces/amrROS2_ws/build/robot_nav_tool/build/lib/robot_nav_tool
[2.737s] copying robot_nav_tool/__init__.py -> /home/smr/workspaces/amrROS2_ws/build/robot_nav_tool/build/lib/robot_nav_tool
[2.737s] copying robot_nav_tool/nav_gui_bridge.py -> /home/smr/workspaces/amrROS2_ws/build/robot_nav_tool/build/lib/robot_nav_tool
[2.738s] running install
[2.738s] running install_lib
[2.739s] creating /home/smr/workspaces/amrROS2_ws/install/robot_nav_tool/lib/python3.10/site-packages/robot_nav_tool
[2.739s] copying /home/smr/workspaces/amrROS2_ws/build/robot_nav_tool/build/lib/robot_nav_tool/robot_nav_operator.py -> /home/smr/workspaces/amrROS2_ws/install/robot_nav_tool/lib/python3.10/site-packages/robot_nav_tool
[2.739s] copying /home/smr/workspaces/amrROS2_ws/build/robot_nav_tool/build/lib/robot_nav_tool/__init__.py -> /home/smr/workspaces/amrROS2_ws/install/robot_nav_tool/lib/python3.10/site-packages/robot_nav_tool
[2.739s] copying /home/smr/workspaces/amrROS2_ws/build/robot_nav_tool/build/lib/robot_nav_tool/nav_gui_bridge.py -> /home/smr/workspaces/amrROS2_ws/install/robot_nav_tool/lib/python3.10/site-packages/robot_nav_tool
[2.749s] byte-compiling /home/smr/workspaces/amrROS2_ws/install/robot_nav_tool/lib/python3.10/site-packages/robot_nav_tool/robot_nav_operator.py to robot_nav_operator.cpython-310.pyc
[2.751s] byte-compiling /home/smr/workspaces/amrROS2_ws/install/robot_nav_tool/lib/python3.10/site-packages/robot_nav_tool/__init__.py to __init__.cpython-310.pyc
[2.751s] byte-compiling /home/smr/workspaces/amrROS2_ws/install/robot_nav_tool/lib/python3.10/site-packages/robot_nav_tool/nav_gui_bridge.py to nav_gui_bridge.cpython-310.pyc
[2.751s] running install_data
[2.752s] creating /home/smr/workspaces/amrROS2_ws/install/robot_nav_tool/share/ament_index
[2.752s] creating /home/smr/workspaces/amrROS2_ws/install/robot_nav_tool/share/ament_index/resource_index
[2.752s] creating /home/smr/workspaces/amrROS2_ws/install/robot_nav_tool/share/ament_index/resource_index/packages
[2.753s] copying resource/robot_nav_tool -> /home/smr/workspaces/amrROS2_ws/install/robot_nav_tool/share/ament_index/resource_index/packages
[2.753s] copying package.xml -> /home/smr/workspaces/amrROS2_ws/install/robot_nav_tool/share/robot_nav_tool
[2.754s] creating /home/smr/workspaces/amrROS2_ws/install/robot_nav_tool/share/robot_nav_tool/launch
[2.755s] copying launch/nav_gui_bridge.launch.py -> /home/smr/workspaces/amrROS2_ws/install/robot_nav_tool/share/robot_nav_tool/launch
[2.755s] running install_egg_info
[2.758s] Copying ../../build/robot_nav_tool/robot_nav_tool.egg-info to /home/smr/workspaces/amrROS2_ws/install/robot_nav_tool/lib/python3.10/site-packages/robot_nav_tool-0.0.0-py3.10.egg-info
[2.759s] running install_scripts
[2.809s] Installing nav_gui_bridge script to /home/smr/workspaces/amrROS2_ws/install/robot_nav_tool/lib/robot_nav_tool
[2.822s] writing list of installed files to '/home/smr/workspaces/amrROS2_ws/build/robot_nav_tool/install.log'
[2.919s] Invoked command in '/home/smr/workspaces/amrROS2_ws/src/robot_nav_tool' returned '0': PYTHONPATH=/home/smr/workspaces/amrROS2_ws/build/robot_nav_tool/prefix_override:/usr/lib/python3/dist-packages/colcon_core/task/python/colcon_distutils_commands:/home/smr/workspaces/amrROS2_ws/install/robot_nav_tool/lib/python3.10/site-packages:${PYTHONPATH} /usr/bin/python3 -W ignore:setup.py install is deprecated setup.py egg_info --egg-base ../../build/robot_nav_tool build --build-base /home/smr/workspaces/amrROS2_ws/build/robot_nav_tool/build install --record /home/smr/workspaces/amrROS2_ws/build/robot_nav_tool/install.log --single-version-externally-managed install_data
