[1.283s] Invoking command in '/home/smr/workspaces/amrROS2_ws/build/micro_ros_msgs': CMAKE_PREFIX_PATH=${CMAKE_PREFIX_PATH}:/home/smr/workspaces/amrROS2_ws/install/python_pkg:/home/smr/workspaces/amrROS2_ws/install/action_autodock:/opt/ros/humble /usr/bin/cmake --build /home/smr/workspaces/amrROS2_ws/build/micro_ros_msgs -- -j8 -l8
[2.660s] [  2%] Built target micro_ros_msgs__cpp
[2.851s] [ 12%] Built target micro_ros_msgs__rosidl_generator_c
[2.871s] [ 12%] Built target ament_cmake_python_copy_micro_ros_msgs
[2.900s] [ 23%] Built target micro_ros_msgs__rosidl_typesupport_introspection_cpp
[2.917s] [ 34%] Built target micro_ros_msgs__rosidl_typesupport_cpp
[2.919s] [ 44%] Built target micro_ros_msgs__rosidl_typesupport_fastrtps_cpp
[2.951s] [ 55%] Built target micro_ros_msgs__rosidl_typesupport_c
[2.957s] [ 65%] Built target micro_ros_msgs__rosidl_typesupport_introspection_c
[2.973s] [ 76%] Built target micro_ros_msgs__rosidl_typesupport_fastrtps_c
[3.143s] [ 76%] Built target micro_ros_msgs
[3.570s] [ 78%] Built target micro_ros_msgs__py
[3.886s] running egg_info
[3.888s] writing micro_ros_msgs.egg-info/PKG-INFO
[3.888s] writing dependency_links to micro_ros_msgs.egg-info/dependency_links.txt
[3.889s] writing top-level names to micro_ros_msgs.egg-info/top_level.txt
[3.899s] reading manifest file 'micro_ros_msgs.egg-info/SOURCES.txt'
[3.905s] writing manifest file 'micro_ros_msgs.egg-info/SOURCES.txt'
[3.979s] [ 87%] Built target micro_ros_msgs__rosidl_generator_py
[4.021s] [ 87%] Built target ament_cmake_python_build_micro_ros_msgs_egg
[4.101s] [ 91%] Built target micro_ros_msgs__rosidl_typesupport_introspection_c__pyext
[4.103s] [100%] Built target micro_ros_msgs__rosidl_typesupport_fastrtps_c__pyext
[4.105s] [100%] Built target micro_ros_msgs__rosidl_typesupport_c__pyext
[4.184s] Invoked command in '/home/smr/workspaces/amrROS2_ws/build/micro_ros_msgs' returned '0': CMAKE_PREFIX_PATH=${CMAKE_PREFIX_PATH}:/home/smr/workspaces/amrROS2_ws/install/python_pkg:/home/smr/workspaces/amrROS2_ws/install/action_autodock:/opt/ros/humble /usr/bin/cmake --build /home/smr/workspaces/amrROS2_ws/build/micro_ros_msgs -- -j8 -l8
[4.464s] Invoking command in '/home/smr/workspaces/amrROS2_ws/build/micro_ros_msgs': CMAKE_PREFIX_PATH=${CMAKE_PREFIX_PATH}:/home/smr/workspaces/amrROS2_ws/install/python_pkg:/home/smr/workspaces/amrROS2_ws/install/action_autodock:/opt/ros/humble /usr/bin/cmake --install /home/smr/workspaces/amrROS2_ws/build/micro_ros_msgs
[4.496s] -- Install configuration: ""
[4.497s] -- Up-to-date: /home/smr/workspaces/amrROS2_ws/install/micro_ros_msgs/share/ament_index/resource_index/rosidl_interfaces/micro_ros_msgs
[4.498s] -- Up-to-date: /home/smr/workspaces/amrROS2_ws/install/micro_ros_msgs/include/micro_ros_msgs/micro_ros_msgs
[4.498s] -- Up-to-date: /home/smr/workspaces/amrROS2_ws/install/micro_ros_msgs/include/micro_ros_msgs/micro_ros_msgs/msg
[4.499s] -- Up-to-date: /home/smr/workspaces/amrROS2_ws/install/micro_ros_msgs/include/micro_ros_msgs/micro_ros_msgs/msg/node.h
[4.502s] -- Up-to-date: /home/smr/workspaces/amrROS2_ws/install/micro_ros_msgs/include/micro_ros_msgs/micro_ros_msgs/msg/detail
[4.503s] -- Up-to-date: /home/smr/workspaces/amrROS2_ws/install/micro_ros_msgs/include/micro_ros_msgs/micro_ros_msgs/msg/detail/node__functions.h
[4.504s] -- Up-to-date: /home/smr/workspaces/amrROS2_ws/install/micro_ros_msgs/include/micro_ros_msgs/micro_ros_msgs/msg/detail/graph__functions.c
[4.504s] -- Up-to-date: /home/smr/workspaces/amrROS2_ws/install/micro_ros_msgs/include/micro_ros_msgs/micro_ros_msgs/msg/detail/entity__struct.h
[4.505s] -- Up-to-date: /home/smr/workspaces/amrROS2_ws/install/micro_ros_msgs/include/micro_ros_msgs/micro_ros_msgs/msg/detail/node__struct.h
[4.505s] -- Up-to-date: /home/smr/workspaces/amrROS2_ws/install/micro_ros_msgs/include/micro_ros_msgs/micro_ros_msgs/msg/detail/node__functions.c
[4.505s] -- Up-to-date: /home/smr/workspaces/amrROS2_ws/install/micro_ros_msgs/include/micro_ros_msgs/micro_ros_msgs/msg/detail/graph__functions.h
[4.506s] -- Up-to-date: /home/smr/workspaces/amrROS2_ws/install/micro_ros_msgs/include/micro_ros_msgs/micro_ros_msgs/msg/detail/entity__type_support.h
[4.506s] -- Up-to-date: /home/smr/workspaces/amrROS2_ws/install/micro_ros_msgs/include/micro_ros_msgs/micro_ros_msgs/msg/detail/entity__functions.c
[4.507s] -- Up-to-date: /home/smr/workspaces/amrROS2_ws/install/micro_ros_msgs/include/micro_ros_msgs/micro_ros_msgs/msg/detail/graph__type_support.h
[4.507s] -- Up-to-date: /home/smr/workspaces/amrROS2_ws/install/micro_ros_msgs/include/micro_ros_msgs/micro_ros_msgs/msg/detail/node__type_support.h
[4.508s] -- Up-to-date: /home/smr/workspaces/amrROS2_ws/install/micro_ros_msgs/include/micro_ros_msgs/micro_ros_msgs/msg/detail/entity__functions.h
[4.508s] -- Up-to-date: /home/smr/workspaces/amrROS2_ws/install/micro_ros_msgs/include/micro_ros_msgs/micro_ros_msgs/msg/detail/graph__struct.h
[4.508s] -- Up-to-date: /home/smr/workspaces/amrROS2_ws/install/micro_ros_msgs/include/micro_ros_msgs/micro_ros_msgs/msg/rosidl_generator_c__visibility_control.h
[4.509s] -- Up-to-date: /home/smr/workspaces/amrROS2_ws/install/micro_ros_msgs/include/micro_ros_msgs/micro_ros_msgs/msg/graph.h
[4.509s] -- Up-to-date: /home/smr/workspaces/amrROS2_ws/install/micro_ros_msgs/include/micro_ros_msgs/micro_ros_msgs/msg/entity.h
[4.510s] -- Up-to-date: /home/smr/workspaces/amrROS2_ws/install/micro_ros_msgs/share/micro_ros_msgs/environment/library_path.sh
[4.510s] -- Up-to-date: /home/smr/workspaces/amrROS2_ws/install/micro_ros_msgs/share/micro_ros_msgs/environment/library_path.dsv
[4.510s] -- Up-to-date: /home/smr/workspaces/amrROS2_ws/install/micro_ros_msgs/lib/libmicro_ros_msgs__rosidl_generator_c.so
[4.511s] -- Up-to-date: /home/smr/workspaces/amrROS2_ws/install/micro_ros_msgs/include/micro_ros_msgs/micro_ros_msgs
[4.511s] -- Up-to-date: /home/smr/workspaces/amrROS2_ws/install/micro_ros_msgs/include/micro_ros_msgs/micro_ros_msgs/msg
[4.512s] -- Up-to-date: /home/smr/workspaces/amrROS2_ws/install/micro_ros_msgs/include/micro_ros_msgs/micro_ros_msgs/msg/detail
[4.512s] -- Up-to-date: /home/smr/workspaces/amrROS2_ws/install/micro_ros_msgs/include/micro_ros_msgs/micro_ros_msgs/msg/detail/node__rosidl_typesupport_fastrtps_c.h
[4.512s] -- Up-to-date: /home/smr/workspaces/amrROS2_ws/install/micro_ros_msgs/include/micro_ros_msgs/micro_ros_msgs/msg/detail/entity__rosidl_typesupport_fastrtps_c.h
[4.513s] -- Up-to-date: /home/smr/workspaces/amrROS2_ws/install/micro_ros_msgs/include/micro_ros_msgs/micro_ros_msgs/msg/detail/graph__rosidl_typesupport_fastrtps_c.h
[4.513s] -- Up-to-date: /home/smr/workspaces/amrROS2_ws/install/micro_ros_msgs/include/micro_ros_msgs/micro_ros_msgs/msg/rosidl_typesupport_fastrtps_c__visibility_control.h
[4.514s] -- Up-to-date: /home/smr/workspaces/amrROS2_ws/install/micro_ros_msgs/lib/libmicro_ros_msgs__rosidl_typesupport_fastrtps_c.so
[4.514s] -- Up-to-date: /home/smr/workspaces/amrROS2_ws/install/micro_ros_msgs/include/micro_ros_msgs/micro_ros_msgs
[4.514s] -- Up-to-date: /home/smr/workspaces/amrROS2_ws/install/micro_ros_msgs/include/micro_ros_msgs/micro_ros_msgs/msg
[4.515s] -- Up-to-date: /home/smr/workspaces/amrROS2_ws/install/micro_ros_msgs/include/micro_ros_msgs/micro_ros_msgs/msg/detail
[4.515s] -- Up-to-date: /home/smr/workspaces/amrROS2_ws/install/micro_ros_msgs/include/micro_ros_msgs/micro_ros_msgs/msg/detail/node__type_support.c
[4.516s] -- Up-to-date: /home/smr/workspaces/amrROS2_ws/install/micro_ros_msgs/include/micro_ros_msgs/micro_ros_msgs/msg/detail/entity__rosidl_typesupport_introspection_c.h
[4.516s] -- Up-to-date: /home/smr/workspaces/amrROS2_ws/install/micro_ros_msgs/include/micro_ros_msgs/micro_ros_msgs/msg/detail/graph__type_support.c
[4.517s] -- Up-to-date: /home/smr/workspaces/amrROS2_ws/install/micro_ros_msgs/include/micro_ros_msgs/micro_ros_msgs/msg/detail/graph__rosidl_typesupport_introspection_c.h
[4.517s] -- Up-to-date: /home/smr/workspaces/amrROS2_ws/install/micro_ros_msgs/include/micro_ros_msgs/micro_ros_msgs/msg/detail/node__rosidl_typesupport_introspection_c.h
[4.518s] -- Up-to-date: /home/smr/workspaces/amrROS2_ws/install/micro_ros_msgs/include/micro_ros_msgs/micro_ros_msgs/msg/detail/entity__type_support.c
[4.518s] -- Up-to-date: /home/smr/workspaces/amrROS2_ws/install/micro_ros_msgs/include/micro_ros_msgs/micro_ros_msgs/msg/rosidl_typesupport_introspection_c__visibility_control.h
[4.519s] -- Up-to-date: /home/smr/workspaces/amrROS2_ws/install/micro_ros_msgs/lib/libmicro_ros_msgs__rosidl_typesupport_introspection_c.so
[4.519s] -- Up-to-date: /home/smr/workspaces/amrROS2_ws/install/micro_ros_msgs/lib/libmicro_ros_msgs__rosidl_typesupport_c.so
[4.520s] -- Up-to-date: /home/smr/workspaces/amrROS2_ws/install/micro_ros_msgs/include/micro_ros_msgs/micro_ros_msgs
[4.521s] -- Up-to-date: /home/smr/workspaces/amrROS2_ws/install/micro_ros_msgs/include/micro_ros_msgs/micro_ros_msgs/msg
[4.521s] -- Up-to-date: /home/smr/workspaces/amrROS2_ws/install/micro_ros_msgs/include/micro_ros_msgs/micro_ros_msgs/msg/detail
[4.522s] -- Up-to-date: /home/smr/workspaces/amrROS2_ws/install/micro_ros_msgs/include/micro_ros_msgs/micro_ros_msgs/msg/detail/entity__traits.hpp
[4.522s] -- Up-to-date: /home/smr/workspaces/amrROS2_ws/install/micro_ros_msgs/include/micro_ros_msgs/micro_ros_msgs/msg/detail/node__traits.hpp
[4.523s] -- Up-to-date: /home/smr/workspaces/amrROS2_ws/install/micro_ros_msgs/include/micro_ros_msgs/micro_ros_msgs/msg/detail/entity__struct.hpp
[4.523s] -- Up-to-date: /home/smr/workspaces/amrROS2_ws/install/micro_ros_msgs/include/micro_ros_msgs/micro_ros_msgs/msg/detail/graph__traits.hpp
[4.524s] -- Up-to-date: /home/smr/workspaces/amrROS2_ws/install/micro_ros_msgs/include/micro_ros_msgs/micro_ros_msgs/msg/detail/graph__builder.hpp
[4.524s] -- Up-to-date: /home/smr/workspaces/amrROS2_ws/install/micro_ros_msgs/include/micro_ros_msgs/micro_ros_msgs/msg/detail/node__struct.hpp
[4.525s] -- Up-to-date: /home/smr/workspaces/amrROS2_ws/install/micro_ros_msgs/include/micro_ros_msgs/micro_ros_msgs/msg/detail/graph__struct.hpp
[4.526s] -- Up-to-date: /home/smr/workspaces/amrROS2_ws/install/micro_ros_msgs/include/micro_ros_msgs/micro_ros_msgs/msg/detail/node__builder.hpp
[4.527s] -- Up-to-date: /home/smr/workspaces/amrROS2_ws/install/micro_ros_msgs/include/micro_ros_msgs/micro_ros_msgs/msg/detail/entity__builder.hpp
[4.527s] -- Up-to-date: /home/smr/workspaces/amrROS2_ws/install/micro_ros_msgs/include/micro_ros_msgs/micro_ros_msgs/msg/node.hpp
[4.528s] -- Up-to-date: /home/smr/workspaces/amrROS2_ws/install/micro_ros_msgs/include/micro_ros_msgs/micro_ros_msgs/msg/graph.hpp
[4.528s] -- Up-to-date: /home/smr/workspaces/amrROS2_ws/install/micro_ros_msgs/include/micro_ros_msgs/micro_ros_msgs/msg/entity.hpp
[4.529s] -- Up-to-date: /home/smr/workspaces/amrROS2_ws/install/micro_ros_msgs/include/micro_ros_msgs/micro_ros_msgs
[4.529s] -- Up-to-date: /home/smr/workspaces/amrROS2_ws/install/micro_ros_msgs/include/micro_ros_msgs/micro_ros_msgs/msg
[4.530s] -- Up-to-date: /home/smr/workspaces/amrROS2_ws/install/micro_ros_msgs/include/micro_ros_msgs/micro_ros_msgs/msg/detail
[4.530s] -- Up-to-date: /home/smr/workspaces/amrROS2_ws/install/micro_ros_msgs/include/micro_ros_msgs/micro_ros_msgs/msg/detail/entity__rosidl_typesupport_fastrtps_cpp.hpp
[4.531s] -- Up-to-date: /home/smr/workspaces/amrROS2_ws/install/micro_ros_msgs/include/micro_ros_msgs/micro_ros_msgs/msg/detail/graph__rosidl_typesupport_fastrtps_cpp.hpp
[4.531s] -- Up-to-date: /home/smr/workspaces/amrROS2_ws/install/micro_ros_msgs/include/micro_ros_msgs/micro_ros_msgs/msg/detail/dds_fastrtps
[4.532s] -- Up-to-date: /home/smr/workspaces/amrROS2_ws/install/micro_ros_msgs/include/micro_ros_msgs/micro_ros_msgs/msg/detail/node__rosidl_typesupport_fastrtps_cpp.hpp
[4.532s] -- Up-to-date: /home/smr/workspaces/amrROS2_ws/install/micro_ros_msgs/include/micro_ros_msgs/micro_ros_msgs/msg/rosidl_typesupport_fastrtps_cpp__visibility_control.h
[4.533s] -- Up-to-date: /home/smr/workspaces/amrROS2_ws/install/micro_ros_msgs/lib/libmicro_ros_msgs__rosidl_typesupport_fastrtps_cpp.so
[4.533s] -- Up-to-date: /home/smr/workspaces/amrROS2_ws/install/micro_ros_msgs/include/micro_ros_msgs/micro_ros_msgs
[4.533s] -- Up-to-date: /home/smr/workspaces/amrROS2_ws/install/micro_ros_msgs/include/micro_ros_msgs/micro_ros_msgs/msg
[4.534s] -- Up-to-date: /home/smr/workspaces/amrROS2_ws/install/micro_ros_msgs/include/micro_ros_msgs/micro_ros_msgs/msg/detail
[4.535s] -- Up-to-date: /home/smr/workspaces/amrROS2_ws/install/micro_ros_msgs/include/micro_ros_msgs/micro_ros_msgs/msg/detail/node__type_support.cpp
[4.535s] -- Up-to-date: /home/smr/workspaces/amrROS2_ws/install/micro_ros_msgs/include/micro_ros_msgs/micro_ros_msgs/msg/detail/node__rosidl_typesupport_introspection_cpp.hpp
[4.536s] -- Up-to-date: /home/smr/workspaces/amrROS2_ws/install/micro_ros_msgs/include/micro_ros_msgs/micro_ros_msgs/msg/detail/graph__rosidl_typesupport_introspection_cpp.hpp
[4.536s] -- Up-to-date: /home/smr/workspaces/amrROS2_ws/install/micro_ros_msgs/include/micro_ros_msgs/micro_ros_msgs/msg/detail/entity__rosidl_typesupport_introspection_cpp.hpp
[4.537s] -- Up-to-date: /home/smr/workspaces/amrROS2_ws/install/micro_ros_msgs/include/micro_ros_msgs/micro_ros_msgs/msg/detail/entity__type_support.cpp
[4.537s] -- Up-to-date: /home/smr/workspaces/amrROS2_ws/install/micro_ros_msgs/include/micro_ros_msgs/micro_ros_msgs/msg/detail/graph__type_support.cpp
[4.537s] -- Up-to-date: /home/smr/workspaces/amrROS2_ws/install/micro_ros_msgs/lib/libmicro_ros_msgs__rosidl_typesupport_introspection_cpp.so
[4.538s] -- Up-to-date: /home/smr/workspaces/amrROS2_ws/install/micro_ros_msgs/lib/libmicro_ros_msgs__rosidl_typesupport_cpp.so
[4.538s] -- Up-to-date: /home/smr/workspaces/amrROS2_ws/install/micro_ros_msgs/share/micro_ros_msgs/environment/pythonpath.sh
[4.539s] -- Up-to-date: /home/smr/workspaces/amrROS2_ws/install/micro_ros_msgs/share/micro_ros_msgs/environment/pythonpath.dsv
[4.539s] -- Up-to-date: /home/smr/workspaces/amrROS2_ws/install/micro_ros_msgs/local/lib/python3.10/dist-packages/micro_ros_msgs-3.0.1-py3.10.egg-info
[4.540s] -- Installing: /home/smr/workspaces/amrROS2_ws/install/micro_ros_msgs/local/lib/python3.10/dist-packages/micro_ros_msgs-3.0.1-py3.10.egg-info/dependency_links.txt
[4.540s] -- Installing: /home/smr/workspaces/amrROS2_ws/install/micro_ros_msgs/local/lib/python3.10/dist-packages/micro_ros_msgs-3.0.1-py3.10.egg-info/top_level.txt
[4.541s] -- Installing: /home/smr/workspaces/amrROS2_ws/install/micro_ros_msgs/local/lib/python3.10/dist-packages/micro_ros_msgs-3.0.1-py3.10.egg-info/SOURCES.txt
[4.541s] -- Installing: /home/smr/workspaces/amrROS2_ws/install/micro_ros_msgs/local/lib/python3.10/dist-packages/micro_ros_msgs-3.0.1-py3.10.egg-info/PKG-INFO
[4.541s] -- Up-to-date: /home/smr/workspaces/amrROS2_ws/install/micro_ros_msgs/local/lib/python3.10/dist-packages/micro_ros_msgs
[4.542s] -- Up-to-date: /home/smr/workspaces/amrROS2_ws/install/micro_ros_msgs/local/lib/python3.10/dist-packages/micro_ros_msgs/micro_ros_msgs_s__rosidl_typesupport_introspection_c.cpython-310-aarch64-linux-gnu.so
[4.542s] -- Up-to-date: /home/smr/workspaces/amrROS2_ws/install/micro_ros_msgs/local/lib/python3.10/dist-packages/micro_ros_msgs/_micro_ros_msgs_s.ep.rosidl_typesupport_c.c
[4.543s] -- Up-to-date: /home/smr/workspaces/amrROS2_ws/install/micro_ros_msgs/local/lib/python3.10/dist-packages/micro_ros_msgs/_micro_ros_msgs_s.ep.rosidl_typesupport_introspection_c.c
[4.543s] -- Up-to-date: /home/smr/workspaces/amrROS2_ws/install/micro_ros_msgs/local/lib/python3.10/dist-packages/micro_ros_msgs/msg
[4.544s] -- Up-to-date: /home/smr/workspaces/amrROS2_ws/install/micro_ros_msgs/local/lib/python3.10/dist-packages/micro_ros_msgs/msg/_node.py
[4.544s] -- Up-to-date: /home/smr/workspaces/amrROS2_ws/install/micro_ros_msgs/local/lib/python3.10/dist-packages/micro_ros_msgs/msg/_graph_s.c
[4.549s] -- Up-to-date: /home/smr/workspaces/amrROS2_ws/install/micro_ros_msgs/local/lib/python3.10/dist-packages/micro_ros_msgs/msg/_graph.py
[4.550s] -- Up-to-date: /home/smr/workspaces/amrROS2_ws/install/micro_ros_msgs/local/lib/python3.10/dist-packages/micro_ros_msgs/msg/_entity_s.c
[4.551s] -- Up-to-date: /home/smr/workspaces/amrROS2_ws/install/micro_ros_msgs/local/lib/python3.10/dist-packages/micro_ros_msgs/msg/_node_s.c
[4.552s] -- Up-to-date: /home/smr/workspaces/amrROS2_ws/install/micro_ros_msgs/local/lib/python3.10/dist-packages/micro_ros_msgs/msg/_entity.py
[4.552s] -- Up-to-date: /home/smr/workspaces/amrROS2_ws/install/micro_ros_msgs/local/lib/python3.10/dist-packages/micro_ros_msgs/msg/__init__.py
[4.553s] -- Up-to-date: /home/smr/workspaces/amrROS2_ws/install/micro_ros_msgs/local/lib/python3.10/dist-packages/micro_ros_msgs/libmicro_ros_msgs__rosidl_generator_py.so
[4.553s] -- Up-to-date: /home/smr/workspaces/amrROS2_ws/install/micro_ros_msgs/local/lib/python3.10/dist-packages/micro_ros_msgs/_micro_ros_msgs_s.ep.rosidl_typesupport_fastrtps_c.c
[4.554s] -- Up-to-date: /home/smr/workspaces/amrROS2_ws/install/micro_ros_msgs/local/lib/python3.10/dist-packages/micro_ros_msgs/micro_ros_msgs_s__rosidl_typesupport_fastrtps_c.cpython-310-aarch64-linux-gnu.so
[4.554s] -- Up-to-date: /home/smr/workspaces/amrROS2_ws/install/micro_ros_msgs/local/lib/python3.10/dist-packages/micro_ros_msgs/micro_ros_msgs_s__rosidl_typesupport_c.cpython-310-aarch64-linux-gnu.so
[4.555s] -- Up-to-date: /home/smr/workspaces/amrROS2_ws/install/micro_ros_msgs/local/lib/python3.10/dist-packages/micro_ros_msgs/__init__.py
[4.612s] Listing '/home/smr/workspaces/amrROS2_ws/install/micro_ros_msgs/local/lib/python3.10/dist-packages/micro_ros_msgs'...
[4.613s] Listing '/home/smr/workspaces/amrROS2_ws/install/micro_ros_msgs/local/lib/python3.10/dist-packages/micro_ros_msgs/msg'...
[4.628s] -- Up-to-date: /home/smr/workspaces/amrROS2_ws/install/micro_ros_msgs/local/lib/python3.10/dist-packages/micro_ros_msgs/micro_ros_msgs_s__rosidl_typesupport_fastrtps_c.cpython-310-aarch64-linux-gnu.so
[4.630s] -- Up-to-date: /home/smr/workspaces/amrROS2_ws/install/micro_ros_msgs/local/lib/python3.10/dist-packages/micro_ros_msgs/micro_ros_msgs_s__rosidl_typesupport_introspection_c.cpython-310-aarch64-linux-gnu.so
[4.632s] -- Up-to-date: /home/smr/workspaces/amrROS2_ws/install/micro_ros_msgs/local/lib/python3.10/dist-packages/micro_ros_msgs/micro_ros_msgs_s__rosidl_typesupport_c.cpython-310-aarch64-linux-gnu.so
[4.636s] -- Up-to-date: /home/smr/workspaces/amrROS2_ws/install/micro_ros_msgs/lib/libmicro_ros_msgs__rosidl_generator_py.so
[4.637s] -- Up-to-date: /home/smr/workspaces/amrROS2_ws/install/micro_ros_msgs/share/micro_ros_msgs/msg/Graph.idl
[4.637s] -- Up-to-date: /home/smr/workspaces/amrROS2_ws/install/micro_ros_msgs/share/micro_ros_msgs/msg/Node.idl
[4.638s] -- Up-to-date: /home/smr/workspaces/amrROS2_ws/install/micro_ros_msgs/share/micro_ros_msgs/msg/Entity.idl
[4.639s] -- Up-to-date: /home/smr/workspaces/amrROS2_ws/install/micro_ros_msgs/share/micro_ros_msgs/msg/Graph.msg
[4.639s] -- Up-to-date: /home/smr/workspaces/amrROS2_ws/install/micro_ros_msgs/share/micro_ros_msgs/msg/Node.msg
[4.639s] -- Up-to-date: /home/smr/workspaces/amrROS2_ws/install/micro_ros_msgs/share/micro_ros_msgs/msg/Entity.msg
[4.640s] -- Up-to-date: /home/smr/workspaces/amrROS2_ws/install/micro_ros_msgs/share/ament_index/resource_index/package_run_dependencies/micro_ros_msgs
[4.640s] -- Up-to-date: /home/smr/workspaces/amrROS2_ws/install/micro_ros_msgs/share/ament_index/resource_index/parent_prefix_path/micro_ros_msgs
[4.641s] -- Up-to-date: /home/smr/workspaces/amrROS2_ws/install/micro_ros_msgs/share/micro_ros_msgs/environment/ament_prefix_path.sh
[4.641s] -- Up-to-date: /home/smr/workspaces/amrROS2_ws/install/micro_ros_msgs/share/micro_ros_msgs/environment/ament_prefix_path.dsv
[4.642s] -- Up-to-date: /home/smr/workspaces/amrROS2_ws/install/micro_ros_msgs/share/micro_ros_msgs/environment/path.sh
[4.642s] -- Up-to-date: /home/smr/workspaces/amrROS2_ws/install/micro_ros_msgs/share/micro_ros_msgs/environment/path.dsv
[4.643s] -- Up-to-date: /home/smr/workspaces/amrROS2_ws/install/micro_ros_msgs/share/micro_ros_msgs/local_setup.bash
[4.643s] -- Up-to-date: /home/smr/workspaces/amrROS2_ws/install/micro_ros_msgs/share/micro_ros_msgs/local_setup.sh
[4.644s] -- Up-to-date: /home/smr/workspaces/amrROS2_ws/install/micro_ros_msgs/share/micro_ros_msgs/local_setup.zsh
[4.644s] -- Up-to-date: /home/smr/workspaces/amrROS2_ws/install/micro_ros_msgs/share/micro_ros_msgs/local_setup.dsv
[4.645s] -- Installing: /home/smr/workspaces/amrROS2_ws/install/micro_ros_msgs/share/micro_ros_msgs/package.dsv
[4.646s] -- Up-to-date: /home/smr/workspaces/amrROS2_ws/install/micro_ros_msgs/share/ament_index/resource_index/packages/micro_ros_msgs
[4.646s] -- Up-to-date: /home/smr/workspaces/amrROS2_ws/install/micro_ros_msgs/share/micro_ros_msgs/cmake/export_micro_ros_msgs__rosidl_generator_cExport.cmake
[4.647s] -- Up-to-date: /home/smr/workspaces/amrROS2_ws/install/micro_ros_msgs/share/micro_ros_msgs/cmake/export_micro_ros_msgs__rosidl_generator_cExport-noconfig.cmake
[4.647s] -- Up-to-date: /home/smr/workspaces/amrROS2_ws/install/micro_ros_msgs/share/micro_ros_msgs/cmake/export_micro_ros_msgs__rosidl_typesupport_fastrtps_cExport.cmake
[4.648s] -- Up-to-date: /home/smr/workspaces/amrROS2_ws/install/micro_ros_msgs/share/micro_ros_msgs/cmake/export_micro_ros_msgs__rosidl_typesupport_fastrtps_cExport-noconfig.cmake
[4.648s] -- Up-to-date: /home/smr/workspaces/amrROS2_ws/install/micro_ros_msgs/share/micro_ros_msgs/cmake/micro_ros_msgs__rosidl_typesupport_introspection_cExport.cmake
[4.648s] -- Up-to-date: /home/smr/workspaces/amrROS2_ws/install/micro_ros_msgs/share/micro_ros_msgs/cmake/micro_ros_msgs__rosidl_typesupport_introspection_cExport-noconfig.cmake
[4.649s] -- Up-to-date: /home/smr/workspaces/amrROS2_ws/install/micro_ros_msgs/share/micro_ros_msgs/cmake/micro_ros_msgs__rosidl_typesupport_cExport.cmake
[4.650s] -- Up-to-date: /home/smr/workspaces/amrROS2_ws/install/micro_ros_msgs/share/micro_ros_msgs/cmake/micro_ros_msgs__rosidl_typesupport_cExport-noconfig.cmake
[4.650s] -- Up-to-date: /home/smr/workspaces/amrROS2_ws/install/micro_ros_msgs/share/micro_ros_msgs/cmake/export_micro_ros_msgs__rosidl_generator_cppExport.cmake
[4.650s] -- Up-to-date: /home/smr/workspaces/amrROS2_ws/install/micro_ros_msgs/share/micro_ros_msgs/cmake/export_micro_ros_msgs__rosidl_typesupport_fastrtps_cppExport.cmake
[4.651s] -- Up-to-date: /home/smr/workspaces/amrROS2_ws/install/micro_ros_msgs/share/micro_ros_msgs/cmake/export_micro_ros_msgs__rosidl_typesupport_fastrtps_cppExport-noconfig.cmake
[4.652s] -- Up-to-date: /home/smr/workspaces/amrROS2_ws/install/micro_ros_msgs/share/micro_ros_msgs/cmake/micro_ros_msgs__rosidl_typesupport_introspection_cppExport.cmake
[4.652s] -- Up-to-date: /home/smr/workspaces/amrROS2_ws/install/micro_ros_msgs/share/micro_ros_msgs/cmake/micro_ros_msgs__rosidl_typesupport_introspection_cppExport-noconfig.cmake
[4.654s] -- Up-to-date: /home/smr/workspaces/amrROS2_ws/install/micro_ros_msgs/share/micro_ros_msgs/cmake/micro_ros_msgs__rosidl_typesupport_cppExport.cmake
[4.654s] -- Up-to-date: /home/smr/workspaces/amrROS2_ws/install/micro_ros_msgs/share/micro_ros_msgs/cmake/micro_ros_msgs__rosidl_typesupport_cppExport-noconfig.cmake
[4.656s] -- Up-to-date: /home/smr/workspaces/amrROS2_ws/install/micro_ros_msgs/share/micro_ros_msgs/cmake/export_micro_ros_msgs__rosidl_generator_pyExport.cmake
[4.656s] -- Up-to-date: /home/smr/workspaces/amrROS2_ws/install/micro_ros_msgs/share/micro_ros_msgs/cmake/export_micro_ros_msgs__rosidl_generator_pyExport-noconfig.cmake
[4.657s] -- Up-to-date: /home/smr/workspaces/amrROS2_ws/install/micro_ros_msgs/share/micro_ros_msgs/cmake/rosidl_cmake-extras.cmake
[4.658s] -- Up-to-date: /home/smr/workspaces/amrROS2_ws/install/micro_ros_msgs/share/micro_ros_msgs/cmake/ament_cmake_export_include_directories-extras.cmake
[4.658s] -- Up-to-date: /home/smr/workspaces/amrROS2_ws/install/micro_ros_msgs/share/micro_ros_msgs/cmake/ament_cmake_export_libraries-extras.cmake
[4.659s] -- Up-to-date: /home/smr/workspaces/amrROS2_ws/install/micro_ros_msgs/share/micro_ros_msgs/cmake/ament_cmake_export_targets-extras.cmake
[4.659s] -- Up-to-date: /home/smr/workspaces/amrROS2_ws/install/micro_ros_msgs/share/micro_ros_msgs/cmake/rosidl_cmake_export_typesupport_targets-extras.cmake
[4.660s] -- Up-to-date: /home/smr/workspaces/amrROS2_ws/install/micro_ros_msgs/share/micro_ros_msgs/cmake/ament_cmake_export_dependencies-extras.cmake
[4.660s] -- Up-to-date: /home/smr/workspaces/amrROS2_ws/install/micro_ros_msgs/share/micro_ros_msgs/cmake/rosidl_cmake_export_typesupport_libraries-extras.cmake
[4.660s] -- Up-to-date: /home/smr/workspaces/amrROS2_ws/install/micro_ros_msgs/share/micro_ros_msgs/cmake/micro_ros_msgsConfig.cmake
[4.661s] -- Up-to-date: /home/smr/workspaces/amrROS2_ws/install/micro_ros_msgs/share/micro_ros_msgs/cmake/micro_ros_msgsConfig-version.cmake
[4.662s] -- Up-to-date: /home/smr/workspaces/amrROS2_ws/install/micro_ros_msgs/share/micro_ros_msgs/package.xml
[4.662s] Invoked command in '/home/smr/workspaces/amrROS2_ws/build/micro_ros_msgs' returned '0': CMAKE_PREFIX_PATH=${CMAKE_PREFIX_PATH}:/home/smr/workspaces/amrROS2_ws/install/python_pkg:/home/smr/workspaces/amrROS2_ws/install/action_autodock:/opt/ros/humble /usr/bin/cmake --install /home/smr/workspaces/amrROS2_ws/build/micro_ros_msgs
