[0.095s] Invoking command in '/home/smr/workspaces/amrROS2_ws/build/custom_interface': CMAKE_PREFIX_PATH=${CMAKE_PREFIX_PATH}:/home/smr/workspaces/amrROS2_ws/install/robot_nav_tool:/home/smr/workspaces/amrROS2_ws/install/robot_data_tool:/home/smr/workspaces/amrROS2_ws/install/python_pkg:/home/smr/workspaces/amrROS2_ws/install/action_autodock:/opt/ros/humble NX_CONNECTION=10.221.11.217 61303 10.221.11.152 4000 /usr/bin/cmake --build /home/smr/workspaces/amrROS2_ws/build/custom_interface -- -j8 -l8
[0.692s] [  2%] Built target custom_interface__cpp
[0.694s] [ 12%] Built target custom_interface__rosidl_generator_c
[0.694s] [ 12%] Built target ament_cmake_python_copy_custom_interface
[0.695s] [ 23%] Built target custom_interface__rosidl_typesupport_cpp
[0.695s] [ 43%] Built target custom_interface__rosidl_typesupport_fastrtps_cpp
[0.696s] [ 43%] Built target custom_interface__rosidl_typesupport_introspection_cpp
[0.696s] [ 53%] Built target custom_interface__rosidl_typesupport_c
[0.697s] [ 64%] Built target custom_interface__rosidl_typesupport_introspection_c
[0.697s] [ 74%] Built target custom_interface__rosidl_typesupport_fastrtps_c
[0.698s] [ 74%] Built target custom_interface
[0.754s] [ 76%] Built target custom_interface__py
[0.874s] running egg_info
[0.892s] [ 84%] Built target custom_interface__rosidl_generator_py
[0.892s] writing custom_interface.egg-info/PKG-INFO
[0.892s] writing dependency_links to custom_interface.egg-info/dependency_links.txt
[0.892s] writing top-level names to custom_interface.egg-info/top_level.txt
[0.895s] reading manifest file 'custom_interface.egg-info/SOURCES.txt'
[0.897s] writing manifest file 'custom_interface.egg-info/SOURCES.txt'
[0.973s] [ 89%] Built target custom_interface__rosidl_typesupport_c__pyext
[0.978s] [ 94%] Built target custom_interface__rosidl_typesupport_introspection_c__pyext
[0.992s] [ 94%] Built target ament_cmake_python_build_custom_interface_egg
[1.004s] [100%] Built target custom_interface__rosidl_typesupport_fastrtps_c__pyext
[1.289s] Invoked command in '/home/smr/workspaces/amrROS2_ws/build/custom_interface' returned '0': CMAKE_PREFIX_PATH=${CMAKE_PREFIX_PATH}:/home/smr/workspaces/amrROS2_ws/install/robot_nav_tool:/home/smr/workspaces/amrROS2_ws/install/robot_data_tool:/home/smr/workspaces/amrROS2_ws/install/python_pkg:/home/smr/workspaces/amrROS2_ws/install/action_autodock:/opt/ros/humble NX_CONNECTION=10.221.11.217 61303 10.221.11.152 4000 /usr/bin/cmake --build /home/smr/workspaces/amrROS2_ws/build/custom_interface -- -j8 -l8
[1.672s] Invoking command in '/home/smr/workspaces/amrROS2_ws/build/custom_interface': CMAKE_PREFIX_PATH=${CMAKE_PREFIX_PATH}:/home/smr/workspaces/amrROS2_ws/install/robot_nav_tool:/home/smr/workspaces/amrROS2_ws/install/robot_data_tool:/home/smr/workspaces/amrROS2_ws/install/python_pkg:/home/smr/workspaces/amrROS2_ws/install/action_autodock:/opt/ros/humble NX_CONNECTION=10.221.11.217 61303 10.221.11.152 4000 /usr/bin/cmake --install /home/smr/workspaces/amrROS2_ws/build/custom_interface
[1.722s] -- Install configuration: ""
[1.723s] -- Up-to-date: /home/smr/workspaces/amrROS2_ws/install/custom_interface/share/ament_index/resource_index/rosidl_interfaces/custom_interface
[1.724s] -- Up-to-date: /home/smr/workspaces/amrROS2_ws/install/custom_interface/include/custom_interface/custom_interface
[1.724s] -- Up-to-date: /home/smr/workspaces/amrROS2_ws/install/custom_interface/include/custom_interface/custom_interface/msg
[1.724s] -- Up-to-date: /home/smr/workspaces/amrROS2_ws/install/custom_interface/include/custom_interface/custom_interface/msg/detail
[1.725s] -- Up-to-date: /home/smr/workspaces/amrROS2_ws/install/custom_interface/include/custom_interface/custom_interface/msg/detail/initdock__type_support.h
[1.742s] -- Up-to-date: /home/smr/workspaces/amrROS2_ws/install/custom_interface/include/custom_interface/custom_interface/msg/detail/initdock__functions.h
[1.743s] -- Up-to-date: /home/smr/workspaces/amrROS2_ws/install/custom_interface/include/custom_interface/custom_interface/msg/detail/initdock__functions.c
[1.743s] -- Up-to-date: /home/smr/workspaces/amrROS2_ws/install/custom_interface/include/custom_interface/custom_interface/msg/detail/initdock__struct.h
[1.743s] -- Up-to-date: /home/smr/workspaces/amrROS2_ws/install/custom_interface/include/custom_interface/custom_interface/msg/rosidl_generator_c__visibility_control.h
[1.743s] -- Up-to-date: /home/smr/workspaces/amrROS2_ws/install/custom_interface/include/custom_interface/custom_interface/msg/initdock.h
[1.743s] -- Up-to-date: /home/smr/workspaces/amrROS2_ws/install/custom_interface/include/custom_interface/custom_interface/action
[1.743s] -- Up-to-date: /home/smr/workspaces/amrROS2_ws/install/custom_interface/include/custom_interface/custom_interface/action/detail
[1.743s] -- Up-to-date: /home/smr/workspaces/amrROS2_ws/install/custom_interface/include/custom_interface/custom_interface/action/detail/autodock__functions.c
[1.743s] -- Up-to-date: /home/smr/workspaces/amrROS2_ws/install/custom_interface/include/custom_interface/custom_interface/action/detail/autodock__type_support.h
[1.743s] -- Up-to-date: /home/smr/workspaces/amrROS2_ws/install/custom_interface/include/custom_interface/custom_interface/action/detail/autodock__functions.h
[1.743s] -- Up-to-date: /home/smr/workspaces/amrROS2_ws/install/custom_interface/include/custom_interface/custom_interface/action/detail/autodock__struct.h
[1.744s] -- Up-to-date: /home/smr/workspaces/amrROS2_ws/install/custom_interface/include/custom_interface/custom_interface/action/autodock.h
[1.744s] -- Up-to-date: /home/smr/workspaces/amrROS2_ws/install/custom_interface/share/custom_interface/environment/library_path.sh
[1.744s] -- Up-to-date: /home/smr/workspaces/amrROS2_ws/install/custom_interface/share/custom_interface/environment/library_path.dsv
[1.744s] -- Up-to-date: /home/smr/workspaces/amrROS2_ws/install/custom_interface/lib/libcustom_interface__rosidl_generator_c.so
[1.744s] -- Up-to-date: /home/smr/workspaces/amrROS2_ws/install/custom_interface/include/custom_interface/custom_interface
[1.744s] -- Up-to-date: /home/smr/workspaces/amrROS2_ws/install/custom_interface/include/custom_interface/custom_interface/msg
[1.744s] -- Up-to-date: /home/smr/workspaces/amrROS2_ws/install/custom_interface/include/custom_interface/custom_interface/msg/detail
[1.744s] -- Up-to-date: /home/smr/workspaces/amrROS2_ws/install/custom_interface/include/custom_interface/custom_interface/msg/detail/initdock__rosidl_typesupport_fastrtps_c.h
[1.744s] -- Up-to-date: /home/smr/workspaces/amrROS2_ws/install/custom_interface/include/custom_interface/custom_interface/msg/rosidl_typesupport_fastrtps_c__visibility_control.h
[1.744s] -- Up-to-date: /home/smr/workspaces/amrROS2_ws/install/custom_interface/include/custom_interface/custom_interface/action
[1.744s] -- Up-to-date: /home/smr/workspaces/amrROS2_ws/install/custom_interface/include/custom_interface/custom_interface/action/detail
[1.744s] -- Up-to-date: /home/smr/workspaces/amrROS2_ws/install/custom_interface/include/custom_interface/custom_interface/action/detail/autodock__rosidl_typesupport_fastrtps_c.h
[1.745s] -- Up-to-date: /home/smr/workspaces/amrROS2_ws/install/custom_interface/lib/libcustom_interface__rosidl_typesupport_fastrtps_c.so
[1.745s] -- Up-to-date: /home/smr/workspaces/amrROS2_ws/install/custom_interface/include/custom_interface/custom_interface
[1.745s] -- Up-to-date: /home/smr/workspaces/amrROS2_ws/install/custom_interface/include/custom_interface/custom_interface/msg
[1.745s] -- Up-to-date: /home/smr/workspaces/amrROS2_ws/install/custom_interface/include/custom_interface/custom_interface/msg/detail
[1.745s] -- Up-to-date: /home/smr/workspaces/amrROS2_ws/install/custom_interface/include/custom_interface/custom_interface/msg/detail/initdock__rosidl_typesupport_introspection_c.h
[1.745s] -- Up-to-date: /home/smr/workspaces/amrROS2_ws/install/custom_interface/include/custom_interface/custom_interface/msg/detail/initdock__type_support.c
[1.745s] -- Up-to-date: /home/smr/workspaces/amrROS2_ws/install/custom_interface/include/custom_interface/custom_interface/msg/rosidl_typesupport_introspection_c__visibility_control.h
[1.745s] -- Up-to-date: /home/smr/workspaces/amrROS2_ws/install/custom_interface/include/custom_interface/custom_interface/action
[1.745s] -- Up-to-date: /home/smr/workspaces/amrROS2_ws/install/custom_interface/include/custom_interface/custom_interface/action/detail
[1.745s] -- Up-to-date: /home/smr/workspaces/amrROS2_ws/install/custom_interface/include/custom_interface/custom_interface/action/detail/autodock__rosidl_typesupport_introspection_c.h
[1.745s] -- Up-to-date: /home/smr/workspaces/amrROS2_ws/install/custom_interface/include/custom_interface/custom_interface/action/detail/autodock__type_support.c
[1.745s] -- Up-to-date: /home/smr/workspaces/amrROS2_ws/install/custom_interface/lib/libcustom_interface__rosidl_typesupport_introspection_c.so
[1.746s] -- Up-to-date: /home/smr/workspaces/amrROS2_ws/install/custom_interface/lib/libcustom_interface__rosidl_typesupport_c.so
[1.746s] -- Up-to-date: /home/smr/workspaces/amrROS2_ws/install/custom_interface/include/custom_interface/custom_interface
[1.746s] -- Up-to-date: /home/smr/workspaces/amrROS2_ws/install/custom_interface/include/custom_interface/custom_interface/msg
[1.746s] -- Up-to-date: /home/smr/workspaces/amrROS2_ws/install/custom_interface/include/custom_interface/custom_interface/msg/detail
[1.746s] -- Up-to-date: /home/smr/workspaces/amrROS2_ws/install/custom_interface/include/custom_interface/custom_interface/msg/detail/initdock__struct.hpp
[1.746s] -- Up-to-date: /home/smr/workspaces/amrROS2_ws/install/custom_interface/include/custom_interface/custom_interface/msg/detail/initdock__traits.hpp
[1.746s] -- Up-to-date: /home/smr/workspaces/amrROS2_ws/install/custom_interface/include/custom_interface/custom_interface/msg/detail/initdock__builder.hpp
[1.746s] -- Up-to-date: /home/smr/workspaces/amrROS2_ws/install/custom_interface/include/custom_interface/custom_interface/msg/initdock.hpp
[1.746s] -- Up-to-date: /home/smr/workspaces/amrROS2_ws/install/custom_interface/include/custom_interface/custom_interface/action
[1.746s] -- Up-to-date: /home/smr/workspaces/amrROS2_ws/install/custom_interface/include/custom_interface/custom_interface/action/detail
[1.746s] -- Up-to-date: /home/smr/workspaces/amrROS2_ws/install/custom_interface/include/custom_interface/custom_interface/action/detail/autodock__builder.hpp
[1.746s] -- Up-to-date: /home/smr/workspaces/amrROS2_ws/install/custom_interface/include/custom_interface/custom_interface/action/detail/autodock__struct.hpp
[1.747s] -- Up-to-date: /home/smr/workspaces/amrROS2_ws/install/custom_interface/include/custom_interface/custom_interface/action/detail/autodock__traits.hpp
[1.747s] -- Up-to-date: /home/smr/workspaces/amrROS2_ws/install/custom_interface/include/custom_interface/custom_interface/action/autodock.hpp
[1.747s] -- Up-to-date: /home/smr/workspaces/amrROS2_ws/install/custom_interface/include/custom_interface/custom_interface
[1.747s] -- Up-to-date: /home/smr/workspaces/amrROS2_ws/install/custom_interface/include/custom_interface/custom_interface/msg
[1.747s] -- Up-to-date: /home/smr/workspaces/amrROS2_ws/install/custom_interface/include/custom_interface/custom_interface/msg/detail
[1.747s] -- Up-to-date: /home/smr/workspaces/amrROS2_ws/install/custom_interface/include/custom_interface/custom_interface/msg/detail/dds_fastrtps
[1.747s] -- Up-to-date: /home/smr/workspaces/amrROS2_ws/install/custom_interface/include/custom_interface/custom_interface/msg/detail/initdock__rosidl_typesupport_fastrtps_cpp.hpp
[1.747s] -- Up-to-date: /home/smr/workspaces/amrROS2_ws/install/custom_interface/include/custom_interface/custom_interface/msg/rosidl_typesupport_fastrtps_cpp__visibility_control.h
[1.747s] -- Up-to-date: /home/smr/workspaces/amrROS2_ws/install/custom_interface/include/custom_interface/custom_interface/action
[1.747s] -- Up-to-date: /home/smr/workspaces/amrROS2_ws/install/custom_interface/include/custom_interface/custom_interface/action/detail
[1.747s] -- Up-to-date: /home/smr/workspaces/amrROS2_ws/install/custom_interface/include/custom_interface/custom_interface/action/detail/autodock__rosidl_typesupport_fastrtps_cpp.hpp
[1.747s] -- Up-to-date: /home/smr/workspaces/amrROS2_ws/install/custom_interface/include/custom_interface/custom_interface/action/detail/dds_fastrtps
[1.748s] -- Up-to-date: /home/smr/workspaces/amrROS2_ws/install/custom_interface/lib/libcustom_interface__rosidl_typesupport_fastrtps_cpp.so
[1.748s] -- Up-to-date: /home/smr/workspaces/amrROS2_ws/install/custom_interface/include/custom_interface/custom_interface
[1.748s] -- Up-to-date: /home/smr/workspaces/amrROS2_ws/install/custom_interface/include/custom_interface/custom_interface/msg
[1.748s] -- Up-to-date: /home/smr/workspaces/amrROS2_ws/install/custom_interface/include/custom_interface/custom_interface/msg/detail
[1.748s] -- Up-to-date: /home/smr/workspaces/amrROS2_ws/install/custom_interface/include/custom_interface/custom_interface/msg/detail/initdock__rosidl_typesupport_introspection_cpp.hpp
[1.748s] -- Up-to-date: /home/smr/workspaces/amrROS2_ws/install/custom_interface/include/custom_interface/custom_interface/msg/detail/initdock__type_support.cpp
[1.748s] -- Up-to-date: /home/smr/workspaces/amrROS2_ws/install/custom_interface/include/custom_interface/custom_interface/action
[1.748s] -- Up-to-date: /home/smr/workspaces/amrROS2_ws/install/custom_interface/include/custom_interface/custom_interface/action/detail
[1.748s] -- Up-to-date: /home/smr/workspaces/amrROS2_ws/install/custom_interface/include/custom_interface/custom_interface/action/detail/autodock__type_support.cpp
[1.748s] -- Up-to-date: /home/smr/workspaces/amrROS2_ws/install/custom_interface/include/custom_interface/custom_interface/action/detail/autodock__rosidl_typesupport_introspection_cpp.hpp
[1.748s] -- Up-to-date: /home/smr/workspaces/amrROS2_ws/install/custom_interface/lib/libcustom_interface__rosidl_typesupport_introspection_cpp.so
[1.748s] -- Up-to-date: /home/smr/workspaces/amrROS2_ws/install/custom_interface/lib/libcustom_interface__rosidl_typesupport_cpp.so
[1.749s] -- Up-to-date: /home/smr/workspaces/amrROS2_ws/install/custom_interface/share/custom_interface/environment/pythonpath.sh
[1.750s] -- Up-to-date: /home/smr/workspaces/amrROS2_ws/install/custom_interface/share/custom_interface/environment/pythonpath.dsv
[1.752s] -- Up-to-date: /home/smr/workspaces/amrROS2_ws/install/custom_interface/local/lib/python3.10/dist-packages/custom_interface-0.0.0-py3.10.egg-info
[1.753s] -- Installing: /home/smr/workspaces/amrROS2_ws/install/custom_interface/local/lib/python3.10/dist-packages/custom_interface-0.0.0-py3.10.egg-info/dependency_links.txt
[1.753s] -- Installing: /home/smr/workspaces/amrROS2_ws/install/custom_interface/local/lib/python3.10/dist-packages/custom_interface-0.0.0-py3.10.egg-info/top_level.txt
[1.754s] -- Installing: /home/smr/workspaces/amrROS2_ws/install/custom_interface/local/lib/python3.10/dist-packages/custom_interface-0.0.0-py3.10.egg-info/SOURCES.txt
[1.754s] -- Installing: /home/smr/workspaces/amrROS2_ws/install/custom_interface/local/lib/python3.10/dist-packages/custom_interface-0.0.0-py3.10.egg-info/PKG-INFO
[1.755s] -- Up-to-date: /home/smr/workspaces/amrROS2_ws/install/custom_interface/local/lib/python3.10/dist-packages/custom_interface
[1.755s] -- Up-to-date: /home/smr/workspaces/amrROS2_ws/install/custom_interface/local/lib/python3.10/dist-packages/custom_interface/custom_interface_s__rosidl_typesupport_introspection_c.cpython-310-aarch64-linux-gnu.so
[1.755s] -- Up-to-date: /home/smr/workspaces/amrROS2_ws/install/custom_interface/local/lib/python3.10/dist-packages/custom_interface/_custom_interface_s.ep.rosidl_typesupport_introspection_c.c
[1.756s] -- Up-to-date: /home/smr/workspaces/amrROS2_ws/install/custom_interface/local/lib/python3.10/dist-packages/custom_interface/_custom_interface_s.ep.rosidl_typesupport_c.c
[1.756s] -- Up-to-date: /home/smr/workspaces/amrROS2_ws/install/custom_interface/local/lib/python3.10/dist-packages/custom_interface/libcustom_interface__rosidl_generator_py.so
[1.757s] -- Up-to-date: /home/smr/workspaces/amrROS2_ws/install/custom_interface/local/lib/python3.10/dist-packages/custom_interface/msg
[1.757s] -- Up-to-date: /home/smr/workspaces/amrROS2_ws/install/custom_interface/local/lib/python3.10/dist-packages/custom_interface/msg/_initdock.py
[1.758s] -- Up-to-date: /home/smr/workspaces/amrROS2_ws/install/custom_interface/local/lib/python3.10/dist-packages/custom_interface/msg/__init__.py
[1.758s] -- Up-to-date: /home/smr/workspaces/amrROS2_ws/install/custom_interface/local/lib/python3.10/dist-packages/custom_interface/msg/_initdock_s.c
[1.758s] -- Up-to-date: /home/smr/workspaces/amrROS2_ws/install/custom_interface/local/lib/python3.10/dist-packages/custom_interface/custom_interface_s__rosidl_typesupport_fastrtps_c.cpython-310-aarch64-linux-gnu.so
[1.759s] -- Up-to-date: /home/smr/workspaces/amrROS2_ws/install/custom_interface/local/lib/python3.10/dist-packages/custom_interface/__init__.py
[1.763s] -- Up-to-date: /home/smr/workspaces/amrROS2_ws/install/custom_interface/local/lib/python3.10/dist-packages/custom_interface/_custom_interface_s.ep.rosidl_typesupport_fastrtps_c.c
[1.763s] -- Up-to-date: /home/smr/workspaces/amrROS2_ws/install/custom_interface/local/lib/python3.10/dist-packages/custom_interface/custom_interface_s__rosidl_typesupport_c.cpython-310-aarch64-linux-gnu.so
[1.764s] -- Up-to-date: /home/smr/workspaces/amrROS2_ws/install/custom_interface/local/lib/python3.10/dist-packages/custom_interface/action
[1.764s] -- Up-to-date: /home/smr/workspaces/amrROS2_ws/install/custom_interface/local/lib/python3.10/dist-packages/custom_interface/action/_autodock.py
[1.765s] -- Up-to-date: /home/smr/workspaces/amrROS2_ws/install/custom_interface/local/lib/python3.10/dist-packages/custom_interface/action/__init__.py
[1.765s] -- Up-to-date: /home/smr/workspaces/amrROS2_ws/install/custom_interface/local/lib/python3.10/dist-packages/custom_interface/action/_autodock_s.c
[1.825s] Listing '/home/smr/workspaces/amrROS2_ws/install/custom_interface/local/lib/python3.10/dist-packages/custom_interface'...
[1.826s] Listing '/home/smr/workspaces/amrROS2_ws/install/custom_interface/local/lib/python3.10/dist-packages/custom_interface/action'...
[1.826s] Listing '/home/smr/workspaces/amrROS2_ws/install/custom_interface/local/lib/python3.10/dist-packages/custom_interface/msg'...
[1.841s] -- Up-to-date: /home/smr/workspaces/amrROS2_ws/install/custom_interface/local/lib/python3.10/dist-packages/custom_interface/custom_interface_s__rosidl_typesupport_fastrtps_c.cpython-310-aarch64-linux-gnu.so
[1.851s] -- Up-to-date: /home/smr/workspaces/amrROS2_ws/install/custom_interface/local/lib/python3.10/dist-packages/custom_interface/custom_interface_s__rosidl_typesupport_introspection_c.cpython-310-aarch64-linux-gnu.so
[1.853s] -- Up-to-date: /home/smr/workspaces/amrROS2_ws/install/custom_interface/local/lib/python3.10/dist-packages/custom_interface/custom_interface_s__rosidl_typesupport_c.cpython-310-aarch64-linux-gnu.so
[1.858s] -- Up-to-date: /home/smr/workspaces/amrROS2_ws/install/custom_interface/lib/libcustom_interface__rosidl_generator_py.so
[1.859s] -- Up-to-date: /home/smr/workspaces/amrROS2_ws/install/custom_interface/share/custom_interface/action/Autodock.idl
[1.859s] -- Up-to-date: /home/smr/workspaces/amrROS2_ws/install/custom_interface/share/custom_interface/msg/Initdock.idl
[1.860s] -- Up-to-date: /home/smr/workspaces/amrROS2_ws/install/custom_interface/share/custom_interface/action/Autodock.action
[1.860s] -- Up-to-date: /home/smr/workspaces/amrROS2_ws/install/custom_interface/share/custom_interface/msg/Initdock.msg
[1.860s] -- Up-to-date: /home/smr/workspaces/amrROS2_ws/install/custom_interface/share/ament_index/resource_index/package_run_dependencies/custom_interface
[1.860s] -- Up-to-date: /home/smr/workspaces/amrROS2_ws/install/custom_interface/share/ament_index/resource_index/parent_prefix_path/custom_interface
[1.860s] -- Up-to-date: /home/smr/workspaces/amrROS2_ws/install/custom_interface/share/custom_interface/environment/ament_prefix_path.sh
[1.860s] -- Up-to-date: /home/smr/workspaces/amrROS2_ws/install/custom_interface/share/custom_interface/environment/ament_prefix_path.dsv
[1.860s] -- Up-to-date: /home/smr/workspaces/amrROS2_ws/install/custom_interface/share/custom_interface/environment/path.sh
[1.860s] -- Up-to-date: /home/smr/workspaces/amrROS2_ws/install/custom_interface/share/custom_interface/environment/path.dsv
[1.861s] -- Up-to-date: /home/smr/workspaces/amrROS2_ws/install/custom_interface/share/custom_interface/local_setup.bash
[1.861s] -- Up-to-date: /home/smr/workspaces/amrROS2_ws/install/custom_interface/share/custom_interface/local_setup.sh
[1.861s] -- Up-to-date: /home/smr/workspaces/amrROS2_ws/install/custom_interface/share/custom_interface/local_setup.zsh
[1.861s] -- Up-to-date: /home/smr/workspaces/amrROS2_ws/install/custom_interface/share/custom_interface/local_setup.dsv
[1.861s] -- Installing: /home/smr/workspaces/amrROS2_ws/install/custom_interface/share/custom_interface/package.dsv
[1.861s] -- Up-to-date: /home/smr/workspaces/amrROS2_ws/install/custom_interface/share/ament_index/resource_index/packages/custom_interface
[1.861s] -- Up-to-date: /home/smr/workspaces/amrROS2_ws/install/custom_interface/share/custom_interface/cmake/export_custom_interface__rosidl_generator_cExport.cmake
[1.861s] -- Up-to-date: /home/smr/workspaces/amrROS2_ws/install/custom_interface/share/custom_interface/cmake/export_custom_interface__rosidl_generator_cExport-noconfig.cmake
[1.862s] -- Up-to-date: /home/smr/workspaces/amrROS2_ws/install/custom_interface/share/custom_interface/cmake/export_custom_interface__rosidl_typesupport_fastrtps_cExport.cmake
[1.862s] -- Up-to-date: /home/smr/workspaces/amrROS2_ws/install/custom_interface/share/custom_interface/cmake/export_custom_interface__rosidl_typesupport_fastrtps_cExport-noconfig.cmake
[1.865s] -- Up-to-date: /home/smr/workspaces/amrROS2_ws/install/custom_interface/share/custom_interface/cmake/custom_interface__rosidl_typesupport_introspection_cExport.cmake
[1.865s] -- Up-to-date: /home/smr/workspaces/amrROS2_ws/install/custom_interface/share/custom_interface/cmake/custom_interface__rosidl_typesupport_introspection_cExport-noconfig.cmake
[1.867s] -- Up-to-date: /home/smr/workspaces/amrROS2_ws/install/custom_interface/share/custom_interface/cmake/custom_interface__rosidl_typesupport_cExport.cmake
[1.868s] -- Up-to-date: /home/smr/workspaces/amrROS2_ws/install/custom_interface/share/custom_interface/cmake/custom_interface__rosidl_typesupport_cExport-noconfig.cmake
[1.869s] -- Up-to-date: /home/smr/workspaces/amrROS2_ws/install/custom_interface/share/custom_interface/cmake/export_custom_interface__rosidl_generator_cppExport.cmake
[1.872s] -- Up-to-date: /home/smr/workspaces/amrROS2_ws/install/custom_interface/share/custom_interface/cmake/export_custom_interface__rosidl_typesupport_fastrtps_cppExport.cmake
[1.872s] -- Up-to-date: /home/smr/workspaces/amrROS2_ws/install/custom_interface/share/custom_interface/cmake/export_custom_interface__rosidl_typesupport_fastrtps_cppExport-noconfig.cmake
[1.875s] -- Up-to-date: /home/smr/workspaces/amrROS2_ws/install/custom_interface/share/custom_interface/cmake/custom_interface__rosidl_typesupport_introspection_cppExport.cmake
[1.875s] -- Up-to-date: /home/smr/workspaces/amrROS2_ws/install/custom_interface/share/custom_interface/cmake/custom_interface__rosidl_typesupport_introspection_cppExport-noconfig.cmake
[1.879s] -- Up-to-date: /home/smr/workspaces/amrROS2_ws/install/custom_interface/share/custom_interface/cmake/custom_interface__rosidl_typesupport_cppExport.cmake
[1.880s] -- Up-to-date: /home/smr/workspaces/amrROS2_ws/install/custom_interface/share/custom_interface/cmake/custom_interface__rosidl_typesupport_cppExport-noconfig.cmake
[1.881s] -- Up-to-date: /home/smr/workspaces/amrROS2_ws/install/custom_interface/share/custom_interface/cmake/export_custom_interface__rosidl_generator_pyExport.cmake
[1.883s] -- Up-to-date: /home/smr/workspaces/amrROS2_ws/install/custom_interface/share/custom_interface/cmake/export_custom_interface__rosidl_generator_pyExport-noconfig.cmake
[1.884s] -- Up-to-date: /home/smr/workspaces/amrROS2_ws/install/custom_interface/share/custom_interface/cmake/rosidl_cmake-extras.cmake
[1.885s] -- Up-to-date: /home/smr/workspaces/amrROS2_ws/install/custom_interface/share/custom_interface/cmake/ament_cmake_export_dependencies-extras.cmake
[1.888s] -- Up-to-date: /home/smr/workspaces/amrROS2_ws/install/custom_interface/share/custom_interface/cmake/ament_cmake_export_include_directories-extras.cmake
[1.888s] -- Up-to-date: /home/smr/workspaces/amrROS2_ws/install/custom_interface/share/custom_interface/cmake/ament_cmake_export_libraries-extras.cmake
[1.889s] -- Up-to-date: /home/smr/workspaces/amrROS2_ws/install/custom_interface/share/custom_interface/cmake/ament_cmake_export_targets-extras.cmake
[1.890s] -- Up-to-date: /home/smr/workspaces/amrROS2_ws/install/custom_interface/share/custom_interface/cmake/rosidl_cmake_export_typesupport_targets-extras.cmake
[1.890s] -- Up-to-date: /home/smr/workspaces/amrROS2_ws/install/custom_interface/share/custom_interface/cmake/rosidl_cmake_export_typesupport_libraries-extras.cmake
[1.891s] -- Up-to-date: /home/smr/workspaces/amrROS2_ws/install/custom_interface/share/custom_interface/cmake/custom_interfaceConfig.cmake
[1.892s] -- Up-to-date: /home/smr/workspaces/amrROS2_ws/install/custom_interface/share/custom_interface/cmake/custom_interfaceConfig-version.cmake
[1.893s] -- Up-to-date: /home/smr/workspaces/amrROS2_ws/install/custom_interface/share/custom_interface/package.xml
[3.559s] Invoked command in '/home/smr/workspaces/amrROS2_ws/build/custom_interface' returned '0': CMAKE_PREFIX_PATH=${CMAKE_PREFIX_PATH}:/home/smr/workspaces/amrROS2_ws/install/robot_nav_tool:/home/smr/workspaces/amrROS2_ws/install/robot_data_tool:/home/smr/workspaces/amrROS2_ws/install/python_pkg:/home/smr/workspaces/amrROS2_ws/install/action_autodock:/opt/ros/humble NX_CONNECTION=10.221.11.217 61303 10.221.11.152 4000 /usr/bin/cmake --install /home/smr/workspaces/amrROS2_ws/build/custom_interface
