[0.098s] Invoking command in '/home/smr/workspaces/amrROS2_ws/build/custom_interface': CMAKE_PREFIX_PATH=${CMAKE_PREFIX_PATH}:/home/smr/workspaces/amrROS2_ws/install/robot_nav_tool:/home/smr/workspaces/amrROS2_ws/install/robot_data_tool:/home/smr/workspaces/amrROS2_ws/install/python_pkg:/home/smr/workspaces/amrROS2_ws/install/action_autodock:/opt/ros/humble /usr/bin/cmake --build /home/smr/workspaces/amrROS2_ws/build/custom_interface -- -j8 -l8
[0.957s] [  2%] Built target custom_interface__cpp
[0.958s] [ 12%] Built target custom_interface__rosidl_generator_c
[0.959s] [ 12%] Built target ament_cmake_python_copy_custom_interface
[0.960s] [ 23%] Built target custom_interface__rosidl_typesupport_cpp
[0.961s] [ 33%] Built target custom_interface__rosidl_typesupport_fastrtps_cpp
[0.961s] [ 43%] Built target custom_interface__rosidl_typesupport_introspection_cpp
[0.962s] [ 53%] Built target custom_interface__rosidl_typesupport_fastrtps_c
[0.963s] [ 64%] Built target custom_interface__rosidl_typesupport_introspection_c
[0.963s] [ 74%] Built target custom_interface__rosidl_typesupport_c
[0.964s] [ 74%] Built target custom_interface
[0.965s] [ 76%] Built target custom_interface__py
[0.965s] [ 84%] Built target custom_interface__rosidl_generator_py
[0.966s] [ 89%] Built target custom_interface__rosidl_typesupport_introspection_c__pyext
[0.967s] [ 94%] Built target custom_interface__rosidl_typesupport_c__pyext
[0.967s] [100%] Built target custom_interface__rosidl_typesupport_fastrtps_c__pyext
[1.055s] running egg_info
[1.055s] writing custom_interface.egg-info/PKG-INFO
[1.056s] writing dependency_links to custom_interface.egg-info/dependency_links.txt
[1.058s] writing top-level names to custom_interface.egg-info/top_level.txt
[1.059s] reading manifest file 'custom_interface.egg-info/SOURCES.txt'
[1.062s] writing manifest file 'custom_interface.egg-info/SOURCES.txt'
[1.145s] [100%] Built target ament_cmake_python_build_custom_interface_egg
[1.612s] Invoked command in '/home/smr/workspaces/amrROS2_ws/build/custom_interface' returned '0': CMAKE_PREFIX_PATH=${CMAKE_PREFIX_PATH}:/home/smr/workspaces/amrROS2_ws/install/robot_nav_tool:/home/smr/workspaces/amrROS2_ws/install/robot_data_tool:/home/smr/workspaces/amrROS2_ws/install/python_pkg:/home/smr/workspaces/amrROS2_ws/install/action_autodock:/opt/ros/humble /usr/bin/cmake --build /home/smr/workspaces/amrROS2_ws/build/custom_interface -- -j8 -l8
[2.095s] Invoking command in '/home/smr/workspaces/amrROS2_ws/build/custom_interface': CMAKE_PREFIX_PATH=${CMAKE_PREFIX_PATH}:/home/smr/workspaces/amrROS2_ws/install/robot_nav_tool:/home/smr/workspaces/amrROS2_ws/install/robot_data_tool:/home/smr/workspaces/amrROS2_ws/install/python_pkg:/home/smr/workspaces/amrROS2_ws/install/action_autodock:/opt/ros/humble /usr/bin/cmake --install /home/smr/workspaces/amrROS2_ws/build/custom_interface
[2.388s] -- Install configuration: ""
[2.388s] -- Up-to-date: /home/smr/workspaces/amrROS2_ws/install/custom_interface/share/ament_index/resource_index/rosidl_interfaces/custom_interface
[2.388s] -- Up-to-date: /home/smr/workspaces/amrROS2_ws/install/custom_interface/include/custom_interface/custom_interface
[2.389s] -- Up-to-date: /home/smr/workspaces/amrROS2_ws/install/custom_interface/include/custom_interface/custom_interface/msg
[2.389s] -- Up-to-date: /home/smr/workspaces/amrROS2_ws/install/custom_interface/include/custom_interface/custom_interface/msg/detail
[2.389s] -- Up-to-date: /home/smr/workspaces/amrROS2_ws/install/custom_interface/include/custom_interface/custom_interface/msg/detail/initdock__type_support.h
[2.390s] -- Up-to-date: /home/smr/workspaces/amrROS2_ws/install/custom_interface/include/custom_interface/custom_interface/msg/detail/initdock__functions.h
[2.390s] -- Up-to-date: /home/smr/workspaces/amrROS2_ws/install/custom_interface/include/custom_interface/custom_interface/msg/detail/initdock__functions.c
[2.390s] -- Up-to-date: /home/smr/workspaces/amrROS2_ws/install/custom_interface/include/custom_interface/custom_interface/msg/detail/initdock__struct.h
[2.390s] -- Up-to-date: /home/smr/workspaces/amrROS2_ws/install/custom_interface/include/custom_interface/custom_interface/msg/rosidl_generator_c__visibility_control.h
[2.390s] -- Up-to-date: /home/smr/workspaces/amrROS2_ws/install/custom_interface/include/custom_interface/custom_interface/msg/initdock.h
[2.390s] -- Up-to-date: /home/smr/workspaces/amrROS2_ws/install/custom_interface/include/custom_interface/custom_interface/action
[2.390s] -- Up-to-date: /home/smr/workspaces/amrROS2_ws/install/custom_interface/include/custom_interface/custom_interface/action/detail
[2.390s] -- Up-to-date: /home/smr/workspaces/amrROS2_ws/install/custom_interface/include/custom_interface/custom_interface/action/detail/autodock__functions.c
[2.390s] -- Up-to-date: /home/smr/workspaces/amrROS2_ws/install/custom_interface/include/custom_interface/custom_interface/action/detail/autodock__type_support.h
[2.390s] -- Up-to-date: /home/smr/workspaces/amrROS2_ws/install/custom_interface/include/custom_interface/custom_interface/action/detail/autodock__functions.h
[2.390s] -- Up-to-date: /home/smr/workspaces/amrROS2_ws/install/custom_interface/include/custom_interface/custom_interface/action/detail/autodock__struct.h
[2.390s] -- Up-to-date: /home/smr/workspaces/amrROS2_ws/install/custom_interface/include/custom_interface/custom_interface/action/autodock.h
[2.391s] -- Up-to-date: /home/smr/workspaces/amrROS2_ws/install/custom_interface/share/custom_interface/environment/library_path.sh
[2.391s] -- Up-to-date: /home/smr/workspaces/amrROS2_ws/install/custom_interface/share/custom_interface/environment/library_path.dsv
[2.391s] -- Up-to-date: /home/smr/workspaces/amrROS2_ws/install/custom_interface/lib/libcustom_interface__rosidl_generator_c.so
[2.391s] -- Up-to-date: /home/smr/workspaces/amrROS2_ws/install/custom_interface/include/custom_interface/custom_interface
[2.391s] -- Up-to-date: /home/smr/workspaces/amrROS2_ws/install/custom_interface/include/custom_interface/custom_interface/msg
[2.391s] -- Up-to-date: /home/smr/workspaces/amrROS2_ws/install/custom_interface/include/custom_interface/custom_interface/msg/detail
[2.391s] -- Up-to-date: /home/smr/workspaces/amrROS2_ws/install/custom_interface/include/custom_interface/custom_interface/msg/detail/initdock__rosidl_typesupport_fastrtps_c.h
[2.391s] -- Up-to-date: /home/smr/workspaces/amrROS2_ws/install/custom_interface/include/custom_interface/custom_interface/msg/rosidl_typesupport_fastrtps_c__visibility_control.h
[2.391s] -- Up-to-date: /home/smr/workspaces/amrROS2_ws/install/custom_interface/include/custom_interface/custom_interface/action
[2.391s] -- Up-to-date: /home/smr/workspaces/amrROS2_ws/install/custom_interface/include/custom_interface/custom_interface/action/detail
[2.391s] -- Up-to-date: /home/smr/workspaces/amrROS2_ws/install/custom_interface/include/custom_interface/custom_interface/action/detail/autodock__rosidl_typesupport_fastrtps_c.h
[2.392s] -- Up-to-date: /home/smr/workspaces/amrROS2_ws/install/custom_interface/lib/libcustom_interface__rosidl_typesupport_fastrtps_c.so
[2.392s] -- Up-to-date: /home/smr/workspaces/amrROS2_ws/install/custom_interface/include/custom_interface/custom_interface
[2.392s] -- Up-to-date: /home/smr/workspaces/amrROS2_ws/install/custom_interface/include/custom_interface/custom_interface/msg
[2.392s] -- Up-to-date: /home/smr/workspaces/amrROS2_ws/install/custom_interface/include/custom_interface/custom_interface/msg/detail
[2.392s] -- Up-to-date: /home/smr/workspaces/amrROS2_ws/install/custom_interface/include/custom_interface/custom_interface/msg/detail/initdock__rosidl_typesupport_introspection_c.h
[2.392s] -- Up-to-date: /home/smr/workspaces/amrROS2_ws/install/custom_interface/include/custom_interface/custom_interface/msg/detail/initdock__type_support.c
[2.392s] -- Up-to-date: /home/smr/workspaces/amrROS2_ws/install/custom_interface/include/custom_interface/custom_interface/msg/rosidl_typesupport_introspection_c__visibility_control.h
[2.392s] -- Up-to-date: /home/smr/workspaces/amrROS2_ws/install/custom_interface/include/custom_interface/custom_interface/action
[2.392s] -- Up-to-date: /home/smr/workspaces/amrROS2_ws/install/custom_interface/include/custom_interface/custom_interface/action/detail
[2.392s] -- Up-to-date: /home/smr/workspaces/amrROS2_ws/install/custom_interface/include/custom_interface/custom_interface/action/detail/autodock__rosidl_typesupport_introspection_c.h
[2.392s] -- Up-to-date: /home/smr/workspaces/amrROS2_ws/install/custom_interface/include/custom_interface/custom_interface/action/detail/autodock__type_support.c
[2.392s] -- Up-to-date: /home/smr/workspaces/amrROS2_ws/install/custom_interface/lib/libcustom_interface__rosidl_typesupport_introspection_c.so
[2.393s] -- Up-to-date: /home/smr/workspaces/amrROS2_ws/install/custom_interface/lib/libcustom_interface__rosidl_typesupport_c.so
[2.393s] -- Up-to-date: /home/smr/workspaces/amrROS2_ws/install/custom_interface/include/custom_interface/custom_interface
[2.393s] -- Up-to-date: /home/smr/workspaces/amrROS2_ws/install/custom_interface/include/custom_interface/custom_interface/msg
[2.393s] -- Up-to-date: /home/smr/workspaces/amrROS2_ws/install/custom_interface/include/custom_interface/custom_interface/msg/detail
[2.393s] -- Up-to-date: /home/smr/workspaces/amrROS2_ws/install/custom_interface/include/custom_interface/custom_interface/msg/detail/initdock__struct.hpp
[2.393s] -- Up-to-date: /home/smr/workspaces/amrROS2_ws/install/custom_interface/include/custom_interface/custom_interface/msg/detail/initdock__traits.hpp
[2.393s] -- Up-to-date: /home/smr/workspaces/amrROS2_ws/install/custom_interface/include/custom_interface/custom_interface/msg/detail/initdock__builder.hpp
[2.393s] -- Up-to-date: /home/smr/workspaces/amrROS2_ws/install/custom_interface/include/custom_interface/custom_interface/msg/initdock.hpp
[2.393s] -- Up-to-date: /home/smr/workspaces/amrROS2_ws/install/custom_interface/include/custom_interface/custom_interface/action
[2.393s] -- Up-to-date: /home/smr/workspaces/amrROS2_ws/install/custom_interface/include/custom_interface/custom_interface/action/detail
[2.393s] -- Up-to-date: /home/smr/workspaces/amrROS2_ws/install/custom_interface/include/custom_interface/custom_interface/action/detail/autodock__builder.hpp
[2.393s] -- Up-to-date: /home/smr/workspaces/amrROS2_ws/install/custom_interface/include/custom_interface/custom_interface/action/detail/autodock__struct.hpp
[2.394s] -- Up-to-date: /home/smr/workspaces/amrROS2_ws/install/custom_interface/include/custom_interface/custom_interface/action/detail/autodock__traits.hpp
[2.394s] -- Up-to-date: /home/smr/workspaces/amrROS2_ws/install/custom_interface/include/custom_interface/custom_interface/action/autodock.hpp
[2.394s] -- Up-to-date: /home/smr/workspaces/amrROS2_ws/install/custom_interface/include/custom_interface/custom_interface
[2.394s] -- Up-to-date: /home/smr/workspaces/amrROS2_ws/install/custom_interface/include/custom_interface/custom_interface/msg
[2.394s] -- Up-to-date: /home/smr/workspaces/amrROS2_ws/install/custom_interface/include/custom_interface/custom_interface/msg/detail
[2.394s] -- Up-to-date: /home/smr/workspaces/amrROS2_ws/install/custom_interface/include/custom_interface/custom_interface/msg/detail/dds_fastrtps
[2.394s] -- Up-to-date: /home/smr/workspaces/amrROS2_ws/install/custom_interface/include/custom_interface/custom_interface/msg/detail/initdock__rosidl_typesupport_fastrtps_cpp.hpp
[2.394s] -- Up-to-date: /home/smr/workspaces/amrROS2_ws/install/custom_interface/include/custom_interface/custom_interface/msg/rosidl_typesupport_fastrtps_cpp__visibility_control.h
[2.394s] -- Up-to-date: /home/smr/workspaces/amrROS2_ws/install/custom_interface/include/custom_interface/custom_interface/action
[2.394s] -- Up-to-date: /home/smr/workspaces/amrROS2_ws/install/custom_interface/include/custom_interface/custom_interface/action/detail
[2.394s] -- Up-to-date: /home/smr/workspaces/amrROS2_ws/install/custom_interface/include/custom_interface/custom_interface/action/detail/autodock__rosidl_typesupport_fastrtps_cpp.hpp
[2.394s] -- Up-to-date: /home/smr/workspaces/amrROS2_ws/install/custom_interface/include/custom_interface/custom_interface/action/detail/dds_fastrtps
[2.396s] -- Up-to-date: /home/smr/workspaces/amrROS2_ws/install/custom_interface/lib/libcustom_interface__rosidl_typesupport_fastrtps_cpp.so
[2.401s] -- Up-to-date: /home/smr/workspaces/amrROS2_ws/install/custom_interface/include/custom_interface/custom_interface
[2.405s] -- Up-to-date: /home/smr/workspaces/amrROS2_ws/install/custom_interface/include/custom_interface/custom_interface/msg
[2.405s] -- Up-to-date: /home/smr/workspaces/amrROS2_ws/install/custom_interface/include/custom_interface/custom_interface/msg/detail
[2.405s] -- Up-to-date: /home/smr/workspaces/amrROS2_ws/install/custom_interface/include/custom_interface/custom_interface/msg/detail/initdock__rosidl_typesupport_introspection_cpp.hpp
[2.405s] -- Up-to-date: /home/smr/workspaces/amrROS2_ws/install/custom_interface/include/custom_interface/custom_interface/msg/detail/initdock__type_support.cpp
[2.405s] -- Up-to-date: /home/smr/workspaces/amrROS2_ws/install/custom_interface/include/custom_interface/custom_interface/action
[2.406s] -- Up-to-date: /home/smr/workspaces/amrROS2_ws/install/custom_interface/include/custom_interface/custom_interface/action/detail
[2.406s] -- Up-to-date: /home/smr/workspaces/amrROS2_ws/install/custom_interface/include/custom_interface/custom_interface/action/detail/autodock__type_support.cpp
[2.406s] -- Up-to-date: /home/smr/workspaces/amrROS2_ws/install/custom_interface/include/custom_interface/custom_interface/action/detail/autodock__rosidl_typesupport_introspection_cpp.hpp
[2.406s] -- Up-to-date: /home/smr/workspaces/amrROS2_ws/install/custom_interface/lib/libcustom_interface__rosidl_typesupport_introspection_cpp.so
[2.406s] -- Up-to-date: /home/smr/workspaces/amrROS2_ws/install/custom_interface/lib/libcustom_interface__rosidl_typesupport_cpp.so
[2.406s] -- Up-to-date: /home/smr/workspaces/amrROS2_ws/install/custom_interface/share/custom_interface/environment/pythonpath.sh
[2.406s] -- Up-to-date: /home/smr/workspaces/amrROS2_ws/install/custom_interface/share/custom_interface/environment/pythonpath.dsv
[2.406s] -- Up-to-date: /home/smr/workspaces/amrROS2_ws/install/custom_interface/local/lib/python3.10/dist-packages/custom_interface-0.0.0-py3.10.egg-info
[2.418s] -- Installing: /home/smr/workspaces/amrROS2_ws/install/custom_interface/local/lib/python3.10/dist-packages/custom_interface-0.0.0-py3.10.egg-info/dependency_links.txt
[2.419s] -- Installing: /home/smr/workspaces/amrROS2_ws/install/custom_interface/local/lib/python3.10/dist-packages/custom_interface-0.0.0-py3.10.egg-info/top_level.txt
[2.419s] -- Installing: /home/smr/workspaces/amrROS2_ws/install/custom_interface/local/lib/python3.10/dist-packages/custom_interface-0.0.0-py3.10.egg-info/SOURCES.txt
[2.420s] -- Installing: /home/smr/workspaces/amrROS2_ws/install/custom_interface/local/lib/python3.10/dist-packages/custom_interface-0.0.0-py3.10.egg-info/PKG-INFO
[2.423s] -- Up-to-date: /home/smr/workspaces/amrROS2_ws/install/custom_interface/local/lib/python3.10/dist-packages/custom_interface
[2.423s] -- Up-to-date: /home/smr/workspaces/amrROS2_ws/install/custom_interface/local/lib/python3.10/dist-packages/custom_interface/custom_interface_s__rosidl_typesupport_introspection_c.cpython-310-aarch64-linux-gnu.so
[2.424s] -- Up-to-date: /home/smr/workspaces/amrROS2_ws/install/custom_interface/local/lib/python3.10/dist-packages/custom_interface/_custom_interface_s.ep.rosidl_typesupport_introspection_c.c
[2.428s] -- Up-to-date: /home/smr/workspaces/amrROS2_ws/install/custom_interface/local/lib/python3.10/dist-packages/custom_interface/_custom_interface_s.ep.rosidl_typesupport_c.c
[2.429s] -- Up-to-date: /home/smr/workspaces/amrROS2_ws/install/custom_interface/local/lib/python3.10/dist-packages/custom_interface/libcustom_interface__rosidl_generator_py.so
[2.430s] -- Up-to-date: /home/smr/workspaces/amrROS2_ws/install/custom_interface/local/lib/python3.10/dist-packages/custom_interface/msg
[2.433s] -- Up-to-date: /home/smr/workspaces/amrROS2_ws/install/custom_interface/local/lib/python3.10/dist-packages/custom_interface/msg/_initdock.py
[2.434s] -- Up-to-date: /home/smr/workspaces/amrROS2_ws/install/custom_interface/local/lib/python3.10/dist-packages/custom_interface/msg/__init__.py
[2.434s] -- Up-to-date: /home/smr/workspaces/amrROS2_ws/install/custom_interface/local/lib/python3.10/dist-packages/custom_interface/msg/_initdock_s.c
[2.434s] -- Up-to-date: /home/smr/workspaces/amrROS2_ws/install/custom_interface/local/lib/python3.10/dist-packages/custom_interface/custom_interface_s__rosidl_typesupport_fastrtps_c.cpython-310-aarch64-linux-gnu.so
[2.434s] -- Up-to-date: /home/smr/workspaces/amrROS2_ws/install/custom_interface/local/lib/python3.10/dist-packages/custom_interface/__init__.py
[2.434s] -- Up-to-date: /home/smr/workspaces/amrROS2_ws/install/custom_interface/local/lib/python3.10/dist-packages/custom_interface/_custom_interface_s.ep.rosidl_typesupport_fastrtps_c.c
[2.434s] -- Up-to-date: /home/smr/workspaces/amrROS2_ws/install/custom_interface/local/lib/python3.10/dist-packages/custom_interface/custom_interface_s__rosidl_typesupport_c.cpython-310-aarch64-linux-gnu.so
[2.434s] -- Up-to-date: /home/smr/workspaces/amrROS2_ws/install/custom_interface/local/lib/python3.10/dist-packages/custom_interface/action
[2.434s] -- Up-to-date: /home/smr/workspaces/amrROS2_ws/install/custom_interface/local/lib/python3.10/dist-packages/custom_interface/action/_autodock.py
[2.435s] -- Up-to-date: /home/smr/workspaces/amrROS2_ws/install/custom_interface/local/lib/python3.10/dist-packages/custom_interface/action/__init__.py
[2.435s] -- Up-to-date: /home/smr/workspaces/amrROS2_ws/install/custom_interface/local/lib/python3.10/dist-packages/custom_interface/action/_autodock_s.c
[2.435s] Listing '/home/smr/workspaces/amrROS2_ws/install/custom_interface/local/lib/python3.10/dist-packages/custom_interface'...
[2.435s] Listing '/home/smr/workspaces/amrROS2_ws/install/custom_interface/local/lib/python3.10/dist-packages/custom_interface/action'...
[2.435s] Listing '/home/smr/workspaces/amrROS2_ws/install/custom_interface/local/lib/python3.10/dist-packages/custom_interface/msg'...
[2.435s] -- Up-to-date: /home/smr/workspaces/amrROS2_ws/install/custom_interface/local/lib/python3.10/dist-packages/custom_interface/custom_interface_s__rosidl_typesupport_fastrtps_c.cpython-310-aarch64-linux-gnu.so
[2.436s] -- Up-to-date: /home/smr/workspaces/amrROS2_ws/install/custom_interface/local/lib/python3.10/dist-packages/custom_interface/custom_interface_s__rosidl_typesupport_introspection_c.cpython-310-aarch64-linux-gnu.so
[2.436s] -- Up-to-date: /home/smr/workspaces/amrROS2_ws/install/custom_interface/local/lib/python3.10/dist-packages/custom_interface/custom_interface_s__rosidl_typesupport_c.cpython-310-aarch64-linux-gnu.so
[2.436s] -- Up-to-date: /home/smr/workspaces/amrROS2_ws/install/custom_interface/lib/libcustom_interface__rosidl_generator_py.so
[2.436s] -- Up-to-date: /home/smr/workspaces/amrROS2_ws/install/custom_interface/share/custom_interface/action/Autodock.idl
[2.436s] -- Up-to-date: /home/smr/workspaces/amrROS2_ws/install/custom_interface/share/custom_interface/msg/Initdock.idl
[2.437s] -- Up-to-date: /home/smr/workspaces/amrROS2_ws/install/custom_interface/share/custom_interface/action/Autodock.action
[2.437s] -- Up-to-date: /home/smr/workspaces/amrROS2_ws/install/custom_interface/share/custom_interface/msg/Initdock.msg
[2.437s] -- Up-to-date: /home/smr/workspaces/amrROS2_ws/install/custom_interface/share/ament_index/resource_index/package_run_dependencies/custom_interface
[2.444s] -- Up-to-date: /home/smr/workspaces/amrROS2_ws/install/custom_interface/share/ament_index/resource_index/parent_prefix_path/custom_interface
[2.445s] -- Up-to-date: /home/smr/workspaces/amrROS2_ws/install/custom_interface/share/custom_interface/environment/ament_prefix_path.sh
[2.445s] -- Up-to-date: /home/smr/workspaces/amrROS2_ws/install/custom_interface/share/custom_interface/environment/ament_prefix_path.dsv
[2.445s] -- Up-to-date: /home/smr/workspaces/amrROS2_ws/install/custom_interface/share/custom_interface/environment/path.sh
[2.445s] -- Up-to-date: /home/smr/workspaces/amrROS2_ws/install/custom_interface/share/custom_interface/environment/path.dsv
[2.445s] -- Up-to-date: /home/smr/workspaces/amrROS2_ws/install/custom_interface/share/custom_interface/local_setup.bash
[2.445s] -- Up-to-date: /home/smr/workspaces/amrROS2_ws/install/custom_interface/share/custom_interface/local_setup.sh
[2.448s] -- Up-to-date: /home/smr/workspaces/amrROS2_ws/install/custom_interface/share/custom_interface/local_setup.zsh
[2.448s] -- Up-to-date: /home/smr/workspaces/amrROS2_ws/install/custom_interface/share/custom_interface/local_setup.dsv
[2.448s] -- Installing: /home/smr/workspaces/amrROS2_ws/install/custom_interface/share/custom_interface/package.dsv
[2.448s] -- Up-to-date: /home/smr/workspaces/amrROS2_ws/install/custom_interface/share/ament_index/resource_index/packages/custom_interface
[2.449s] -- Up-to-date: /home/smr/workspaces/amrROS2_ws/install/custom_interface/share/custom_interface/cmake/export_custom_interface__rosidl_generator_cExport.cmake
[2.449s] -- Up-to-date: /home/smr/workspaces/amrROS2_ws/install/custom_interface/share/custom_interface/cmake/export_custom_interface__rosidl_generator_cExport-noconfig.cmake
[2.449s] -- Up-to-date: /home/smr/workspaces/amrROS2_ws/install/custom_interface/share/custom_interface/cmake/export_custom_interface__rosidl_typesupport_fastrtps_cExport.cmake
[2.449s] -- Up-to-date: /home/smr/workspaces/amrROS2_ws/install/custom_interface/share/custom_interface/cmake/export_custom_interface__rosidl_typesupport_fastrtps_cExport-noconfig.cmake
[2.449s] -- Up-to-date: /home/smr/workspaces/amrROS2_ws/install/custom_interface/share/custom_interface/cmake/custom_interface__rosidl_typesupport_introspection_cExport.cmake
[2.449s] -- Up-to-date: /home/smr/workspaces/amrROS2_ws/install/custom_interface/share/custom_interface/cmake/custom_interface__rosidl_typesupport_introspection_cExport-noconfig.cmake
[2.449s] -- Up-to-date: /home/smr/workspaces/amrROS2_ws/install/custom_interface/share/custom_interface/cmake/custom_interface__rosidl_typesupport_cExport.cmake
[2.449s] -- Up-to-date: /home/smr/workspaces/amrROS2_ws/install/custom_interface/share/custom_interface/cmake/custom_interface__rosidl_typesupport_cExport-noconfig.cmake
[2.449s] -- Up-to-date: /home/smr/workspaces/amrROS2_ws/install/custom_interface/share/custom_interface/cmake/export_custom_interface__rosidl_generator_cppExport.cmake
[2.450s] -- Up-to-date: /home/smr/workspaces/amrROS2_ws/install/custom_interface/share/custom_interface/cmake/export_custom_interface__rosidl_typesupport_fastrtps_cppExport.cmake
[2.450s] -- Up-to-date: /home/smr/workspaces/amrROS2_ws/install/custom_interface/share/custom_interface/cmake/export_custom_interface__rosidl_typesupport_fastrtps_cppExport-noconfig.cmake
[2.450s] -- Up-to-date: /home/smr/workspaces/amrROS2_ws/install/custom_interface/share/custom_interface/cmake/custom_interface__rosidl_typesupport_introspection_cppExport.cmake
[2.453s] -- Up-to-date: /home/smr/workspaces/amrROS2_ws/install/custom_interface/share/custom_interface/cmake/custom_interface__rosidl_typesupport_introspection_cppExport-noconfig.cmake
[2.460s] -- Up-to-date: /home/smr/workspaces/amrROS2_ws/install/custom_interface/share/custom_interface/cmake/custom_interface__rosidl_typesupport_cppExport.cmake
[2.460s] -- Up-to-date: /home/smr/workspaces/amrROS2_ws/install/custom_interface/share/custom_interface/cmake/custom_interface__rosidl_typesupport_cppExport-noconfig.cmake
[2.461s] -- Up-to-date: /home/smr/workspaces/amrROS2_ws/install/custom_interface/share/custom_interface/cmake/export_custom_interface__rosidl_generator_pyExport.cmake
[2.462s] -- Up-to-date: /home/smr/workspaces/amrROS2_ws/install/custom_interface/share/custom_interface/cmake/export_custom_interface__rosidl_generator_pyExport-noconfig.cmake
[2.468s] -- Up-to-date: /home/smr/workspaces/amrROS2_ws/install/custom_interface/share/custom_interface/cmake/rosidl_cmake-extras.cmake
[2.468s] -- Up-to-date: /home/smr/workspaces/amrROS2_ws/install/custom_interface/share/custom_interface/cmake/ament_cmake_export_dependencies-extras.cmake
[2.468s] -- Up-to-date: /home/smr/workspaces/amrROS2_ws/install/custom_interface/share/custom_interface/cmake/ament_cmake_export_include_directories-extras.cmake
[2.468s] -- Up-to-date: /home/smr/workspaces/amrROS2_ws/install/custom_interface/share/custom_interface/cmake/ament_cmake_export_libraries-extras.cmake
[2.468s] -- Up-to-date: /home/smr/workspaces/amrROS2_ws/install/custom_interface/share/custom_interface/cmake/ament_cmake_export_targets-extras.cmake
[2.468s] -- Up-to-date: /home/smr/workspaces/amrROS2_ws/install/custom_interface/share/custom_interface/cmake/rosidl_cmake_export_typesupport_targets-extras.cmake
[2.468s] -- Up-to-date: /home/smr/workspaces/amrROS2_ws/install/custom_interface/share/custom_interface/cmake/rosidl_cmake_export_typesupport_libraries-extras.cmake
[2.468s] -- Up-to-date: /home/smr/workspaces/amrROS2_ws/install/custom_interface/share/custom_interface/cmake/custom_interfaceConfig.cmake
[2.468s] -- Up-to-date: /home/smr/workspaces/amrROS2_ws/install/custom_interface/share/custom_interface/cmake/custom_interfaceConfig-version.cmake
[2.469s] -- Up-to-date: /home/smr/workspaces/amrROS2_ws/install/custom_interface/share/custom_interface/package.xml
[2.487s] Invoked command in '/home/smr/workspaces/amrROS2_ws/build/custom_interface' returned '0': CMAKE_PREFIX_PATH=${CMAKE_PREFIX_PATH}:/home/smr/workspaces/amrROS2_ws/install/robot_nav_tool:/home/smr/workspaces/amrROS2_ws/install/robot_data_tool:/home/smr/workspaces/amrROS2_ws/install/python_pkg:/home/smr/workspaces/amrROS2_ws/install/action_autodock:/opt/ros/humble /usr/bin/cmake --install /home/smr/workspaces/amrROS2_ws/build/custom_interface
