[0.675s] Invoking command in '/home/smr/workspaces/amrROS2_ws/build/micro_ros_setup': CMAKE_PREFIX_PATH=${CMAKE_PREFIX_PATH}:/home/smr/workspaces/amrROS2_ws/install/robot_nav_tool:/home/smr/workspaces/amrROS2_ws/install/robot_data_tool:/home/smr/workspaces/amrROS2_ws/install/python_pkg:/home/smr/workspaces/amrROS2_ws/install/action_autodock:/opt/ros/humble /usr/bin/cmake --build /home/smr/workspaces/amrROS2_ws/build/micro_ros_setup -- -j8 -l8
[1.404s] Invoked command in '/home/smr/workspaces/amrROS2_ws/build/micro_ros_setup' returned '0': CMAKE_PREFIX_PATH=${CMAKE_PREFIX_PATH}:/home/smr/workspaces/amrROS2_ws/install/robot_nav_tool:/home/smr/workspaces/amrROS2_ws/install/robot_data_tool:/home/smr/workspaces/amrROS2_ws/install/python_pkg:/home/smr/workspaces/amrROS2_ws/install/action_autodock:/opt/ros/humble /usr/bin/cmake --build /home/smr/workspaces/amrROS2_ws/build/micro_ros_setup -- -j8 -l8
[1.581s] Invoking command in '/home/smr/workspaces/amrROS2_ws/build/micro_ros_setup': CMAKE_PREFIX_PATH=${CMAKE_PREFIX_PATH}:/home/smr/workspaces/amrROS2_ws/install/robot_nav_tool:/home/smr/workspaces/amrROS2_ws/install/robot_data_tool:/home/smr/workspaces/amrROS2_ws/install/python_pkg:/home/smr/workspaces/amrROS2_ws/install/action_autodock:/opt/ros/humble /usr/bin/cmake --install /home/smr/workspaces/amrROS2_ws/build/micro_ros_setup
[1.720s] -- Install configuration: ""
[1.721s] -- Up-to-date: /home/smr/workspaces/amrROS2_ws/install/micro_ros_setup/share/ament_index/resource_index/package_run_dependencies/micro_ros_setup
[1.721s] -- Up-to-date: /home/smr/workspaces/amrROS2_ws/install/micro_ros_setup/share/ament_index/resource_index/parent_prefix_path/micro_ros_setup
[1.722s] -- Up-to-date: /home/smr/workspaces/amrROS2_ws/install/micro_ros_setup/share/micro_ros_setup/environment/ament_prefix_path.sh
[1.722s] -- Up-to-date: /home/smr/workspaces/amrROS2_ws/install/micro_ros_setup/share/micro_ros_setup/environment/ament_prefix_path.dsv
[1.722s] -- Up-to-date: /home/smr/workspaces/amrROS2_ws/install/micro_ros_setup/share/micro_ros_setup/environment/path.sh
[1.722s] -- Up-to-date: /home/smr/workspaces/amrROS2_ws/install/micro_ros_setup/share/micro_ros_setup/environment/path.dsv
[1.723s] -- Up-to-date: /home/smr/workspaces/amrROS2_ws/install/micro_ros_setup/share/micro_ros_setup/local_setup.bash
[1.723s] -- Up-to-date: /home/smr/workspaces/amrROS2_ws/install/micro_ros_setup/share/micro_ros_setup/local_setup.sh
[1.723s] -- Up-to-date: /home/smr/workspaces/amrROS2_ws/install/micro_ros_setup/share/micro_ros_setup/local_setup.zsh
[1.725s] -- Up-to-date: /home/smr/workspaces/amrROS2_ws/install/micro_ros_setup/share/micro_ros_setup/local_setup.dsv
[1.726s] -- Installing: /home/smr/workspaces/amrROS2_ws/install/micro_ros_setup/share/micro_ros_setup/package.dsv
[1.726s] -- Up-to-date: /home/smr/workspaces/amrROS2_ws/install/micro_ros_setup/share/ament_index/resource_index/packages/micro_ros_setup
[1.727s] -- Up-to-date: /home/smr/workspaces/amrROS2_ws/install/micro_ros_setup/share/micro_ros_setup/cmake/micro_ros_setupConfig.cmake
[1.729s] -- Up-to-date: /home/smr/workspaces/amrROS2_ws/install/micro_ros_setup/share/micro_ros_setup/cmake/micro_ros_setupConfig-version.cmake
[1.730s] -- Up-to-date: /home/smr/workspaces/amrROS2_ws/install/micro_ros_setup/share/micro_ros_setup/package.xml
[1.731s] -- Up-to-date: /home/smr/workspaces/amrROS2_ws/install/micro_ros_setup/./config
[1.731s] -- Up-to-date: /home/smr/workspaces/amrROS2_ws/install/micro_ros_setup/./config/client_ros2_packages.txt
[1.733s] -- Up-to-date: /home/smr/workspaces/amrROS2_ws/install/micro_ros_setup/./config/mbed
[1.734s] -- Up-to-date: /home/smr/workspaces/amrROS2_ws/install/micro_ros_setup/./config/mbed/generic
[1.734s] -- Up-to-date: /home/smr/workspaces/amrROS2_ws/install/micro_ros_setup/./config/mbed/generic/board.repos
[1.735s] -- Up-to-date: /home/smr/workspaces/amrROS2_ws/install/micro_ros_setup/./config/mbed/generic/client_uros_packages.repos
[1.739s] -- Up-to-date: /home/smr/workspaces/amrROS2_ws/install/micro_ros_setup/./config/mbed/generic/create.sh
[1.740s] -- Up-to-date: /home/smr/workspaces/amrROS2_ws/install/micro_ros_setup/./config/mbed/generic/supported_platforms
[1.740s] -- Up-to-date: /home/smr/workspaces/amrROS2_ws/install/micro_ros_setup/./config/mbed/generic/build.sh
[1.740s] -- Up-to-date: /home/smr/workspaces/amrROS2_ws/install/micro_ros_setup/./config/mbed/generic/flash.sh
[1.740s] -- Up-to-date: /home/smr/workspaces/amrROS2_ws/install/micro_ros_setup/./config/mbed/generic/package.xml
[1.740s] -- Up-to-date: /home/smr/workspaces/amrROS2_ws/install/micro_ros_setup/./config/mbed/dev_ros2_packages.txt
[1.740s] -- Up-to-date: /home/smr/workspaces/amrROS2_ws/install/micro_ros_setup/./config/mbed/list_apps.sh
[1.742s] -- Up-to-date: /home/smr/workspaces/amrROS2_ws/install/micro_ros_setup/./config/mbed/dev_uros_packages.repos
[1.742s] -- Up-to-date: /home/smr/workspaces/amrROS2_ws/install/micro_ros_setup/./config/freertos
[1.745s] -- Up-to-date: /home/smr/workspaces/amrROS2_ws/install/micro_ros_setup/./config/freertos/nucleo_f767zi
[1.745s] -- Up-to-date: /home/smr/workspaces/amrROS2_ws/install/micro_ros_setup/./config/freertos/nucleo_f767zi/board.repos
[1.746s] -- Up-to-date: /home/smr/workspaces/amrROS2_ws/install/micro_ros_setup/./config/freertos/nucleo_f767zi/client_uros_packages.repos
[1.756s] -- Up-to-date: /home/smr/workspaces/amrROS2_ws/install/micro_ros_setup/./config/freertos/nucleo_f767zi/create.sh
[1.759s] -- Up-to-date: /home/smr/workspaces/amrROS2_ws/install/micro_ros_setup/./config/freertos/nucleo_f767zi/build.sh
[1.766s] -- Up-to-date: /home/smr/workspaces/amrROS2_ws/install/micro_ros_setup/./config/freertos/nucleo_f767zi/flash.sh
[1.767s] -- Up-to-date: /home/smr/workspaces/amrROS2_ws/install/micro_ros_setup/./config/freertos/nucleo_f767zi/client-colcon.meta
[1.768s] -- Up-to-date: /home/smr/workspaces/amrROS2_ws/install/micro_ros_setup/./config/freertos/nucleo_f767zi/package.xml
[1.769s] -- Up-to-date: /home/smr/workspaces/amrROS2_ws/install/micro_ros_setup/./config/freertos/nucleo_f767zi/configure.sh
[1.769s] -- Up-to-date: /home/smr/workspaces/amrROS2_ws/install/micro_ros_setup/./config/freertos/dev_ros2_packages.txt
[1.769s] -- Up-to-date: /home/smr/workspaces/amrROS2_ws/install/micro_ros_setup/./config/freertos/olimex-stm32-e407
[1.769s] -- Up-to-date: /home/smr/workspaces/amrROS2_ws/install/micro_ros_setup/./config/freertos/olimex-stm32-e407/board.repos
[1.769s] -- Up-to-date: /home/smr/workspaces/amrROS2_ws/install/micro_ros_setup/./config/freertos/olimex-stm32-e407/client_uros_packages.repos
[1.769s] -- Up-to-date: /home/smr/workspaces/amrROS2_ws/install/micro_ros_setup/./config/freertos/olimex-stm32-e407/create.sh
[1.769s] -- Up-to-date: /home/smr/workspaces/amrROS2_ws/install/micro_ros_setup/./config/freertos/olimex-stm32-e407/build.sh
[1.770s] -- Up-to-date: /home/smr/workspaces/amrROS2_ws/install/micro_ros_setup/./config/freertos/olimex-stm32-e407/flash.sh
[1.770s] -- Up-to-date: /home/smr/workspaces/amrROS2_ws/install/micro_ros_setup/./config/freertos/olimex-stm32-e407/client-colcon.meta
[1.770s] -- Up-to-date: /home/smr/workspaces/amrROS2_ws/install/micro_ros_setup/./config/freertos/olimex-stm32-e407/package.xml
[1.770s] -- Up-to-date: /home/smr/workspaces/amrROS2_ws/install/micro_ros_setup/./config/freertos/olimex-stm32-e407/configure.sh
[1.770s] -- Up-to-date: /home/smr/workspaces/amrROS2_ws/install/micro_ros_setup/./config/freertos/list_apps.sh
[1.770s] -- Up-to-date: /home/smr/workspaces/amrROS2_ws/install/micro_ros_setup/./config/freertos/esp32
[1.770s] -- Up-to-date: /home/smr/workspaces/amrROS2_ws/install/micro_ros_setup/./config/freertos/esp32/board.repos
[1.770s] -- Up-to-date: /home/smr/workspaces/amrROS2_ws/install/micro_ros_setup/./config/freertos/esp32/client_uros_packages.repos
[1.770s] -- Up-to-date: /home/smr/workspaces/amrROS2_ws/install/micro_ros_setup/./config/freertos/esp32/create.sh
[1.770s] -- Up-to-date: /home/smr/workspaces/amrROS2_ws/install/micro_ros_setup/./config/freertos/esp32/README.md
[1.770s] -- Up-to-date: /home/smr/workspaces/amrROS2_ws/install/micro_ros_setup/./config/freertos/esp32/build.sh
[1.771s] -- Up-to-date: /home/smr/workspaces/amrROS2_ws/install/micro_ros_setup/./config/freertos/esp32/flash.sh
[1.771s] -- Up-to-date: /home/smr/workspaces/amrROS2_ws/install/micro_ros_setup/./config/freertos/esp32/client-colcon.meta
[1.771s] -- Up-to-date: /home/smr/workspaces/amrROS2_ws/install/micro_ros_setup/./config/freertos/esp32/package.xml
[1.771s] -- Up-to-date: /home/smr/workspaces/amrROS2_ws/install/micro_ros_setup/./config/freertos/esp32/configure.sh
[1.771s] -- Up-to-date: /home/smr/workspaces/amrROS2_ws/install/micro_ros_setup/./config/freertos/crazyflie21
[1.771s] -- Up-to-date: /home/smr/workspaces/amrROS2_ws/install/micro_ros_setup/./config/freertos/crazyflie21/board.repos
[1.772s] -- Up-to-date: /home/smr/workspaces/amrROS2_ws/install/micro_ros_setup/./config/freertos/crazyflie21/client_uros_packages.repos
[1.773s] -- Up-to-date: /home/smr/workspaces/amrROS2_ws/install/micro_ros_setup/./config/freertos/crazyflie21/create.sh
[1.773s] -- Up-to-date: /home/smr/workspaces/amrROS2_ws/install/micro_ros_setup/./config/freertos/crazyflie21/build.sh
[1.774s] -- Up-to-date: /home/smr/workspaces/amrROS2_ws/install/micro_ros_setup/./config/freertos/crazyflie21/flash.sh
[1.775s] -- Up-to-date: /home/smr/workspaces/amrROS2_ws/install/micro_ros_setup/./config/freertos/crazyflie21/client-colcon.meta
[1.775s] -- Up-to-date: /home/smr/workspaces/amrROS2_ws/install/micro_ros_setup/./config/freertos/crazyflie21/package.xml
[1.775s] -- Up-to-date: /home/smr/workspaces/amrROS2_ws/install/micro_ros_setup/./config/freertos/crazyflie21/configure.sh
[1.775s] -- Up-to-date: /home/smr/workspaces/amrROS2_ws/install/micro_ros_setup/./config/freertos/nucleo_f746zg
[1.775s] -- Up-to-date: /home/smr/workspaces/amrROS2_ws/install/micro_ros_setup/./config/freertos/nucleo_f746zg/board.repos
[1.775s] -- Up-to-date: /home/smr/workspaces/amrROS2_ws/install/micro_ros_setup/./config/freertos/nucleo_f746zg/client_uros_packages.repos
[1.775s] -- Up-to-date: /home/smr/workspaces/amrROS2_ws/install/micro_ros_setup/./config/freertos/nucleo_f746zg/create.sh
[1.775s] -- Up-to-date: /home/smr/workspaces/amrROS2_ws/install/micro_ros_setup/./config/freertos/nucleo_f746zg/build.sh
[1.775s] -- Up-to-date: /home/smr/workspaces/amrROS2_ws/install/micro_ros_setup/./config/freertos/nucleo_f746zg/flash.sh
[1.775s] -- Up-to-date: /home/smr/workspaces/amrROS2_ws/install/micro_ros_setup/./config/freertos/nucleo_f746zg/client-colcon.meta
[1.776s] -- Up-to-date: /home/smr/workspaces/amrROS2_ws/install/micro_ros_setup/./config/freertos/nucleo_f746zg/package.xml
[1.776s] -- Up-to-date: /home/smr/workspaces/amrROS2_ws/install/micro_ros_setup/./config/freertos/nucleo_f746zg/configure.sh
[1.776s] -- Up-to-date: /home/smr/workspaces/amrROS2_ws/install/micro_ros_setup/./config/freertos/nucleo_f446ze
[1.776s] -- Up-to-date: /home/smr/workspaces/amrROS2_ws/install/micro_ros_setup/./config/freertos/nucleo_f446ze/board.repos
[1.776s] -- Up-to-date: /home/smr/workspaces/amrROS2_ws/install/micro_ros_setup/./config/freertos/nucleo_f446ze/client_uros_packages.repos
[1.776s] -- Up-to-date: /home/smr/workspaces/amrROS2_ws/install/micro_ros_setup/./config/freertos/nucleo_f446ze/create.sh
[1.776s] -- Up-to-date: /home/smr/workspaces/amrROS2_ws/install/micro_ros_setup/./config/freertos/nucleo_f446ze/build.sh
[1.776s] -- Up-to-date: /home/smr/workspaces/amrROS2_ws/install/micro_ros_setup/./config/freertos/nucleo_f446ze/flash.sh
[1.776s] -- Up-to-date: /home/smr/workspaces/amrROS2_ws/install/micro_ros_setup/./config/freertos/nucleo_f446ze/client-colcon.meta
[1.776s] -- Up-to-date: /home/smr/workspaces/amrROS2_ws/install/micro_ros_setup/./config/freertos/nucleo_f446ze/package.xml
[1.776s] -- Up-to-date: /home/smr/workspaces/amrROS2_ws/install/micro_ros_setup/./config/freertos/nucleo_f446ze/configure.sh
[1.776s] -- Up-to-date: /home/smr/workspaces/amrROS2_ws/install/micro_ros_setup/./config/freertos/dev_uros_packages.repos
[1.777s] -- Up-to-date: /home/smr/workspaces/amrROS2_ws/install/micro_ros_setup/./config/freertos/nucleo_f446re
[1.777s] -- Up-to-date: /home/smr/workspaces/amrROS2_ws/install/micro_ros_setup/./config/freertos/nucleo_f446re/board.repos
[1.777s] -- Up-to-date: /home/smr/workspaces/amrROS2_ws/install/micro_ros_setup/./config/freertos/nucleo_f446re/client_uros_packages.repos
[1.777s] -- Up-to-date: /home/smr/workspaces/amrROS2_ws/install/micro_ros_setup/./config/freertos/nucleo_f446re/create.sh
[1.777s] -- Up-to-date: /home/smr/workspaces/amrROS2_ws/install/micro_ros_setup/./config/freertos/nucleo_f446re/build.sh
[1.777s] -- Up-to-date: /home/smr/workspaces/amrROS2_ws/install/micro_ros_setup/./config/freertos/nucleo_f446re/flash.sh
[1.777s] -- Up-to-date: /home/smr/workspaces/amrROS2_ws/install/micro_ros_setup/./config/freertos/nucleo_f446re/client-colcon.meta
[1.777s] -- Up-to-date: /home/smr/workspaces/amrROS2_ws/install/micro_ros_setup/./config/freertos/nucleo_f446re/package.xml
[1.777s] -- Up-to-date: /home/smr/workspaces/amrROS2_ws/install/micro_ros_setup/./config/freertos/nucleo_f446re/configure.sh
[1.777s] -- Up-to-date: /home/smr/workspaces/amrROS2_ws/install/micro_ros_setup/./config/renesas_ra
[1.777s] -- Up-to-date: /home/smr/workspaces/amrROS2_ws/install/micro_ros_setup/./config/renesas_ra/ra6m5
[1.777s] -- Up-to-date: /home/smr/workspaces/amrROS2_ws/install/micro_ros_setup/./config/renesas_ra/ra6m5/board.repos
[1.778s] -- Up-to-date: /home/smr/workspaces/amrROS2_ws/install/micro_ros_setup/./config/renesas_ra/ra6m5/client_uros_packages.repos
[1.778s] -- Up-to-date: /home/smr/workspaces/amrROS2_ws/install/micro_ros_setup/./config/renesas_ra/ra6m5/create.sh
[1.778s] -- Up-to-date: /home/smr/workspaces/amrROS2_ws/install/micro_ros_setup/./config/renesas_ra/ra6m5/build.sh
[1.778s] -- Up-to-date: /home/smr/workspaces/amrROS2_ws/install/micro_ros_setup/./config/renesas_ra/ra6m5/flash.sh
[1.778s] -- Up-to-date: /home/smr/workspaces/amrROS2_ws/install/micro_ros_setup/./config/renesas_ra/ra6m5/client-colcon.meta
[1.778s] -- Up-to-date: /home/smr/workspaces/amrROS2_ws/install/micro_ros_setup/./config/renesas_ra/ra6m5/configure.sh
[1.778s] -- Up-to-date: /home/smr/workspaces/amrROS2_ws/install/micro_ros_setup/./config/renesas_ra/dev_ros2_packages.txt
[1.778s] -- Up-to-date: /home/smr/workspaces/amrROS2_ws/install/micro_ros_setup/./config/renesas_ra/list_apps.sh
[1.778s] -- Up-to-date: /home/smr/workspaces/amrROS2_ws/install/micro_ros_setup/./config/renesas_ra/dev_uros_packages.repos
[1.784s] -- Up-to-date: /home/smr/workspaces/amrROS2_ws/install/micro_ros_setup/./config/host
[1.790s] -- Up-to-date: /home/smr/workspaces/amrROS2_ws/install/micro_ros_setup/./config/host/generic
[1.792s] -- Up-to-date: /home/smr/workspaces/amrROS2_ws/install/micro_ros_setup/./config/host/generic/client-host-colcon.meta
[1.792s] -- Up-to-date: /home/smr/workspaces/amrROS2_ws/install/micro_ros_setup/./config/host/generic/create.sh
[1.792s] -- Up-to-date: /home/smr/workspaces/amrROS2_ws/install/micro_ros_setup/./config/host/generic/client_host_packages.repos
[1.792s] -- Up-to-date: /home/smr/workspaces/amrROS2_ws/install/micro_ros_setup/./config/host/generic/build.sh
[1.792s] -- Up-to-date: /home/smr/workspaces/amrROS2_ws/install/micro_ros_setup/./config/host/generic/flash.sh
[1.793s] -- Up-to-date: /home/smr/workspaces/amrROS2_ws/install/micro_ros_setup/./config/host/generic/package.xml
[1.793s] -- Up-to-date: /home/smr/workspaces/amrROS2_ws/install/micro_ros_setup/./config/host/client_ros2_packages.txt
[1.793s] -- Up-to-date: /home/smr/workspaces/amrROS2_ws/install/micro_ros_setup/./config/host/dev_ros2_packages.txt
[1.793s] -- Up-to-date: /home/smr/workspaces/amrROS2_ws/install/micro_ros_setup/./config/host/dev_uros_packages.repos
[1.793s] -- Up-to-date: /home/smr/workspaces/amrROS2_ws/install/micro_ros_setup/./config/client_uros_packages.repos
[1.798s] -- Up-to-date: /home/smr/workspaces/amrROS2_ws/install/micro_ros_setup/./config/generate_lib
[1.798s] -- Up-to-date: /home/smr/workspaces/amrROS2_ws/install/micro_ros_setup/./config/generate_lib/generic
[1.799s] -- Up-to-date: /home/smr/workspaces/amrROS2_ws/install/micro_ros_setup/./config/generate_lib/generic/demo_toolchain.cmake
[1.800s] -- Up-to-date: /home/smr/workspaces/amrROS2_ws/install/micro_ros_setup/./config/generate_lib/generic/client_uros_packages.repos
[1.801s] -- Up-to-date: /home/smr/workspaces/amrROS2_ws/install/micro_ros_setup/./config/generate_lib/generic/create.sh
[1.802s] -- Up-to-date: /home/smr/workspaces/amrROS2_ws/install/micro_ros_setup/./config/generate_lib/generic/build.sh
[1.812s] -- Up-to-date: /home/smr/workspaces/amrROS2_ws/install/micro_ros_setup/./config/generate_lib/generic/flash.sh
[1.817s] -- Up-to-date: /home/smr/workspaces/amrROS2_ws/install/micro_ros_setup/./config/generate_lib/generic/client-colcon.meta
[1.818s] -- Up-to-date: /home/smr/workspaces/amrROS2_ws/install/micro_ros_setup/./config/generate_lib/generic/package.xml
[1.818s] -- Up-to-date: /home/smr/workspaces/amrROS2_ws/install/micro_ros_setup/./config/generate_lib/dev_ros2_packages.txt
[1.819s] -- Up-to-date: /home/smr/workspaces/amrROS2_ws/install/micro_ros_setup/./config/generate_lib/dev_uros_packages.repos
[1.819s] -- Up-to-date: /home/smr/workspaces/amrROS2_ws/install/micro_ros_setup/./config/agent_ros2_packages.txt
[1.820s] -- Up-to-date: /home/smr/workspaces/amrROS2_ws/install/micro_ros_setup/./config/zephyr
[1.820s] -- Up-to-date: /home/smr/workspaces/amrROS2_ws/install/micro_ros_setup/./config/zephyr/generic
[1.822s] -- Up-to-date: /home/smr/workspaces/amrROS2_ws/install/micro_ros_setup/./config/zephyr/generic/board.repos
[1.823s] -- Up-to-date: /home/smr/workspaces/amrROS2_ws/install/micro_ros_setup/./config/zephyr/generic/client_uros_packages.repos
[1.824s] -- Up-to-date: /home/smr/workspaces/amrROS2_ws/install/micro_ros_setup/./config/zephyr/generic/create.sh
[1.837s] -- Up-to-date: /home/smr/workspaces/amrROS2_ws/install/micro_ros_setup/./config/zephyr/generic/supported_platforms
[1.837s] -- Up-to-date: /home/smr/workspaces/amrROS2_ws/install/micro_ros_setup/./config/zephyr/generic/build.sh
[1.838s] -- Up-to-date: /home/smr/workspaces/amrROS2_ws/install/micro_ros_setup/./config/zephyr/generic/flash.sh
[1.838s] -- Up-to-date: /home/smr/workspaces/amrROS2_ws/install/micro_ros_setup/./config/zephyr/generic/client-colcon.meta
[1.839s] -- Up-to-date: /home/smr/workspaces/amrROS2_ws/install/micro_ros_setup/./config/zephyr/generic/package.xml
[1.839s] -- Up-to-date: /home/smr/workspaces/amrROS2_ws/install/micro_ros_setup/./config/zephyr/generic/configure.sh
[1.840s] -- Up-to-date: /home/smr/workspaces/amrROS2_ws/install/micro_ros_setup/./config/zephyr/dev_ros2_packages.txt
[1.840s] -- Up-to-date: /home/smr/workspaces/amrROS2_ws/install/micro_ros_setup/./config/zephyr/list_apps.sh
[1.840s] -- Up-to-date: /home/smr/workspaces/amrROS2_ws/install/micro_ros_setup/./config/zephyr/dev_uros_packages.repos
[1.850s] -- Up-to-date: /home/smr/workspaces/amrROS2_ws/install/micro_ros_setup/./config/utils.sh
[1.855s] -- Up-to-date: /home/smr/workspaces/amrROS2_ws/install/micro_ros_setup/./config/agent_uros_packages.repos
[1.857s] -- Up-to-date: /home/smr/workspaces/amrROS2_ws/install/micro_ros_setup/./config/android
[1.860s] -- Up-to-date: /home/smr/workspaces/amrROS2_ws/install/micro_ros_setup/./config/android/generic
[1.865s] -- Up-to-date: /home/smr/workspaces/amrROS2_ws/install/micro_ros_setup/./config/android/generic/client_uros_packages.repos
[1.865s] -- Up-to-date: /home/smr/workspaces/amrROS2_ws/install/micro_ros_setup/./config/android/generic/create.sh
[1.870s] -- Up-to-date: /home/smr/workspaces/amrROS2_ws/install/micro_ros_setup/./config/android/generic/build.sh
[1.871s] -- Up-to-date: /home/smr/workspaces/amrROS2_ws/install/micro_ros_setup/./config/android/generic/flash.sh
[1.871s] -- Up-to-date: /home/smr/workspaces/amrROS2_ws/install/micro_ros_setup/./config/android/generic/client-colcon.meta
[1.871s] -- Up-to-date: /home/smr/workspaces/amrROS2_ws/install/micro_ros_setup/./config/android/generic/package.xml
[1.872s] -- Up-to-date: /home/smr/workspaces/amrROS2_ws/install/micro_ros_setup/./config/android/dev_ros2_packages.txt
[1.872s] -- Up-to-date: /home/smr/workspaces/amrROS2_ws/install/micro_ros_setup/./config/android/dev_uros_packages.repos
[1.873s] -- Up-to-date: /home/smr/workspaces/amrROS2_ws/install/micro_ros_setup/./config/raspbian
[1.873s] -- Up-to-date: /home/smr/workspaces/amrROS2_ws/install/micro_ros_setup/./config/raspbian/generic
[1.874s] -- Up-to-date: /home/smr/workspaces/amrROS2_ws/install/micro_ros_setup/./config/raspbian/generic/client_uros_packages.repos
[1.875s] -- Up-to-date: /home/smr/workspaces/amrROS2_ws/install/micro_ros_setup/./config/raspbian/generic/create.sh
[1.876s] -- Up-to-date: /home/smr/workspaces/amrROS2_ws/install/micro_ros_setup/./config/raspbian/generic/supported_platforms
[1.876s] -- Up-to-date: /home/smr/workspaces/amrROS2_ws/install/micro_ros_setup/./config/raspbian/generic/build.sh
[1.897s] -- Up-to-date: /home/smr/workspaces/amrROS2_ws/install/micro_ros_setup/./config/raspbian/generic/flash.sh
[1.897s] -- Up-to-date: /home/smr/workspaces/amrROS2_ws/install/micro_ros_setup/./config/raspbian/generic/client-colcon.meta
[1.898s] -- Up-to-date: /home/smr/workspaces/amrROS2_ws/install/micro_ros_setup/./config/raspbian/generic/configure.sh
[1.898s] -- Up-to-date: /home/smr/workspaces/amrROS2_ws/install/micro_ros_setup/./config/raspbian/dev_ros2_packages.txt
[1.898s] -- Up-to-date: /home/smr/workspaces/amrROS2_ws/install/micro_ros_setup/./config/raspbian/dev_uros_packages.repos
[1.898s] -- Up-to-date: /home/smr/workspaces/amrROS2_ws/install/micro_ros_setup/lib/micro_ros_setup/create_ws.sh
[1.898s] -- Up-to-date: /home/smr/workspaces/amrROS2_ws/install/micro_ros_setup/lib/micro_ros_setup/create_agent_ws.sh
[1.903s] -- Up-to-date: /home/smr/workspaces/amrROS2_ws/install/micro_ros_setup/lib/micro_ros_setup/create_firmware_ws.sh
[1.903s] -- Up-to-date: /home/smr/workspaces/amrROS2_ws/install/micro_ros_setup/lib/micro_ros_setup/configure_firmware.sh
[1.903s] -- Up-to-date: /home/smr/workspaces/amrROS2_ws/install/micro_ros_setup/lib/micro_ros_setup/flash_firmware.sh
[1.903s] -- Up-to-date: /home/smr/workspaces/amrROS2_ws/install/micro_ros_setup/lib/micro_ros_setup/build_firmware.sh
[1.904s] -- Up-to-date: /home/smr/workspaces/amrROS2_ws/install/micro_ros_setup/lib/micro_ros_setup/build_agent.sh
[1.904s] -- Up-to-date: /home/smr/workspaces/amrROS2_ws/install/micro_ros_setup/lib/micro_ros_setup/yaml_filter.py
[1.904s] -- Up-to-date: /home/smr/workspaces/amrROS2_ws/install/micro_ros_setup/lib/micro_ros_setup/clean_env.sh
[1.904s] -- Up-to-date: /home/smr/workspaces/amrROS2_ws/install/micro_ros_setup/lib/micro_ros_setup/component
[1.906s] Invoked command in '/home/smr/workspaces/amrROS2_ws/build/micro_ros_setup' returned '0': CMAKE_PREFIX_PATH=${CMAKE_PREFIX_PATH}:/home/smr/workspaces/amrROS2_ws/install/robot_nav_tool:/home/smr/workspaces/amrROS2_ws/install/robot_data_tool:/home/smr/workspaces/amrROS2_ws/install/python_pkg:/home/smr/workspaces/amrROS2_ws/install/action_autodock:/opt/ros/humble /usr/bin/cmake --install /home/smr/workspaces/amrROS2_ws/build/micro_ros_setup
