[0.768s] Invoking command in '/home/smr/workspaces/amrROS2_ws/build/example': CMAKE_PREFIX_PATH=${CMAKE_PREFIX_PATH}:/home/smr/workspaces/amrROS2_ws/install/robot_nav_tool:/home/smr/workspaces/amrROS2_ws/install/robot_data_tool:/home/smr/workspaces/amrROS2_ws/install/python_pkg:/home/smr/workspaces/amrROS2_ws/install/action_autodock:/opt/ros/humble /usr/bin/cmake --build /home/smr/workspaces/amrROS2_ws/build/example -- -j8 -l8
[1.527s] Invoked command in '/home/smr/workspaces/amrROS2_ws/build/example' returned '0': CMAKE_PREFIX_PATH=${CMAKE_PREFIX_PATH}:/home/smr/workspaces/amrROS2_ws/install/robot_nav_tool:/home/smr/workspaces/amrROS2_ws/install/robot_data_tool:/home/smr/workspaces/amrROS2_ws/install/python_pkg:/home/smr/workspaces/amrROS2_ws/install/action_autodock:/opt/ros/humble /usr/bin/cmake --build /home/smr/workspaces/amrROS2_ws/build/example -- -j8 -l8
[1.658s] Invoking command in '/home/smr/workspaces/amrROS2_ws/build/example': CMAKE_PREFIX_PATH=${CMAKE_PREFIX_PATH}:/home/smr/workspaces/amrROS2_ws/install/robot_nav_tool:/home/smr/workspaces/amrROS2_ws/install/robot_data_tool:/home/smr/workspaces/amrROS2_ws/install/python_pkg:/home/smr/workspaces/amrROS2_ws/install/action_autodock:/opt/ros/humble /usr/bin/cmake --install /home/smr/workspaces/amrROS2_ws/build/example
[1.661s] -- Install configuration: ""
[1.661s] -- Up-to-date: /home/smr/workspaces/amrROS2_ws/install/example/share/example/urdf
[1.662s] -- Up-to-date: /home/smr/workspaces/amrROS2_ws/install/example/share/example/urdf/robot.urdf
[1.662s] -- Up-to-date: /home/smr/workspaces/amrROS2_ws/install/example/share/example/urdf/robotgot.urdf
[1.663s] -- Up-to-date: /home/smr/workspaces/amrROS2_ws/install/example/share/ament_index/resource_index/package_run_dependencies/example
[1.667s] -- Up-to-date: /home/smr/workspaces/amrROS2_ws/install/example/share/ament_index/resource_index/parent_prefix_path/example
[1.668s] -- Up-to-date: /home/smr/workspaces/amrROS2_ws/install/example/share/example/environment/ament_prefix_path.sh
[1.674s] -- Up-to-date: /home/smr/workspaces/amrROS2_ws/install/example/share/example/environment/ament_prefix_path.dsv
[1.675s] -- Up-to-date: /home/smr/workspaces/amrROS2_ws/install/example/share/example/environment/path.sh
[1.676s] -- Up-to-date: /home/smr/workspaces/amrROS2_ws/install/example/share/example/environment/path.dsv
[1.683s] -- Up-to-date: /home/smr/workspaces/amrROS2_ws/install/example/share/example/local_setup.bash
[1.684s] -- Up-to-date: /home/smr/workspaces/amrROS2_ws/install/example/share/example/local_setup.sh
[1.684s] -- Up-to-date: /home/smr/workspaces/amrROS2_ws/install/example/share/example/local_setup.zsh
[1.684s] -- Up-to-date: /home/smr/workspaces/amrROS2_ws/install/example/share/example/local_setup.dsv
[1.684s] -- Installing: /home/smr/workspaces/amrROS2_ws/install/example/share/example/package.dsv
[1.684s] -- Up-to-date: /home/smr/workspaces/amrROS2_ws/install/example/share/ament_index/resource_index/packages/example
[1.684s] -- Up-to-date: /home/smr/workspaces/amrROS2_ws/install/example/share/example/cmake/exampleConfig.cmake
[1.684s] -- Up-to-date: /home/smr/workspaces/amrROS2_ws/install/example/share/example/cmake/exampleConfig-version.cmake
[1.684s] -- Up-to-date: /home/smr/workspaces/amrROS2_ws/install/example/share/example/package.xml
[1.758s] Invoked command in '/home/smr/workspaces/amrROS2_ws/build/example' returned '0': CMAKE_PREFIX_PATH=${CMAKE_PREFIX_PATH}:/home/smr/workspaces/amrROS2_ws/install/robot_nav_tool:/home/smr/workspaces/amrROS2_ws/install/robot_data_tool:/home/smr/workspaces/amrROS2_ws/install/python_pkg:/home/smr/workspaces/amrROS2_ws/install/action_autodock:/opt/ros/humble /usr/bin/cmake --install /home/smr/workspaces/amrROS2_ws/build/example
