[2.447s] Invoking command in '/home/smr/workspaces/amrROS2_ws/src/action_autodock': PYTHONPATH=/home/smr/workspaces/amrROS2_ws/build/action_autodock/prefix_override:/usr/lib/python3/dist-packages/colcon_core/task/python/colcon_distutils_commands:/home/smr/workspaces/amrROS2_ws/install/action_autodock/lib/python3.10/site-packages:${PYTHONPATH} /usr/bin/python3 -W ignore:setup.py install is deprecated setup.py egg_info --egg-base ../../build/action_autodock build --build-base /home/smr/workspaces/amrROS2_ws/build/action_autodock/build install --record /home/smr/workspaces/amrROS2_ws/build/action_autodock/install.log --single-version-externally-managed install_data
[3.048s] running egg_info
[3.050s] writing ../../build/action_autodock/action_autodock.egg-info/PKG-INFO
[3.050s] writing dependency_links to ../../build/action_autodock/action_autodock.egg-info/dependency_links.txt
[3.051s] writing entry points to ../../build/action_autodock/action_autodock.egg-info/entry_points.txt
[3.051s] writing requirements to ../../build/action_autodock/action_autodock.egg-info/requires.txt
[3.051s] writing top-level names to ../../build/action_autodock/action_autodock.egg-info/top_level.txt
[3.055s] reading manifest file '../../build/action_autodock/action_autodock.egg-info/SOURCES.txt'
[3.055s] adding license file 'LICENSE'
[3.056s] writing manifest file '../../build/action_autodock/action_autodock.egg-info/SOURCES.txt'
[3.056s] running build
[3.057s] running build_py
[3.058s] running install
[3.058s] running install_lib
[3.061s] running install_data
[3.061s] running install_egg_info
[3.064s] removing '/home/smr/workspaces/amrROS2_ws/install/action_autodock/lib/python3.10/site-packages/action_autodock-0.0.0-py3.10.egg-info' (and everything under it)
[3.064s] Copying ../../build/action_autodock/action_autodock.egg-info to /home/smr/workspaces/amrROS2_ws/install/action_autodock/lib/python3.10/site-packages/action_autodock-0.0.0-py3.10.egg-info
[3.066s] running install_scripts
[3.108s] Installing autodock_action_server script to /home/smr/workspaces/amrROS2_ws/install/action_autodock/lib/action_autodock
[3.109s] writing list of installed files to '/home/smr/workspaces/amrROS2_ws/build/action_autodock/install.log'
[3.286s] Invoked command in '/home/smr/workspaces/amrROS2_ws/src/action_autodock' returned '0': PYTHONPATH=/home/smr/workspaces/amrROS2_ws/build/action_autodock/prefix_override:/usr/lib/python3/dist-packages/colcon_core/task/python/colcon_distutils_commands:/home/smr/workspaces/amrROS2_ws/install/action_autodock/lib/python3.10/site-packages:${PYTHONPATH} /usr/bin/python3 -W ignore:setup.py install is deprecated setup.py egg_info --egg-base ../../build/action_autodock build --build-base /home/smr/workspaces/amrROS2_ws/build/action_autodock/build install --record /home/smr/workspaces/amrROS2_ws/build/action_autodock/install.log --single-version-externally-managed install_data
