[0.038s] Invoking command in '/home/smr/workspaces/amrROS2_ws/build/dock_lidar': CMAKE_PREFIX_PATH=/home/smr/workspaces/amrROS2_ws/install/custom_interface:/home/smr/workspaces/amrROS2_ws/install/sllidar_ros2:/home/smr/workspaces/amrROS2_ws/install/navigation:/home/smr/workspaces/amrROS2_ws/install/micro_ros_setup:/home/smr/workspaces/amrROS2_ws/install/bringup:/home/smr/workspaces/amrROS2_ws/install/micro_ros_agent:/home/smr/workspaces/amrROS2_ws/install/micro_ros_msgs:/home/smr/workspaces/amrROS2_ws/install/example:/home/smr/workspaces/amrROS2_ws/install/dock_lidar:/home/smr/workspaces/amrROS2_ws/install/description:/home/smr/workspaces/amrROS2_ws/install/python_pkg:/home/smr/workspaces/amrROS2_ws/install/action_autodock:/opt/ros/humble LD_LIBRARY_PATH=/home/smr/workspaces/amrROS2_ws/install/custom_interface/lib:/home/smr/workspaces/amrROS2_ws/install/micro_ros_agent/lib:/home/smr/workspaces/amrROS2_ws/install/micro_ros_msgs/lib:/opt/ros/humble/opt/rviz_ogre_vendor/lib:/opt/ros/humble/lib/aarch64-linux-gnu:/opt/ros/humble/lib /usr/bin/cmake --build /home/smr/workspaces/amrROS2_ws/build/dock_lidar -- -j8 -l8
[0.169s] [100%] Built target dock_coordinates
[0.195s] Invoked command in '/home/smr/workspaces/amrROS2_ws/build/dock_lidar' returned '0': CMAKE_PREFIX_PATH=/home/smr/workspaces/amrROS2_ws/install/custom_interface:/home/smr/workspaces/amrROS2_ws/install/sllidar_ros2:/home/smr/workspaces/amrROS2_ws/install/navigation:/home/smr/workspaces/amrROS2_ws/install/micro_ros_setup:/home/smr/workspaces/amrROS2_ws/install/bringup:/home/smr/workspaces/amrROS2_ws/install/micro_ros_agent:/home/smr/workspaces/amrROS2_ws/install/micro_ros_msgs:/home/smr/workspaces/amrROS2_ws/install/example:/home/smr/workspaces/amrROS2_ws/install/dock_lidar:/home/smr/workspaces/amrROS2_ws/install/description:/home/smr/workspaces/amrROS2_ws/install/python_pkg:/home/smr/workspaces/amrROS2_ws/install/action_autodock:/opt/ros/humble LD_LIBRARY_PATH=/home/smr/workspaces/amrROS2_ws/install/custom_interface/lib:/home/smr/workspaces/amrROS2_ws/install/micro_ros_agent/lib:/home/smr/workspaces/amrROS2_ws/install/micro_ros_msgs/lib:/opt/ros/humble/opt/rviz_ogre_vendor/lib:/opt/ros/humble/lib/aarch64-linux-gnu:/opt/ros/humble/lib /usr/bin/cmake --build /home/smr/workspaces/amrROS2_ws/build/dock_lidar -- -j8 -l8
[0.295s] Invoking command in '/home/smr/workspaces/amrROS2_ws/build/dock_lidar': CMAKE_PREFIX_PATH=/home/smr/workspaces/amrROS2_ws/install/custom_interface:/home/smr/workspaces/amrROS2_ws/install/sllidar_ros2:/home/smr/workspaces/amrROS2_ws/install/navigation:/home/smr/workspaces/amrROS2_ws/install/micro_ros_setup:/home/smr/workspaces/amrROS2_ws/install/bringup:/home/smr/workspaces/amrROS2_ws/install/micro_ros_agent:/home/smr/workspaces/amrROS2_ws/install/micro_ros_msgs:/home/smr/workspaces/amrROS2_ws/install/example:/home/smr/workspaces/amrROS2_ws/install/dock_lidar:/home/smr/workspaces/amrROS2_ws/install/description:/home/smr/workspaces/amrROS2_ws/install/python_pkg:/home/smr/workspaces/amrROS2_ws/install/action_autodock:/opt/ros/humble LD_LIBRARY_PATH=/home/smr/workspaces/amrROS2_ws/install/custom_interface/lib:/home/smr/workspaces/amrROS2_ws/install/micro_ros_agent/lib:/home/smr/workspaces/amrROS2_ws/install/micro_ros_msgs/lib:/opt/ros/humble/opt/rviz_ogre_vendor/lib:/opt/ros/humble/lib/aarch64-linux-gnu:/opt/ros/humble/lib /usr/bin/cmake --install /home/smr/workspaces/amrROS2_ws/build/dock_lidar
[0.325s] -- Install configuration: ""
[0.325s] -- Up-to-date: /home/smr/workspaces/amrROS2_ws/install/dock_lidar/include
[0.326s] -- Up-to-date: /home/smr/workspaces/amrROS2_ws/install/dock_lidar/include/dock_lidar
[0.326s] -- Up-to-date: /home/smr/workspaces/amrROS2_ws/install/dock_lidar/include/dock_lidar/linear_pose_filter_2d.h
[0.327s] -- Up-to-date: /home/smr/workspaces/amrROS2_ws/install/dock_lidar/include/dock_lidar/laser_processor.h
[0.327s] -- Up-to-date: /home/smr/workspaces/amrROS2_ws/install/dock_lidar/include/dock_lidar/icp_2d.h
[0.328s] -- Up-to-date: /home/smr/workspaces/amrROS2_ws/install/dock_lidar/include/dock_lidar/dock_candidate.h
[0.328s] -- Up-to-date: /home/smr/workspaces/amrROS2_ws/install/dock_lidar/include/dock_lidar/perception.h
[0.329s] -- Up-to-date: /home/smr/workspaces/amrROS2_ws/install/dock_lidar/include/dock_lidar/tf2listener.h
[0.329s] -- Up-to-date: /home/smr/workspaces/amrROS2_ws/install/dock_lidar/share/dock_lidar/config
[0.329s] -- Up-to-date: /home/smr/workspaces/amrROS2_ws/install/dock_lidar/share/dock_lidar/config/dock_config.yaml
[0.330s] -- Up-to-date: /home/smr/workspaces/amrROS2_ws/install/dock_lidar/lib/dock_lidar/dock_coordinates
[0.330s] -- Up-to-date: /home/smr/workspaces/amrROS2_ws/install/dock_lidar/share/ament_index/resource_index/package_run_dependencies/dock_lidar
[0.331s] -- Up-to-date: /home/smr/workspaces/amrROS2_ws/install/dock_lidar/share/ament_index/resource_index/parent_prefix_path/dock_lidar
[0.331s] -- Up-to-date: /home/smr/workspaces/amrROS2_ws/install/dock_lidar/share/dock_lidar/environment/ament_prefix_path.sh
[0.332s] -- Up-to-date: /home/smr/workspaces/amrROS2_ws/install/dock_lidar/share/dock_lidar/environment/ament_prefix_path.dsv
[0.333s] -- Up-to-date: /home/smr/workspaces/amrROS2_ws/install/dock_lidar/share/dock_lidar/environment/path.sh
[0.333s] -- Up-to-date: /home/smr/workspaces/amrROS2_ws/install/dock_lidar/share/dock_lidar/environment/path.dsv
[0.333s] -- Up-to-date: /home/smr/workspaces/amrROS2_ws/install/dock_lidar/share/dock_lidar/local_setup.bash
[0.334s] -- Up-to-date: /home/smr/workspaces/amrROS2_ws/install/dock_lidar/share/dock_lidar/local_setup.sh
[0.339s] -- Up-to-date: /home/smr/workspaces/amrROS2_ws/install/dock_lidar/share/dock_lidar/local_setup.zsh
[0.342s] -- Up-to-date: /home/smr/workspaces/amrROS2_ws/install/dock_lidar/share/dock_lidar/local_setup.dsv
[0.342s] -- Installing: /home/smr/workspaces/amrROS2_ws/install/dock_lidar/share/dock_lidar/package.dsv
[0.343s] -- Up-to-date: /home/smr/workspaces/amrROS2_ws/install/dock_lidar/share/ament_index/resource_index/packages/dock_lidar
[0.344s] -- Up-to-date: /home/smr/workspaces/amrROS2_ws/install/dock_lidar/share/dock_lidar/cmake/dock_lidarConfig.cmake
[0.344s] -- Up-to-date: /home/smr/workspaces/amrROS2_ws/install/dock_lidar/share/dock_lidar/cmake/dock_lidarConfig-version.cmake
[0.345s] -- Up-to-date: /home/smr/workspaces/amrROS2_ws/install/dock_lidar/share/dock_lidar/package.xml
[0.346s] Invoked command in '/home/smr/workspaces/amrROS2_ws/build/dock_lidar' returned '0': CMAKE_PREFIX_PATH=/home/smr/workspaces/amrROS2_ws/install/custom_interface:/home/smr/workspaces/amrROS2_ws/install/sllidar_ros2:/home/smr/workspaces/amrROS2_ws/install/navigation:/home/smr/workspaces/amrROS2_ws/install/micro_ros_setup:/home/smr/workspaces/amrROS2_ws/install/bringup:/home/smr/workspaces/amrROS2_ws/install/micro_ros_agent:/home/smr/workspaces/amrROS2_ws/install/micro_ros_msgs:/home/smr/workspaces/amrROS2_ws/install/example:/home/smr/workspaces/amrROS2_ws/install/dock_lidar:/home/smr/workspaces/amrROS2_ws/install/description:/home/smr/workspaces/amrROS2_ws/install/python_pkg:/home/smr/workspaces/amrROS2_ws/install/action_autodock:/opt/ros/humble LD_LIBRARY_PATH=/home/smr/workspaces/amrROS2_ws/install/custom_interface/lib:/home/smr/workspaces/amrROS2_ws/install/micro_ros_agent/lib:/home/smr/workspaces/amrROS2_ws/install/micro_ros_msgs/lib:/opt/ros/humble/opt/rviz_ogre_vendor/lib:/opt/ros/humble/lib/aarch64-linux-gnu:/opt/ros/humble/lib /usr/bin/cmake --install /home/smr/workspaces/amrROS2_ws/build/dock_lidar
