[0.600s] Invoking command in '/home/smr/workspaces/amrROS2_ws/build/description': CMAKE_PREFIX_PATH=${CMAKE_PREFIX_PATH}:/home/smr/workspaces/amrROS2_ws/install/python_pkg:/home/smr/workspaces/amrROS2_ws/install/action_autodock:/opt/ros/humble /usr/bin/cmake /home/smr/workspaces/amrROS2_ws/src/description -DCMAKE_INSTALL_PREFIX=/home/smr/workspaces/amrROS2_ws/install/description
[0.732s] -- The C compiler identification is GNU 11.4.0
[1.044s] -- The CXX compiler identification is GNU 11.4.0
[1.095s] -- Detecting C compiler ABI info
[1.450s] -- Detecting C compiler ABI info - done
[1.526s] -- Check for working C compiler: /usr/bin/cc - skipped
[1.530s] -- Detecting C compile features
[1.534s] -- Detecting C compile features - done
[1.660s] -- Detecting CXX compiler ABI info
[2.193s] -- Detecting CXX compiler ABI info - done
[2.321s] -- Check for working CXX compiler: /usr/bin/c++ - skipped
[2.322s] -- Detecting CXX compile features
[2.324s] -- Detecting CXX compile features - done
[2.344s] -- Found ament_cmake: 1.3.10 (/opt/ros/humble/share/ament_cmake/cmake)
[3.069s] -- Found Python3: /usr/bin/python3 (found version "3.10.12") found components: Interpreter 
[3.339s] -- Found urdf: 2.6.1 (/opt/ros/humble/share/urdf/cmake)
[3.462s] -- Found TinyXML2 via Config file: /usr/local/lib/cmake/tinyxml2
[3.492s] -- Found ament_lint_auto: 0.12.11 (/opt/ros/humble/share/ament_lint_auto/cmake)
[4.236s] -- Added test 'cppcheck' to perform static code analysis on C / C++ code
[4.236s] -- Configured cppcheck include dirs: 
[4.237s] -- Configured cppcheck exclude dirs and/or files: 
[4.239s] -- Added test 'flake8' to check Python code syntax and style conventions
[4.240s] -- Added test 'lint_cmake' to check CMake code style
[4.241s] -- Added test 'pep257' to check Python code against some of the docstring style conventions in PEP 257
[4.243s] -- Added test 'uncrustify' to check C / C++ code style
[4.244s] -- Configured uncrustify additional arguments: 
[4.245s] -- Added test 'xmllint' to check XML markup files
[4.246s] -- Configuring done
[4.247s] -- Generating done
[4.247s] -- Build files have been written to: /home/smr/workspaces/amrROS2_ws/build/description
[4.386s] Invoked command in '/home/smr/workspaces/amrROS2_ws/build/description' returned '0': CMAKE_PREFIX_PATH=${CMAKE_PREFIX_PATH}:/home/smr/workspaces/amrROS2_ws/install/python_pkg:/home/smr/workspaces/amrROS2_ws/install/action_autodock:/opt/ros/humble /usr/bin/cmake /home/smr/workspaces/amrROS2_ws/src/description -DCMAKE_INSTALL_PREFIX=/home/smr/workspaces/amrROS2_ws/install/description
[4.396s] Invoking command in '/home/smr/workspaces/amrROS2_ws/build/description': CMAKE_PREFIX_PATH=${CMAKE_PREFIX_PATH}:/home/smr/workspaces/amrROS2_ws/install/python_pkg:/home/smr/workspaces/amrROS2_ws/install/action_autodock:/opt/ros/humble /usr/bin/cmake --build /home/smr/workspaces/amrROS2_ws/build/description -- -j8 -l8
[4.488s] Invoked command in '/home/smr/workspaces/amrROS2_ws/build/description' returned '0': CMAKE_PREFIX_PATH=${CMAKE_PREFIX_PATH}:/home/smr/workspaces/amrROS2_ws/install/python_pkg:/home/smr/workspaces/amrROS2_ws/install/action_autodock:/opt/ros/humble /usr/bin/cmake --build /home/smr/workspaces/amrROS2_ws/build/description -- -j8 -l8
[4.607s] Invoking command in '/home/smr/workspaces/amrROS2_ws/build/description': CMAKE_PREFIX_PATH=${CMAKE_PREFIX_PATH}:/home/smr/workspaces/amrROS2_ws/install/python_pkg:/home/smr/workspaces/amrROS2_ws/install/action_autodock:/opt/ros/humble /usr/bin/cmake --install /home/smr/workspaces/amrROS2_ws/build/description
[4.617s] -- Install configuration: ""
[4.617s] -- Installing: /home/smr/workspaces/amrROS2_ws/install/description/share/description/urdf
[4.618s] -- Installing: /home/smr/workspaces/amrROS2_ws/install/description/share/description/urdf/property
[4.618s] -- Installing: /home/smr/workspaces/amrROS2_ws/install/description/share/description/urdf/property/robot_property.urdf.xacro
[4.639s] -- Installing: /home/smr/workspaces/amrROS2_ws/install/description/share/description/urdf/sensors
[4.639s] -- Installing: /home/smr/workspaces/amrROS2_ws/install/description/share/description/urdf/sensors/range_sensor.urdf.xacro
[4.639s] -- Installing: /home/smr/workspaces/amrROS2_ws/install/description/share/description/urdf/sensors/imu.urdf.xacro
[4.641s] -- Installing: /home/smr/workspaces/amrROS2_ws/install/description/share/description/urdf/sensors/laser.urdf.xacro
[4.643s] -- Installing: /home/smr/workspaces/amrROS2_ws/install/description/share/description/urdf/sensors/camera.urdf.xacro
[4.655s] -- Installing: /home/smr/workspaces/amrROS2_ws/install/description/share/description/urdf/controllers
[4.655s] -- Installing: /home/smr/workspaces/amrROS2_ws/install/description/share/description/urdf/controllers/diff_drive_controller.urdf.xacro
[4.655s] -- Installing: /home/smr/workspaces/amrROS2_ws/install/description/share/description/urdf/mech
[4.655s] -- Installing: /home/smr/workspaces/amrROS2_ws/install/description/share/description/urdf/mech/wheel.urdf.xacro
[4.655s] -- Installing: /home/smr/workspaces/amrROS2_ws/install/description/share/description/urdf/mech/caster_wheel.urdf.xacro
[4.656s] -- Installing: /home/smr/workspaces/amrROS2_ws/install/description/share/description/urdf/mech/base.urdf.xacro
[4.656s] -- Installing: /home/smr/workspaces/amrROS2_ws/install/description/share/description/urdf/robot
[4.656s] -- Installing: /home/smr/workspaces/amrROS2_ws/install/description/share/description/urdf/robot/robot.urdf.xacro
[4.656s] -- Installing: /home/smr/workspaces/amrROS2_ws/install/description/share/description/rviz
[4.657s] -- Installing: /home/smr/workspaces/amrROS2_ws/install/description/share/description/rviz/description.rviz
[4.659s] -- Installing: /home/smr/workspaces/amrROS2_ws/install/description/share/description/launch
[4.660s] -- Installing: /home/smr/workspaces/amrROS2_ws/install/description/share/description/launch/description.launch.py
[4.661s] -- Installing: /home/smr/workspaces/amrROS2_ws/install/description/share/ament_index/resource_index/package_run_dependencies/description
[4.662s] -- Installing: /home/smr/workspaces/amrROS2_ws/install/description/share/ament_index/resource_index/parent_prefix_path/description
[4.675s] -- Installing: /home/smr/workspaces/amrROS2_ws/install/description/share/description/environment/ament_prefix_path.sh
[4.676s] -- Installing: /home/smr/workspaces/amrROS2_ws/install/description/share/description/environment/ament_prefix_path.dsv
[4.679s] -- Installing: /home/smr/workspaces/amrROS2_ws/install/description/share/description/environment/path.sh
[4.680s] -- Installing: /home/smr/workspaces/amrROS2_ws/install/description/share/description/environment/path.dsv
[4.680s] -- Installing: /home/smr/workspaces/amrROS2_ws/install/description/share/description/local_setup.bash
[4.681s] -- Installing: /home/smr/workspaces/amrROS2_ws/install/description/share/description/local_setup.sh
[4.682s] -- Installing: /home/smr/workspaces/amrROS2_ws/install/description/share/description/local_setup.zsh
[4.682s] -- Installing: /home/smr/workspaces/amrROS2_ws/install/description/share/description/local_setup.dsv
[4.683s] -- Installing: /home/smr/workspaces/amrROS2_ws/install/description/share/description/package.dsv
[4.684s] -- Installing: /home/smr/workspaces/amrROS2_ws/install/description/share/ament_index/resource_index/packages/description
[4.685s] -- Installing: /home/smr/workspaces/amrROS2_ws/install/description/share/description/cmake/descriptionConfig.cmake
[4.685s] -- Installing: /home/smr/workspaces/amrROS2_ws/install/description/share/description/cmake/descriptionConfig-version.cmake
[4.686s] -- Installing: /home/smr/workspaces/amrROS2_ws/install/description/share/description/package.xml
[4.716s] Invoked command in '/home/smr/workspaces/amrROS2_ws/build/description' returned '0': CMAKE_PREFIX_PATH=${CMAKE_PREFIX_PATH}:/home/smr/workspaces/amrROS2_ws/install/python_pkg:/home/smr/workspaces/amrROS2_ws/install/action_autodock:/opt/ros/humble /usr/bin/cmake --install /home/smr/workspaces/amrROS2_ws/build/description
